2023-05-15 17:43:31.9790 INFO User profile is available. Using 'C:\Users\User\AppData\Local\ASP.NET\DataProtection-Keys' as key repository and Windows DPAPI to encrypt keys at rest.
2023-05-15 17:43:32.5047 INFO Now listening on: https://localhost:7080
2023-05-15 17:43:32.5047 INFO Now listening on: http://localhost:5116
2023-05-15 17:43:32.5109 INFO Application started. Press Ctrl+C to shut down.
2023-05-15 17:43:32.5109 INFO Hosting environment: Development
2023-05-15 17:43:32.5109 INFO Content root path: C:\Users\User\source\repos\ColoradoBeetle\ColoradoBeetle.UI\
2023-05-15 17:43:35.5403 INFO Request starting HTTP/2 GET https://localhost:7080/ - -
2023-05-15 17:43:35.6711 INFO Executing endpoint 'ColoradoBeetle.UI.Controllers.HomeController.Index (ColoradoBeetle.UI)'
2023-05-15 17:43:35.7753 INFO Route matched with {action = "Index", controller = "Home"}. Executing controller action with signature System.Threading.Tasks.Task`1[Microsoft.AspNetCore.Mvc.IActionResult] Index() on controller ColoradoBeetle.UI.Controllers.HomeController (ColoradoBeetle.UI).
2023-05-15 17:43:47.8197 INFO LogInformation
2023-05-15 17:43:47.8630 INFO Executing ViewResult, running view Index.
2023-05-15 17:43:48.3592 INFO Executed ViewResult - view Index executed in 502.1728ms.
2023-05-15 17:43:48.3728 INFO Executed action ColoradoBeetle.UI.Controllers.HomeController.Index (ColoradoBeetle.UI) in 12596.8712ms
2023-05-15 17:43:48.3728 INFO Executed endpoint 'ColoradoBeetle.UI.Controllers.HomeController.Index (ColoradoBeetle.UI)'
2023-05-15 17:43:48.5037 INFO Request finished HTTP/2 GET https://localhost:7080/ - - - 200 - text/html;+charset=utf-8 12965.9907ms
2023-05-15 17:43:48.5487 INFO Request starting HTTP/2 GET https://localhost:7080/ColoradoBeetle.UI.styles.css?v=v-bUigHjpaM5FoySlqRS9tCSXjUh07prChEekZdF5Iw - -
2023-05-15 17:43:48.5487 INFO Request starting HTTP/2 GET https://localhost:7080/lib/bootstrap/dist/css/bootstrap.min.css - -
2023-05-15 17:43:48.5487 INFO Request starting HTTP/2 GET https://localhost:7080/js/site.js?v=4q1jwFhaPaZgr8WAUSrux6hAuh0XDg9kPS3xIVq36I0 - -
2023-05-15 17:43:48.5487 INFO Request starting HTTP/2 GET https://localhost:7080/_framework/aspnetcore-browser-refresh.js - -
2023-05-15 17:43:48.5487 INFO Request starting HTTP/2 GET https://localhost:7080/css/site.css?v=AKvNjO3dCPPS0eSU1Ez8T2wI280i08yGycV9ndytL-c - -
2023-05-15 17:43:48.5619 INFO Request finished HTTP/2 GET https://localhost:7080/_framework/aspnetcore-browser-refresh.js - - - 200 12004 application/javascript;+charset=utf-8 11.3122ms
2023-05-15 17:43:48.5619 INFO Request starting HTTP/2 GET https://localhost:7080/lib/bootstrap/dist/js/bootstrap.bundle.min.js - -
2023-05-15 17:43:48.5809 INFO Sending file. Request path: '/css/site.css'. Physical path: 'C:\Users\User\source\repos\ColoradoBeetle\ColoradoBeetle.UI\wwwroot\css\site.css'
2023-05-15 17:43:48.5809 INFO Request finished HTTP/2 GET https://localhost:7080/css/site.css?v=AKvNjO3dCPPS0eSU1Ez8T2wI280i08yGycV9ndytL-c - - - 200 194 text/css 30.3254ms
2023-05-15 17:43:48.5809 INFO Request starting HTTP/2 GET https://localhost:7080/_vs/browserLink - -
2023-05-15 17:43:48.5911 INFO Request starting HTTP/2 GET https://localhost:7080/lib/jquery/dist/jquery.min.js - -
2023-05-15 17:43:48.6153 INFO Sending file. Request path: '/js/site.js'. Physical path: 'C:\Users\User\source\repos\ColoradoBeetle\ColoradoBeetle.UI\wwwroot\js\site.js'
2023-05-15 17:43:48.6153 INFO Sending file. Request path: '/ColoradoBeetle.UI.styles.css'. Physical path: 'C:\Users\User\source\repos\ColoradoBeetle\ColoradoBeetle.UI\obj\Debug\net6.0\scopedcss\bundle\ColoradoBeetle.UI.styles.css'
2023-05-15 17:43:48.6153 INFO Request finished HTTP/2 GET https://localhost:7080/ColoradoBeetle.UI.styles.css?v=v-bUigHjpaM5FoySlqRS9tCSXjUh07prChEekZdF5Iw - - - 200 1134 text/css 66.9236ms
2023-05-15 17:43:48.6153 INFO Request finished HTTP/2 GET https://localhost:7080/js/site.js?v=4q1jwFhaPaZgr8WAUSrux6hAuh0XDg9kPS3xIVq36I0 - - - 200 230 application/javascript 66.4915ms
2023-05-15 17:43:48.6217 INFO Sending file. Request path: '/lib/bootstrap/dist/js/bootstrap.bundle.min.js'. Physical path: 'C:\Users\User\source\repos\ColoradoBeetle\ColoradoBeetle.UI\wwwroot\lib\bootstrap\dist\js\bootstrap.bundle.min.js'
2023-05-15 17:43:48.6217 INFO Request finished HTTP/2 GET https://localhost:7080/lib/bootstrap/dist/js/bootstrap.bundle.min.js - - - 200 78468 application/javascript 60.1217ms
2023-05-15 17:43:48.6217 INFO Sending file. Request path: '/lib/jquery/dist/jquery.min.js'. Physical path: 'C:\Users\User\source\repos\ColoradoBeetle\ColoradoBeetle.UI\wwwroot\lib\jquery\dist\jquery.min.js'
2023-05-15 17:43:48.6217 INFO Request finished HTTP/2 GET https://localhost:7080/lib/jquery/dist/jquery.min.js - - - 200 89476 application/javascript 32.0888ms
2023-05-15 17:43:48.6432 INFO Sending file. Request path: '/lib/bootstrap/dist/css/bootstrap.min.css'. Physical path: 'C:\Users\User\source\repos\ColoradoBeetle\ColoradoBeetle.UI\wwwroot\lib\bootstrap\dist\css\bootstrap.min.css'
2023-05-15 17:43:48.6432 INFO Request finished HTTP/2 GET https://localhost:7080/lib/bootstrap/dist/css/bootstrap.min.css - - - 200 162720 text/css 94.7667ms
2023-05-15 17:43:48.8270 INFO Request finished HTTP/2 GET https://localhost:7080/_vs/browserLink - - - 200 - text/javascript;+charset=UTF-8 243.4376ms
