2023-06-14 09:47:57.9577 WARN Sensitive data logging is enabled. Log entries and exception messages may include sensitive application data; this mode should only be enabled during development.
2023-06-14 09:47:59.2901 INFO Entity Framework Core 6.0.16 initialized 'ApplicationDbContext' using provider 'Microsoft.EntityFrameworkCore.SqlServer:6.0.16' with options: SensitiveDataLoggingEnabled 
2023-06-14 09:48:05.5856 INFO Executed DbCommand (360ms) [Parameters=[], CommandType='Text', CommandTimeout='30']
SELECT [s].[Id], [s].[Description], [s].[Key], [s].[Order], [s].[SettingsId], [s].[Type], [s].[Value]
FROM [SettingsPositions] AS [s]
2023-06-14 09:48:05.8450 INFO DEVELOPMENT MODE!!!
2023-06-14 09:48:06.2938 INFO User profile is available. Using 'C:\Users\User\AppData\Local\ASP.NET\DataProtection-Keys' as key repository and Windows DPAPI to encrypt keys at rest.
2023-06-14 09:48:06.9149 INFO Now listening on: https://localhost:7080
2023-06-14 09:48:06.9149 INFO Now listening on: http://localhost:5116
2023-06-14 09:48:06.9149 INFO Application started. Press Ctrl+C to shut down.
2023-06-14 09:48:06.9149 INFO Hosting environment: Development
2023-06-14 09:48:06.9149 INFO Content root path: C:\Users\User\source\repos\ColoradoBeetle\ColoradoBeetle.UI\
2023-06-14 09:48:13.3528 INFO Request starting HTTP/2 GET https://localhost:7080/ - -
2023-06-14 09:48:13.6431 INFO Executing endpoint 'ColoradoBeetle.UI.Controllers.HomeController.Index (ColoradoBeetle.UI)'
2023-06-14 09:48:13.8121 INFO Route matched with {action = "Index", controller = "Home"}. Executing controller action with signature System.Threading.Tasks.Task`1[Microsoft.AspNetCore.Mvc.IActionResult] Index() on controller ColoradoBeetle.UI.Controllers.HomeController (ColoradoBeetle.UI).
2023-06-14 09:48:13.8580 INFO Executing ViewResult, running view Index.
2023-06-14 09:48:14.5150 INFO Executed ViewResult - view Index executed in 669.5471ms.
2023-06-14 09:48:14.5311 INFO Executed action ColoradoBeetle.UI.Controllers.HomeController.Index (ColoradoBeetle.UI) in 718.0414ms
2023-06-14 09:48:14.5311 INFO Executed endpoint 'ColoradoBeetle.UI.Controllers.HomeController.Index (ColoradoBeetle.UI)'
2023-06-14 09:48:14.7214 INFO Request finished HTTP/2 GET https://localhost:7080/ - - - 200 - text/html;+charset=utf-8 1372.2533ms
2023-06-14 09:48:14.8015 INFO Request starting HTTP/2 GET https://localhost:7080/css/site.css?v=EH-VDcnxnPhaNjPwksOPnd56AjgwbRnlvyZE2z1h6GY - -
2023-06-14 09:48:14.8015 INFO Request starting HTTP/2 GET https://localhost:7080/ColoradoBeetle.UI.styles.css?v=S2mmYHR23Y_xziC5xU2sPPGSE_TQ0QimX-PIvU4rTqE - -
2023-06-14 09:48:14.8015 INFO Request starting HTTP/2 GET https://localhost:7080/lib/jquery/dist/jquery.min.js - -
2023-06-14 09:48:14.8015 INFO Request starting HTTP/2 GET https://localhost:7080/lib/bootstrap/dist/css/bootstrap.min.css - -
2023-06-14 09:48:14.8027 INFO Request starting HTTP/2 GET https://localhost:7080/lib/jquery.cookie/jquery.cookie.min.js - -
2023-06-14 09:48:14.8328 INFO Sending file. Request path: '/css/site.css'. Physical path: 'C:\Users\User\source\repos\ColoradoBeetle\ColoradoBeetle.UI\wwwroot\css\site.css'
2023-06-14 09:48:14.8328 INFO Sending file. Request path: '/ColoradoBeetle.UI.styles.css'. Physical path: 'C:\Users\User\source\repos\ColoradoBeetle\ColoradoBeetle.UI\obj\Debug\net6.0\scopedcss\bundle\ColoradoBeetle.UI.styles.css'
2023-06-14 09:48:14.8328 INFO Sending file. Request path: '/lib/jquery.cookie/jquery.cookie.min.js'. Physical path: 'C:\Users\User\source\repos\ColoradoBeetle\ColoradoBeetle.UI\wwwroot\lib\jquery.cookie\jquery.cookie.min.js'
2023-06-14 09:48:14.8328 INFO Request finished HTTP/2 GET https://localhost:7080/ColoradoBeetle.UI.styles.css?v=S2mmYHR23Y_xziC5xU2sPPGSE_TQ0QimX-PIvU4rTqE - - - 200 1107 text/css 32.1168ms
2023-06-14 09:48:14.8328 INFO Request finished HTTP/2 GET https://localhost:7080/lib/jquery.cookie/jquery.cookie.min.js - - - 200 1565 application/javascript 31.1292ms
2023-06-14 09:48:14.8328 INFO Request starting HTTP/2 GET https://localhost:7080/images/Colorado_Beetle_Logo.png - -
2023-06-14 09:48:14.8328 INFO Request starting HTTP/2 GET https://localhost:7080/Images/carousel-ladybird-2.jpg - -
2023-06-14 09:48:14.8328 INFO Request finished HTTP/2 GET https://localhost:7080/css/site.css?v=EH-VDcnxnPhaNjPwksOPnd56AjgwbRnlvyZE2z1h6GY - - - 200 765 text/css 32.1168ms
2023-06-14 09:48:14.8343 INFO Request starting HTTP/2 GET https://localhost:7080/_vs/browserLink - -
2023-06-14 09:48:14.8525 INFO Request starting HTTP/2 GET https://localhost:7080/lib/bootstrap/dist/js/bootstrap.bundle.min.js - -
2023-06-14 09:48:14.8525 INFO Request starting HTTP/2 GET https://localhost:7080/js/site.js?v=4q1jwFhaPaZgr8WAUSrux6hAuh0XDg9kPS3xIVq36I0 - -
2023-06-14 09:48:14.8525 INFO Request starting HTTP/2 GET https://localhost:7080/_framework/aspnetcore-browser-refresh.js - -
2023-06-14 09:48:14.8839 INFO Request starting HTTP/2 GET https://localhost:7080/Images/carousel-ladybird-1.jpg - -
2023-06-14 09:48:14.8839 INFO Request starting HTTP/2 GET https://localhost:7080/Images/carousel-ladybird-3.jpg - -
2023-06-14 09:48:14.9521 INFO Sending file. Request path: '/js/site.js'. Physical path: 'C:\Users\User\source\repos\ColoradoBeetle\ColoradoBeetle.UI\wwwroot\js\site.js'
2023-06-14 09:48:14.9521 INFO Sending file. Request path: '/Images/carousel-ladybird-1.jpg'. Physical path: 'C:\Users\User\source\repos\ColoradoBeetle\ColoradoBeetle.UI\wwwroot\Images\carousel-ladybird-1.jpg'
2023-06-14 09:48:14.9521 INFO Sending file. Request path: '/images/Colorado_Beetle_Logo.png'. Physical path: 'C:\Users\User\source\repos\ColoradoBeetle\ColoradoBeetle.UI\wwwroot\Images\Colorado_Beetle_Logo.png'
2023-06-14 09:48:14.9521 INFO Request finished HTTP/2 GET https://localhost:7080/images/Colorado_Beetle_Logo.png - - - 200 29710 image/png 121.3623ms
2023-06-14 09:48:14.9648 INFO Sending file. Request path: '/lib/bootstrap/dist/js/bootstrap.bundle.min.js'. Physical path: 'C:\Users\User\source\repos\ColoradoBeetle\ColoradoBeetle.UI\wwwroot\lib\bootstrap\dist\js\bootstrap.bundle.min.js'
2023-06-14 09:48:14.9648 INFO Request finished HTTP/2 GET https://localhost:7080/lib/bootstrap/dist/js/bootstrap.bundle.min.js - - - 200 78468 application/javascript 112.7130ms
2023-06-14 09:48:14.9648 INFO Request finished HTTP/2 GET https://localhost:7080/Images/carousel-ladybird-1.jpg - - - 200 48921 image/jpeg 82.1498ms
2023-06-14 09:48:14.9648 INFO Sending file. Request path: '/Images/carousel-ladybird-3.jpg'. Physical path: 'C:\Users\User\source\repos\ColoradoBeetle\ColoradoBeetle.UI\wwwroot\Images\carousel-ladybird-3.jpg'
2023-06-14 09:48:14.9648 INFO Request finished HTTP/2 GET https://localhost:7080/js/site.js?v=4q1jwFhaPaZgr8WAUSrux6hAuh0XDg9kPS3xIVq36I0 - - - 200 230 application/javascript 107.8383ms
2023-06-14 09:48:14.9648 INFO Request finished HTTP/2 GET https://localhost:7080/Images/carousel-ladybird-3.jpg - - - 200 64366 image/jpeg 82.5001ms
2023-06-14 09:48:14.9648 INFO Request finished HTTP/2 GET https://localhost:7080/_framework/aspnetcore-browser-refresh.js - - - 200 12004 application/javascript;+charset=utf-8 107.9978ms
2023-06-14 09:48:14.9823 INFO Sending file. Request path: '/lib/jquery/dist/jquery.min.js'. Physical path: 'C:\Users\User\source\repos\ColoradoBeetle\ColoradoBeetle.UI\wwwroot\lib\jquery\dist\jquery.min.js'
2023-06-14 09:48:14.9823 INFO Request finished HTTP/2 GET https://localhost:7080/lib/jquery/dist/jquery.min.js - - - 200 89476 application/javascript 181.0254ms
2023-06-14 09:48:14.9823 INFO Sending file. Request path: '/lib/bootstrap/dist/css/bootstrap.min.css'. Physical path: 'C:\Users\User\source\repos\ColoradoBeetle\ColoradoBeetle.UI\wwwroot\lib\bootstrap\dist\css\bootstrap.min.css'
2023-06-14 09:48:14.9823 INFO Request finished HTTP/2 GET https://localhost:7080/lib/bootstrap/dist/css/bootstrap.min.css - - - 200 162720 text/css 187.1009ms
2023-06-14 09:48:14.9976 INFO Sending file. Request path: '/Images/carousel-ladybird-2.jpg'. Physical path: 'C:\Users\User\source\repos\ColoradoBeetle\ColoradoBeetle.UI\wwwroot\Images\carousel-ladybird-2.jpg'
2023-06-14 09:48:14.9976 INFO Request finished HTTP/2 GET https://localhost:7080/Images/carousel-ladybird-2.jpg - - - 200 55458 image/jpeg 164.2106ms
2023-06-14 09:48:15.2231 INFO Request finished HTTP/2 GET https://localhost:7080/_vs/browserLink - - - 200 - text/javascript;+charset=UTF-8 388.6620ms
2023-06-14 09:48:18.6786 INFO Request starting HTTP/2 GET https://localhost:7080/Home/Contact - -
2023-06-14 09:48:18.6966 INFO Executing endpoint 'ColoradoBeetle.UI.Controllers.HomeController.Contact (ColoradoBeetle.UI)'
2023-06-14 09:48:18.6966 INFO Route matched with {action = "Contact", controller = "Home"}. Executing controller action with signature Microsoft.AspNetCore.Mvc.IActionResult Contact() on controller ColoradoBeetle.UI.Controllers.HomeController (ColoradoBeetle.UI).
2023-06-14 09:48:18.6966 INFO Executing ViewResult, running view Contact.
2023-06-14 09:48:18.9663 INFO Executed ViewResult - view Contact executed in 264.683ms.
2023-06-14 09:48:18.9663 INFO Executed action ColoradoBeetle.UI.Controllers.HomeController.Contact (ColoradoBeetle.UI) in 266.4386ms
2023-06-14 09:48:18.9663 INFO Executed endpoint 'ColoradoBeetle.UI.Controllers.HomeController.Contact (ColoradoBeetle.UI)'
2023-06-14 09:48:18.9760 INFO Request finished HTTP/2 GET https://localhost:7080/Home/Contact - - - 200 - text/html;+charset=utf-8 297.3830ms
2023-06-14 09:48:19.0384 INFO Request starting HTTP/2 GET https://localhost:7080/_vs/browserLink - -
2023-06-14 09:48:19.0384 INFO Request starting HTTP/2 GET https://localhost:7080/_framework/aspnetcore-browser-refresh.js - -
2023-06-14 09:48:19.0556 INFO Request finished HTTP/2 GET https://localhost:7080/_framework/aspnetcore-browser-refresh.js - - - 200 12004 application/javascript;+charset=utf-8 5.5844ms
2023-06-14 09:48:19.1979 INFO Request finished HTTP/2 GET https://localhost:7080/_vs/browserLink - - - 200 - text/javascript;+charset=UTF-8 159.4366ms
2023-06-14 09:48:31.7147 INFO Request starting HTTP/2 POST https://localhost:7080/Home/Contact application/x-www-form-urlencoded 211
2023-06-14 09:48:31.7147 INFO Executing endpoint 'ColoradoBeetle.UI.Controllers.HomeController.Contact (ColoradoBeetle.UI)'
2023-06-14 09:48:31.7502 INFO Route matched with {action = "Contact", controller = "Home"}. Executing controller action with signature System.Threading.Tasks.Task`1[Microsoft.AspNetCore.Mvc.IActionResult] Contact(ColoradoBeetle.Application.Contacts.Commands.SendContactEmail.SendContactEmailCommand) on controller ColoradoBeetle.UI.Controllers.HomeController (ColoradoBeetle.UI).
2023-06-14 09:48:31.8089 INFO Executing ViewResult, running view Contact.
2023-06-14 09:48:31.8318 INFO Executed ViewResult - view Contact executed in 22.9795ms.
2023-06-14 09:48:31.8318 INFO Executed action ColoradoBeetle.UI.Controllers.HomeController.Contact (ColoradoBeetle.UI) in 81.6432ms
2023-06-14 09:48:31.8318 INFO Executed endpoint 'ColoradoBeetle.UI.Controllers.HomeController.Contact (ColoradoBeetle.UI)'
2023-06-14 09:48:31.8391 INFO Request finished HTTP/2 POST https://localhost:7080/Home/Contact application/x-www-form-urlencoded 211 - 200 - text/html;+charset=utf-8 124.3765ms
2023-06-14 09:48:31.8692 INFO Request starting HTTP/2 GET https://localhost:7080/_framework/aspnetcore-browser-refresh.js - -
2023-06-14 09:48:31.8692 INFO Request finished HTTP/2 GET https://localhost:7080/_framework/aspnetcore-browser-refresh.js - - - 200 12004 application/javascript;+charset=utf-8 1.4901ms
2023-06-14 09:48:31.8692 INFO Request starting HTTP/2 GET https://localhost:7080/_vs/browserLink - -
2023-06-14 09:48:31.9784 INFO Request finished HTTP/2 GET https://localhost:7080/_vs/browserLink - - - 200 - text/javascript;+charset=UTF-8 107.8774ms
2023-06-14 16:03:26.1039 WARN Sensitive data logging is enabled. Log entries and exception messages may include sensitive application data; this mode should only be enabled during development.
2023-06-14 16:03:26.7095 INFO Entity Framework Core 6.0.16 initialized 'ApplicationDbContext' using provider 'Microsoft.EntityFrameworkCore.SqlServer:6.0.16' with options: SensitiveDataLoggingEnabled 
2023-06-14 16:03:31.6420 INFO Executed DbCommand (178ms) [Parameters=[], CommandType='Text', CommandTimeout='30']
SELECT [s].[Id], [s].[Description], [s].[Key], [s].[Order], [s].[SettingsId], [s].[Type], [s].[Value]
FROM [SettingsPositions] AS [s]
2023-06-14 16:03:31.9003 INFO DEVELOPMENT MODE!!!
2023-06-14 16:03:32.2158 INFO User profile is available. Using 'C:\Users\User\AppData\Local\ASP.NET\DataProtection-Keys' as key repository and Windows DPAPI to encrypt keys at rest.
2023-06-14 16:03:32.6264 INFO Now listening on: https://localhost:7080
2023-06-14 16:03:32.6264 INFO Now listening on: http://localhost:5116
2023-06-14 16:03:32.6264 INFO Application started. Press Ctrl+C to shut down.
2023-06-14 16:03:32.6264 INFO Hosting environment: Development
2023-06-14 16:03:32.6264 INFO Content root path: C:\Users\User\source\repos\ColoradoBeetle\ColoradoBeetle.UI\
2023-06-14 16:03:36.4765 INFO Request starting HTTP/2 GET https://localhost:7080/ - -
2023-06-14 16:03:36.7877 INFO Executing endpoint 'ColoradoBeetle.UI.Controllers.HomeController.Index (ColoradoBeetle.UI)'
2023-06-14 16:03:36.8301 INFO Route matched with {action = "Index", controller = "Home"}. Executing controller action with signature System.Threading.Tasks.Task`1[Microsoft.AspNetCore.Mvc.IActionResult] Index() on controller ColoradoBeetle.UI.Controllers.HomeController (ColoradoBeetle.UI).
2023-06-14 16:03:36.8599 INFO Executing ViewResult, running view Index.
2023-06-14 16:03:37.4336 INFO Executed ViewResult - view Index executed in 578.8951ms.
2023-06-14 16:03:37.4336 INFO Executed action ColoradoBeetle.UI.Controllers.HomeController.Index (ColoradoBeetle.UI) in 612.5246ms
2023-06-14 16:03:37.4445 INFO Executed endpoint 'ColoradoBeetle.UI.Controllers.HomeController.Index (ColoradoBeetle.UI)'
2023-06-14 16:03:37.5634 INFO Request finished HTTP/2 GET https://localhost:7080/ - - - 200 - text/html;+charset=utf-8 1095.3130ms
2023-06-14 16:03:37.6259 INFO Request starting HTTP/2 GET https://localhost:7080/css/site.css?v=EH-VDcnxnPhaNjPwksOPnd56AjgwbRnlvyZE2z1h6GY - -
2023-06-14 16:03:37.6259 INFO Request starting HTTP/2 GET https://localhost:7080/lib/bootstrap/dist/css/bootstrap.min.css - -
2023-06-14 16:03:37.6259 INFO Request starting HTTP/2 GET https://localhost:7080/ColoradoBeetle.UI.styles.css?v=S2mmYHR23Y_xziC5xU2sPPGSE_TQ0QimX-PIvU4rTqE - -
2023-06-14 16:03:37.6343 INFO Request starting HTTP/2 GET https://localhost:7080/lib/jquery/dist/jquery.min.js - -
2023-06-14 16:03:37.6698 INFO Sending file. Request path: '/css/site.css'. Physical path: 'C:\Users\User\source\repos\ColoradoBeetle\ColoradoBeetle.UI\wwwroot\css\site.css'
2023-06-14 16:03:37.6698 INFO Request finished HTTP/2 GET https://localhost:7080/css/site.css?v=EH-VDcnxnPhaNjPwksOPnd56AjgwbRnlvyZE2z1h6GY - - - 200 765 text/css 44.3282ms
2023-06-14 16:03:37.6964 INFO Sending file. Request path: '/lib/jquery/dist/jquery.min.js'. Physical path: 'C:\Users\User\source\repos\ColoradoBeetle\ColoradoBeetle.UI\wwwroot\lib\jquery\dist\jquery.min.js'
2023-06-14 16:03:37.6964 INFO Sending file. Request path: '/ColoradoBeetle.UI.styles.css'. Physical path: 'C:\Users\User\source\repos\ColoradoBeetle\ColoradoBeetle.UI\obj\Debug\net6.0\scopedcss\bundle\ColoradoBeetle.UI.styles.css'
2023-06-14 16:03:37.6964 INFO Request finished HTTP/2 GET https://localhost:7080/lib/jquery/dist/jquery.min.js - - - 200 89476 application/javascript 62.4028ms
2023-06-14 16:03:37.6964 INFO Request finished HTTP/2 GET https://localhost:7080/ColoradoBeetle.UI.styles.css?v=S2mmYHR23Y_xziC5xU2sPPGSE_TQ0QimX-PIvU4rTqE - - - 200 1107 text/css 70.8653ms
2023-06-14 16:03:37.6964 INFO Sending file. Request path: '/lib/bootstrap/dist/css/bootstrap.min.css'. Physical path: 'C:\Users\User\source\repos\ColoradoBeetle\ColoradoBeetle.UI\wwwroot\lib\bootstrap\dist\css\bootstrap.min.css'
2023-06-14 16:03:37.6964 INFO Request finished HTTP/2 GET https://localhost:7080/lib/bootstrap/dist/css/bootstrap.min.css - - - 200 162720 text/css 71.5182ms
2023-06-14 16:03:37.7224 INFO Request starting HTTP/2 GET https://localhost:7080/lib/jquery.cookie/jquery.cookie.min.js - -
2023-06-14 16:03:37.7224 INFO Request starting HTTP/2 GET https://localhost:7080/lib/bootstrap/dist/js/bootstrap.bundle.min.js - -
2023-06-14 16:03:37.7278 INFO Request starting HTTP/2 GET https://localhost:7080/js/site.js?v=4q1jwFhaPaZgr8WAUSrux6hAuh0XDg9kPS3xIVq36I0 - -
2023-06-14 16:03:37.7278 INFO Request starting HTTP/2 GET https://localhost:7080/_framework/aspnetcore-browser-refresh.js - -
2023-06-14 16:03:37.7278 INFO Request starting HTTP/2 GET https://localhost:7080/images/Colorado_Beetle_Logo.png - -
2023-06-14 16:03:37.7278 INFO Sending file. Request path: '/lib/jquery.cookie/jquery.cookie.min.js'. Physical path: 'C:\Users\User\source\repos\ColoradoBeetle\ColoradoBeetle.UI\wwwroot\lib\jquery.cookie\jquery.cookie.min.js'
2023-06-14 16:03:37.7402 INFO Request finished HTTP/2 GET https://localhost:7080/lib/jquery.cookie/jquery.cookie.min.js - - - 200 1565 application/javascript 17.7210ms
2023-06-14 16:03:37.7402 INFO Sending file. Request path: '/images/Colorado_Beetle_Logo.png'. Physical path: 'C:\Users\User\source\repos\ColoradoBeetle\ColoradoBeetle.UI\wwwroot\Images\Colorado_Beetle_Logo.png'
2023-06-14 16:03:37.7402 INFO Request finished HTTP/2 GET https://localhost:7080/images/Colorado_Beetle_Logo.png - - - 200 29710 image/png 11.7469ms
2023-06-14 16:03:37.7402 INFO Request finished HTTP/2 GET https://localhost:7080/_framework/aspnetcore-browser-refresh.js - - - 200 12004 application/javascript;+charset=utf-8 14.6824ms
2023-06-14 16:03:37.7402 INFO Request starting HTTP/2 GET https://localhost:7080/Images/carousel-ladybird-2.jpg - -
2023-06-14 16:03:37.7402 INFO Request starting HTTP/2 GET https://localhost:7080/Images/carousel-ladybird-3.jpg - -
2023-06-14 16:03:37.7402 INFO Request starting HTTP/2 GET https://localhost:7080/Images/carousel-ladybird-1.jpg - -
2023-06-14 16:03:37.7605 INFO Sending file. Request path: '/js/site.js'. Physical path: 'C:\Users\User\source\repos\ColoradoBeetle\ColoradoBeetle.UI\wwwroot\js\site.js'
2023-06-14 16:03:37.8064 INFO Request starting HTTP/2 GET https://localhost:7080/_vs/browserLink - -
2023-06-14 16:03:37.8283 INFO Sending file. Request path: '/Images/carousel-ladybird-2.jpg'. Physical path: 'C:\Users\User\source\repos\ColoradoBeetle\ColoradoBeetle.UI\wwwroot\Images\carousel-ladybird-2.jpg'
2023-06-14 16:03:37.8342 INFO Request finished HTTP/2 GET https://localhost:7080/Images/carousel-ladybird-2.jpg - - - 200 55458 image/jpeg 89.7200ms
2023-06-14 16:03:37.8342 INFO Sending file. Request path: '/lib/bootstrap/dist/js/bootstrap.bundle.min.js'. Physical path: 'C:\Users\User\source\repos\ColoradoBeetle\ColoradoBeetle.UI\wwwroot\lib\bootstrap\dist\js\bootstrap.bundle.min.js'
2023-06-14 16:03:37.8342 INFO Request finished HTTP/2 GET https://localhost:7080/lib/bootstrap/dist/js/bootstrap.bundle.min.js - - - 200 78468 application/javascript 113.2063ms
2023-06-14 16:03:37.8342 INFO Request finished HTTP/2 GET https://localhost:7080/js/site.js?v=4q1jwFhaPaZgr8WAUSrux6hAuh0XDg9kPS3xIVq36I0 - - - 200 230 application/javascript 109.5961ms
2023-06-14 16:03:37.8342 INFO Sending file. Request path: '/Images/carousel-ladybird-1.jpg'. Physical path: 'C:\Users\User\source\repos\ColoradoBeetle\ColoradoBeetle.UI\wwwroot\Images\carousel-ladybird-1.jpg'
2023-06-14 16:03:37.8342 INFO Sending file. Request path: '/Images/carousel-ladybird-3.jpg'. Physical path: 'C:\Users\User\source\repos\ColoradoBeetle\ColoradoBeetle.UI\wwwroot\Images\carousel-ladybird-3.jpg'
2023-06-14 16:03:37.8342 INFO Request finished HTTP/2 GET https://localhost:7080/Images/carousel-ladybird-1.jpg - - - 200 48921 image/jpeg 83.3636ms
2023-06-14 16:03:37.8342 INFO Request finished HTTP/2 GET https://localhost:7080/Images/carousel-ladybird-3.jpg - - - 200 64366 image/jpeg 91.5646ms
2023-06-14 16:03:38.0320 INFO Request finished HTTP/2 GET https://localhost:7080/_vs/browserLink - - - 200 - text/javascript;+charset=UTF-8 225.5100ms
2023-06-14 16:03:45.9119 INFO Request starting HTTP/2 GET https://localhost:7080/Home/Contact - -
2023-06-14 16:03:45.9259 INFO Executing endpoint 'ColoradoBeetle.UI.Controllers.HomeController.Contact (ColoradoBeetle.UI)'
2023-06-14 16:03:45.9289 INFO Route matched with {action = "Contact", controller = "Home"}. Executing controller action with signature Microsoft.AspNetCore.Mvc.IActionResult Contact() on controller ColoradoBeetle.UI.Controllers.HomeController (ColoradoBeetle.UI).
2023-06-14 16:03:45.9289 INFO Executing ViewResult, running view Contact.
2023-06-14 16:03:46.1457 INFO Executed ViewResult - view Contact executed in 214.3513ms.
2023-06-14 16:03:46.1461 INFO Executed action ColoradoBeetle.UI.Controllers.HomeController.Contact (ColoradoBeetle.UI) in 217.101ms
2023-06-14 16:03:46.1461 INFO Executed endpoint 'ColoradoBeetle.UI.Controllers.HomeController.Contact (ColoradoBeetle.UI)'
2023-06-14 16:03:46.1461 INFO Request finished HTTP/2 GET https://localhost:7080/Home/Contact - - - 200 - text/html;+charset=utf-8 241.0550ms
2023-06-14 16:03:46.1812 INFO Request starting HTTP/2 GET https://localhost:7080/_framework/aspnetcore-browser-refresh.js - -
2023-06-14 16:03:46.1812 INFO Request starting HTTP/2 GET https://localhost:7080/_vs/browserLink - -
2023-06-14 16:03:46.1812 INFO Request finished HTTP/2 GET https://localhost:7080/_framework/aspnetcore-browser-refresh.js - - - 200 12004 application/javascript;+charset=utf-8 0.6537ms
2023-06-14 16:03:46.3128 INFO Request finished HTTP/2 GET https://localhost:7080/_vs/browserLink - - - 200 - text/javascript;+charset=UTF-8 131.4417ms
2023-06-14 16:03:49.7029 INFO Request starting HTTP/2 POST https://localhost:7080/Home/Contact application/x-www-form-urlencoded 211
2023-06-14 16:03:49.7029 INFO Executing endpoint 'ColoradoBeetle.UI.Controllers.HomeController.Contact (ColoradoBeetle.UI)'
2023-06-14 16:03:49.7487 INFO Route matched with {action = "Contact", controller = "Home"}. Executing controller action with signature System.Threading.Tasks.Task`1[Microsoft.AspNetCore.Mvc.IActionResult] Contact(ColoradoBeetle.Application.Contacts.Commands.SendContactEmail.SendContactEmailCommand) on controller ColoradoBeetle.UI.Controllers.HomeController (ColoradoBeetle.UI).
2023-06-14 16:03:49.8057 INFO Executing ViewResult, running view Contact.
2023-06-14 16:03:49.8057 INFO Executed ViewResult - view Contact executed in 9.9582ms.
2023-06-14 16:03:49.8057 INFO Executed action ColoradoBeetle.UI.Controllers.HomeController.Contact (ColoradoBeetle.UI) in 66.9931ms
2023-06-14 16:03:49.8057 INFO Executed endpoint 'ColoradoBeetle.UI.Controllers.HomeController.Contact (ColoradoBeetle.UI)'
2023-06-14 16:03:49.8222 INFO Request finished HTTP/2 POST https://localhost:7080/Home/Contact application/x-www-form-urlencoded 211 - 200 - text/html;+charset=utf-8 119.3066ms
2023-06-14 16:03:49.8695 INFO Request starting HTTP/2 GET https://localhost:7080/_vs/browserLink - -
2023-06-14 16:03:49.8695 INFO Request starting HTTP/2 GET https://localhost:7080/_framework/aspnetcore-browser-refresh.js - -
2023-06-14 16:03:49.8695 INFO Request finished HTTP/2 GET https://localhost:7080/_framework/aspnetcore-browser-refresh.js - - - 200 12004 application/javascript;+charset=utf-8 0.3018ms
2023-06-14 16:03:50.0001 INFO Request finished HTTP/2 GET https://localhost:7080/_vs/browserLink - - - 200 - text/javascript;+charset=UTF-8 130.5399ms
2023-06-14 16:03:57.2203 INFO Request starting HTTP/2 POST https://localhost:7080/Home/Contact application/x-www-form-urlencoded 216
2023-06-14 16:03:57.2203 INFO Executing endpoint 'ColoradoBeetle.UI.Controllers.HomeController.Contact (ColoradoBeetle.UI)'
2023-06-14 16:03:57.2203 INFO Route matched with {action = "Contact", controller = "Home"}. Executing controller action with signature System.Threading.Tasks.Task`1[Microsoft.AspNetCore.Mvc.IActionResult] Contact(ColoradoBeetle.Application.Contacts.Commands.SendContactEmail.SendContactEmailCommand) on controller ColoradoBeetle.UI.Controllers.HomeController (ColoradoBeetle.UI).
2023-06-14 16:03:57.2248 INFO Executing ViewResult, running view Contact.
2023-06-14 16:03:57.2248 INFO Executed ViewResult - view Contact executed in 13.0696ms.
2023-06-14 16:03:57.2248 INFO Executed action ColoradoBeetle.UI.Controllers.HomeController.Contact (ColoradoBeetle.UI) in 14.7442ms
2023-06-14 16:03:57.2248 INFO Executed endpoint 'ColoradoBeetle.UI.Controllers.HomeController.Contact (ColoradoBeetle.UI)'
2023-06-14 16:03:57.2465 INFO Request finished HTTP/2 POST https://localhost:7080/Home/Contact application/x-www-form-urlencoded 216 - 200 - text/html;+charset=utf-8 25.9915ms
2023-06-14 16:03:57.2783 INFO Request starting HTTP/2 GET https://localhost:7080/_vs/browserLink - -
2023-06-14 16:03:57.2783 INFO Request starting HTTP/2 GET https://localhost:7080/_framework/aspnetcore-browser-refresh.js - -
2023-06-14 16:03:57.2783 INFO Request finished HTTP/2 GET https://localhost:7080/_framework/aspnetcore-browser-refresh.js - - - 200 12004 application/javascript;+charset=utf-8 1.2514ms
2023-06-14 16:03:57.4039 INFO Request finished HTTP/2 GET https://localhost:7080/_vs/browserLink - - - 200 - text/javascript;+charset=UTF-8 125.6197ms
2023-06-14 16:08:26.4102 WARN Sensitive data logging is enabled. Log entries and exception messages may include sensitive application data; this mode should only be enabled during development.
2023-06-14 16:08:27.0963 INFO Entity Framework Core 6.0.16 initialized 'ApplicationDbContext' using provider 'Microsoft.EntityFrameworkCore.SqlServer:6.0.16' with options: SensitiveDataLoggingEnabled 
2023-06-14 16:08:29.7395 INFO Executed DbCommand (144ms) [Parameters=[], CommandType='Text', CommandTimeout='30']
SELECT [s].[Id], [s].[Description], [s].[Key], [s].[Order], [s].[SettingsId], [s].[Type], [s].[Value]
FROM [SettingsPositions] AS [s]
2023-06-14 16:08:29.9367 INFO DEVELOPMENT MODE!!!
2023-06-14 16:08:30.2935 INFO User profile is available. Using 'C:\Users\User\AppData\Local\ASP.NET\DataProtection-Keys' as key repository and Windows DPAPI to encrypt keys at rest.
2023-06-14 16:08:30.7174 INFO Now listening on: https://localhost:7080
2023-06-14 16:08:30.7174 INFO Now listening on: http://localhost:5116
2023-06-14 16:08:30.7174 INFO Application started. Press Ctrl+C to shut down.
2023-06-14 16:08:30.7174 INFO Hosting environment: Development
2023-06-14 16:08:30.7174 INFO Content root path: C:\Users\User\source\repos\ColoradoBeetle\ColoradoBeetle.UI\
2023-06-14 16:08:32.8853 INFO Request starting HTTP/2 GET https://localhost:7080/ - -
2023-06-14 16:08:33.1591 INFO Executing endpoint 'ColoradoBeetle.UI.Controllers.HomeController.Index (ColoradoBeetle.UI)'
2023-06-14 16:08:33.2333 INFO Route matched with {action = "Index", controller = "Home"}. Executing controller action with signature System.Threading.Tasks.Task`1[Microsoft.AspNetCore.Mvc.IActionResult] Index() on controller ColoradoBeetle.UI.Controllers.HomeController (ColoradoBeetle.UI).
2023-06-14 16:08:33.2621 INFO Executing ViewResult, running view Index.
2023-06-14 16:08:33.7078 INFO Executed ViewResult - view Index executed in 448.6422ms.
2023-06-14 16:08:33.7196 INFO Executed action ColoradoBeetle.UI.Controllers.HomeController.Index (ColoradoBeetle.UI) in 485.6258ms
2023-06-14 16:08:33.7196 INFO Executed endpoint 'ColoradoBeetle.UI.Controllers.HomeController.Index (ColoradoBeetle.UI)'
2023-06-14 16:08:33.8465 INFO Request finished HTTP/2 GET https://localhost:7080/ - - - 200 - text/html;+charset=utf-8 963.4989ms
2023-06-14 16:08:33.9024 INFO Request starting HTTP/2 GET https://localhost:7080/_vs/browserLink - -
2023-06-14 16:08:33.9024 INFO Request starting HTTP/2 GET https://localhost:7080/_framework/aspnetcore-browser-refresh.js - -
2023-06-14 16:08:33.9224 INFO Request finished HTTP/2 GET https://localhost:7080/_framework/aspnetcore-browser-refresh.js - - - 200 12004 application/javascript;+charset=utf-8 18.6687ms
2023-06-14 16:08:34.0370 INFO Request finished HTTP/2 GET https://localhost:7080/_vs/browserLink - - - 200 - text/javascript;+charset=UTF-8 134.5620ms
2023-06-14 16:08:37.6171 INFO Request starting HTTP/2 GET https://localhost:7080/Home/Contact - -
2023-06-14 16:08:37.6171 INFO Executing endpoint 'ColoradoBeetle.UI.Controllers.HomeController.Contact (ColoradoBeetle.UI)'
2023-06-14 16:08:37.6171 INFO Route matched with {action = "Contact", controller = "Home"}. Executing controller action with signature Microsoft.AspNetCore.Mvc.IActionResult Contact() on controller ColoradoBeetle.UI.Controllers.HomeController (ColoradoBeetle.UI).
2023-06-14 16:08:37.6171 INFO Executing ViewResult, running view Contact.
2023-06-14 16:08:37.8505 INFO Executed ViewResult - view Contact executed in 222.5058ms.
2023-06-14 16:08:37.8505 INFO Executed action ColoradoBeetle.UI.Controllers.HomeController.Contact (ColoradoBeetle.UI) in 223.722ms
2023-06-14 16:08:37.8505 INFO Executed endpoint 'ColoradoBeetle.UI.Controllers.HomeController.Contact (ColoradoBeetle.UI)'
2023-06-14 16:08:37.8505 INFO Request finished HTTP/2 GET https://localhost:7080/Home/Contact - - - 200 - text/html;+charset=utf-8 245.3818ms
2023-06-14 16:08:37.9320 INFO Request starting HTTP/2 GET https://localhost:7080/lib/jquery-validation/dist/jquery.validate.min.js - -
2023-06-14 16:08:37.9320 INFO Request starting HTTP/2 GET https://localhost:7080/lib/jquery-validation-unobtrusive/jquery.validate.unobtrusive.min.js - -
2023-06-14 16:08:37.9320 INFO Request starting HTTP/2 GET https://localhost:7080/lib/cldrjs/dist/cldr.js - -
2023-06-14 16:08:37.9320 INFO Request starting HTTP/2 GET https://localhost:7080/lib/cldrjs/dist/cldr/event.js - -
2023-06-14 16:08:37.9320 INFO Request starting HTTP/2 GET https://localhost:7080/lib/cldrjs/dist/cldr/supplemental.js - -
2023-06-14 16:08:38.0012 INFO Sending file. Request path: '/lib/jquery-validation-unobtrusive/jquery.validate.unobtrusive.min.js'. Physical path: 'C:\Users\User\source\repos\ColoradoBeetle\ColoradoBeetle.UI\wwwroot\lib\jquery-validation-unobtrusive\jquery.validate.unobtrusive.min.js'
2023-06-14 16:08:38.0012 INFO Request starting HTTP/2 GET https://localhost:7080/lib/globalize/globalize.js - -
2023-06-14 16:08:38.0133 INFO Request starting HTTP/2 GET https://localhost:7080/lib/globalize/globalize/number.js - -
2023-06-14 16:08:38.0133 INFO Request starting HTTP/2 GET https://localhost:7080/lib/globalize/globalize/date.js - -
2023-06-14 16:08:38.0133 INFO Sending file. Request path: '/lib/cldrjs/dist/cldr/event.js'. Physical path: 'C:\Users\User\source\repos\ColoradoBeetle\ColoradoBeetle.UI\wwwroot\lib\cldrjs\dist\cldr\event.js'
2023-06-14 16:08:38.0133 INFO Sending file. Request path: '/lib/cldrjs/dist/cldr/supplemental.js'. Physical path: 'C:\Users\User\source\repos\ColoradoBeetle\ColoradoBeetle.UI\wwwroot\lib\cldrjs\dist\cldr\supplemental.js'
2023-06-14 16:08:38.0133 INFO Sending file. Request path: '/lib/cldrjs/dist/cldr.js'. Physical path: 'C:\Users\User\source\repos\ColoradoBeetle\ColoradoBeetle.UI\wwwroot\lib\cldrjs\dist\cldr.js'
2023-06-14 16:08:38.0133 INFO Request starting HTTP/2 GET https://localhost:7080/lib/jquery-validation-globalize-fix/jquery.validate.globalize.js - -
2023-06-14 16:08:38.0133 INFO Request starting HTTP/2 GET https://localhost:7080/_framework/aspnetcore-browser-refresh.js - -
2023-06-14 16:08:38.0133 INFO Request starting HTTP/2 GET https://localhost:7080/_vs/browserLink - -
2023-06-14 16:08:38.0451 INFO Sending file. Request path: '/lib/jquery-validation-globalize-fix/jquery.validate.globalize.js'. Physical path: 'C:\Users\User\source\repos\ColoradoBeetle\ColoradoBeetle.UI\wwwroot\lib\jquery-validation-globalize-fix\jquery.validate.globalize.js'
2023-06-14 16:08:38.0451 INFO Request finished HTTP/2 GET https://localhost:7080/lib/jquery-validation-globalize-fix/jquery.validate.globalize.js - - - 200 1922 application/javascript 26.3080ms
2023-06-14 16:08:38.0451 INFO Sending file. Request path: '/lib/globalize/globalize.js'. Physical path: 'C:\Users\User\source\repos\ColoradoBeetle\ColoradoBeetle.UI\wwwroot\lib\globalize\globalize.js'
2023-06-14 16:08:38.0451 INFO Request finished HTTP/2 GET https://localhost:7080/lib/globalize/globalize.js - - - 200 10917 application/javascript 42.3575ms
2023-06-14 16:08:38.0451 INFO Sending file. Request path: '/lib/jquery-validation/dist/jquery.validate.min.js'. Physical path: 'C:\Users\User\source\repos\ColoradoBeetle\ColoradoBeetle.UI\wwwroot\lib\jquery-validation\dist\jquery.validate.min.js'
2023-06-14 16:08:38.0451 INFO Request finished HTTP/2 GET https://localhost:7080/lib/jquery-validation/dist/jquery.validate.min.js - - - 200 23261 application/javascript 115.7330ms
2023-06-14 16:08:38.0451 INFO Sending file. Request path: '/lib/globalize/globalize/number.js'. Physical path: 'C:\Users\User\source\repos\ColoradoBeetle\ColoradoBeetle.UI\wwwroot\lib\globalize\globalize\number.js'
2023-06-14 16:08:38.0451 INFO Request finished HTTP/2 GET https://localhost:7080/lib/globalize/globalize/number.js - - - 200 46097 application/javascript 38.0039ms
2023-06-14 16:08:38.0526 INFO Request finished HTTP/2 GET https://localhost:7080/lib/cldrjs/dist/cldr/event.js - - - 200 18598 application/javascript 111.3923ms
2023-06-14 16:08:38.0526 INFO Request finished HTTP/2 GET https://localhost:7080/lib/cldrjs/dist/cldr/supplemental.js - - - 200 2403 application/javascript 110.4391ms
2023-06-14 16:08:38.0451 INFO Request finished HTTP/2 GET https://localhost:7080/lib/cldrjs/dist/cldr.js - - - 200 17817 application/javascript 114.9078ms
2023-06-14 16:08:38.0526 INFO Request finished HTTP/2 GET https://localhost:7080/lib/jquery-validation-unobtrusive/jquery.validate.unobtrusive.min.js - - - 200 5868 application/javascript 120.8519ms
2023-06-14 16:08:38.1193 INFO Sending file. Request path: '/lib/globalize/globalize/date.js'. Physical path: 'C:\Users\User\source\repos\ColoradoBeetle\ColoradoBeetle.UI\wwwroot\lib\globalize\globalize\date.js'
2023-06-14 16:08:38.1193 INFO Request finished HTTP/2 GET https://localhost:7080/lib/globalize/globalize/date.js - - - 200 75791 application/javascript 104.2716ms
2023-06-14 16:08:38.1834 INFO Request starting HTTP/2 GET https://localhost:7080/lib/cldr-core/supplemental/likelySubtags.json - -
2023-06-14 16:08:38.1834 INFO Request starting HTTP/2 GET https://localhost:7080/lib/cldr-core/supplemental/numberingSystems.json - -
2023-06-14 16:08:38.1834 INFO Request starting HTTP/2 GET https://localhost:7080/lib/cldr-core/supplemental/plurals.json - -
2023-06-14 16:08:38.1834 INFO Request starting HTTP/2 GET https://localhost:7080/lib/cldr-core/supplemental/ordinals.json - -
2023-06-14 16:08:38.1834 INFO Request starting HTTP/2 GET https://localhost:7080/lib/cldr-core/supplemental/currencyData.json - -
2023-06-14 16:08:38.1834 INFO Request starting HTTP/2 GET https://localhost:7080/lib/cldr-core/supplemental/timeData.json - -
2023-06-14 16:08:38.1956 INFO Request starting HTTP/2 GET https://localhost:7080/lib/cldr-core/supplemental/weekData.json - -
2023-06-14 16:08:38.1956 INFO Request starting HTTP/2 GET https://localhost:7080/lib/cldr-dates-modern/main/pl/ca-gregorian.json - -
2023-06-14 16:08:38.1956 INFO Request starting HTTP/2 GET https://localhost:7080/lib/cldr-dates-modern/main/pl/timeZoneNames.json - -
2023-06-14 16:08:38.1956 INFO Request starting HTTP/2 GET https://localhost:7080/lib/cldr-numbers-modern/main/pl/numbers.json - -
2023-06-14 16:08:38.2119 INFO Request starting HTTP/2 GET https://localhost:7080/lib/cldr-numbers-modern/main/pl/currencies.json - -
2023-06-14 16:08:38.2374 INFO Sending file. Request path: '/lib/cldr-numbers-modern/main/pl/numbers.json'. Physical path: 'C:\Users\User\source\repos\ColoradoBeetle\ColoradoBeetle.UI\wwwroot\lib\cldr-numbers-modern\main\pl\numbers.json'
2023-06-14 16:08:38.2374 INFO Request finished HTTP/2 GET https://localhost:7080/_framework/aspnetcore-browser-refresh.js - - - 200 12004 application/javascript;+charset=utf-8 218.2845ms
2023-06-14 16:08:38.2374 INFO Request finished HTTP/2 GET https://localhost:7080/lib/cldr-numbers-modern/main/pl/numbers.json - - - 200 10568 application/json 36.0874ms
2023-06-14 16:08:38.2418 INFO Sending file. Request path: '/lib/cldr-core/supplemental/weekData.json'. Physical path: 'C:\Users\User\source\repos\ColoradoBeetle\ColoradoBeetle.UI\wwwroot\lib\cldr-core\supplemental\weekData.json'
2023-06-14 16:08:38.2418 INFO Sending file. Request path: '/lib/cldr-dates-modern/main/pl/ca-gregorian.json'. Physical path: 'C:\Users\User\source\repos\ColoradoBeetle\ColoradoBeetle.UI\wwwroot\lib\cldr-dates-modern\main\pl\ca-gregorian.json'
2023-06-14 16:08:38.2418 INFO Request finished HTTP/2 GET https://localhost:7080/lib/cldr-dates-modern/main/pl/ca-gregorian.json - - - 200 19025 application/json 46.3601ms
2023-06-14 16:08:38.2418 INFO Request finished HTTP/2 GET https://localhost:7080/lib/cldr-core/supplemental/weekData.json - - - 200 11204 application/json 46.3924ms
2023-06-14 16:08:38.2418 INFO Sending file. Request path: '/lib/cldr-core/supplemental/numberingSystems.json'. Physical path: 'C:\Users\User\source\repos\ColoradoBeetle\ColoradoBeetle.UI\wwwroot\lib\cldr-core\supplemental\numberingSystems.json'
2023-06-14 16:08:38.2418 INFO Request finished HTTP/2 GET https://localhost:7080/lib/cldr-core/supplemental/numberingSystems.json - - - 200 9649 application/json 60.3021ms
2023-06-14 16:08:38.2418 INFO Sending file. Request path: '/lib/cldr-core/supplemental/timeData.json'. Physical path: 'C:\Users\User\source\repos\ColoradoBeetle\ColoradoBeetle.UI\wwwroot\lib\cldr-core\supplemental\timeData.json'
2023-06-14 16:08:38.2624 INFO Request finished HTTP/2 GET https://localhost:7080/lib/cldr-core/supplemental/timeData.json - - - 200 21961 application/json 72.0298ms
2023-06-14 16:08:38.2624 INFO Sending file. Request path: '/lib/cldr-core/supplemental/ordinals.json'. Physical path: 'C:\Users\User\source\repos\ColoradoBeetle\ColoradoBeetle.UI\wwwroot\lib\cldr-core\supplemental\ordinals.json'
2023-06-14 16:08:38.2624 INFO Request finished HTTP/2 GET https://localhost:7080/lib/cldr-core/supplemental/ordinals.json - - - 200 17546 application/json 82.4711ms
2023-06-14 16:08:38.2771 INFO Sending file. Request path: '/lib/cldr-numbers-modern/main/pl/currencies.json'. Physical path: 'C:\Users\User\source\repos\ColoradoBeetle\ColoradoBeetle.UI\wwwroot\lib\cldr-numbers-modern\main\pl\currencies.json'
2023-06-14 16:08:38.2771 INFO Sending file. Request path: '/lib/cldr-core/supplemental/currencyData.json'. Physical path: 'C:\Users\User\source\repos\ColoradoBeetle\ColoradoBeetle.UI\wwwroot\lib\cldr-core\supplemental\currencyData.json'
2023-06-14 16:08:38.2771 INFO Request finished HTTP/2 GET https://localhost:7080/lib/cldr-numbers-modern/main/pl/currencies.json - - - 200 78149 application/json 69.0814ms
2023-06-14 16:08:38.2771 INFO Request finished HTTP/2 GET https://localhost:7080/lib/cldr-core/supplemental/currencyData.json - - - 200 70124 application/json 91.0105ms
2023-06-14 16:08:38.2771 INFO Sending file. Request path: '/lib/cldr-dates-modern/main/pl/timeZoneNames.json'. Physical path: 'C:\Users\User\source\repos\ColoradoBeetle\ColoradoBeetle.UI\wwwroot\lib\cldr-dates-modern\main\pl\timeZoneNames.json'
2023-06-14 16:08:38.2771 INFO Request finished HTTP/2 GET https://localhost:7080/lib/cldr-dates-modern/main/pl/timeZoneNames.json - - - 200 68793 application/json 81.6615ms
2023-06-14 16:08:38.2922 INFO Sending file. Request path: '/lib/cldr-core/supplemental/plurals.json'. Physical path: 'C:\Users\User\source\repos\ColoradoBeetle\ColoradoBeetle.UI\wwwroot\lib\cldr-core\supplemental\plurals.json'
2023-06-14 16:08:38.2922 INFO Request finished HTTP/2 GET https://localhost:7080/lib/cldr-core/supplemental/plurals.json - - - 200 72587 application/json 108.9632ms
2023-06-14 16:08:38.3097 INFO Request finished HTTP/2 GET https://localhost:7080/_vs/browserLink - - - 200 - text/javascript;+charset=UTF-8 290.4205ms
2023-06-14 16:08:38.3097 INFO Sending file. Request path: '/lib/cldr-core/supplemental/likelySubtags.json'. Physical path: 'C:\Users\User\source\repos\ColoradoBeetle\ColoradoBeetle.UI\wwwroot\lib\cldr-core\supplemental\likelySubtags.json'
2023-06-14 16:08:38.3097 INFO Request finished HTTP/2 GET https://localhost:7080/lib/cldr-core/supplemental/likelySubtags.json - - - 200 228285 application/json 133.0760ms
2023-06-14 16:08:56.0470 INFO Request starting HTTP/2 GET https://localhost:7080/sm/8434d5ae2512ebdb50c4db728c1a1108c0f1674da8ce02db6308c8b9aa4ed979.map - -
2023-06-14 16:08:56.0470 INFO Request starting HTTP/2 GET https://localhost:7080/lib/bootstrap/dist/css/bootstrap.min.css.map - -
2023-06-14 16:08:56.0470 INFO Request starting HTTP/2 GET https://localhost:7080/lib/bootstrap/dist/js/bootstrap.bundle.min.js.map - -
2023-06-14 16:08:56.0470 INFO Request finished HTTP/2 GET https://localhost:7080/sm/8434d5ae2512ebdb50c4db728c1a1108c0f1674da8ce02db6308c8b9aa4ed979.map - - - 404 0 - 4.0470ms
2023-06-14 16:08:56.2581 INFO Sending file. Request path: '/lib/bootstrap/dist/js/bootstrap.bundle.min.js.map'. Physical path: 'C:\Users\User\source\repos\ColoradoBeetle\ColoradoBeetle.UI\wwwroot\lib\bootstrap\dist\js\bootstrap.bundle.min.js.map'
2023-06-14 16:08:56.2581 INFO Request finished HTTP/2 GET https://localhost:7080/lib/bootstrap/dist/js/bootstrap.bundle.min.js.map - - - 200 327261 text/plain 211.2887ms
2023-06-14 16:08:56.2581 INFO Sending file. Request path: '/lib/bootstrap/dist/css/bootstrap.min.css.map'. Physical path: 'C:\Users\User\source\repos\ColoradoBeetle\ColoradoBeetle.UI\wwwroot\lib\bootstrap\dist\css\bootstrap.min.css.map'
2023-06-14 16:08:56.2581 INFO Request finished HTTP/2 GET https://localhost:7080/lib/bootstrap/dist/css/bootstrap.min.css.map - - - 200 449111 text/plain 219.6048ms
2023-06-14 16:09:28.3328 INFO Request starting HTTP/2 POST https://localhost:7080/Home/Contact application/x-www-form-urlencoded 264
2023-06-14 16:09:28.3421 INFO Executing endpoint 'ColoradoBeetle.UI.Controllers.HomeController.Contact (ColoradoBeetle.UI)'
2023-06-14 16:09:28.3696 INFO Route matched with {action = "Contact", controller = "Home"}. Executing controller action with signature System.Threading.Tasks.Task`1[Microsoft.AspNetCore.Mvc.IActionResult] Contact(ColoradoBeetle.Application.Contacts.Commands.SendContactEmail.SendContactEmailCommand) on controller ColoradoBeetle.UI.Controllers.HomeController (ColoradoBeetle.UI).
2023-06-14 16:09:28.4672 INFO Handling SendContactEmailCommand
2023-06-14 16:09:28.4672 INFO ColoradoBeetle Request: "SendContactEmailCommand" {"Name":"moja dupa", "Email":"dupa@jasia.com", "Title":"pole tytuł", "Message":"jest wymagane"}
2023-06-14 16:09:32.8372 INFO ColoradoBeetle Long Running Request: "SendContactEmailCommand" (4321 miliseconds) {"Name":"moja dupa", "Email":"dupa@jasia.com", "Title":"pole tytuł", "Message":"jest wymagane"}
2023-06-14 16:09:32.8527 INFO Handled Unit
2023-06-14 16:09:32.8781 INFO Executing RedirectResult, redirecting to /.
2023-06-14 16:09:32.8781 INFO Executed action ColoradoBeetle.UI.Controllers.HomeController.Contact (ColoradoBeetle.UI) in 4508.623ms
2023-06-14 16:09:32.8781 INFO Executed endpoint 'ColoradoBeetle.UI.Controllers.HomeController.Contact (ColoradoBeetle.UI)'
2023-06-14 16:09:32.8781 INFO Request finished HTTP/2 POST https://localhost:7080/Home/Contact application/x-www-form-urlencoded 264 - 302 0 - 4546.0055ms
2023-06-14 16:09:32.8901 INFO Request starting HTTP/2 GET https://localhost:7080/ - -
2023-06-14 16:09:32.8901 INFO Executing endpoint 'ColoradoBeetle.UI.Controllers.HomeController.Index (ColoradoBeetle.UI)'
2023-06-14 16:09:32.8901 INFO Route matched with {action = "Index", controller = "Home"}. Executing controller action with signature System.Threading.Tasks.Task`1[Microsoft.AspNetCore.Mvc.IActionResult] Index() on controller ColoradoBeetle.UI.Controllers.HomeController (ColoradoBeetle.UI).
2023-06-14 16:09:32.8901 INFO Executing ViewResult, running view Index.
2023-06-14 16:09:32.9368 INFO Executed ViewResult - view Index executed in 44.4133ms.
2023-06-14 16:09:32.9368 INFO Executed action ColoradoBeetle.UI.Controllers.HomeController.Index (ColoradoBeetle.UI) in 44.7786ms
2023-06-14 16:09:32.9368 INFO Executed endpoint 'ColoradoBeetle.UI.Controllers.HomeController.Index (ColoradoBeetle.UI)'
2023-06-14 16:09:32.9623 INFO Request finished HTTP/2 GET https://localhost:7080/ - - - 200 - text/html;+charset=utf-8 72.2359ms
2023-06-14 16:09:33.0584 INFO Request starting HTTP/2 GET https://localhost:7080/_framework/aspnetcore-browser-refresh.js - -
2023-06-14 16:09:33.0584 INFO Request finished HTTP/2 GET https://localhost:7080/_framework/aspnetcore-browser-refresh.js - - - 200 12004 application/javascript;+charset=utf-8 3.7458ms
2023-06-14 16:09:33.0584 INFO Request starting HTTP/2 GET https://localhost:7080/_vs/browserLink - -
2023-06-14 16:09:33.3496 INFO Request starting HTTP/2 GET https://localhost:7080/sm/8434d5ae2512ebdb50c4db728c1a1108c0f1674da8ce02db6308c8b9aa4ed979.map - -
2023-06-14 16:09:33.3507 INFO Request finished HTTP/2 GET https://localhost:7080/sm/8434d5ae2512ebdb50c4db728c1a1108c0f1674da8ce02db6308c8b9aa4ed979.map - - - 404 0 - 1.0871ms
2023-06-14 16:09:33.3507 INFO Request finished HTTP/2 GET https://localhost:7080/_vs/browserLink - - - 200 - text/javascript;+charset=UTF-8 292.7643ms
2023-06-14 16:12:27.0763 WARN Sensitive data logging is enabled. Log entries and exception messages may include sensitive application data; this mode should only be enabled during development.
2023-06-14 16:12:27.7396 INFO Entity Framework Core 6.0.16 initialized 'ApplicationDbContext' using provider 'Microsoft.EntityFrameworkCore.SqlServer:6.0.16' with options: SensitiveDataLoggingEnabled 
2023-06-14 16:12:29.8252 INFO Executed DbCommand (170ms) [Parameters=[], CommandType='Text', CommandTimeout='30']
SELECT [s].[Id], [s].[Description], [s].[Key], [s].[Order], [s].[SettingsId], [s].[Type], [s].[Value]
FROM [SettingsPositions] AS [s]
2023-06-14 16:12:30.0055 INFO DEVELOPMENT MODE!!!
2023-06-14 16:12:30.3742 INFO User profile is available. Using 'C:\Users\User\AppData\Local\ASP.NET\DataProtection-Keys' as key repository and Windows DPAPI to encrypt keys at rest.
2023-06-14 16:12:30.7471 INFO Now listening on: https://localhost:7080
2023-06-14 16:12:30.7471 INFO Now listening on: http://localhost:5116
2023-06-14 16:12:30.7471 INFO Application started. Press Ctrl+C to shut down.
2023-06-14 16:12:30.7471 INFO Hosting environment: Development
2023-06-14 16:12:30.7471 INFO Content root path: C:\Users\User\source\repos\ColoradoBeetle\ColoradoBeetle.UI\
2023-06-14 16:12:33.1987 INFO Request starting HTTP/2 GET https://localhost:7080/ - -
2023-06-14 16:12:33.3261 INFO Executing endpoint 'ColoradoBeetle.UI.Controllers.HomeController.Index (ColoradoBeetle.UI)'
2023-06-14 16:12:33.3605 INFO Route matched with {action = "Index", controller = "Home"}. Executing controller action with signature System.Threading.Tasks.Task`1[Microsoft.AspNetCore.Mvc.IActionResult] Index() on controller ColoradoBeetle.UI.Controllers.HomeController (ColoradoBeetle.UI).
2023-06-14 16:12:33.3893 INFO Executing ViewResult, running view Index.
2023-06-14 16:12:33.8187 INFO Executed ViewResult - view Index executed in 430.9477ms.
2023-06-14 16:12:33.8187 INFO Executed action ColoradoBeetle.UI.Controllers.HomeController.Index (ColoradoBeetle.UI) in 470.454ms
2023-06-14 16:12:33.8187 INFO Executed endpoint 'ColoradoBeetle.UI.Controllers.HomeController.Index (ColoradoBeetle.UI)'
2023-06-14 16:12:33.9479 INFO Request finished HTTP/2 GET https://localhost:7080/ - - - 200 - text/html;+charset=utf-8 751.8839ms
2023-06-14 16:12:34.0234 INFO Request starting HTTP/2 GET https://localhost:7080/_vs/browserLink - -
2023-06-14 16:12:34.0234 INFO Request starting HTTP/2 GET https://localhost:7080/_framework/aspnetcore-browser-refresh.js - -
2023-06-14 16:12:34.0390 INFO Request finished HTTP/2 GET https://localhost:7080/_framework/aspnetcore-browser-refresh.js - - - 200 12004 application/javascript;+charset=utf-8 15.5823ms
2023-06-14 16:12:34.3473 INFO Request finished HTTP/2 GET https://localhost:7080/_vs/browserLink - - - 200 - text/javascript;+charset=UTF-8 323.8561ms
2023-06-14 16:12:41.1245 INFO Request starting HTTP/2 GET https://localhost:7080/Home/Contact - -
2023-06-14 16:12:41.1384 INFO Executing endpoint 'ColoradoBeetle.UI.Controllers.HomeController.Contact (ColoradoBeetle.UI)'
2023-06-14 16:12:41.1384 INFO Route matched with {action = "Contact", controller = "Home"}. Executing controller action with signature Microsoft.AspNetCore.Mvc.IActionResult Contact() on controller ColoradoBeetle.UI.Controllers.HomeController (ColoradoBeetle.UI).
2023-06-14 16:12:41.1384 INFO Executing ViewResult, running view Contact.
2023-06-14 16:12:41.4058 INFO Executed ViewResult - view Contact executed in 264.8106ms.
2023-06-14 16:12:41.4058 INFO Executed action ColoradoBeetle.UI.Controllers.HomeController.Contact (ColoradoBeetle.UI) in 265.8596ms
2023-06-14 16:12:41.4058 INFO Executed endpoint 'ColoradoBeetle.UI.Controllers.HomeController.Contact (ColoradoBeetle.UI)'
2023-06-14 16:12:41.4157 INFO Request finished HTTP/2 GET https://localhost:7080/Home/Contact - - - 200 - text/html;+charset=utf-8 291.1216ms
2023-06-14 16:12:41.4807 INFO Request starting HTTP/2 GET https://localhost:7080/_framework/aspnetcore-browser-refresh.js - -
2023-06-14 16:12:41.4807 INFO Request starting HTTP/2 GET https://localhost:7080/_vs/browserLink - -
2023-06-14 16:12:41.4807 INFO Request finished HTTP/2 GET https://localhost:7080/_framework/aspnetcore-browser-refresh.js - - - 200 12004 application/javascript;+charset=utf-8 1.4350ms
2023-06-14 16:12:41.6565 INFO Request finished HTTP/2 GET https://localhost:7080/_vs/browserLink - - - 200 - text/javascript;+charset=UTF-8 174.5042ms
