2023-06-15 17:32:51.4062 WARN Sensitive data logging is enabled. Log entries and exception messages may include sensitive application data; this mode should only be enabled during development.
2023-06-15 17:32:52.7749 INFO Entity Framework Core 6.0.16 initialized 'ApplicationDbContext' using provider 'Microsoft.EntityFrameworkCore.SqlServer:6.0.16' with options: SensitiveDataLoggingEnabled 
2023-06-15 17:32:55.5958 INFO Executed DbCommand (141ms) [Parameters=[], CommandType='Text', CommandTimeout='30']
SELECT [s].[Id], [s].[Description], [s].[Key], [s].[Order], [s].[SettingsId], [s].[Type], [s].[Value]
FROM [SettingsPositions] AS [s]
2023-06-15 17:32:55.7902 INFO DEVELOPMENT MODE!!!
2023-06-15 17:32:56.1560 INFO User profile is available. Using 'C:\Users\User\AppData\Local\ASP.NET\DataProtection-Keys' as key repository and Windows DPAPI to encrypt keys at rest.
2023-06-15 17:32:56.5836 INFO Now listening on: https://localhost:7080
2023-06-15 17:32:56.5836 INFO Now listening on: http://localhost:5116
2023-06-15 17:32:56.5836 INFO Application started. Press Ctrl+C to shut down.
2023-06-15 17:32:56.5836 INFO Hosting environment: Development
2023-06-15 17:32:56.5836 INFO Content root path: C:\Users\User\source\repos\ColoradoBeetle\ColoradoBeetle.UI\
2023-06-15 17:32:59.7148 INFO Request starting HTTP/2 GET https://localhost:7080/ - -
2023-06-15 17:32:59.8729 INFO Executing endpoint 'ColoradoBeetle.UI.Controllers.HomeController.Index (ColoradoBeetle.UI)'
2023-06-15 17:32:59.9137 INFO Route matched with {action = "Index", controller = "Home"}. Executing controller action with signature System.Threading.Tasks.Task`1[Microsoft.AspNetCore.Mvc.IActionResult] Index() on controller ColoradoBeetle.UI.Controllers.HomeController (ColoradoBeetle.UI).
2023-06-15 17:32:59.9499 INFO Executing ViewResult, running view Index.
2023-06-15 17:33:00.4646 INFO Executed ViewResult - view Index executed in 516.1374ms.
2023-06-15 17:33:00.4749 INFO Executed action ColoradoBeetle.UI.Controllers.HomeController.Index (ColoradoBeetle.UI) in 560.3676ms
2023-06-15 17:33:00.4749 INFO Executed endpoint 'ColoradoBeetle.UI.Controllers.HomeController.Index (ColoradoBeetle.UI)'
2023-06-15 17:33:00.7683 INFO Request finished HTTP/2 GET https://localhost:7080/ - - - 200 - text/html;+charset=utf-8 1058.9499ms
2023-06-15 17:33:00.8408 INFO Request starting HTTP/2 GET https://localhost:7080/lib/font-awesome/css/all.min.css - -
2023-06-15 17:33:00.8408 INFO Request starting HTTP/2 GET https://localhost:7080/_framework/aspnetcore-browser-refresh.js - -
2023-06-15 17:33:00.8408 INFO Request starting HTTP/2 GET https://localhost:7080/css/site.css?v=blOKdw3vYMDZup5IaoMs3iRJ9xoSp8XFO294l1tBLCs - -
2023-06-15 17:33:00.8565 INFO Request finished HTTP/2 GET https://localhost:7080/_framework/aspnetcore-browser-refresh.js - - - 200 12004 application/javascript;+charset=utf-8 15.6230ms
2023-06-15 17:33:00.8759 INFO Sending file. Request path: '/css/site.css'. Physical path: 'C:\Users\User\source\repos\ColoradoBeetle\ColoradoBeetle.UI\wwwroot\css\site.css'
2023-06-15 17:33:00.8759 INFO Request finished HTTP/2 GET https://localhost:7080/css/site.css?v=blOKdw3vYMDZup5IaoMs3iRJ9xoSp8XFO294l1tBLCs - - - 200 805 text/css 35.3470ms
2023-06-15 17:33:00.8759 INFO Request starting HTTP/2 GET https://localhost:7080/_vs/browserLink - -
2023-06-15 17:33:00.9055 INFO Sending file. Request path: '/lib/font-awesome/css/all.min.css'. Physical path: 'C:\Users\User\source\repos\ColoradoBeetle\ColoradoBeetle.UI\wwwroot\lib\font-awesome\css\all.min.css'
2023-06-15 17:33:00.9055 INFO Request finished HTTP/2 GET https://localhost:7080/lib/font-awesome/css/all.min.css - - - 200 102025 text/css 65.0188ms
2023-06-15 17:33:01.2413 INFO Request finished HTTP/2 GET https://localhost:7080/_vs/browserLink - - - 200 - text/javascript;+charset=UTF-8 361.5347ms
2023-06-15 17:33:03.8718 INFO Request starting HTTP/2 GET https://localhost:7080/Home/Contact - -
2023-06-15 17:33:03.8718 INFO Executing endpoint 'ColoradoBeetle.UI.Controllers.HomeController.Contact (ColoradoBeetle.UI)'
2023-06-15 17:33:03.8718 INFO Route matched with {action = "Contact", controller = "Home"}. Executing controller action with signature Microsoft.AspNetCore.Mvc.IActionResult Contact() on controller ColoradoBeetle.UI.Controllers.HomeController (ColoradoBeetle.UI).
2023-06-15 17:33:03.8890 INFO Executing ViewResult, running view Contact.
2023-06-15 17:33:04.1399 INFO Executed ViewResult - view Contact executed in 252.2792ms.
2023-06-15 17:33:04.1399 INFO Executed action ColoradoBeetle.UI.Controllers.HomeController.Contact (ColoradoBeetle.UI) in 256.76ms
2023-06-15 17:33:04.1399 INFO Executed endpoint 'ColoradoBeetle.UI.Controllers.HomeController.Contact (ColoradoBeetle.UI)'
2023-06-15 17:33:04.1547 INFO Request finished HTTP/2 GET https://localhost:7080/Home/Contact - - - 200 - text/html;+charset=utf-8 282.8823ms
2023-06-15 17:33:04.1960 INFO Request starting HTTP/2 GET https://localhost:7080/css/site.css?v=blOKdw3vYMDZup5IaoMs3iRJ9xoSp8XFO294l1tBLCs - -
2023-06-15 17:33:04.1960 INFO Request starting HTTP/2 GET https://localhost:7080/lib/toastr.js/toastr.min.css - -
2023-06-15 17:33:04.2063 INFO The file /lib/toastr.js/toastr.min.css was not modified
2023-06-15 17:33:04.2063 INFO The file /css/site.css was not modified
2023-06-15 17:33:04.2063 INFO Request finished HTTP/2 GET https://localhost:7080/css/site.css?v=blOKdw3vYMDZup5IaoMs3iRJ9xoSp8XFO294l1tBLCs - - - 304 - text/css 10.8881ms
2023-06-15 17:33:04.2063 INFO Request finished HTTP/2 GET https://localhost:7080/lib/toastr.js/toastr.min.css - - - 304 - text/css 9.9146ms
2023-06-15 17:33:04.2529 INFO Request starting HTTP/2 GET https://localhost:7080/lib/toastr.js/toastr.min.js - -
2023-06-15 17:33:04.2529 INFO Request starting HTTP/2 GET https://localhost:7080/_framework/aspnetcore-browser-refresh.js - -
2023-06-15 17:33:04.2529 INFO Request finished HTTP/2 GET https://localhost:7080/_framework/aspnetcore-browser-refresh.js - - - 200 12004 application/javascript;+charset=utf-8 0.4117ms
2023-06-15 17:33:04.2662 INFO Sending file. Request path: '/lib/toastr.js/toastr.min.js'. Physical path: 'C:\Users\User\source\repos\ColoradoBeetle\ColoradoBeetle.UI\wwwroot\lib\toastr.js\toastr.min.js'
2023-06-15 17:33:04.2662 INFO Request finished HTTP/2 GET https://localhost:7080/lib/toastr.js/toastr.min.js - - - 200 5251 application/javascript 13.4208ms
2023-06-15 17:33:04.2840 INFO Request starting HTTP/2 GET https://localhost:7080/_vs/browserLink - -
2023-06-15 17:33:04.4749 INFO Request starting HTTP/2 GET https://localhost:7080/lib/font-awesome/webfonts/fa-solid-900.woff2 - -
2023-06-15 17:33:04.5612 INFO Request finished HTTP/2 GET https://localhost:7080/_vs/browserLink - - - 200 - text/javascript;+charset=UTF-8 277.2198ms
2023-06-15 17:33:04.5909 INFO Sending file. Request path: '/lib/font-awesome/webfonts/fa-solid-900.woff2'. Physical path: 'C:\Users\User\source\repos\ColoradoBeetle\ColoradoBeetle.UI\wwwroot\lib\font-awesome\webfonts\fa-solid-900.woff2'
2023-06-15 17:33:04.5909 INFO Request finished HTTP/2 GET https://localhost:7080/lib/font-awesome/webfonts/fa-solid-900.woff2 - - - 200 150124 font/woff2 116.5214ms
2023-06-15 17:37:07.9319 WARN Sensitive data logging is enabled. Log entries and exception messages may include sensitive application data; this mode should only be enabled during development.
2023-06-15 17:37:08.6173 INFO Entity Framework Core 6.0.16 initialized 'ApplicationDbContext' using provider 'Microsoft.EntityFrameworkCore.SqlServer:6.0.16' with options: SensitiveDataLoggingEnabled 
2023-06-15 17:37:10.3461 INFO Executed DbCommand (125ms) [Parameters=[], CommandType='Text', CommandTimeout='30']
SELECT [s].[Id], [s].[Description], [s].[Key], [s].[Order], [s].[SettingsId], [s].[Type], [s].[Value]
FROM [SettingsPositions] AS [s]
2023-06-15 17:37:10.4711 INFO DEVELOPMENT MODE!!!
2023-06-15 17:37:10.7565 INFO User profile is available. Using 'C:\Users\User\AppData\Local\ASP.NET\DataProtection-Keys' as key repository and Windows DPAPI to encrypt keys at rest.
2023-06-15 17:37:11.0454 INFO Now listening on: https://localhost:7080
2023-06-15 17:37:11.0454 INFO Now listening on: http://localhost:5116
2023-06-15 17:37:11.0454 INFO Application started. Press Ctrl+C to shut down.
2023-06-15 17:37:11.0454 INFO Hosting environment: Development
2023-06-15 17:37:11.0454 INFO Content root path: C:\Users\User\source\repos\ColoradoBeetle\ColoradoBeetle.UI\
2023-06-15 17:37:13.5681 INFO Request starting HTTP/2 GET https://localhost:7080/ - -
2023-06-15 17:37:13.6940 INFO Executing endpoint 'ColoradoBeetle.UI.Controllers.HomeController.Index (ColoradoBeetle.UI)'
2023-06-15 17:37:13.7179 INFO Route matched with {action = "Index", controller = "Home"}. Executing controller action with signature System.Threading.Tasks.Task`1[Microsoft.AspNetCore.Mvc.IActionResult] Index() on controller ColoradoBeetle.UI.Controllers.HomeController (ColoradoBeetle.UI).
2023-06-15 17:37:13.7362 INFO Executing ViewResult, running view Index.
2023-06-15 17:37:14.1765 INFO Executed ViewResult - view Index executed in 437ms.
2023-06-15 17:37:14.1871 INFO Executed action ColoradoBeetle.UI.Controllers.HomeController.Index (ColoradoBeetle.UI) in 468.6822ms
2023-06-15 17:37:14.1871 INFO Executed endpoint 'ColoradoBeetle.UI.Controllers.HomeController.Index (ColoradoBeetle.UI)'
2023-06-15 17:37:14.2615 INFO Request finished HTTP/2 GET https://localhost:7080/ - - - 200 - text/html;+charset=utf-8 696.4553ms
2023-06-15 17:37:14.3407 INFO Request starting HTTP/2 GET https://localhost:7080/lib/font-awesome/css/all.min.css - -
2023-06-15 17:37:14.3407 INFO Request starting HTTP/2 GET https://localhost:7080/_framework/aspnetcore-browser-refresh.js - -
2023-06-15 17:37:14.3407 INFO Request starting HTTP/2 GET https://localhost:7080/_vs/browserLink - -
2023-06-15 17:37:14.3407 INFO Request starting HTTP/2 GET https://localhost:7080/css/site.css?v=blOKdw3vYMDZup5IaoMs3iRJ9xoSp8XFO294l1tBLCs - -
2023-06-15 17:37:14.3407 INFO Request finished HTTP/2 GET https://localhost:7080/_framework/aspnetcore-browser-refresh.js - - - 200 12004 application/javascript;+charset=utf-8 10.3907ms
2023-06-15 17:37:14.3625 INFO The file /css/site.css was not modified
2023-06-15 17:37:14.3625 INFO The file /lib/font-awesome/css/all.min.css was not modified
2023-06-15 17:37:14.3625 INFO Request finished HTTP/2 GET https://localhost:7080/lib/font-awesome/css/all.min.css - - - 304 - text/css 22.9623ms
2023-06-15 17:37:14.3625 INFO Request finished HTTP/2 GET https://localhost:7080/css/site.css?v=blOKdw3vYMDZup5IaoMs3iRJ9xoSp8XFO294l1tBLCs - - - 304 - text/css 23.0053ms
2023-06-15 17:37:14.4659 INFO Request finished HTTP/2 GET https://localhost:7080/_vs/browserLink - - - 200 - text/javascript;+charset=UTF-8 125.1237ms
2023-06-15 17:37:35.5389 INFO Request starting HTTP/2 GET https://localhost:7080/sm/8434d5ae2512ebdb50c4db728c1a1108c0f1674da8ce02db6308c8b9aa4ed979.map - -
2023-06-15 17:37:35.5389 INFO Request starting HTTP/2 GET https://localhost:7080/lib/bootstrap/dist/js/bootstrap.bundle.min.js.map - -
2023-06-15 17:37:35.5389 INFO Request starting HTTP/2 GET https://localhost:7080/lib/bootstrap/dist/css/bootstrap.min.css.map - -
2023-06-15 17:37:35.5497 INFO Request finished HTTP/2 GET https://localhost:7080/sm/8434d5ae2512ebdb50c4db728c1a1108c0f1674da8ce02db6308c8b9aa4ed979.map - - - 404 0 - 10.7526ms
2023-06-15 17:37:35.6406 INFO Sending file. Request path: '/lib/bootstrap/dist/css/bootstrap.min.css.map'. Physical path: 'C:\Users\User\source\repos\ColoradoBeetle\ColoradoBeetle.UI\wwwroot\lib\bootstrap\dist\css\bootstrap.min.css.map'
2023-06-15 17:37:35.6406 INFO Sending file. Request path: '/lib/bootstrap/dist/js/bootstrap.bundle.min.js.map'. Physical path: 'C:\Users\User\source\repos\ColoradoBeetle\ColoradoBeetle.UI\wwwroot\lib\bootstrap\dist\js\bootstrap.bundle.min.js.map'
2023-06-15 17:37:35.6406 INFO Request finished HTTP/2 GET https://localhost:7080/lib/bootstrap/dist/js/bootstrap.bundle.min.js.map - - - 200 327261 text/plain 101.5323ms
2023-06-15 17:37:35.6406 INFO Request finished HTTP/2 GET https://localhost:7080/lib/bootstrap/dist/css/bootstrap.min.css.map - - - 200 449111 text/plain 99.5219ms
2023-06-15 17:37:48.7383 INFO Request starting HTTP/2 GET https://localhost:7080/ - -
2023-06-15 17:37:48.7383 INFO Executing endpoint 'ColoradoBeetle.UI.Controllers.HomeController.Index (ColoradoBeetle.UI)'
2023-06-15 17:37:48.7383 INFO Route matched with {action = "Index", controller = "Home"}. Executing controller action with signature System.Threading.Tasks.Task`1[Microsoft.AspNetCore.Mvc.IActionResult] Index() on controller ColoradoBeetle.UI.Controllers.HomeController (ColoradoBeetle.UI).
2023-06-15 17:37:48.7383 INFO Executing ViewResult, running view Index.
2023-06-15 17:37:48.7655 INFO Executed ViewResult - view Index executed in 20.9382ms.
2023-06-15 17:37:48.7655 INFO Executed action ColoradoBeetle.UI.Controllers.HomeController.Index (ColoradoBeetle.UI) in 22.5219ms
2023-06-15 17:37:48.7655 INFO Executed endpoint 'ColoradoBeetle.UI.Controllers.HomeController.Index (ColoradoBeetle.UI)'
2023-06-15 17:37:48.7655 INFO Request finished HTTP/2 GET https://localhost:7080/ - - - 200 - text/html;+charset=utf-8 37.7430ms
2023-06-15 17:37:48.8459 INFO Request starting HTTP/2 GET https://localhost:7080/_framework/aspnetcore-browser-refresh.js - -
2023-06-15 17:37:48.8459 INFO Request finished HTTP/2 GET https://localhost:7080/_framework/aspnetcore-browser-refresh.js - - - 200 12004 application/javascript;+charset=utf-8 2.8814ms
2023-06-15 17:37:48.8556 INFO Request starting HTTP/2 GET https://localhost:7080/lib/font-awesome/css/all.min.css - -
2023-06-15 17:37:48.8556 INFO The file /lib/font-awesome/css/all.min.css was not modified
2023-06-15 17:37:48.8556 INFO Request finished HTTP/2 GET https://localhost:7080/lib/font-awesome/css/all.min.css - - - 304 - text/css 0.7522ms
2023-06-15 17:37:48.8556 INFO Request starting HTTP/2 GET https://localhost:7080/css/site.css?v=blOKdw3vYMDZup5IaoMs3iRJ9xoSp8XFO294l1tBLCs - -
2023-06-15 17:37:48.8556 INFO The file /css/site.css was not modified
2023-06-15 17:37:48.8556 INFO Request finished HTTP/2 GET https://localhost:7080/css/site.css?v=blOKdw3vYMDZup5IaoMs3iRJ9xoSp8XFO294l1tBLCs - - - 304 - text/css 1.7069ms
2023-06-15 17:37:48.8556 INFO Request starting HTTP/2 GET https://localhost:7080/_vs/browserLink - -
2023-06-15 17:37:49.0236 INFO Request finished HTTP/2 GET https://localhost:7080/_vs/browserLink - - - 200 - text/javascript;+charset=UTF-8 155.7887ms
2023-06-15 17:37:49.1964 INFO Request starting HTTP/2 GET https://localhost:7080/sm/8434d5ae2512ebdb50c4db728c1a1108c0f1674da8ce02db6308c8b9aa4ed979.map - -
2023-06-15 17:37:49.2017 INFO Request finished HTTP/2 GET https://localhost:7080/sm/8434d5ae2512ebdb50c4db728c1a1108c0f1674da8ce02db6308c8b9aa4ed979.map - - - 404 0 - 5.3054ms
