2023-06-18 16:07:40.7486 WARN Sensitive data logging is enabled. Log entries and exception messages may include sensitive application data; this mode should only be enabled during development.
2023-06-18 16:07:41.2504 INFO Entity Framework Core 6.0.18 initialized 'ApplicationDbContext' using provider 'Microsoft.EntityFrameworkCore.SqlServer:6.0.18' with options: SensitiveDataLoggingEnabled 
2023-06-18 16:08:45.7387 WARN Sensitive data logging is enabled. Log entries and exception messages may include sensitive application data; this mode should only be enabled during development.
2023-06-18 16:08:46.1789 INFO Entity Framework Core 6.0.18 initialized 'ApplicationDbContext' using provider 'Microsoft.EntityFrameworkCore.SqlServer:6.0.18' with options: SensitiveDataLoggingEnabled 
2023-06-18 16:09:39.7215 WARN Sensitive data logging is enabled. Log entries and exception messages may include sensitive application data; this mode should only be enabled during development.
2023-06-18 16:09:40.1526 INFO Entity Framework Core 6.0.18 initialized 'ApplicationDbContext' using provider 'Microsoft.EntityFrameworkCore.SqlServer:6.0.18' with options: SensitiveDataLoggingEnabled 
2023-06-18 16:09:43.2246 INFO Executed DbCommand (52ms) [Parameters=[], CommandType='Text', CommandTimeout='30']
SELECT 1
2023-06-18 16:09:43.3286 INFO Executed DbCommand (52ms) [Parameters=[], CommandType='Text', CommandTimeout='30']
SELECT OBJECT_ID(N'[__EFMigrationsHistory]');
2023-06-18 16:09:43.3387 INFO Executed DbCommand (3ms) [Parameters=[], CommandType='Text', CommandTimeout='30']
SELECT 1
2023-06-18 16:09:43.3387 INFO Executed DbCommand (7ms) [Parameters=[], CommandType='Text', CommandTimeout='30']
SELECT OBJECT_ID(N'[__EFMigrationsHistory]');
2023-06-18 16:09:43.3912 INFO Executed DbCommand (12ms) [Parameters=[], CommandType='Text', CommandTimeout='30']
SELECT [MigrationId], [ProductVersion]
FROM [__EFMigrationsHistory]
ORDER BY [MigrationId];
2023-06-18 16:09:43.4334 INFO Applying migration '20230618140846_AddIdentity'.
2023-06-18 16:09:43.6747 INFO Executed DbCommand (8ms) [Parameters=[], CommandType='Text', CommandTimeout='30']
ALTER TABLE [Addresses] DROP CONSTRAINT [FK_Addresses_ApplicationUser_UserId];
2023-06-18 16:09:43.6747 INFO Executed DbCommand (2ms) [Parameters=[], CommandType='Text', CommandTimeout='30']
ALTER TABLE [Clients] DROP CONSTRAINT [FK_Clients_ApplicationUser_UserId];
2023-06-18 16:09:43.6747 INFO Executed DbCommand (2ms) [Parameters=[], CommandType='Text', CommandTimeout='30']
ALTER TABLE [Products] DROP CONSTRAINT [FK_Products_ApplicationUser_UserId];
2023-06-18 16:09:43.6845 INFO Executed DbCommand (4ms) [Parameters=[], CommandType='Text', CommandTimeout='30']
ALTER TABLE [ApplicationUser] DROP CONSTRAINT [PK_ApplicationUser];
2023-06-18 16:09:44.0613 INFO Executed DbCommand (376ms) [Parameters=[], CommandType='Text', CommandTimeout='30']
EXEC sp_rename N'[ApplicationUser]', N'AspNetUsers';
2023-06-18 16:09:44.0613 INFO Executed DbCommand (2ms) [Parameters=[], CommandType='Text', CommandTimeout='30']
ALTER TABLE [AspNetUsers] ADD [AccessFailedCount] int NOT NULL DEFAULT 0;
2023-06-18 16:09:44.0613 INFO Executed DbCommand (3ms) [Parameters=[], CommandType='Text', CommandTimeout='30']
ALTER TABLE [AspNetUsers] ADD [ConcurrencyStamp] nvarchar(max) NULL;
2023-06-18 16:09:44.0613 INFO Executed DbCommand (1ms) [Parameters=[], CommandType='Text', CommandTimeout='30']
ALTER TABLE [AspNetUsers] ADD [Email] nvarchar(256) NULL;
2023-06-18 16:09:44.0613 INFO Executed DbCommand (1ms) [Parameters=[], CommandType='Text', CommandTimeout='30']
ALTER TABLE [AspNetUsers] ADD [EmailConfirmed] bit NOT NULL DEFAULT CAST(0 AS bit);
2023-06-18 16:09:44.0718 INFO Executed DbCommand (1ms) [Parameters=[], CommandType='Text', CommandTimeout='30']
ALTER TABLE [AspNetUsers] ADD [LockoutEnabled] bit NOT NULL DEFAULT CAST(0 AS bit);
2023-06-18 16:09:44.0718 INFO Executed DbCommand (1ms) [Parameters=[], CommandType='Text', CommandTimeout='30']
ALTER TABLE [AspNetUsers] ADD [LockoutEnd] datetimeoffset NULL;
2023-06-18 16:09:44.0718 INFO Executed DbCommand (1ms) [Parameters=[], CommandType='Text', CommandTimeout='30']
ALTER TABLE [AspNetUsers] ADD [NormalizedEmail] nvarchar(256) NULL;
2023-06-18 16:09:44.0718 INFO Executed DbCommand (2ms) [Parameters=[], CommandType='Text', CommandTimeout='30']
ALTER TABLE [AspNetUsers] ADD [NormalizedUserName] nvarchar(256) NULL;
2023-06-18 16:09:44.0718 INFO Executed DbCommand (2ms) [Parameters=[], CommandType='Text', CommandTimeout='30']
ALTER TABLE [AspNetUsers] ADD [PasswordHash] nvarchar(max) NULL;
2023-06-18 16:09:44.0718 INFO Executed DbCommand (1ms) [Parameters=[], CommandType='Text', CommandTimeout='30']
ALTER TABLE [AspNetUsers] ADD [PhoneNumber] nvarchar(max) NULL;
2023-06-18 16:09:44.0718 INFO Executed DbCommand (3ms) [Parameters=[], CommandType='Text', CommandTimeout='30']
ALTER TABLE [AspNetUsers] ADD [PhoneNumberConfirmed] bit NOT NULL DEFAULT CAST(0 AS bit);
2023-06-18 16:09:44.0718 INFO Executed DbCommand (1ms) [Parameters=[], CommandType='Text', CommandTimeout='30']
ALTER TABLE [AspNetUsers] ADD [SecurityStamp] nvarchar(max) NULL;
2023-06-18 16:09:44.0718 INFO Executed DbCommand (1ms) [Parameters=[], CommandType='Text', CommandTimeout='30']
ALTER TABLE [AspNetUsers] ADD [TwoFactorEnabled] bit NOT NULL DEFAULT CAST(0 AS bit);
2023-06-18 16:09:44.0718 INFO Executed DbCommand (1ms) [Parameters=[], CommandType='Text', CommandTimeout='30']
ALTER TABLE [AspNetUsers] ADD [UserName] nvarchar(256) NULL;
2023-06-18 16:09:44.0902 INFO Executed DbCommand (3ms) [Parameters=[], CommandType='Text', CommandTimeout='30']
ALTER TABLE [AspNetUsers] ADD CONSTRAINT [PK_AspNetUsers] PRIMARY KEY ([Id]);
2023-06-18 16:09:44.0902 INFO Executed DbCommand (3ms) [Parameters=[], CommandType='Text', CommandTimeout='30']
CREATE TABLE [AspNetRoles] (
    [Id] nvarchar(450) NOT NULL,
    [Name] nvarchar(256) NULL,
    [NormalizedName] nvarchar(256) NULL,
    [ConcurrencyStamp] nvarchar(max) NULL,
    CONSTRAINT [PK_AspNetRoles] PRIMARY KEY ([Id])
);
2023-06-18 16:09:44.0902 INFO Executed DbCommand (5ms) [Parameters=[], CommandType='Text', CommandTimeout='30']
CREATE TABLE [AspNetUserClaims] (
    [Id] int NOT NULL IDENTITY,
    [UserId] nvarchar(450) NOT NULL,
    [ClaimType] nvarchar(max) NULL,
    [ClaimValue] nvarchar(max) NULL,
    CONSTRAINT [PK_AspNetUserClaims] PRIMARY KEY ([Id]),
    CONSTRAINT [FK_AspNetUserClaims_AspNetUsers_UserId] FOREIGN KEY ([UserId]) REFERENCES [AspNetUsers] ([Id]) ON DELETE CASCADE
);
2023-06-18 16:09:44.0902 INFO Executed DbCommand (3ms) [Parameters=[], CommandType='Text', CommandTimeout='30']
CREATE TABLE [AspNetUserLogins] (
    [LoginProvider] nvarchar(450) NOT NULL,
    [ProviderKey] nvarchar(450) NOT NULL,
    [ProviderDisplayName] nvarchar(max) NULL,
    [UserId] nvarchar(450) NOT NULL,
    CONSTRAINT [PK_AspNetUserLogins] PRIMARY KEY ([LoginProvider], [ProviderKey]),
    CONSTRAINT [FK_AspNetUserLogins_AspNetUsers_UserId] FOREIGN KEY ([UserId]) REFERENCES [AspNetUsers] ([Id]) ON DELETE CASCADE
);
2023-06-18 16:09:44.1035 INFO Executed DbCommand (2ms) [Parameters=[], CommandType='Text', CommandTimeout='30']
CREATE TABLE [AspNetUserTokens] (
    [UserId] nvarchar(450) NOT NULL,
    [LoginProvider] nvarchar(450) NOT NULL,
    [Name] nvarchar(450) NOT NULL,
    [Value] nvarchar(max) NULL,
    CONSTRAINT [PK_AspNetUserTokens] PRIMARY KEY ([UserId], [LoginProvider], [Name]),
    CONSTRAINT [FK_AspNetUserTokens_AspNetUsers_UserId] FOREIGN KEY ([UserId]) REFERENCES [AspNetUsers] ([Id]) ON DELETE CASCADE
);
2023-06-18 16:09:44.1035 INFO Executed DbCommand (2ms) [Parameters=[], CommandType='Text', CommandTimeout='30']
CREATE TABLE [AspNetRoleClaims] (
    [Id] int NOT NULL IDENTITY,
    [RoleId] nvarchar(450) NOT NULL,
    [ClaimType] nvarchar(max) NULL,
    [ClaimValue] nvarchar(max) NULL,
    CONSTRAINT [PK_AspNetRoleClaims] PRIMARY KEY ([Id]),
    CONSTRAINT [FK_AspNetRoleClaims_AspNetRoles_RoleId] FOREIGN KEY ([RoleId]) REFERENCES [AspNetRoles] ([Id]) ON DELETE CASCADE
);
2023-06-18 16:09:44.1035 INFO Executed DbCommand (2ms) [Parameters=[], CommandType='Text', CommandTimeout='30']
CREATE TABLE [AspNetUserRoles] (
    [UserId] nvarchar(450) NOT NULL,
    [RoleId] nvarchar(450) NOT NULL,
    CONSTRAINT [PK_AspNetUserRoles] PRIMARY KEY ([UserId], [RoleId]),
    CONSTRAINT [FK_AspNetUserRoles_AspNetRoles_RoleId] FOREIGN KEY ([RoleId]) REFERENCES [AspNetRoles] ([Id]) ON DELETE CASCADE,
    CONSTRAINT [FK_AspNetUserRoles_AspNetUsers_UserId] FOREIGN KEY ([UserId]) REFERENCES [AspNetUsers] ([Id]) ON DELETE CASCADE
);
2023-06-18 16:09:44.1035 INFO Executed DbCommand (3ms) [Parameters=[], CommandType='Text', CommandTimeout='30']
CREATE INDEX [EmailIndex] ON [AspNetUsers] ([NormalizedEmail]);
2023-06-18 16:09:44.1035 INFO Executed DbCommand (2ms) [Parameters=[], CommandType='Text', CommandTimeout='30']
CREATE UNIQUE INDEX [UserNameIndex] ON [AspNetUsers] ([NormalizedUserName]) WHERE [NormalizedUserName] IS NOT NULL;
2023-06-18 16:09:44.1035 INFO Executed DbCommand (1ms) [Parameters=[], CommandType='Text', CommandTimeout='30']
CREATE INDEX [IX_AspNetRoleClaims_RoleId] ON [AspNetRoleClaims] ([RoleId]);
2023-06-18 16:09:44.1035 INFO Executed DbCommand (1ms) [Parameters=[], CommandType='Text', CommandTimeout='30']
CREATE UNIQUE INDEX [RoleNameIndex] ON [AspNetRoles] ([NormalizedName]) WHERE [NormalizedName] IS NOT NULL;
2023-06-18 16:09:44.1035 INFO Executed DbCommand (1ms) [Parameters=[], CommandType='Text', CommandTimeout='30']
CREATE INDEX [IX_AspNetUserClaims_UserId] ON [AspNetUserClaims] ([UserId]);
2023-06-18 16:09:44.1193 INFO Executed DbCommand (1ms) [Parameters=[], CommandType='Text', CommandTimeout='30']
CREATE INDEX [IX_AspNetUserLogins_UserId] ON [AspNetUserLogins] ([UserId]);
2023-06-18 16:09:44.1193 INFO Executed DbCommand (1ms) [Parameters=[], CommandType='Text', CommandTimeout='30']
CREATE INDEX [IX_AspNetUserRoles_RoleId] ON [AspNetUserRoles] ([RoleId]);
2023-06-18 16:09:44.1193 INFO Executed DbCommand (1ms) [Parameters=[], CommandType='Text', CommandTimeout='30']
ALTER TABLE [Addresses] ADD CONSTRAINT [FK_Addresses_AspNetUsers_UserId] FOREIGN KEY ([UserId]) REFERENCES [AspNetUsers] ([Id]) ON DELETE NO ACTION;
2023-06-18 16:09:44.1193 INFO Executed DbCommand (1ms) [Parameters=[], CommandType='Text', CommandTimeout='30']
ALTER TABLE [Clients] ADD CONSTRAINT [FK_Clients_AspNetUsers_UserId] FOREIGN KEY ([UserId]) REFERENCES [AspNetUsers] ([Id]) ON DELETE NO ACTION;
2023-06-18 16:09:44.1193 INFO Executed DbCommand (1ms) [Parameters=[], CommandType='Text', CommandTimeout='30']
ALTER TABLE [Products] ADD CONSTRAINT [FK_Products_AspNetUsers_UserId] FOREIGN KEY ([UserId]) REFERENCES [AspNetUsers] ([Id]) ON DELETE NO ACTION;
2023-06-18 16:09:44.1193 INFO Executed DbCommand (2ms) [Parameters=[], CommandType='Text', CommandTimeout='30']
INSERT INTO [__EFMigrationsHistory] ([MigrationId], [ProductVersion])
VALUES (N'20230618140846_AddIdentity', N'6.0.18');
2023-06-18 16:40:00.5608 WARN Sensitive data logging is enabled. Log entries and exception messages may include sensitive application data; this mode should only be enabled during development.
2023-06-18 16:40:01.1315 INFO Entity Framework Core 6.0.18 initialized 'ApplicationDbContext' using provider 'Microsoft.EntityFrameworkCore.SqlServer:6.0.18' with options: SensitiveDataLoggingEnabled 
2023-06-18 16:40:47.3858 WARN Sensitive data logging is enabled. Log entries and exception messages may include sensitive application data; this mode should only be enabled during development.
2023-06-18 16:40:47.8840 INFO Entity Framework Core 6.0.18 initialized 'ApplicationDbContext' using provider 'Microsoft.EntityFrameworkCore.SqlServer:6.0.18' with options: SensitiveDataLoggingEnabled 
2023-06-18 16:40:49.0572 INFO Executed DbCommand (30ms) [Parameters=[], CommandType='Text', CommandTimeout='30']
SELECT 1
2023-06-18 16:40:49.1046 INFO Executed DbCommand (23ms) [Parameters=[], CommandType='Text', CommandTimeout='30']
SELECT OBJECT_ID(N'[__EFMigrationsHistory]');
2023-06-18 16:40:49.1198 INFO Executed DbCommand (6ms) [Parameters=[], CommandType='Text', CommandTimeout='30']
SELECT [MigrationId], [ProductVersion]
FROM [__EFMigrationsHistory]
ORDER BY [MigrationId];
2023-06-18 16:41:58.1446 WARN Sensitive data logging is enabled. Log entries and exception messages may include sensitive application data; this mode should only be enabled during development.
2023-06-18 16:41:58.5801 INFO Entity Framework Core 6.0.18 initialized 'ApplicationDbContext' using provider 'Microsoft.EntityFrameworkCore.SqlServer:6.0.18' with options: SensitiveDataLoggingEnabled 
2023-06-18 16:42:37.4631 WARN Sensitive data logging is enabled. Log entries and exception messages may include sensitive application data; this mode should only be enabled during development.
2023-06-18 16:42:38.0052 INFO Entity Framework Core 6.0.18 initialized 'ApplicationDbContext' using provider 'Microsoft.EntityFrameworkCore.SqlServer:6.0.18' with options: SensitiveDataLoggingEnabled 
2023-06-18 16:42:38.6145 INFO Executed DbCommand (36ms) [Parameters=[], CommandType='Text', CommandTimeout='30']
SELECT 1
2023-06-18 16:42:38.6831 INFO Executed DbCommand (38ms) [Parameters=[], CommandType='Text', CommandTimeout='30']
SELECT OBJECT_ID(N'[__EFMigrationsHistory]');
2023-06-18 16:42:38.6831 INFO Executed DbCommand (3ms) [Parameters=[], CommandType='Text', CommandTimeout='30']
SELECT 1
2023-06-18 16:42:38.6831 INFO Executed DbCommand (1ms) [Parameters=[], CommandType='Text', CommandTimeout='30']
SELECT OBJECT_ID(N'[__EFMigrationsHistory]');
2023-06-18 16:42:38.7248 INFO Executed DbCommand (4ms) [Parameters=[], CommandType='Text', CommandTimeout='30']
SELECT [MigrationId], [ProductVersion]
FROM [__EFMigrationsHistory]
ORDER BY [MigrationId];
2023-06-18 16:42:38.7547 INFO Applying migration '20230618144159_AddRoles'.
2023-06-18 16:42:38.9619 INFO Executed DbCommand (30ms) [Parameters=[], CommandType='Text', CommandTimeout='30']
IF EXISTS (SELECT * FROM [sys].[identity_columns] WHERE [name] IN (N'Id', N'ConcurrencyStamp', N'Name', N'NormalizedName') AND [object_id] = OBJECT_ID(N'[AspNetRoles]'))
    SET IDENTITY_INSERT [AspNetRoles] ON;
INSERT INTO [AspNetRoles] ([Id], [ConcurrencyStamp], [Name], [NormalizedName])
VALUES (N'DA0D03EA-3DB5-48E1-A88F-7ED520A9289A', N'D7D71FD0-C6D1-455C-86E8-ED861B169F46', N'Administrator', N'ADMINISTRATOR');
IF EXISTS (SELECT * FROM [sys].[identity_columns] WHERE [name] IN (N'Id', N'ConcurrencyStamp', N'Name', N'NormalizedName') AND [object_id] = OBJECT_ID(N'[AspNetRoles]'))
    SET IDENTITY_INSERT [AspNetRoles] OFF;
2023-06-18 16:42:38.9760 INFO Executed DbCommand (13ms) [Parameters=[], CommandType='Text', CommandTimeout='30']
IF EXISTS (SELECT * FROM [sys].[identity_columns] WHERE [name] IN (N'Id', N'ConcurrencyStamp', N'Name', N'NormalizedName') AND [object_id] = OBJECT_ID(N'[AspNetRoles]'))
    SET IDENTITY_INSERT [AspNetRoles] ON;
INSERT INTO [AspNetRoles] ([Id], [ConcurrencyStamp], [Name], [NormalizedName])
VALUES (N'F5502C99-1E28-4025-AB7B-6D99CE8EE4A3', N'85AA5510-5124-4B37-B63A-382656367B02', N'Klient', N'KLIENT');
IF EXISTS (SELECT * FROM [sys].[identity_columns] WHERE [name] IN (N'Id', N'ConcurrencyStamp', N'Name', N'NormalizedName') AND [object_id] = OBJECT_ID(N'[AspNetRoles]'))
    SET IDENTITY_INSERT [AspNetRoles] OFF;
2023-06-18 16:42:38.9785 INFO Executed DbCommand (2ms) [Parameters=[], CommandType='Text', CommandTimeout='30']
INSERT INTO [__EFMigrationsHistory] ([MigrationId], [ProductVersion])
VALUES (N'20230618144159_AddRoles', N'6.0.18');
