2023-05-30 16:47:46.9014 INFO DEVELOPMENT MODE!!!
2023-05-30 16:47:47.8561 INFO User profile is available. Using 'C:\Users\User\AppData\Local\ASP.NET\DataProtection-Keys' as key repository and Windows DPAPI to encrypt keys at rest.
2023-05-30 16:47:50.1828 INFO Now listening on: https://localhost:7080
2023-05-30 16:47:50.1828 INFO Now listening on: http://localhost:5116
2023-05-30 16:47:50.1828 INFO Application started. Press Ctrl+C to shut down.
2023-05-30 16:47:50.1828 INFO Hosting environment: Development
2023-05-30 16:47:50.1828 INFO Content root path: C:\Users\User\source\repos\ColoradoBeetle\ColoradoBeetle.UI\
2023-05-30 16:47:54.7292 INFO Request starting HTTP/2 GET https://localhost:7080/ - -
2023-05-30 16:47:54.8846 INFO Executing endpoint 'ColoradoBeetle.UI.Controllers.HomeController.Index (ColoradoBeetle.UI)'
2023-05-30 16:47:54.9957 INFO Route matched with {action = "Index", controller = "Home"}. Executing controller action with signature System.Threading.Tasks.Task`1[Microsoft.AspNetCore.Mvc.IActionResult] Index() on controller ColoradoBeetle.UI.Controllers.HomeController (ColoradoBeetle.UI).
2023-05-30 16:47:55.0251 INFO Executing ViewResult, running view Index.
2023-05-30 16:47:55.6377 INFO Executed ViewResult - view Index executed in 617.5726ms.
2023-05-30 16:47:55.6489 INFO Executed action ColoradoBeetle.UI.Controllers.HomeController.Index (ColoradoBeetle.UI) in 652.6697ms
2023-05-30 16:47:55.6489 INFO Executed endpoint 'ColoradoBeetle.UI.Controllers.HomeController.Index (ColoradoBeetle.UI)'
2023-05-30 16:47:55.7891 INFO Request finished HTTP/2 GET https://localhost:7080/ - - - 200 - text/html;+charset=utf-8 1066.5097ms
2023-05-30 16:47:55.8663 INFO Request starting HTTP/2 GET https://localhost:7080/ColoradoBeetle.UI.styles.css?v=S2mmYHR23Y_xziC5xU2sPPGSE_TQ0QimX-PIvU4rTqE - -
2023-05-30 16:47:55.8663 INFO Request starting HTTP/2 GET https://localhost:7080/css/site.css?v=ZmBcJqu-Atma9E_vXMyKkomC_eoPOL8cxImYChMICP8 - -
2023-05-30 16:47:55.8663 INFO Request starting HTTP/2 GET https://localhost:7080/lib/jquery/dist/jquery.min.js - -
2023-05-30 16:47:55.8663 INFO Request starting HTTP/2 GET https://localhost:7080/lib/bootstrap/dist/css/bootstrap.min.css - -
2023-05-30 16:47:55.8663 INFO Request starting HTTP/2 GET https://localhost:7080/lib/jquery.cookie/jquery.cookie.min.js - -
2023-05-30 16:47:55.9251 INFO Sending file. Request path: '/ColoradoBeetle.UI.styles.css'. Physical path: 'C:\Users\User\source\repos\ColoradoBeetle\ColoradoBeetle.UI\obj\Debug\net6.0\scopedcss\bundle\ColoradoBeetle.UI.styles.css'
2023-05-30 16:47:55.9251 INFO Request finished HTTP/2 GET https://localhost:7080/ColoradoBeetle.UI.styles.css?v=S2mmYHR23Y_xziC5xU2sPPGSE_TQ0QimX-PIvU4rTqE - - - 200 1107 text/css 60.1584ms
2023-05-30 16:47:55.9251 INFO Request starting HTTP/2 GET https://localhost:7080/js/site.js?v=4q1jwFhaPaZgr8WAUSrux6hAuh0XDg9kPS3xIVq36I0 - -
2023-05-30 16:47:55.9319 INFO Request starting HTTP/2 GET https://localhost:7080/images/Colorado_Beetle_Logo.png - -
2023-05-30 16:47:55.9319 INFO Request starting HTTP/2 GET https://localhost:7080/Images/carousel-ladybird-3.jpg - -
2023-05-30 16:47:55.9319 INFO Request starting HTTP/2 GET https://localhost:7080/lib/bootstrap/dist/js/bootstrap.bundle.min.js - -
2023-05-30 16:47:55.9319 INFO Request starting HTTP/2 GET https://localhost:7080/Images/carousel-ladybird-1.jpg - -
2023-05-30 16:47:55.9503 INFO Request starting HTTP/2 GET https://localhost:7080/_framework/aspnetcore-browser-refresh.js - -
2023-05-30 16:47:55.9503 INFO Request starting HTTP/2 GET https://localhost:7080/Images/carousel-ladybird-2.jpg - -
2023-05-30 16:47:55.9503 INFO Request starting HTTP/2 GET https://localhost:7080/_vs/browserLink - -
2023-05-30 16:47:55.9503 INFO Sending file. Request path: '/js/site.js'. Physical path: 'C:\Users\User\source\repos\ColoradoBeetle\ColoradoBeetle.UI\wwwroot\js\site.js'
2023-05-30 16:47:55.9503 INFO Request finished HTTP/2 GET https://localhost:7080/js/site.js?v=4q1jwFhaPaZgr8WAUSrux6hAuh0XDg9kPS3xIVq36I0 - - - 200 230 application/javascript 31.1416ms
2023-05-30 16:47:55.9597 INFO Sending file. Request path: '/css/site.css'. Physical path: 'C:\Users\User\source\repos\ColoradoBeetle\ColoradoBeetle.UI\wwwroot\css\site.css'
2023-05-30 16:47:55.9597 INFO Request finished HTTP/2 GET https://localhost:7080/css/site.css?v=ZmBcJqu-Atma9E_vXMyKkomC_eoPOL8cxImYChMICP8 - - - 200 687 text/css 93.0523ms
2023-05-30 16:47:55.9597 INFO Request finished HTTP/2 GET https://localhost:7080/_framework/aspnetcore-browser-refresh.js - - - 200 12004 application/javascript;+charset=utf-8 10.3135ms
2023-05-30 16:47:55.9597 INFO Sending file. Request path: '/lib/jquery.cookie/jquery.cookie.min.js'. Physical path: 'C:\Users\User\source\repos\ColoradoBeetle\ColoradoBeetle.UI\wwwroot\lib\jquery.cookie\jquery.cookie.min.js'
2023-05-30 16:47:55.9597 INFO Request finished HTTP/2 GET https://localhost:7080/lib/jquery.cookie/jquery.cookie.min.js - - - 200 1565 application/javascript 88.0771ms
2023-05-30 16:47:56.0620 INFO Sending file. Request path: '/images/Colorado_Beetle_Logo.png'. Physical path: 'C:\Users\User\source\repos\ColoradoBeetle\ColoradoBeetle.UI\wwwroot\Images\Colorado_Beetle_Logo.png'
2023-05-30 16:47:56.0620 INFO Request finished HTTP/2 GET https://localhost:7080/images/Colorado_Beetle_Logo.png - - - 200 29710 image/png 130.4214ms
2023-05-30 16:47:56.0697 INFO Sending file. Request path: '/Images/carousel-ladybird-1.jpg'. Physical path: 'C:\Users\User\source\repos\ColoradoBeetle\ColoradoBeetle.UI\wwwroot\Images\carousel-ladybird-1.jpg'
2023-05-30 16:47:56.0697 INFO Request finished HTTP/2 GET https://localhost:7080/Images/carousel-ladybird-1.jpg - - - 200 48921 image/jpeg 130.7471ms
2023-05-30 16:47:56.0697 INFO Sending file. Request path: '/lib/jquery/dist/jquery.min.js'. Physical path: 'C:\Users\User\source\repos\ColoradoBeetle\ColoradoBeetle.UI\wwwroot\lib\jquery\dist\jquery.min.js'
2023-05-30 16:47:56.0697 INFO Request finished HTTP/2 GET https://localhost:7080/lib/jquery/dist/jquery.min.js - - - 200 89476 application/javascript 202.8960ms
2023-05-30 16:47:56.0697 INFO Sending file. Request path: '/lib/bootstrap/dist/js/bootstrap.bundle.min.js'. Physical path: 'C:\Users\User\source\repos\ColoradoBeetle\ColoradoBeetle.UI\wwwroot\lib\bootstrap\dist\js\bootstrap.bundle.min.js'
2023-05-30 16:47:56.0697 INFO Request finished HTTP/2 GET https://localhost:7080/lib/bootstrap/dist/js/bootstrap.bundle.min.js - - - 200 78468 application/javascript 133.2073ms
2023-05-30 16:47:56.0953 INFO Sending file. Request path: '/lib/bootstrap/dist/css/bootstrap.min.css'. Physical path: 'C:\Users\User\source\repos\ColoradoBeetle\ColoradoBeetle.UI\wwwroot\lib\bootstrap\dist\css\bootstrap.min.css'
2023-05-30 16:47:56.0953 INFO Sending file. Request path: '/Images/carousel-ladybird-3.jpg'. Physical path: 'C:\Users\User\source\repos\ColoradoBeetle\ColoradoBeetle.UI\wwwroot\Images\carousel-ladybird-3.jpg'
2023-05-30 16:47:56.0953 INFO Request finished HTTP/2 GET https://localhost:7080/lib/bootstrap/dist/css/bootstrap.min.css - - - 200 162720 text/css 223.5038ms
2023-05-30 16:47:56.0953 INFO Request finished HTTP/2 GET https://localhost:7080/Images/carousel-ladybird-3.jpg - - - 200 64366 image/jpeg 163.7601ms
2023-05-30 16:47:56.1277 INFO Sending file. Request path: '/Images/carousel-ladybird-2.jpg'. Physical path: 'C:\Users\User\source\repos\ColoradoBeetle\ColoradoBeetle.UI\wwwroot\Images\carousel-ladybird-2.jpg'
2023-05-30 16:47:56.1277 INFO Request finished HTTP/2 GET https://localhost:7080/Images/carousel-ladybird-2.jpg - - - 200 55458 image/jpeg 177.4614ms
2023-05-30 16:47:56.2926 INFO Request finished HTTP/2 GET https://localhost:7080/_vs/browserLink - - - 200 - text/javascript;+charset=UTF-8 341.9122ms
2023-05-30 16:48:08.3554 INFO Request starting HTTP/2 GET https://localhost:7080/Home/Contact - -
2023-05-30 16:48:08.3554 INFO Executing endpoint 'ColoradoBeetle.UI.Controllers.HomeController.Contact (ColoradoBeetle.UI)'
2023-05-30 16:48:08.3554 INFO Route matched with {action = "Contact", controller = "Home"}. Executing controller action with signature Microsoft.AspNetCore.Mvc.IActionResult Contact() on controller ColoradoBeetle.UI.Controllers.HomeController (ColoradoBeetle.UI).
2023-05-30 16:48:08.3666 INFO Executing ViewResult, running view Contact.
2023-05-30 16:48:08.4435 INFO Executed ViewResult - view Contact executed in 77.9231ms.
2023-05-30 16:48:08.4439 INFO Executed action ColoradoBeetle.UI.Controllers.HomeController.Contact (ColoradoBeetle.UI) in 78.7827ms
2023-05-30 16:48:08.4439 INFO Executed endpoint 'ColoradoBeetle.UI.Controllers.HomeController.Contact (ColoradoBeetle.UI)'
2023-05-30 16:48:08.4439 INFO Request finished HTTP/2 GET https://localhost:7080/Home/Contact - - - 200 - text/html;+charset=utf-8 95.5717ms
2023-05-30 16:48:08.4954 INFO Request starting HTTP/2 GET https://localhost:7080/_framework/aspnetcore-browser-refresh.js - -
2023-05-30 16:48:08.4954 INFO Request starting HTTP/2 GET https://localhost:7080/_vs/browserLink - -
2023-05-30 16:48:08.4954 INFO Request finished HTTP/2 GET https://localhost:7080/_framework/aspnetcore-browser-refresh.js - - - 200 12004 application/javascript;+charset=utf-8 0.6769ms
2023-05-30 16:48:08.6477 INFO Request finished HTTP/2 GET https://localhost:7080/_vs/browserLink - - - 200 - text/javascript;+charset=UTF-8 151.6268ms
2023-05-30 18:27:57.4379 INFO DEVELOPMENT MODE!!!
2023-05-30 18:27:57.9250 INFO User profile is available. Using 'C:\Users\User\AppData\Local\ASP.NET\DataProtection-Keys' as key repository and Windows DPAPI to encrypt keys at rest.
2023-05-30 18:27:58.4411 INFO Now listening on: https://localhost:7080
2023-05-30 18:27:58.4411 INFO Now listening on: http://localhost:5116
2023-05-30 18:27:58.4411 INFO Application started. Press Ctrl+C to shut down.
2023-05-30 18:27:58.4411 INFO Hosting environment: Development
2023-05-30 18:27:58.4411 INFO Content root path: C:\Users\User\source\repos\ColoradoBeetle\ColoradoBeetle.UI\
2023-05-30 18:28:00.7359 INFO Request starting HTTP/2 GET https://localhost:7080/ - -
2023-05-30 18:28:00.9656 INFO Executing endpoint 'ColoradoBeetle.UI.Controllers.HomeController.Index (ColoradoBeetle.UI)'
2023-05-30 18:28:01.2251 INFO Route matched with {action = "Index", controller = "Home"}. Executing controller action with signature System.Threading.Tasks.Task`1[Microsoft.AspNetCore.Mvc.IActionResult] Index() on controller ColoradoBeetle.UI.Controllers.HomeController (ColoradoBeetle.UI).
2023-05-30 18:28:01.2618 INFO Executing ViewResult, running view Index.
2023-05-30 18:28:01.7845 INFO Executed ViewResult - view Index executed in 526.0201ms.
2023-05-30 18:28:01.8041 INFO Executed action ColoradoBeetle.UI.Controllers.HomeController.Index (ColoradoBeetle.UI) in 578.1523ms
2023-05-30 18:28:01.8041 INFO Executed endpoint 'ColoradoBeetle.UI.Controllers.HomeController.Index (ColoradoBeetle.UI)'
2023-05-30 18:28:02.0752 INFO Request finished HTTP/2 GET https://localhost:7080/ - - - 200 - text/html;+charset=utf-8 1347.3813ms
2023-05-30 18:28:02.0752 INFO Request starting HTTP/2 GET https://localhost:7080/lib/bootstrap/dist/css/bootstrap.min.css - -
2023-05-30 18:28:02.0921 INFO Request starting HTTP/2 GET https://localhost:7080/css/site.css?v=ZmBcJqu-Atma9E_vXMyKkomC_eoPOL8cxImYChMICP8 - -
2023-05-30 18:28:02.1259 INFO Request starting HTTP/2 GET https://localhost:7080/ColoradoBeetle.UI.styles.css?v=S2mmYHR23Y_xziC5xU2sPPGSE_TQ0QimX-PIvU4rTqE - -
2023-05-30 18:28:02.1371 INFO Request starting HTTP/2 GET https://localhost:7080/lib/jquery/dist/jquery.min.js - -
2023-05-30 18:28:02.1371 INFO Request starting HTTP/2 GET https://localhost:7080/lib/bootstrap/dist/js/bootstrap.bundle.min.js - -
2023-05-30 18:28:02.1694 INFO Sending file. Request path: '/css/site.css'. Physical path: 'C:\Users\User\source\repos\ColoradoBeetle\ColoradoBeetle.UI\wwwroot\css\site.css'
2023-05-30 18:28:02.1694 INFO Request finished HTTP/2 GET https://localhost:7080/css/site.css?v=ZmBcJqu-Atma9E_vXMyKkomC_eoPOL8cxImYChMICP8 - - - 200 687 text/css 77.6753ms
2023-05-30 18:28:02.1694 INFO Request starting HTTP/2 GET https://localhost:7080/lib/jquery.cookie/jquery.cookie.min.js - -
2023-05-30 18:28:02.1694 INFO Sending file. Request path: '/ColoradoBeetle.UI.styles.css'. Physical path: 'C:\Users\User\source\repos\ColoradoBeetle\ColoradoBeetle.UI\obj\Debug\net6.0\scopedcss\bundle\ColoradoBeetle.UI.styles.css'
2023-05-30 18:28:02.1694 INFO Request finished HTTP/2 GET https://localhost:7080/ColoradoBeetle.UI.styles.css?v=S2mmYHR23Y_xziC5xU2sPPGSE_TQ0QimX-PIvU4rTqE - - - 200 1107 text/css 50.3487ms
2023-05-30 18:28:02.1694 INFO Request starting HTTP/2 GET https://localhost:7080/js/site.js?v=4q1jwFhaPaZgr8WAUSrux6hAuh0XDg9kPS3xIVq36I0 - -
2023-05-30 18:28:02.1937 INFO Request starting HTTP/2 GET https://localhost:7080/images/Colorado_Beetle_Logo.png - -
2023-05-30 18:28:02.1973 INFO Request starting HTTP/2 GET https://localhost:7080/_framework/aspnetcore-browser-refresh.js - -
2023-05-30 18:28:02.1973 INFO Request starting HTTP/2 GET https://localhost:7080/Images/carousel-ladybird-1.jpg - -
2023-05-30 18:28:02.2091 INFO Sending file. Request path: '/js/site.js'. Physical path: 'C:\Users\User\source\repos\ColoradoBeetle\ColoradoBeetle.UI\wwwroot\js\site.js'
2023-05-30 18:28:02.2091 INFO Sending file. Request path: '/lib/jquery.cookie/jquery.cookie.min.js'. Physical path: 'C:\Users\User\source\repos\ColoradoBeetle\ColoradoBeetle.UI\wwwroot\lib\jquery.cookie\jquery.cookie.min.js'
2023-05-30 18:28:02.2091 INFO Request finished HTTP/2 GET https://localhost:7080/js/site.js?v=4q1jwFhaPaZgr8WAUSrux6hAuh0XDg9kPS3xIVq36I0 - - - 200 230 application/javascript 32.6396ms
2023-05-30 18:28:02.2091 INFO Request starting HTTP/2 GET https://localhost:7080/Images/carousel-ladybird-2.jpg - -
2023-05-30 18:28:02.2091 INFO Request finished HTTP/2 GET https://localhost:7080/lib/jquery.cookie/jquery.cookie.min.js - - - 200 1565 application/javascript 39.4917ms
2023-05-30 18:28:02.2091 INFO Request starting HTTP/2 GET https://localhost:7080/Images/carousel-ladybird-3.jpg - -
2023-05-30 18:28:02.2091 INFO Request starting HTTP/2 GET https://localhost:7080/_vs/browserLink - -
2023-05-30 18:28:02.3449 INFO Request finished HTTP/2 GET https://localhost:7080/_framework/aspnetcore-browser-refresh.js - - - 200 12004 application/javascript;+charset=utf-8 147.5733ms
2023-05-30 18:28:02.3449 INFO Sending file. Request path: '/images/Colorado_Beetle_Logo.png'. Physical path: 'C:\Users\User\source\repos\ColoradoBeetle\ColoradoBeetle.UI\wwwroot\Images\Colorado_Beetle_Logo.png'
2023-05-30 18:28:02.3449 INFO Request finished HTTP/2 GET https://localhost:7080/images/Colorado_Beetle_Logo.png - - - 200 29710 image/png 152.4821ms
2023-05-30 18:28:02.3757 INFO Sending file. Request path: '/lib/bootstrap/dist/js/bootstrap.bundle.min.js'. Physical path: 'C:\Users\User\source\repos\ColoradoBeetle\ColoradoBeetle.UI\wwwroot\lib\bootstrap\dist\js\bootstrap.bundle.min.js'
2023-05-30 18:28:02.3881 INFO Request finished HTTP/2 GET https://localhost:7080/lib/bootstrap/dist/js/bootstrap.bundle.min.js - - - 200 78468 application/javascript 237.8974ms
2023-05-30 18:28:02.4229 INFO Sending file. Request path: '/Images/carousel-ladybird-3.jpg'. Physical path: 'C:\Users\User\source\repos\ColoradoBeetle\ColoradoBeetle.UI\wwwroot\Images\carousel-ladybird-3.jpg'
2023-05-30 18:28:02.4229 INFO Request finished HTTP/2 GET https://localhost:7080/Images/carousel-ladybird-3.jpg - - - 200 64366 image/jpeg 212.2207ms
2023-05-30 18:28:02.4333 INFO Sending file. Request path: '/Images/carousel-ladybird-2.jpg'. Physical path: 'C:\Users\User\source\repos\ColoradoBeetle\ColoradoBeetle.UI\wwwroot\Images\carousel-ladybird-2.jpg'
2023-05-30 18:28:02.4333 INFO Request finished HTTP/2 GET https://localhost:7080/Images/carousel-ladybird-2.jpg - - - 200 55458 image/jpeg 224.0265ms
2023-05-30 18:28:02.4333 INFO Sending file. Request path: '/lib/jquery/dist/jquery.min.js'. Physical path: 'C:\Users\User\source\repos\ColoradoBeetle\ColoradoBeetle.UI\wwwroot\lib\jquery\dist\jquery.min.js'
2023-05-30 18:28:02.4333 INFO Request finished HTTP/2 GET https://localhost:7080/lib/jquery/dist/jquery.min.js - - - 200 89476 application/javascript 300.3951ms
2023-05-30 18:28:02.4671 INFO Sending file. Request path: '/lib/bootstrap/dist/css/bootstrap.min.css'. Physical path: 'C:\Users\User\source\repos\ColoradoBeetle\ColoradoBeetle.UI\wwwroot\lib\bootstrap\dist\css\bootstrap.min.css'
2023-05-30 18:28:02.4671 INFO Request finished HTTP/2 GET https://localhost:7080/lib/bootstrap/dist/css/bootstrap.min.css - - - 200 162720 text/css 386.6799ms
2023-05-30 18:28:02.4671 INFO Sending file. Request path: '/Images/carousel-ladybird-1.jpg'. Physical path: 'C:\Users\User\source\repos\ColoradoBeetle\ColoradoBeetle.UI\wwwroot\Images\carousel-ladybird-1.jpg'
2023-05-30 18:28:02.4671 INFO Request finished HTTP/2 GET https://localhost:7080/Images/carousel-ladybird-1.jpg - - - 200 48921 image/jpeg 267.2052ms
2023-05-30 18:28:02.5322 INFO Request finished HTTP/2 GET https://localhost:7080/_vs/browserLink - - - 200 - text/javascript;+charset=UTF-8 314.1728ms
2023-05-30 18:28:07.7480 INFO Request starting HTTP/2 GET https://localhost:7080/Home/Contact - -
2023-05-30 18:28:07.7480 INFO Executing endpoint 'ColoradoBeetle.UI.Controllers.HomeController.Contact (ColoradoBeetle.UI)'
2023-05-30 18:28:07.7570 INFO Route matched with {action = "Contact", controller = "Home"}. Executing controller action with signature Microsoft.AspNetCore.Mvc.IActionResult Contact() on controller ColoradoBeetle.UI.Controllers.HomeController (ColoradoBeetle.UI).
2023-05-30 18:28:07.7570 INFO Executing ViewResult, running view Contact.
2023-05-30 18:28:07.9697 INFO Executed ViewResult - view Contact executed in 212.0842ms.
2023-05-30 18:28:07.9697 INFO Executed action ColoradoBeetle.UI.Controllers.HomeController.Contact (ColoradoBeetle.UI) in 212.8458ms
2023-05-30 18:28:07.9697 INFO Executed endpoint 'ColoradoBeetle.UI.Controllers.HomeController.Contact (ColoradoBeetle.UI)'
2023-05-30 18:28:07.9769 INFO Request finished HTTP/2 GET https://localhost:7080/Home/Contact - - - 200 - text/html;+charset=utf-8 228.8635ms
2023-05-30 18:28:08.0246 INFO Request starting HTTP/2 GET https://localhost:7080/_framework/aspnetcore-browser-refresh.js - -
2023-05-30 18:28:08.0246 INFO Request starting HTTP/2 GET https://localhost:7080/_vs/browserLink - -
2023-05-30 18:28:08.0246 INFO Request finished HTTP/2 GET https://localhost:7080/_framework/aspnetcore-browser-refresh.js - - - 200 12004 application/javascript;+charset=utf-8 1.4468ms
2023-05-30 18:28:08.1365 INFO Request finished HTTP/2 GET https://localhost:7080/_vs/browserLink - - - 200 - text/javascript;+charset=UTF-8 111.7458ms
2023-05-30 18:28:13.1066 INFO Request starting HTTP/2 GET https://localhost:7080/Home/Contact - -
2023-05-30 18:28:13.1157 INFO Executing endpoint 'ColoradoBeetle.UI.Controllers.HomeController.Contact (ColoradoBeetle.UI)'
2023-05-30 18:28:13.1157 INFO Route matched with {action = "Contact", controller = "Home"}. Executing controller action with signature Microsoft.AspNetCore.Mvc.IActionResult Contact() on controller ColoradoBeetle.UI.Controllers.HomeController (ColoradoBeetle.UI).
2023-05-30 18:28:13.1157 INFO Executing ViewResult, running view Contact.
2023-05-30 18:28:13.1316 INFO Executed ViewResult - view Contact executed in 15.3728ms.
2023-05-30 18:28:13.1316 INFO Executed action ColoradoBeetle.UI.Controllers.HomeController.Contact (ColoradoBeetle.UI) in 15.6205ms
2023-05-30 18:28:13.1316 INFO Executed endpoint 'ColoradoBeetle.UI.Controllers.HomeController.Contact (ColoradoBeetle.UI)'
2023-05-30 18:28:13.1316 INFO Request finished HTTP/2 GET https://localhost:7080/Home/Contact - - - 200 - text/html;+charset=utf-8 31.3075ms
2023-05-30 18:28:13.1705 INFO Request starting HTTP/2 GET https://localhost:7080/_vs/browserLink - -
2023-05-30 18:28:13.1705 INFO Request starting HTTP/2 GET https://localhost:7080/_framework/aspnetcore-browser-refresh.js - -
2023-05-30 18:28:13.1705 INFO Request finished HTTP/2 GET https://localhost:7080/_framework/aspnetcore-browser-refresh.js - - - 200 12004 application/javascript;+charset=utf-8 1.3698ms
2023-05-30 18:28:13.3190 INFO Request finished HTTP/2 GET https://localhost:7080/_vs/browserLink - - - 200 - text/javascript;+charset=UTF-8 148.4887ms
2023-05-30 18:28:30.6378 INFO Request starting HTTP/2 GET https://localhost:7080/_framework/aspnetcore-browser-refresh.js - -
2023-05-30 18:28:30.6378 INFO Request finished HTTP/2 GET https://localhost:7080/_framework/aspnetcore-browser-refresh.js - - - 200 12004 application/javascript;+charset=utf-8 0.8538ms
2023-05-30 18:28:38.0206 INFO Request starting HTTP/2 GET https://localhost:7080/Home/Contact - -
2023-05-30 18:28:38.0231 INFO Executing endpoint 'ColoradoBeetle.UI.Controllers.HomeController.Contact (ColoradoBeetle.UI)'
2023-05-30 18:28:38.0231 INFO Route matched with {action = "Contact", controller = "Home"}. Executing controller action with signature Microsoft.AspNetCore.Mvc.IActionResult Contact() on controller ColoradoBeetle.UI.Controllers.HomeController (ColoradoBeetle.UI).
2023-05-30 18:28:38.0231 INFO Executing ViewResult, running view Contact.
2023-05-30 18:28:38.0231 INFO Executed ViewResult - view Contact executed in 9.2459ms.
2023-05-30 18:28:38.0231 INFO Executed action ColoradoBeetle.UI.Controllers.HomeController.Contact (ColoradoBeetle.UI) in 9.456ms
2023-05-30 18:28:38.0231 INFO Executed endpoint 'ColoradoBeetle.UI.Controllers.HomeController.Contact (ColoradoBeetle.UI)'
2023-05-30 18:28:38.0393 INFO Request finished HTTP/2 GET https://localhost:7080/Home/Contact - - - 200 - text/html;+charset=utf-8 18.6710ms
2023-05-30 18:28:38.0675 INFO Request starting HTTP/2 GET https://localhost:7080/_framework/aspnetcore-browser-refresh.js - -
2023-05-30 18:28:38.0675 INFO Request starting HTTP/2 GET https://localhost:7080/_vs/browserLink - -
2023-05-30 18:28:38.0713 INFO Request finished HTTP/2 GET https://localhost:7080/_framework/aspnetcore-browser-refresh.js - - - 200 12004 application/javascript;+charset=utf-8 3.8462ms
2023-05-30 18:28:38.2075 INFO Request finished HTTP/2 GET https://localhost:7080/_vs/browserLink - - - 200 - text/javascript;+charset=UTF-8 139.5885ms
