2023-06-21 14:25:54.4314 WARN Sensitive data logging is enabled. Log entries and exception messages may include sensitive application data; this mode should only be enabled during development.
2023-06-21 14:25:55.6393 INFO Entity Framework Core 6.0.18 initialized 'ApplicationDbContext' using provider 'Microsoft.EntityFrameworkCore.SqlServer:6.0.18' with options: SensitiveDataLoggingEnabled 
2023-06-21 14:25:58.0575 INFO Executed DbCommand (168ms) [Parameters=[], CommandType='Text', CommandTimeout='30']
SELECT [s].[Id], [s].[Description], [s].[Key], [s].[Order], [s].[SettingsId], [s].[Type], [s].[Value]
FROM [SettingsPositions] AS [s]
2023-06-21 14:25:58.1977 INFO DEVELOPMENT MODE!!!
2023-06-21 14:25:58.5017 INFO User profile is available. Using 'C:\Users\User\AppData\Local\ASP.NET\DataProtection-Keys' as key repository and Windows DPAPI to encrypt keys at rest.
2023-06-21 14:25:59.1996 INFO Now listening on: https://localhost:7080
2023-06-21 14:25:59.1996 INFO Now listening on: http://localhost:5116
2023-06-21 14:25:59.1996 INFO Application started. Press Ctrl+C to shut down.
2023-06-21 14:25:59.1996 INFO Hosting environment: Development
2023-06-21 14:25:59.1996 INFO Content root path: C:\Users\User\source\repos\ColoradoBeetle\ColoradoBeetle.UI\
2023-06-21 14:26:03.7279 INFO Request starting HTTP/2 GET https://localhost:7080/ - -
2023-06-21 14:26:03.9224 INFO Executing endpoint 'ColoradoBeetle.UI.Controllers.HomeController.Index (ColoradoBeetle.UI)'
2023-06-21 14:26:03.9578 INFO Route matched with {action = "Index", controller = "Home", page = "", area = ""}. Executing controller action with signature System.Threading.Tasks.Task`1[Microsoft.AspNetCore.Mvc.IActionResult] Index() on controller ColoradoBeetle.UI.Controllers.HomeController (ColoradoBeetle.UI).
2023-06-21 14:26:03.9892 INFO Executing ViewResult, running view Index.
2023-06-21 14:26:04.5587 INFO Executed ViewResult - view Index executed in 575.5357ms.
2023-06-21 14:26:04.5724 INFO Executed action ColoradoBeetle.UI.Controllers.HomeController.Index (ColoradoBeetle.UI) in 613.7561ms
2023-06-21 14:26:04.5724 INFO Executed endpoint 'ColoradoBeetle.UI.Controllers.HomeController.Index (ColoradoBeetle.UI)'
2023-06-21 14:26:04.7387 INFO Request finished HTTP/2 GET https://localhost:7080/ - - - 200 - text/html;+charset=utf-8 1017.6008ms
2023-06-21 14:26:04.8196 INFO Request starting HTTP/2 GET https://localhost:7080/lib/bootstrap/dist/css/bootstrap.min.css - -
2023-06-21 14:26:04.8196 INFO Request starting HTTP/2 GET https://localhost:7080/lib/font-awesome/css/all.min.css - -
2023-06-21 14:26:04.8196 INFO Request starting HTTP/2 GET https://localhost:7080/css/site.css?v=MmhFrXoRYVkIhw-0gmLPiaFUEqLRexokKAp-Y07CRvo - -
2023-06-21 14:26:04.8196 INFO Request starting HTTP/2 GET https://localhost:7080/ColoradoBeetle.UI.styles.css?v=S2mmYHR23Y_xziC5xU2sPPGSE_TQ0QimX-PIvU4rTqE - -
2023-06-21 14:26:04.8196 INFO Request starting HTTP/2 GET https://localhost:7080/lib/jquery/dist/jquery.min.js - -
2023-06-21 14:26:04.8538 INFO Sending file. Request path: '/css/site.css'. Physical path: 'C:\Users\User\source\repos\ColoradoBeetle\ColoradoBeetle.UI\wwwroot\css\site.css'
2023-06-21 14:26:04.8538 INFO Sending file. Request path: '/ColoradoBeetle.UI.styles.css'. Physical path: 'C:\Users\User\source\repos\ColoradoBeetle\ColoradoBeetle.UI\obj\Debug\net6.0\scopedcss\bundle\ColoradoBeetle.UI.styles.css'
2023-06-21 14:26:04.8538 INFO Request finished HTTP/2 GET https://localhost:7080/css/site.css?v=MmhFrXoRYVkIhw-0gmLPiaFUEqLRexokKAp-Y07CRvo - - - 200 1527 text/css 34.6227ms
2023-06-21 14:26:04.8538 INFO Request finished HTTP/2 GET https://localhost:7080/ColoradoBeetle.UI.styles.css?v=S2mmYHR23Y_xziC5xU2sPPGSE_TQ0QimX-PIvU4rTqE - - - 200 1107 text/css 34.6294ms
2023-06-21 14:26:04.8538 INFO Request starting HTTP/2 GET https://localhost:7080/lib/jquery.cookie/jquery.cookie.min.js - -
2023-06-21 14:26:04.8538 INFO Request starting HTTP/2 GET https://localhost:7080/images/Colorado_Beetle_Logo.png - -
2023-06-21 14:26:04.8781 INFO Request starting HTTP/2 GET https://localhost:7080/Images/carousel-ladybird-2.jpg - -
2023-06-21 14:26:04.8823 INFO Request starting HTTP/2 GET https://localhost:7080/js/site.js?v=4q1jwFhaPaZgr8WAUSrux6hAuh0XDg9kPS3xIVq36I0 - -
2023-06-21 14:26:04.8823 INFO Request starting HTTP/2 GET https://localhost:7080/Images/carousel-ladybird-3.jpg - -
2023-06-21 14:26:04.8823 INFO Request starting HTTP/2 GET https://localhost:7080/_framework/aspnetcore-browser-refresh.js - -
2023-06-21 14:26:04.8823 INFO Request starting HTTP/2 GET https://localhost:7080/_vs/browserLink - -
2023-06-21 14:26:04.8823 INFO Request starting HTTP/2 GET https://localhost:7080/Images/carousel-ladybird-1.jpg - -
2023-06-21 14:26:04.8968 INFO Request starting HTTP/2 GET https://localhost:7080/lib/bootstrap/dist/js/bootstrap.bundle.min.js - -
2023-06-21 14:26:04.9475 INFO Request finished HTTP/2 GET https://localhost:7080/_framework/aspnetcore-browser-refresh.js - - - 200 12004 application/javascript;+charset=utf-8 56.2904ms
2023-06-21 14:26:04.9475 INFO Sending file. Request path: '/js/site.js'. Physical path: 'C:\Users\User\source\repos\ColoradoBeetle\ColoradoBeetle.UI\wwwroot\js\site.js'
2023-06-21 14:26:04.9475 INFO Sending file. Request path: '/Images/carousel-ladybird-2.jpg'. Physical path: 'C:\Users\User\source\repos\ColoradoBeetle\ColoradoBeetle.UI\wwwroot\Images\carousel-ladybird-2.jpg'
2023-06-21 14:26:04.9577 INFO Request finished HTTP/2 GET https://localhost:7080/js/site.js?v=4q1jwFhaPaZgr8WAUSrux6hAuh0XDg9kPS3xIVq36I0 - - - 200 230 application/javascript 75.6271ms
2023-06-21 14:26:04.9577 INFO Request finished HTTP/2 GET https://localhost:7080/Images/carousel-ladybird-2.jpg - - - 200 55458 image/jpeg 79.9444ms
2023-06-21 14:26:04.9475 INFO Sending file. Request path: '/images/Colorado_Beetle_Logo.png'. Physical path: 'C:\Users\User\source\repos\ColoradoBeetle\ColoradoBeetle.UI\wwwroot\Images\Colorado_Beetle_Logo.png'
2023-06-21 14:26:04.9577 INFO Sending file. Request path: '/lib/jquery.cookie/jquery.cookie.min.js'. Physical path: 'C:\Users\User\source\repos\ColoradoBeetle\ColoradoBeetle.UI\wwwroot\lib\jquery.cookie\jquery.cookie.min.js'
2023-06-21 14:26:04.9577 INFO Request finished HTTP/2 GET https://localhost:7080/images/Colorado_Beetle_Logo.png - - - 200 29710 image/png 104.6534ms
2023-06-21 14:26:04.9577 INFO Sending file. Request path: '/lib/font-awesome/css/all.min.css'. Physical path: 'C:\Users\User\source\repos\ColoradoBeetle\ColoradoBeetle.UI\wwwroot\lib\font-awesome\css\all.min.css'
2023-06-21 14:26:04.9577 INFO Sending file. Request path: '/Images/carousel-ladybird-1.jpg'. Physical path: 'C:\Users\User\source\repos\ColoradoBeetle\ColoradoBeetle.UI\wwwroot\Images\carousel-ladybird-1.jpg'
2023-06-21 14:26:04.9577 INFO Request finished HTTP/2 GET https://localhost:7080/lib/font-awesome/css/all.min.css - - - 200 102025 text/css 140.5308ms
2023-06-21 14:26:04.9577 INFO Request finished HTTP/2 GET https://localhost:7080/Images/carousel-ladybird-1.jpg - - - 200 48921 image/jpeg 66.9611ms
2023-06-21 14:26:04.9577 INFO Request finished HTTP/2 GET https://localhost:7080/lib/jquery.cookie/jquery.cookie.min.js - - - 200 1565 application/javascript 104.6248ms
2023-06-21 14:26:04.9577 INFO Sending file. Request path: '/lib/bootstrap/dist/js/bootstrap.bundle.min.js'. Physical path: 'C:\Users\User\source\repos\ColoradoBeetle\ColoradoBeetle.UI\wwwroot\lib\bootstrap\dist\js\bootstrap.bundle.min.js'
2023-06-21 14:26:04.9577 INFO Request finished HTTP/2 GET https://localhost:7080/lib/bootstrap/dist/js/bootstrap.bundle.min.js - - - 200 78468 application/javascript 76.5956ms
2023-06-21 14:26:04.9739 INFO Sending file. Request path: '/lib/jquery/dist/jquery.min.js'. Physical path: 'C:\Users\User\source\repos\ColoradoBeetle\ColoradoBeetle.UI\wwwroot\lib\jquery\dist\jquery.min.js'
2023-06-21 14:26:04.9739 INFO Request finished HTTP/2 GET https://localhost:7080/lib/jquery/dist/jquery.min.js - - - 200 89476 application/javascript 153.8289ms
2023-06-21 14:26:04.9739 INFO Sending file. Request path: '/lib/bootstrap/dist/css/bootstrap.min.css'. Physical path: 'C:\Users\User\source\repos\ColoradoBeetle\ColoradoBeetle.UI\wwwroot\lib\bootstrap\dist\css\bootstrap.min.css'
2023-06-21 14:26:04.9739 INFO Request finished HTTP/2 GET https://localhost:7080/lib/bootstrap/dist/css/bootstrap.min.css - - - 200 162720 text/css 156.3731ms
2023-06-21 14:26:04.9739 INFO Sending file. Request path: '/Images/carousel-ladybird-3.jpg'. Physical path: 'C:\Users\User\source\repos\ColoradoBeetle\ColoradoBeetle.UI\wwwroot\Images\carousel-ladybird-3.jpg'
2023-06-21 14:26:04.9739 INFO Request finished HTTP/2 GET https://localhost:7080/Images/carousel-ladybird-3.jpg - - - 200 64366 image/jpeg 85.4119ms
2023-06-21 14:26:05.1951 INFO Request finished HTTP/2 GET https://localhost:7080/_vs/browserLink - - - 200 - text/javascript;+charset=UTF-8 301.9650ms
2023-06-21 14:26:08.8037 INFO Request starting HTTP/2 GET https://localhost:7080/Identity/Account/Login - -
2023-06-21 14:26:08.8037 INFO Executing endpoint '/Account/Login'
2023-06-21 14:26:08.8639 INFO Route matched with {page = "/Account/Login", area = "Identity", action = "", controller = ""}. Executing page /Account/Login
2023-06-21 14:26:08.8983 INFO Executing handler method ColoradoBeetle.UI.Areas.Identity.Pages.Account.LoginModel.OnGetAsync - ModelState is Valid
2023-06-21 14:26:08.9130 INFO AuthenticationScheme: Identity.External signed out.
2023-06-21 14:26:08.9130 INFO Executed handler method OnGetAsync, returned result .
2023-06-21 14:26:08.9130 INFO Executing an implicit handler method - ModelState is Valid
2023-06-21 14:26:08.9130 INFO Executed an implicit handler method, returned result Microsoft.AspNetCore.Mvc.RazorPages.PageResult.
2023-06-21 14:26:09.1652 INFO Executed page /Account/Login in 300.6935ms
2023-06-21 14:26:09.1652 INFO Executed endpoint '/Account/Login'
2023-06-21 14:26:09.1652 INFO Request finished HTTP/2 GET https://localhost:7080/Identity/Account/Login - - - 200 - text/html;+charset=utf-8 369.2302ms
2023-06-21 14:26:09.2127 INFO Request starting HTTP/2 GET https://localhost:7080/GymManager2.UI.styles.css - -
2023-06-21 14:26:09.2127 INFO Request finished HTTP/2 GET https://localhost:7080/GymManager2.UI.styles.css - - - 404 0 - 8.9340ms
2023-06-21 14:26:09.2127 INFO Request starting HTTP/2 GET https://localhost:7080/_vs/browserLink - -
2023-06-21 14:26:09.2254 INFO Request starting HTTP/2 GET https://localhost:7080/_framework/aspnetcore-browser-refresh.js - -
2023-06-21 14:26:09.2254 INFO Request finished HTTP/2 GET https://localhost:7080/_framework/aspnetcore-browser-refresh.js - - - 200 12004 application/javascript;+charset=utf-8 0.5637ms
2023-06-21 14:26:09.3282 INFO Request starting HTTP/2 GET https://localhost:7080/lib/font-awesome/webfonts/fa-solid-900.woff2 - -
2023-06-21 14:26:09.3510 INFO Sending file. Request path: '/lib/font-awesome/webfonts/fa-solid-900.woff2'. Physical path: 'C:\Users\User\source\repos\ColoradoBeetle\ColoradoBeetle.UI\wwwroot\lib\font-awesome\webfonts\fa-solid-900.woff2'
2023-06-21 14:26:09.3510 INFO Request finished HTTP/2 GET https://localhost:7080/lib/font-awesome/webfonts/fa-solid-900.woff2 - - - 200 150124 font/woff2 22.9281ms
2023-06-21 14:26:09.3510 INFO Request finished HTTP/2 GET https://localhost:7080/_vs/browserLink - - - 200 - text/javascript;+charset=UTF-8 131.4925ms
2023-06-21 14:26:13.2010 INFO Request starting HTTP/2 GET https://localhost:7080/Identity/Account/Register - -
2023-06-21 14:26:13.2220 INFO Executing endpoint '/Account/Register'
2023-06-21 14:26:13.2287 INFO Route matched with {page = "/Account/Register", area = "Identity", action = "", controller = ""}. Executing page /Account/Register
2023-06-21 14:26:13.2423 INFO Executing handler method ColoradoBeetle.UI.Areas.Identity.Pages.Account.RegisterModel.OnGetAsync - ModelState is Valid
2023-06-21 14:26:13.2423 INFO Executed handler method OnGetAsync, returned result .
2023-06-21 14:26:13.2423 INFO Executing an implicit handler method - ModelState is Valid
2023-06-21 14:26:13.2423 INFO Executed an implicit handler method, returned result Microsoft.AspNetCore.Mvc.RazorPages.PageResult.
2023-06-21 14:26:13.2840 INFO Executed page /Account/Register in 55.2397ms
2023-06-21 14:26:13.2840 INFO Executed endpoint '/Account/Register'
2023-06-21 14:26:13.2892 INFO Request finished HTTP/2 GET https://localhost:7080/Identity/Account/Register - - - 200 - text/html;+charset=utf-8 88.3568ms
2023-06-21 14:26:13.3330 INFO Request starting HTTP/2 GET https://localhost:7080/GymManager.UI.styles.css - -
2023-06-21 14:26:13.3419 INFO Request starting HTTP/2 GET https://localhost:7080/_framework/aspnetcore-browser-refresh.js - -
2023-06-21 14:26:13.3419 INFO Request finished HTTP/2 GET https://localhost:7080/GymManager.UI.styles.css - - - 404 0 - 10.6589ms
2023-06-21 14:26:13.3419 INFO Request starting HTTP/2 GET https://localhost:7080/_vs/browserLink - -
2023-06-21 14:26:13.3419 INFO Request finished HTTP/2 GET https://localhost:7080/_framework/aspnetcore-browser-refresh.js - - - 200 12004 application/javascript;+charset=utf-8 4.9134ms
2023-06-21 14:26:13.4891 INFO Request finished HTTP/2 GET https://localhost:7080/_vs/browserLink - - - 200 - text/javascript;+charset=UTF-8 145.4305ms
2023-06-21 14:26:15.0844 INFO Request starting HTTP/2 GET https://localhost:7080/Identity/Account/Login - -
2023-06-21 14:26:15.0844 INFO Executing endpoint '/Account/Login'
2023-06-21 14:26:15.0844 INFO Route matched with {page = "/Account/Login", area = "Identity", action = "", controller = ""}. Executing page /Account/Login
2023-06-21 14:26:15.0992 INFO Executing handler method ColoradoBeetle.UI.Areas.Identity.Pages.Account.LoginModel.OnGetAsync - ModelState is Valid
2023-06-21 14:26:15.0992 INFO AuthenticationScheme: Identity.External signed out.
2023-06-21 14:26:15.0992 INFO Executed handler method OnGetAsync, returned result .
2023-06-21 14:26:15.0992 INFO Executing an implicit handler method - ModelState is Valid
2023-06-21 14:26:15.0992 INFO Executed an implicit handler method, returned result Microsoft.AspNetCore.Mvc.RazorPages.PageResult.
2023-06-21 14:26:15.0992 INFO Executed page /Account/Login in 17.9312ms
2023-06-21 14:26:15.0992 INFO Executed endpoint '/Account/Login'
2023-06-21 14:26:15.0992 INFO Request finished HTTP/2 GET https://localhost:7080/Identity/Account/Login - - - 200 - text/html;+charset=utf-8 29.1320ms
2023-06-21 14:26:15.1392 INFO Request starting HTTP/2 GET https://localhost:7080/GymManager2.UI.styles.css - -
2023-06-21 14:26:15.1392 INFO Request starting HTTP/2 GET https://localhost:7080/_vs/browserLink - -
2023-06-21 14:26:15.1392 INFO Request starting HTTP/2 GET https://localhost:7080/_framework/aspnetcore-browser-refresh.js - -
2023-06-21 14:26:15.1392 INFO Request finished HTTP/2 GET https://localhost:7080/_framework/aspnetcore-browser-refresh.js - - - 200 12004 application/javascript;+charset=utf-8 1.7115ms
2023-06-21 14:26:15.1392 INFO Request finished HTTP/2 GET https://localhost:7080/GymManager2.UI.styles.css - - - 404 0 - 3.6285ms
2023-06-21 14:26:15.2516 INFO Request finished HTTP/2 GET https://localhost:7080/_vs/browserLink - - - 200 - text/javascript;+charset=UTF-8 111.5100ms
2023-06-21 14:26:24.5296 INFO Request starting HTTP/2 GET https://localhost:7080/ - -
2023-06-21 14:26:24.5383 INFO Executing endpoint 'ColoradoBeetle.UI.Controllers.HomeController.Index (ColoradoBeetle.UI)'
2023-06-21 14:26:24.5383 INFO Route matched with {action = "Index", controller = "Home", page = "", area = ""}. Executing controller action with signature System.Threading.Tasks.Task`1[Microsoft.AspNetCore.Mvc.IActionResult] Index() on controller ColoradoBeetle.UI.Controllers.HomeController (ColoradoBeetle.UI).
2023-06-21 14:26:24.5383 INFO Executing ViewResult, running view Index.
2023-06-21 14:26:24.5519 INFO Executed ViewResult - view Index executed in 12.6167ms.
2023-06-21 14:26:24.5519 INFO Executed action ColoradoBeetle.UI.Controllers.HomeController.Index (ColoradoBeetle.UI) in 13.711ms
2023-06-21 14:26:24.5519 INFO Executed endpoint 'ColoradoBeetle.UI.Controllers.HomeController.Index (ColoradoBeetle.UI)'
2023-06-21 14:26:24.5519 INFO Request finished HTTP/2 GET https://localhost:7080/ - - - 200 - text/html;+charset=utf-8 30.5202ms
2023-06-21 14:26:24.6038 INFO Request starting HTTP/2 GET https://localhost:7080/_framework/aspnetcore-browser-refresh.js - -
2023-06-21 14:26:24.6038 INFO Request finished HTTP/2 GET https://localhost:7080/_framework/aspnetcore-browser-refresh.js - - - 200 12004 application/javascript;+charset=utf-8 0.6036ms
2023-06-21 14:26:24.6038 INFO Request starting HTTP/2 GET https://localhost:7080/_vs/browserLink - -
2023-06-21 14:26:24.7613 INFO Request finished HTTP/2 GET https://localhost:7080/_vs/browserLink - - - 200 - text/javascript;+charset=UTF-8 149.7798ms
2023-06-21 14:26:26.6311 INFO Request starting HTTP/2 GET https://localhost:7080/Identity/Account/Register - -
2023-06-21 14:26:26.6311 INFO Executing endpoint '/Account/Register'
2023-06-21 14:26:26.6311 INFO Route matched with {page = "/Account/Register", area = "Identity", action = "", controller = ""}. Executing page /Account/Register
2023-06-21 14:26:26.6311 INFO Executing handler method ColoradoBeetle.UI.Areas.Identity.Pages.Account.RegisterModel.OnGetAsync - ModelState is Valid
2023-06-21 14:26:26.6311 INFO Executed handler method OnGetAsync, returned result .
2023-06-21 14:26:26.6311 INFO Executing an implicit handler method - ModelState is Valid
2023-06-21 14:26:26.6311 INFO Executed an implicit handler method, returned result Microsoft.AspNetCore.Mvc.RazorPages.PageResult.
2023-06-21 14:26:27.0690 INFO Executed page /Account/Register in 431.2553ms
2023-06-21 14:26:27.0690 INFO Executed endpoint '/Account/Register'
2023-06-21 14:26:27.0690 INFO Request finished HTTP/2 GET https://localhost:7080/Identity/Account/Register - - - 200 - text/html;+charset=utf-8 443.4801ms
2023-06-21 14:26:27.0992 INFO Request starting HTTP/2 GET https://localhost:7080/GymManager.UI.styles.css - -
2023-06-21 14:26:27.0992 INFO Request starting HTTP/2 GET https://localhost:7080/_framework/aspnetcore-browser-refresh.js - -
2023-06-21 14:26:27.0992 INFO Request starting HTTP/2 GET https://localhost:7080/_vs/browserLink - -
2023-06-21 14:26:27.0992 INFO Request finished HTTP/2 GET https://localhost:7080/_framework/aspnetcore-browser-refresh.js - - - 200 12004 application/javascript;+charset=utf-8 0.6553ms
2023-06-21 14:26:27.0992 INFO Request finished HTTP/2 GET https://localhost:7080/GymManager.UI.styles.css - - - 404 0 - 1.1509ms
2023-06-21 14:26:27.2051 INFO Request finished HTTP/2 GET https://localhost:7080/_vs/browserLink - - - 200 - text/javascript;+charset=UTF-8 105.2857ms
