2023-06-20 13:53:07.3676 WARN Sensitive data logging is enabled. Log entries and exception messages may include sensitive application data; this mode should only be enabled during development.
2023-06-20 13:53:08.3371 INFO Entity Framework Core 6.0.18 initialized 'ApplicationDbContext' using provider 'Microsoft.EntityFrameworkCore.SqlServer:6.0.18' with options: SensitiveDataLoggingEnabled 
2023-06-20 13:53:13.3434 INFO Executed DbCommand (160ms) [Parameters=[], CommandType='Text', CommandTimeout='30']
SELECT [s].[Id], [s].[Description], [s].[Key], [s].[Order], [s].[SettingsId], [s].[Type], [s].[Value]
FROM [SettingsPositions] AS [s]
2023-06-20 13:53:13.4879 INFO DEVELOPMENT MODE!!!
2023-06-20 13:53:13.8216 INFO User profile is available. Using 'C:\Users\User\AppData\Local\ASP.NET\DataProtection-Keys' as key repository and Windows DPAPI to encrypt keys at rest.
2023-06-20 13:53:14.6472 INFO Now listening on: https://localhost:7080
2023-06-20 13:53:14.6472 INFO Now listening on: http://localhost:5116
2023-06-20 13:53:14.6472 INFO Application started. Press Ctrl+C to shut down.
2023-06-20 13:53:14.6472 INFO Hosting environment: Development
2023-06-20 13:53:14.6472 INFO Content root path: C:\Users\User\source\repos\ColoradoBeetle\ColoradoBeetle.UI\
2023-06-20 13:53:20.4380 INFO Request starting HTTP/2 GET https://localhost:7080/ - -
2023-06-20 13:53:20.6426 INFO Executing endpoint 'ColoradoBeetle.UI.Controllers.HomeController.Index (ColoradoBeetle.UI)'
2023-06-20 13:53:20.6867 INFO Route matched with {action = "Index", controller = "Home", page = "", area = ""}. Executing controller action with signature System.Threading.Tasks.Task`1[Microsoft.AspNetCore.Mvc.IActionResult] Index() on controller ColoradoBeetle.UI.Controllers.HomeController (ColoradoBeetle.UI).
2023-06-20 13:53:20.7263 INFO Executing ViewResult, running view Index.
2023-06-20 13:53:21.3142 INFO Executed ViewResult - view Index executed in 598.0978ms.
2023-06-20 13:53:21.3142 INFO Executed action ColoradoBeetle.UI.Controllers.HomeController.Index (ColoradoBeetle.UI) in 638.1838ms
2023-06-20 13:53:21.3142 INFO Executed endpoint 'ColoradoBeetle.UI.Controllers.HomeController.Index (ColoradoBeetle.UI)'
2023-06-20 13:53:21.5004 INFO Request finished HTTP/2 GET https://localhost:7080/ - - - 200 - text/html;+charset=utf-8 1066.0592ms
2023-06-20 13:53:21.5714 INFO Request starting HTTP/2 GET https://localhost:7080/ColoradoBeetle.UI.styles.css?v=S2mmYHR23Y_xziC5xU2sPPGSE_TQ0QimX-PIvU4rTqE - -
2023-06-20 13:53:21.5714 INFO Request starting HTTP/2 GET https://localhost:7080/css/site.css?v=P-daoCmyyjpxmCTyrP2Oi4W-lpEyWSpWnPRFIsxcfpY - -
2023-06-20 13:53:21.5714 INFO Request starting HTTP/2 GET https://localhost:7080/lib/font-awesome/css/all.min.css - -
2023-06-20 13:53:21.5714 INFO Request starting HTTP/2 GET https://localhost:7080/lib/bootstrap/dist/css/bootstrap.min.css - -
2023-06-20 13:53:21.5714 INFO Request starting HTTP/2 GET https://localhost:7080/lib/jquery/dist/jquery.min.js - -
2023-06-20 13:53:21.6211 INFO Sending file. Request path: '/ColoradoBeetle.UI.styles.css'. Physical path: 'C:\Users\User\source\repos\ColoradoBeetle\ColoradoBeetle.UI\obj\Debug\net6.0\scopedcss\bundle\ColoradoBeetle.UI.styles.css'
2023-06-20 13:53:21.6211 INFO Request starting HTTP/2 GET https://localhost:7080/lib/jquery.cookie/jquery.cookie.min.js - -
2023-06-20 13:53:21.6211 INFO Request finished HTTP/2 GET https://localhost:7080/ColoradoBeetle.UI.styles.css?v=S2mmYHR23Y_xziC5xU2sPPGSE_TQ0QimX-PIvU4rTqE - - - 200 1107 text/css 50.2106ms
2023-06-20 13:53:21.6211 INFO Request starting HTTP/2 GET https://localhost:7080/lib/bootstrap/dist/js/bootstrap.bundle.min.js - -
2023-06-20 13:53:21.6211 INFO Request starting HTTP/2 GET https://localhost:7080/Images/carousel-ladybird-1.jpg - -
2023-06-20 13:53:21.6273 INFO Request starting HTTP/2 GET https://localhost:7080/Images/carousel-ladybird-2.jpg - -
2023-06-20 13:53:21.6273 INFO Request starting HTTP/2 GET https://localhost:7080/Images/carousel-ladybird-3.jpg - -
2023-06-20 13:53:21.6273 INFO Sending file. Request path: '/css/site.css'. Physical path: 'C:\Users\User\source\repos\ColoradoBeetle\ColoradoBeetle.UI\wwwroot\css\site.css'
2023-06-20 13:53:21.6571 INFO Request starting HTTP/2 GET https://localhost:7080/js/site.js?v=4q1jwFhaPaZgr8WAUSrux6hAuh0XDg9kPS3xIVq36I0 - -
2023-06-20 13:53:21.6571 INFO Request starting HTTP/2 GET https://localhost:7080/_vs/browserLink - -
2023-06-20 13:53:21.6571 INFO Request starting HTTP/2 GET https://localhost:7080/_framework/aspnetcore-browser-refresh.js - -
2023-06-20 13:53:21.6571 INFO Request starting HTTP/2 GET https://localhost:7080/images/Colorado_Beetle_Logo.png - -
2023-06-20 13:53:21.7266 INFO Request finished HTTP/2 GET https://localhost:7080/css/site.css?v=P-daoCmyyjpxmCTyrP2Oi4W-lpEyWSpWnPRFIsxcfpY - - - 200 1278 text/css 155.2403ms
2023-06-20 13:53:21.7266 INFO Sending file. Request path: '/js/site.js'. Physical path: 'C:\Users\User\source\repos\ColoradoBeetle\ColoradoBeetle.UI\wwwroot\js\site.js'
2023-06-20 13:53:21.7266 INFO Request finished HTTP/2 GET https://localhost:7080/js/site.js?v=4q1jwFhaPaZgr8WAUSrux6hAuh0XDg9kPS3xIVq36I0 - - - 200 230 application/javascript 70.1718ms
2023-06-20 13:53:21.7376 INFO Sending file. Request path: '/lib/jquery.cookie/jquery.cookie.min.js'. Physical path: 'C:\Users\User\source\repos\ColoradoBeetle\ColoradoBeetle.UI\wwwroot\lib\jquery.cookie\jquery.cookie.min.js'
2023-06-20 13:53:21.7376 INFO Sending file. Request path: '/images/Colorado_Beetle_Logo.png'. Physical path: 'C:\Users\User\source\repos\ColoradoBeetle\ColoradoBeetle.UI\wwwroot\Images\Colorado_Beetle_Logo.png'
2023-06-20 13:53:21.7376 INFO Request finished HTTP/2 GET https://localhost:7080/lib/jquery.cookie/jquery.cookie.min.js - - - 200 1565 application/javascript 116.1502ms
2023-06-20 13:53:21.7376 INFO Request finished HTTP/2 GET https://localhost:7080/images/Colorado_Beetle_Logo.png - - - 200 29710 image/png 80.6773ms
2023-06-20 13:53:21.7583 INFO Request finished HTTP/2 GET https://localhost:7080/_framework/aspnetcore-browser-refresh.js - - - 200 12004 application/javascript;+charset=utf-8 101.0741ms
2023-06-20 13:53:21.7583 INFO Sending file. Request path: '/Images/carousel-ladybird-1.jpg'. Physical path: 'C:\Users\User\source\repos\ColoradoBeetle\ColoradoBeetle.UI\wwwroot\Images\carousel-ladybird-1.jpg'
2023-06-20 13:53:21.7583 INFO Request finished HTTP/2 GET https://localhost:7080/Images/carousel-ladybird-1.jpg - - - 200 48921 image/jpeg 138.2338ms
2023-06-20 13:53:21.7583 INFO Sending file. Request path: '/Images/carousel-ladybird-2.jpg'. Physical path: 'C:\Users\User\source\repos\ColoradoBeetle\ColoradoBeetle.UI\wwwroot\Images\carousel-ladybird-2.jpg'
2023-06-20 13:53:21.7583 INFO Request finished HTTP/2 GET https://localhost:7080/Images/carousel-ladybird-2.jpg - - - 200 55458 image/jpeg 137.0623ms
2023-06-20 13:53:21.7583 INFO Sending file. Request path: '/lib/bootstrap/dist/css/bootstrap.min.css'. Physical path: 'C:\Users\User\source\repos\ColoradoBeetle\ColoradoBeetle.UI\wwwroot\lib\bootstrap\dist\css\bootstrap.min.css'
2023-06-20 13:53:21.7583 INFO Sending file. Request path: '/lib/jquery/dist/jquery.min.js'. Physical path: 'C:\Users\User\source\repos\ColoradoBeetle\ColoradoBeetle.UI\wwwroot\lib\jquery\dist\jquery.min.js'
2023-06-20 13:53:21.7583 INFO Request finished HTTP/2 GET https://localhost:7080/lib/jquery/dist/jquery.min.js - - - 200 89476 application/javascript 194.1843ms
2023-06-20 13:53:21.7583 INFO Sending file. Request path: '/lib/bootstrap/dist/js/bootstrap.bundle.min.js'. Physical path: 'C:\Users\User\source\repos\ColoradoBeetle\ColoradoBeetle.UI\wwwroot\lib\bootstrap\dist\js\bootstrap.bundle.min.js'
2023-06-20 13:53:21.7583 INFO Request finished HTTP/2 GET https://localhost:7080/lib/bootstrap/dist/js/bootstrap.bundle.min.js - - - 200 78468 application/javascript 145.2040ms
2023-06-20 13:53:21.7782 INFO Request finished HTTP/2 GET https://localhost:7080/lib/bootstrap/dist/css/bootstrap.min.css - - - 200 162720 text/css 206.5982ms
2023-06-20 13:53:21.7926 INFO Sending file. Request path: '/Images/carousel-ladybird-3.jpg'. Physical path: 'C:\Users\User\source\repos\ColoradoBeetle\ColoradoBeetle.UI\wwwroot\Images\carousel-ladybird-3.jpg'
2023-06-20 13:53:21.7926 INFO Request finished HTTP/2 GET https://localhost:7080/Images/carousel-ladybird-3.jpg - - - 200 64366 image/jpeg 162.8386ms
2023-06-20 13:53:21.8109 INFO Sending file. Request path: '/lib/font-awesome/css/all.min.css'. Physical path: 'C:\Users\User\source\repos\ColoradoBeetle\ColoradoBeetle.UI\wwwroot\lib\font-awesome\css\all.min.css'
2023-06-20 13:53:21.8109 INFO Request finished HTTP/2 GET https://localhost:7080/lib/font-awesome/css/all.min.css - - - 200 102025 text/css 239.8507ms
2023-06-20 13:53:22.0120 INFO Request finished HTTP/2 GET https://localhost:7080/_vs/browserLink - - - 200 - text/javascript;+charset=UTF-8 354.7712ms
2023-06-20 13:53:27.6201 INFO Request starting HTTP/2 GET https://localhost:7080/Identity/Account/Register - -
2023-06-20 13:53:27.6327 INFO Executing endpoint '/Account/Register'
2023-06-20 13:53:27.6747 INFO Route matched with {page = "/Account/Register", area = "Identity", action = "", controller = ""}. Executing page /Account/Register
2023-06-20 13:53:27.7221 INFO Executing handler method ColoradoBeetle.UI.Areas.Identity.Pages.Account.RegisterModel.OnGetAsync - ModelState is Valid
2023-06-20 13:53:27.7221 INFO Executed handler method OnGetAsync, returned result .
2023-06-20 13:53:27.7221 INFO Executing an implicit handler method - ModelState is Valid
2023-06-20 13:53:27.7221 INFO Executed an implicit handler method, returned result Microsoft.AspNetCore.Mvc.RazorPages.PageResult.
2023-06-20 13:53:27.8318 INFO Executed page /Account/Register in 156.6763ms
2023-06-20 13:53:27.8318 INFO Executed endpoint '/Account/Register'
2023-06-20 13:53:27.8318 WARN Unable to configure browser refresh script injection on the response. Consider manually adding '<script src="/_framework/aspnetcore-browser-refresh.js"></script>' to the body of the page.
2023-06-20 13:53:27.8318 INFO Request finished HTTP/2 GET https://localhost:7080/Identity/Account/Register - - - 200 - text/html;+charset=utf-8 212.8679ms
2023-06-20 14:33:01.3612 WARN Sensitive data logging is enabled. Log entries and exception messages may include sensitive application data; this mode should only be enabled during development.
2023-06-20 14:33:02.1412 INFO Entity Framework Core 6.0.18 initialized 'ApplicationDbContext' using provider 'Microsoft.EntityFrameworkCore.SqlServer:6.0.18' with options: SensitiveDataLoggingEnabled 
2023-06-20 14:33:04.2266 INFO Executed DbCommand (147ms) [Parameters=[], CommandType='Text', CommandTimeout='30']
SELECT [s].[Id], [s].[Description], [s].[Key], [s].[Order], [s].[SettingsId], [s].[Type], [s].[Value]
FROM [SettingsPositions] AS [s]
2023-06-20 14:33:04.4031 INFO DEVELOPMENT MODE!!!
2023-06-20 14:33:04.6376 INFO User profile is available. Using 'C:\Users\User\AppData\Local\ASP.NET\DataProtection-Keys' as key repository and Windows DPAPI to encrypt keys at rest.
2023-06-20 14:33:05.3347 INFO Now listening on: https://localhost:7080
2023-06-20 14:33:05.3347 INFO Now listening on: http://localhost:5116
2023-06-20 14:33:05.3347 INFO Application started. Press Ctrl+C to shut down.
2023-06-20 14:33:05.3347 INFO Hosting environment: Development
2023-06-20 14:33:05.3347 INFO Content root path: C:\Users\User\source\repos\ColoradoBeetle\ColoradoBeetle.UI\
2023-06-20 14:33:08.0306 INFO Request starting HTTP/2 GET https://localhost:7080/ - -
2023-06-20 14:33:08.2665 INFO Executing endpoint 'ColoradoBeetle.UI.Controllers.HomeController.Index (ColoradoBeetle.UI)'
2023-06-20 14:33:08.2949 INFO Route matched with {action = "Index", controller = "Home", page = "", area = ""}. Executing controller action with signature System.Threading.Tasks.Task`1[Microsoft.AspNetCore.Mvc.IActionResult] Index() on controller ColoradoBeetle.UI.Controllers.HomeController (ColoradoBeetle.UI).
2023-06-20 14:33:08.3260 INFO Executing ViewResult, running view Index.
2023-06-20 14:33:08.8703 INFO Executed ViewResult - view Index executed in 551.7551ms.
2023-06-20 14:33:08.8797 INFO Executed action ColoradoBeetle.UI.Controllers.HomeController.Index (ColoradoBeetle.UI) in 584.2415ms
2023-06-20 14:33:08.8797 INFO Executed endpoint 'ColoradoBeetle.UI.Controllers.HomeController.Index (ColoradoBeetle.UI)'
2023-06-20 14:33:08.9990 INFO Request finished HTTP/2 GET https://localhost:7080/ - - - 200 - text/html;+charset=utf-8 975.7255ms
2023-06-20 14:33:09.0654 INFO Request starting HTTP/2 GET https://localhost:7080/lib/font-awesome/css/all.min.css - -
2023-06-20 14:33:09.0654 INFO Request starting HTTP/2 GET https://localhost:7080/css/site.css?v=MmhFrXoRYVkIhw-0gmLPiaFUEqLRexokKAp-Y07CRvo - -
2023-06-20 14:33:09.0654 INFO Request starting HTTP/2 GET https://localhost:7080/lib/bootstrap/dist/css/bootstrap.min.css - -
2023-06-20 14:33:09.0654 INFO Request starting HTTP/2 GET https://localhost:7080/ColoradoBeetle.UI.styles.css?v=S2mmYHR23Y_xziC5xU2sPPGSE_TQ0QimX-PIvU4rTqE - -
2023-06-20 14:33:09.0654 INFO Request starting HTTP/2 GET https://localhost:7080/lib/jquery/dist/jquery.min.js - -
2023-06-20 14:33:09.1033 INFO Sending file. Request path: '/css/site.css'. Physical path: 'C:\Users\User\source\repos\ColoradoBeetle\ColoradoBeetle.UI\wwwroot\css\site.css'
2023-06-20 14:33:09.1033 INFO Sending file. Request path: '/ColoradoBeetle.UI.styles.css'. Physical path: 'C:\Users\User\source\repos\ColoradoBeetle\ColoradoBeetle.UI\obj\Debug\net6.0\scopedcss\bundle\ColoradoBeetle.UI.styles.css'
2023-06-20 14:33:09.1033 INFO Request finished HTTP/2 GET https://localhost:7080/ColoradoBeetle.UI.styles.css?v=S2mmYHR23Y_xziC5xU2sPPGSE_TQ0QimX-PIvU4rTqE - - - 200 1107 text/css 38.3464ms
2023-06-20 14:33:09.1033 INFO Request finished HTTP/2 GET https://localhost:7080/css/site.css?v=MmhFrXoRYVkIhw-0gmLPiaFUEqLRexokKAp-Y07CRvo - - - 200 1527 text/css 38.3512ms
2023-06-20 14:33:09.1033 INFO Request starting HTTP/2 GET https://localhost:7080/js/site.js?v=4q1jwFhaPaZgr8WAUSrux6hAuh0XDg9kPS3xIVq36I0 - -
2023-06-20 14:33:09.1033 INFO Request starting HTTP/2 GET https://localhost:7080/_framework/aspnetcore-browser-refresh.js - -
2023-06-20 14:33:09.1123 INFO Request starting HTTP/2 GET https://localhost:7080/lib/jquery.cookie/jquery.cookie.min.js - -
2023-06-20 14:33:09.1123 INFO Request starting HTTP/2 GET https://localhost:7080/lib/bootstrap/dist/js/bootstrap.bundle.min.js - -
2023-06-20 14:33:09.1123 INFO Request starting HTTP/2 GET https://localhost:7080/Images/carousel-ladybird-2.jpg - -
2023-06-20 14:33:09.1123 INFO Request starting HTTP/2 GET https://localhost:7080/images/Colorado_Beetle_Logo.png - -
2023-06-20 14:33:09.1123 INFO Request starting HTTP/2 GET https://localhost:7080/Images/carousel-ladybird-1.jpg - -
2023-06-20 14:33:09.1123 INFO Request starting HTTP/2 GET https://localhost:7080/Images/carousel-ladybird-3.jpg - -
2023-06-20 14:33:09.1123 INFO Request starting HTTP/2 GET https://localhost:7080/_vs/browserLink - -
2023-06-20 14:33:09.1289 INFO Request finished HTTP/2 GET https://localhost:7080/_framework/aspnetcore-browser-refresh.js - - - 200 12004 application/javascript;+charset=utf-8 24.6611ms
2023-06-20 14:33:09.1289 INFO Sending file. Request path: '/lib/jquery.cookie/jquery.cookie.min.js'. Physical path: 'C:\Users\User\source\repos\ColoradoBeetle\ColoradoBeetle.UI\wwwroot\lib\jquery.cookie\jquery.cookie.min.js'
2023-06-20 14:33:09.1289 INFO Sending file. Request path: '/js/site.js'. Physical path: 'C:\Users\User\source\repos\ColoradoBeetle\ColoradoBeetle.UI\wwwroot\js\site.js'
2023-06-20 14:33:09.2036 INFO Request finished HTTP/2 GET https://localhost:7080/js/site.js?v=4q1jwFhaPaZgr8WAUSrux6hAuh0XDg9kPS3xIVq36I0 - - - 200 230 application/javascript 99.2948ms
2023-06-20 14:33:09.2036 INFO Request finished HTTP/2 GET https://localhost:7080/lib/jquery.cookie/jquery.cookie.min.js - - - 200 1565 application/javascript 91.5045ms
2023-06-20 14:33:09.2271 INFO Sending file. Request path: '/Images/carousel-ladybird-2.jpg'. Physical path: 'C:\Users\User\source\repos\ColoradoBeetle\ColoradoBeetle.UI\wwwroot\Images\carousel-ladybird-2.jpg'
2023-06-20 14:33:09.2271 INFO Request finished HTTP/2 GET https://localhost:7080/Images/carousel-ladybird-2.jpg - - - 200 55458 image/jpeg 110.6079ms
2023-06-20 14:33:09.2395 INFO Sending file. Request path: '/Images/carousel-ladybird-1.jpg'. Physical path: 'C:\Users\User\source\repos\ColoradoBeetle\ColoradoBeetle.UI\wwwroot\Images\carousel-ladybird-1.jpg'
2023-06-20 14:33:09.2395 INFO Request finished HTTP/2 GET https://localhost:7080/Images/carousel-ladybird-1.jpg - - - 200 48921 image/jpeg 115.9745ms
2023-06-20 14:33:09.2395 INFO Sending file. Request path: '/images/Colorado_Beetle_Logo.png'. Physical path: 'C:\Users\User\source\repos\ColoradoBeetle\ColoradoBeetle.UI\wwwroot\Images\Colorado_Beetle_Logo.png'
2023-06-20 14:33:09.2395 INFO Request finished HTTP/2 GET https://localhost:7080/images/Colorado_Beetle_Logo.png - - - 200 29710 image/png 128.7403ms
2023-06-20 14:33:09.2395 INFO Sending file. Request path: '/Images/carousel-ladybird-3.jpg'. Physical path: 'C:\Users\User\source\repos\ColoradoBeetle\ColoradoBeetle.UI\wwwroot\Images\carousel-ladybird-3.jpg'
2023-06-20 14:33:09.2395 INFO Request finished HTTP/2 GET https://localhost:7080/Images/carousel-ladybird-3.jpg - - - 200 64366 image/jpeg 122.1900ms
2023-06-20 14:33:09.2734 INFO Sending file. Request path: '/lib/jquery/dist/jquery.min.js'. Physical path: 'C:\Users\User\source\repos\ColoradoBeetle\ColoradoBeetle.UI\wwwroot\lib\jquery\dist\jquery.min.js'
2023-06-20 14:33:09.2734 INFO Request finished HTTP/2 GET https://localhost:7080/lib/jquery/dist/jquery.min.js - - - 200 89476 application/javascript 206.5756ms
2023-06-20 14:33:09.2734 INFO Sending file. Request path: '/lib/bootstrap/dist/js/bootstrap.bundle.min.js'. Physical path: 'C:\Users\User\source\repos\ColoradoBeetle\ColoradoBeetle.UI\wwwroot\lib\bootstrap\dist\js\bootstrap.bundle.min.js'
2023-06-20 14:33:09.2734 INFO Request finished HTTP/2 GET https://localhost:7080/lib/bootstrap/dist/js/bootstrap.bundle.min.js - - - 200 78468 application/javascript 160.8211ms
2023-06-20 14:33:09.3488 INFO Sending file. Request path: '/lib/font-awesome/css/all.min.css'. Physical path: 'C:\Users\User\source\repos\ColoradoBeetle\ColoradoBeetle.UI\wwwroot\lib\font-awesome\css\all.min.css'
2023-06-20 14:33:09.3488 INFO Request finished HTTP/2 GET https://localhost:7080/lib/font-awesome/css/all.min.css - - - 200 102025 text/css 283.6710ms
2023-06-20 14:33:09.3833 INFO Sending file. Request path: '/lib/bootstrap/dist/css/bootstrap.min.css'. Physical path: 'C:\Users\User\source\repos\ColoradoBeetle\ColoradoBeetle.UI\wwwroot\lib\bootstrap\dist\css\bootstrap.min.css'
2023-06-20 14:33:09.3833 INFO Request finished HTTP/2 GET https://localhost:7080/_vs/browserLink - - - 200 - text/javascript;+charset=UTF-8 257.0982ms
2023-06-20 14:33:09.3833 INFO Request finished HTTP/2 GET https://localhost:7080/lib/bootstrap/dist/css/bootstrap.min.css - - - 200 162720 text/css 318.1215ms
2023-06-20 14:34:43.4880 INFO Request starting HTTP/2 GET https://localhost:7080/Identity/Account/Register - -
2023-06-20 14:34:43.4880 INFO Executing endpoint '/Account/Register'
2023-06-20 14:34:43.5514 INFO Route matched with {page = "/Account/Register", area = "Identity", action = "", controller = ""}. Executing page /Account/Register
2023-06-20 14:34:43.5914 INFO Executing handler method ColoradoBeetle.UI.Areas.Identity.Pages.Account.RegisterModel.OnGetAsync - ModelState is Valid
2023-06-20 14:34:43.5963 INFO Executed handler method OnGetAsync, returned result .
2023-06-20 14:34:43.5963 INFO Executing an implicit handler method - ModelState is Valid
2023-06-20 14:34:43.5963 INFO Executed an implicit handler method, returned result Microsoft.AspNetCore.Mvc.RazorPages.PageResult.
2023-06-20 14:34:43.6810 INFO Executed page /Account/Register in 129.1241ms
2023-06-20 14:34:43.6810 INFO Executed endpoint '/Account/Register'
2023-06-20 14:34:43.6810 WARN Unable to configure browser refresh script injection on the response. Consider manually adding '<script src="/_framework/aspnetcore-browser-refresh.js"></script>' to the body of the page.
2023-06-20 14:34:43.6810 INFO Request finished HTTP/2 GET https://localhost:7080/Identity/Account/Register - - - 200 - text/html;+charset=utf-8 194.5462ms
2023-06-20 14:36:13.9838 WARN Sensitive data logging is enabled. Log entries and exception messages may include sensitive application data; this mode should only be enabled during development.
2023-06-20 14:36:14.6046 INFO Entity Framework Core 6.0.18 initialized 'ApplicationDbContext' using provider 'Microsoft.EntityFrameworkCore.SqlServer:6.0.18' with options: SensitiveDataLoggingEnabled 
2023-06-20 14:36:16.1593 INFO Executed DbCommand (100ms) [Parameters=[], CommandType='Text', CommandTimeout='30']
SELECT [s].[Id], [s].[Description], [s].[Key], [s].[Order], [s].[SettingsId], [s].[Type], [s].[Value]
FROM [SettingsPositions] AS [s]
2023-06-20 14:36:16.3154 INFO DEVELOPMENT MODE!!!
2023-06-20 14:36:16.5363 INFO User profile is available. Using 'C:\Users\User\AppData\Local\ASP.NET\DataProtection-Keys' as key repository and Windows DPAPI to encrypt keys at rest.
2023-06-20 14:36:17.5287 INFO Now listening on: https://localhost:7080
2023-06-20 14:36:17.5332 INFO Now listening on: http://localhost:5116
2023-06-20 14:36:17.5332 INFO Application started. Press Ctrl+C to shut down.
2023-06-20 14:36:17.5332 INFO Hosting environment: Development
2023-06-20 14:36:17.5332 INFO Content root path: C:\Users\User\source\repos\ColoradoBeetle\ColoradoBeetle.UI\
2023-06-20 14:36:20.8933 INFO Request starting HTTP/2 GET https://localhost:7080/ - -
2023-06-20 14:36:21.1649 INFO Executing endpoint 'ColoradoBeetle.UI.Controllers.HomeController.Index (ColoradoBeetle.UI)'
2023-06-20 14:36:21.2039 INFO Route matched with {action = "Index", controller = "Home", page = "", area = ""}. Executing controller action with signature System.Threading.Tasks.Task`1[Microsoft.AspNetCore.Mvc.IActionResult] Index() on controller ColoradoBeetle.UI.Controllers.HomeController (ColoradoBeetle.UI).
2023-06-20 14:36:21.2350 INFO Executing ViewResult, running view Index.
2023-06-20 14:36:21.8291 INFO Executed ViewResult - view Index executed in 602.3066ms.
2023-06-20 14:36:21.8406 INFO Executed action ColoradoBeetle.UI.Controllers.HomeController.Index (ColoradoBeetle.UI) in 635.913ms
2023-06-20 14:36:21.8406 INFO Executed endpoint 'ColoradoBeetle.UI.Controllers.HomeController.Index (ColoradoBeetle.UI)'
2023-06-20 14:36:21.9181 INFO Request finished HTTP/2 GET https://localhost:7080/ - - - 200 - text/html;+charset=utf-8 1030.3257ms
2023-06-20 14:36:22.0275 INFO Request starting HTTP/2 GET https://localhost:7080/css/site.css?v=MmhFrXoRYVkIhw-0gmLPiaFUEqLRexokKAp-Y07CRvo - -
2023-06-20 14:36:22.0332 INFO Request starting HTTP/2 GET https://localhost:7080/_framework/aspnetcore-browser-refresh.js - -
2023-06-20 14:36:22.0332 INFO Request starting HTTP/2 GET https://localhost:7080/_vs/browserLink - -
2023-06-20 14:36:22.0332 INFO The file /css/site.css was not modified
2023-06-20 14:36:22.0491 INFO Request finished HTTP/2 GET https://localhost:7080/css/site.css?v=MmhFrXoRYVkIhw-0gmLPiaFUEqLRexokKAp-Y07CRvo - - - 304 - text/css 21.5256ms
2023-06-20 14:36:22.0491 INFO Request finished HTTP/2 GET https://localhost:7080/_framework/aspnetcore-browser-refresh.js - - - 200 12004 application/javascript;+charset=utf-8 17.3525ms
2023-06-20 14:36:22.1779 INFO Request finished HTTP/2 GET https://localhost:7080/_vs/browserLink - - - 200 - text/javascript;+charset=UTF-8 139.2808ms
2023-06-20 14:36:23.9476 INFO Request starting HTTP/2 GET https://localhost:7080/Identity/Account/Register - -
2023-06-20 14:36:23.9603 INFO Executing endpoint '/Account/Register'
2023-06-20 14:36:24.0027 INFO Route matched with {page = "/Account/Register", area = "Identity", action = "", controller = ""}. Executing page /Account/Register
2023-06-20 14:36:24.0369 INFO Executing handler method ColoradoBeetle.UI.Areas.Identity.Pages.Account.RegisterModel.OnGetAsync - ModelState is Valid
2023-06-20 14:36:24.0369 INFO Executed handler method OnGetAsync, returned result .
2023-06-20 14:36:24.0369 INFO Executing an implicit handler method - ModelState is Valid
2023-06-20 14:36:24.0369 INFO Executed an implicit handler method, returned result Microsoft.AspNetCore.Mvc.RazorPages.PageResult.
2023-06-20 14:36:24.2934 INFO Executed page /Account/Register in 290.2707ms
2023-06-20 14:36:24.2934 INFO Executed endpoint '/Account/Register'
2023-06-20 14:36:24.3119 INFO Request finished HTTP/2 GET https://localhost:7080/Identity/Account/Register - - - 200 - text/html;+charset=utf-8 364.4001ms
2023-06-20 14:36:24.3489 INFO Request starting HTTP/2 GET https://localhost:7080/GymManager.UI.styles.css - -
2023-06-20 14:36:24.3489 INFO Request starting HTTP/2 GET https://localhost:7080/_framework/aspnetcore-browser-refresh.js - -
2023-06-20 14:36:24.3489 INFO Request finished HTTP/2 GET https://localhost:7080/_framework/aspnetcore-browser-refresh.js - - - 200 12004 application/javascript;+charset=utf-8 0.8114ms
2023-06-20 14:36:24.3489 INFO Request starting HTTP/2 GET https://localhost:7080/_vs/browserLink - -
2023-06-20 14:36:24.4019 INFO Request finished HTTP/2 GET https://localhost:7080/GymManager.UI.styles.css - - - 404 0 - 53.0289ms
2023-06-20 14:36:24.4707 INFO Request starting HTTP/2 GET https://localhost:7080/lib/font-awesome/webfonts/fa-solid-900.woff2 - -
2023-06-20 14:36:24.4707 INFO Request finished HTTP/2 GET https://localhost:7080/_vs/browserLink - - - 200 - text/javascript;+charset=UTF-8 117.9496ms
2023-06-20 14:36:24.5243 INFO Sending file. Request path: '/lib/font-awesome/webfonts/fa-solid-900.woff2'. Physical path: 'C:\Users\User\source\repos\ColoradoBeetle\ColoradoBeetle.UI\wwwroot\lib\font-awesome\webfonts\fa-solid-900.woff2'
2023-06-20 14:36:24.5243 INFO Request finished HTTP/2 GET https://localhost:7080/lib/font-awesome/webfonts/fa-solid-900.woff2 - - - 200 150124 font/woff2 53.9006ms
2023-06-20 14:45:26.5366 WARN Sensitive data logging is enabled. Log entries and exception messages may include sensitive application data; this mode should only be enabled during development.
2023-06-20 14:45:27.3972 INFO Entity Framework Core 6.0.18 initialized 'ApplicationDbContext' using provider 'Microsoft.EntityFrameworkCore.SqlServer:6.0.18' with options: SensitiveDataLoggingEnabled 
2023-06-20 14:45:31.3815 INFO Executed DbCommand (331ms) [Parameters=[], CommandType='Text', CommandTimeout='30']
SELECT [s].[Id], [s].[Description], [s].[Key], [s].[Order], [s].[SettingsId], [s].[Type], [s].[Value]
FROM [SettingsPositions] AS [s]
2023-06-20 14:45:31.6519 INFO DEVELOPMENT MODE!!!
2023-06-20 14:45:32.1808 INFO User profile is available. Using 'C:\Users\User\AppData\Local\ASP.NET\DataProtection-Keys' as key repository and Windows DPAPI to encrypt keys at rest.
2023-06-20 14:45:33.1841 INFO Now listening on: https://localhost:7080
2023-06-20 14:45:33.2057 INFO Now listening on: http://localhost:5116
2023-06-20 14:45:33.2057 INFO Application started. Press Ctrl+C to shut down.
2023-06-20 14:45:33.2057 INFO Hosting environment: Development
2023-06-20 14:45:33.2057 INFO Content root path: C:\Users\User\source\repos\ColoradoBeetle\ColoradoBeetle.UI\
2023-06-20 14:45:41.5504 INFO Request starting HTTP/2 GET https://localhost:7080/ - -
2023-06-20 14:45:43.0436 INFO Executing endpoint 'ColoradoBeetle.UI.Controllers.HomeController.Index (ColoradoBeetle.UI)'
2023-06-20 14:45:43.3142 INFO Route matched with {action = "Index", controller = "Home", page = "", area = ""}. Executing controller action with signature System.Threading.Tasks.Task`1[Microsoft.AspNetCore.Mvc.IActionResult] Index() on controller ColoradoBeetle.UI.Controllers.HomeController (ColoradoBeetle.UI).
2023-06-20 14:45:43.3588 INFO Executing ViewResult, running view Index.
2023-06-20 14:45:44.3539 INFO Executed ViewResult - view Index executed in 995.0853ms.
2023-06-20 14:45:44.3775 INFO Executed action ColoradoBeetle.UI.Controllers.HomeController.Index (ColoradoBeetle.UI) in 1061.282ms
2023-06-20 14:45:44.3775 INFO Executed endpoint 'ColoradoBeetle.UI.Controllers.HomeController.Index (ColoradoBeetle.UI)'
2023-06-20 14:45:44.6017 INFO Request finished HTTP/2 GET https://localhost:7080/ - - - 200 - text/html;+charset=utf-8 3067.0337ms
2023-06-20 14:45:45.1687 INFO Request starting HTTP/2 GET https://localhost:7080/_framework/aspnetcore-browser-refresh.js - -
2023-06-20 14:45:45.1830 INFO Request starting HTTP/2 GET https://localhost:7080/css/site.css?v=MmhFrXoRYVkIhw-0gmLPiaFUEqLRexokKAp-Y07CRvo - -
2023-06-20 14:45:45.1830 INFO Request finished HTTP/2 GET https://localhost:7080/_framework/aspnetcore-browser-refresh.js - - - 200 12004 application/javascript;+charset=utf-8 15.2090ms
2023-06-20 14:45:45.1830 INFO Request starting HTTP/2 GET https://localhost:7080/_vs/browserLink - -
2023-06-20 14:45:45.3164 INFO The file /css/site.css was not modified
2023-06-20 14:45:45.3164 INFO Request finished HTTP/2 GET https://localhost:7080/css/site.css?v=MmhFrXoRYVkIhw-0gmLPiaFUEqLRexokKAp-Y07CRvo - - - 304 - text/css 135.6359ms
2023-06-20 14:45:46.0690 INFO Request finished HTTP/2 GET https://localhost:7080/_vs/browserLink - - - 200 - text/javascript;+charset=UTF-8 883.9484ms
2023-06-20 14:48:37.8559 INFO Request starting HTTP/2 GET https://localhost:7080/Identity/Account/Register - -
2023-06-20 14:48:37.8743 INFO Executing endpoint '/Account/Register'
2023-06-20 14:48:37.9325 INFO Route matched with {page = "/Account/Register", area = "Identity", action = "", controller = ""}. Executing page /Account/Register
2023-06-20 14:48:37.9704 INFO Executing handler method ColoradoBeetle.UI.Areas.Identity.Pages.Account.RegisterModel.OnGetAsync - ModelState is Valid
2023-06-20 14:48:37.9704 INFO Executed handler method OnGetAsync, returned result .
2023-06-20 14:48:37.9704 INFO Executing an implicit handler method - ModelState is Valid
2023-06-20 14:48:37.9704 INFO Executed an implicit handler method, returned result Microsoft.AspNetCore.Mvc.RazorPages.PageResult.
2023-06-20 14:48:38.2436 INFO Executed page /Account/Register in 310.3884ms
2023-06-20 14:48:38.2436 INFO Executed endpoint '/Account/Register'
2023-06-20 14:48:38.2565 INFO Request finished HTTP/2 GET https://localhost:7080/Identity/Account/Register - - - 200 - text/html;+charset=utf-8 400.6749ms
2023-06-20 14:48:38.3226 INFO Request starting HTTP/2 GET https://localhost:7080/css/site.css?v=MmhFrXoRYVkIhw-0gmLPiaFUEqLRexokKAp-Y07CRvo - -
2023-06-20 14:48:38.3226 INFO Request starting HTTP/2 GET https://localhost:7080/_vs/browserLink - -
2023-06-20 14:48:38.3226 INFO Request starting HTTP/2 GET https://localhost:7080/GymManager.UI.styles.css - -
2023-06-20 14:48:38.3226 INFO The file /css/site.css was not modified
2023-06-20 14:48:38.3226 INFO Request finished HTTP/2 GET https://localhost:7080/css/site.css?v=MmhFrXoRYVkIhw-0gmLPiaFUEqLRexokKAp-Y07CRvo - - - 304 - text/css 5.5673ms
2023-06-20 14:48:38.3226 INFO Request starting HTTP/2 GET https://localhost:7080/_framework/aspnetcore-browser-refresh.js - -
2023-06-20 14:48:38.3301 INFO Request finished HTTP/2 GET https://localhost:7080/_framework/aspnetcore-browser-refresh.js - - - 200 12004 application/javascript;+charset=utf-8 7.8511ms
2023-06-20 14:48:38.3301 INFO Request finished HTTP/2 GET https://localhost:7080/GymManager.UI.styles.css - - - 404 0 - 15.3709ms
2023-06-20 14:48:38.4676 INFO Request finished HTTP/2 GET https://localhost:7080/_vs/browserLink - - - 200 - text/javascript;+charset=UTF-8 144.4467ms
2023-06-20 14:48:46.7087 INFO Request starting HTTP/2 GET https://localhost:7080/Identity/Account/RegisterConfirmation - -
2023-06-20 14:48:46.7392 INFO Executing endpoint '/Account/RegisterConfirmation'
2023-06-20 14:48:46.7392 INFO Route matched with {page = "/Account/RegisterConfirmation", area = "Identity", action = "", controller = ""}. Executing page /Account/RegisterConfirmation
2023-06-20 14:48:46.7524 INFO Executed page /Account/RegisterConfirmation in 5.8815ms
2023-06-20 14:48:46.7524 INFO Executed endpoint '/Account/RegisterConfirmation'
2023-06-20 14:48:47.3536 INFO Request finished HTTP/2 GET https://localhost:7080/Identity/Account/RegisterConfirmation - - - 302 - application/json 640.2645ms
2023-06-20 14:48:47.3744 INFO Request starting HTTP/2 GET https://localhost:7080/Error - -
2023-06-20 14:48:47.3794 INFO Executing endpoint 'ColoradoBeetle.UI.Controllers.ErrorController.Index (ColoradoBeetle.UI)'
2023-06-20 14:48:47.3794 INFO Route matched with {action = "Index", controller = "Error", page = "", area = ""}. Executing controller action with signature Microsoft.AspNetCore.Mvc.IActionResult Index() on controller ColoradoBeetle.UI.Controllers.ErrorController (ColoradoBeetle.UI).
2023-06-20 14:48:47.3794 INFO Executing ViewResult, running view Error.
2023-06-20 14:48:47.4550 INFO Executed ViewResult - view Error executed in 72.8078ms.
2023-06-20 14:48:47.4550 INFO Executed action ColoradoBeetle.UI.Controllers.ErrorController.Index (ColoradoBeetle.UI) in 73.76ms
2023-06-20 14:48:47.4550 INFO Executed endpoint 'ColoradoBeetle.UI.Controllers.ErrorController.Index (ColoradoBeetle.UI)'
2023-06-20 14:48:47.4550 INFO Request finished HTTP/2 GET https://localhost:7080/Error - - - 200 - text/html;+charset=utf-8 88.1790ms
2023-06-20 14:48:47.5044 INFO Request starting HTTP/2 GET https://localhost:7080/GymManager2.UI.styles.css - -
2023-06-20 14:48:47.5044 INFO Request finished HTTP/2 GET https://localhost:7080/GymManager2.UI.styles.css - - - 404 0 - 1.0863ms
2023-06-20 14:48:47.5044 INFO Request starting HTTP/2 GET https://localhost:7080/_framework/aspnetcore-browser-refresh.js - -
2023-06-20 14:48:47.5044 INFO Request starting HTTP/2 GET https://localhost:7080/_vs/browserLink - -
2023-06-20 14:48:47.5044 INFO Request finished HTTP/2 GET https://localhost:7080/_framework/aspnetcore-browser-refresh.js - - - 200 12004 application/javascript;+charset=utf-8 0.3607ms
2023-06-20 14:48:47.6392 INFO Request finished HTTP/2 GET https://localhost:7080/_vs/browserLink - - - 200 - text/javascript;+charset=UTF-8 132.8452ms
2023-06-20 14:48:53.6639 INFO Request starting HTTP/2 GET https://localhost:7080/Identity/Account/Register - -
2023-06-20 14:48:53.6639 INFO Executing endpoint '/Account/Register'
2023-06-20 14:48:53.6639 INFO Route matched with {page = "/Account/Register", area = "Identity", action = "", controller = ""}. Executing page /Account/Register
2023-06-20 14:48:53.6895 INFO Executing handler method ColoradoBeetle.UI.Areas.Identity.Pages.Account.RegisterModel.OnGetAsync - ModelState is Valid
2023-06-20 14:48:53.6895 INFO Executed handler method OnGetAsync, returned result .
2023-06-20 14:48:53.6895 INFO Executing an implicit handler method - ModelState is Valid
2023-06-20 14:48:53.6895 INFO Executed an implicit handler method, returned result Microsoft.AspNetCore.Mvc.RazorPages.PageResult.
2023-06-20 14:48:53.7078 INFO Executed page /Account/Register in 37.8175ms
2023-06-20 14:48:53.7078 INFO Executed endpoint '/Account/Register'
2023-06-20 14:48:53.7078 INFO Request finished HTTP/2 GET https://localhost:7080/Identity/Account/Register - - - 200 - text/html;+charset=utf-8 52.4574ms
2023-06-20 14:48:53.7548 INFO Request starting HTTP/2 GET https://localhost:7080/_framework/aspnetcore-browser-refresh.js - -
2023-06-20 14:48:53.7548 INFO Request finished HTTP/2 GET https://localhost:7080/_framework/aspnetcore-browser-refresh.js - - - 200 12004 application/javascript;+charset=utf-8 2.2048ms
2023-06-20 14:49:05.9738 INFO Request starting HTTP/2 GET https://localhost:7080/Identity/Account/Registerconfirmation - -
2023-06-20 14:49:05.9738 INFO Executing endpoint '/Account/RegisterConfirmation'
2023-06-20 14:49:05.9738 INFO Route matched with {page = "/Account/RegisterConfirmation", area = "Identity", action = "", controller = ""}. Executing page /Account/RegisterConfirmation
2023-06-20 14:49:05.9738 INFO Executed page /Account/RegisterConfirmation in 1.845ms
2023-06-20 14:49:05.9738 INFO Executed endpoint '/Account/RegisterConfirmation'
2023-06-20 14:49:06.0292 INFO Request finished HTTP/2 GET https://localhost:7080/Identity/Account/Registerconfirmation - - - 302 - application/json 57.7068ms
2023-06-20 14:49:06.0358 INFO Request starting HTTP/2 GET https://localhost:7080/Error - -
2023-06-20 14:49:06.0358 INFO Executing endpoint 'ColoradoBeetle.UI.Controllers.ErrorController.Index (ColoradoBeetle.UI)'
2023-06-20 14:49:06.0358 INFO Route matched with {action = "Index", controller = "Error", page = "", area = ""}. Executing controller action with signature Microsoft.AspNetCore.Mvc.IActionResult Index() on controller ColoradoBeetle.UI.Controllers.ErrorController (ColoradoBeetle.UI).
2023-06-20 14:49:06.0358 INFO Executing ViewResult, running view Error.
2023-06-20 14:49:06.0559 INFO Executed ViewResult - view Error executed in 18.2888ms.
2023-06-20 14:49:06.0559 INFO Executed action ColoradoBeetle.UI.Controllers.ErrorController.Index (ColoradoBeetle.UI) in 18.6143ms
2023-06-20 14:49:06.0559 INFO Executed endpoint 'ColoradoBeetle.UI.Controllers.ErrorController.Index (ColoradoBeetle.UI)'
2023-06-20 14:49:06.0559 INFO Request finished HTTP/2 GET https://localhost:7080/Error - - - 200 - text/html;+charset=utf-8 27.1596ms
2023-06-20 14:49:06.0972 INFO Request starting HTTP/2 GET https://localhost:7080/_framework/aspnetcore-browser-refresh.js - -
2023-06-20 14:49:06.0972 INFO Request starting HTTP/2 GET https://localhost:7080/GymManager2.UI.styles.css - -
2023-06-20 14:49:06.0972 INFO Request starting HTTP/2 GET https://localhost:7080/_vs/browserLink - -
2023-06-20 14:49:06.0972 INFO Request finished HTTP/2 GET https://localhost:7080/_framework/aspnetcore-browser-refresh.js - - - 200 12004 application/javascript;+charset=utf-8 1.9421ms
2023-06-20 14:49:06.0972 INFO Request finished HTTP/2 GET https://localhost:7080/GymManager2.UI.styles.css - - - 404 0 - 1.7816ms
2023-06-20 14:49:06.2119 INFO Request finished HTTP/2 GET https://localhost:7080/_vs/browserLink - - - 200 - text/javascript;+charset=UTF-8 113.9718ms
2023-06-20 14:52:12.6635 WARN Sensitive data logging is enabled. Log entries and exception messages may include sensitive application data; this mode should only be enabled during development.
2023-06-20 14:52:13.3118 INFO Entity Framework Core 6.0.18 initialized 'ApplicationDbContext' using provider 'Microsoft.EntityFrameworkCore.SqlServer:6.0.18' with options: SensitiveDataLoggingEnabled 
2023-06-20 14:52:15.0861 INFO Executed DbCommand (98ms) [Parameters=[], CommandType='Text', CommandTimeout='30']
SELECT [s].[Id], [s].[Description], [s].[Key], [s].[Order], [s].[SettingsId], [s].[Type], [s].[Value]
FROM [SettingsPositions] AS [s]
2023-06-20 14:52:15.2575 INFO DEVELOPMENT MODE!!!
2023-06-20 14:52:15.5116 INFO User profile is available. Using 'C:\Users\User\AppData\Local\ASP.NET\DataProtection-Keys' as key repository and Windows DPAPI to encrypt keys at rest.
2023-06-20 14:52:16.1981 INFO Now listening on: https://localhost:7080
2023-06-20 14:52:16.1981 INFO Now listening on: http://localhost:5116
2023-06-20 14:52:16.1981 INFO Application started. Press Ctrl+C to shut down.
2023-06-20 14:52:16.1981 INFO Hosting environment: Development
2023-06-20 14:52:16.1981 INFO Content root path: C:\Users\User\source\repos\ColoradoBeetle\ColoradoBeetle.UI\
2023-06-20 14:52:18.5602 INFO Request starting HTTP/2 GET https://localhost:7080/ - -
2023-06-20 14:52:18.7823 INFO Executing endpoint 'ColoradoBeetle.UI.Controllers.HomeController.Index (ColoradoBeetle.UI)'
2023-06-20 14:52:18.8171 INFO Route matched with {action = "Index", controller = "Home", page = "", area = ""}. Executing controller action with signature System.Threading.Tasks.Task`1[Microsoft.AspNetCore.Mvc.IActionResult] Index() on controller ColoradoBeetle.UI.Controllers.HomeController (ColoradoBeetle.UI).
2023-06-20 14:52:18.8511 INFO Executing ViewResult, running view Index.
2023-06-20 14:52:19.5342 INFO Executed ViewResult - view Index executed in 692.1221ms.
2023-06-20 14:52:19.5342 INFO Executed action ColoradoBeetle.UI.Controllers.HomeController.Index (ColoradoBeetle.UI) in 729.786ms
2023-06-20 14:52:19.5490 INFO Executed endpoint 'ColoradoBeetle.UI.Controllers.HomeController.Index (ColoradoBeetle.UI)'
2023-06-20 14:52:19.6926 INFO Request finished HTTP/2 GET https://localhost:7080/ - - - 200 - text/html;+charset=utf-8 1134.5476ms
2023-06-20 14:52:19.7529 INFO Request starting HTTP/2 GET https://localhost:7080/_framework/aspnetcore-browser-refresh.js - -
2023-06-20 14:52:19.7529 INFO Request starting HTTP/2 GET https://localhost:7080/css/site.css?v=MmhFrXoRYVkIhw-0gmLPiaFUEqLRexokKAp-Y07CRvo - -
2023-06-20 14:52:19.7529 INFO Request starting HTTP/2 GET https://localhost:7080/_vs/browserLink - -
2023-06-20 14:52:19.7725 INFO Request finished HTTP/2 GET https://localhost:7080/_framework/aspnetcore-browser-refresh.js - - - 200 12004 application/javascript;+charset=utf-8 19.5115ms
2023-06-20 14:52:19.7725 INFO The file /css/site.css was not modified
2023-06-20 14:52:19.7725 INFO Request finished HTTP/2 GET https://localhost:7080/css/site.css?v=MmhFrXoRYVkIhw-0gmLPiaFUEqLRexokKAp-Y07CRvo - - - 304 - text/css 24.3929ms
2023-06-20 14:52:19.8738 INFO Request finished HTTP/2 GET https://localhost:7080/_vs/browserLink - - - 200 - text/javascript;+charset=UTF-8 119.1840ms
2023-06-20 14:52:25.8076 INFO Request starting HTTP/2 GET https://localhost:7080/Identity/Account/Register - -
2023-06-20 14:52:25.8216 INFO Executing endpoint '/Account/Register'
2023-06-20 14:52:25.8738 INFO Route matched with {page = "/Account/Register", area = "Identity", action = "", controller = ""}. Executing page /Account/Register
2023-06-20 14:52:25.9235 INFO Executing handler method ColoradoBeetle.UI.Areas.Identity.Pages.Account.RegisterModel.OnGetAsync - ModelState is Valid
2023-06-20 14:52:25.9282 INFO Executed handler method OnGetAsync, returned result .
2023-06-20 14:52:25.9282 INFO Executing an implicit handler method - ModelState is Valid
2023-06-20 14:52:25.9282 INFO Executed an implicit handler method, returned result Microsoft.AspNetCore.Mvc.RazorPages.PageResult.
2023-06-20 14:52:26.1747 INFO Executed page /Account/Register in 300.4502ms
2023-06-20 14:52:26.1747 INFO Executed endpoint '/Account/Register'
2023-06-20 14:52:26.1747 INFO Request finished HTTP/2 GET https://localhost:7080/Identity/Account/Register - - - 200 - text/html;+charset=utf-8 374.3352ms
2023-06-20 14:52:26.2247 INFO Request starting HTTP/2 GET https://localhost:7080/_framework/aspnetcore-browser-refresh.js - -
2023-06-20 14:52:26.2247 INFO Request starting HTTP/2 GET https://localhost:7080/_vs/browserLink - -
2023-06-20 14:52:26.2247 INFO Request finished HTTP/2 GET https://localhost:7080/_framework/aspnetcore-browser-refresh.js - - - 200 12004 application/javascript;+charset=utf-8 0.8775ms
2023-06-20 14:52:26.2247 INFO Request starting HTTP/2 GET https://localhost:7080/GymManager.UI.styles.css - -
2023-06-20 14:52:26.2509 INFO Request finished HTTP/2 GET https://localhost:7080/GymManager.UI.styles.css - - - 404 0 - 25.1544ms
2023-06-20 14:52:26.3526 INFO Request finished HTTP/2 GET https://localhost:7080/_vs/browserLink - - - 200 - text/javascript;+charset=UTF-8 127.0725ms
2023-06-20 14:52:41.3933 INFO Request starting HTTP/2 GET https://localhost:7080/Identity/Account/RegisterConfirmtion - -
2023-06-20 14:52:41.4139 INFO Request finished HTTP/2 GET https://localhost:7080/Identity/Account/RegisterConfirmtion - - - 404 0 - 20.5562ms
2023-06-20 14:52:50.9276 INFO Request starting HTTP/2 GET https://localhost:7080/Identity/Account/RegisterConfirmation - -
2023-06-20 14:52:50.9276 INFO Executing endpoint '/Account/RegisterConfirmation'
2023-06-20 14:52:50.9429 INFO Route matched with {page = "/Account/RegisterConfirmation", area = "Identity", action = "", controller = ""}. Executing page /Account/RegisterConfirmation
2023-06-20 14:52:50.9723 INFO Executing handler method ColoradoBeetle.UI.Areas.Identity.Pages.Account.RegisterConfirmationModel.OnGetAsync - ModelState is Valid
2023-06-20 14:52:50.9723 INFO Executed handler method OnGetAsync, returned result Microsoft.AspNetCore.Mvc.RedirectToPageResult.
2023-06-20 14:52:50.9723 INFO Executing RedirectToPageResult, redirecting to /Index.
2023-06-20 14:52:50.9723 INFO Executed page /Account/RegisterConfirmation in 40.0177ms
2023-06-20 14:52:50.9723 INFO Executed endpoint '/Account/RegisterConfirmation'
2023-06-20 14:52:50.9723 INFO Request finished HTTP/2 GET https://localhost:7080/Identity/Account/RegisterConfirmation - - - 302 0 - 56.0411ms
2023-06-20 14:52:51.0066 INFO Request starting HTTP/2 GET https://localhost:7080/?page=%2FIndex - -
2023-06-20 14:52:51.0066 INFO Executing endpoint 'ColoradoBeetle.UI.Controllers.HomeController.Index (ColoradoBeetle.UI)'
2023-06-20 14:52:51.0066 INFO Route matched with {action = "Index", controller = "Home", page = "", area = ""}. Executing controller action with signature System.Threading.Tasks.Task`1[Microsoft.AspNetCore.Mvc.IActionResult] Index() on controller ColoradoBeetle.UI.Controllers.HomeController (ColoradoBeetle.UI).
2023-06-20 14:52:51.0177 INFO Executing ViewResult, running view Index.
2023-06-20 14:52:51.0526 INFO Executed ViewResult - view Index executed in 35.1106ms.
2023-06-20 14:52:51.0526 INFO Executed action ColoradoBeetle.UI.Controllers.HomeController.Index (ColoradoBeetle.UI) in 35.9847ms
2023-06-20 14:52:51.0526 INFO Executed endpoint 'ColoradoBeetle.UI.Controllers.HomeController.Index (ColoradoBeetle.UI)'
2023-06-20 14:52:51.0658 INFO Request finished HTTP/2 GET https://localhost:7080/?page=%2FIndex - - - 200 - text/html;+charset=utf-8 67.7104ms
2023-06-20 14:52:51.2107 INFO Request starting HTTP/2 GET https://localhost:7080/_framework/aspnetcore-browser-refresh.js - -
2023-06-20 14:52:51.2107 INFO Request finished HTTP/2 GET https://localhost:7080/_framework/aspnetcore-browser-refresh.js - - - 200 12004 application/javascript;+charset=utf-8 0.5068ms
2023-06-20 14:52:51.2338 INFO Request starting HTTP/2 GET https://localhost:7080/_vs/browserLink - -
2023-06-20 14:52:51.3509 INFO Request finished HTTP/2 GET https://localhost:7080/_vs/browserLink - - - 200 - text/javascript;+charset=UTF-8 118.8784ms
2023-06-20 18:56:29.6221 WARN Sensitive data logging is enabled. Log entries and exception messages may include sensitive application data; this mode should only be enabled during development.
2023-06-20 18:56:30.4287 INFO Entity Framework Core 6.0.18 initialized 'ApplicationDbContext' using provider 'Microsoft.EntityFrameworkCore.SqlServer:6.0.18' with options: SensitiveDataLoggingEnabled 
2023-06-20 18:56:32.5610 INFO Executed DbCommand (122ms) [Parameters=[], CommandType='Text', CommandTimeout='30']
SELECT [s].[Id], [s].[Description], [s].[Key], [s].[Order], [s].[SettingsId], [s].[Type], [s].[Value]
FROM [SettingsPositions] AS [s]
2023-06-20 18:56:32.7326 INFO DEVELOPMENT MODE!!!
2023-06-20 18:56:33.0393 INFO User profile is available. Using 'C:\Users\User\AppData\Local\ASP.NET\DataProtection-Keys' as key repository and Windows DPAPI to encrypt keys at rest.
2023-06-20 18:56:33.7490 INFO Now listening on: https://localhost:7080
2023-06-20 18:56:33.7490 INFO Now listening on: http://localhost:5116
2023-06-20 18:56:33.7490 INFO Application started. Press Ctrl+C to shut down.
2023-06-20 18:56:33.7490 INFO Hosting environment: Development
2023-06-20 18:56:33.7490 INFO Content root path: C:\Users\User\source\repos\ColoradoBeetle\ColoradoBeetle.UI\
2023-06-20 18:56:36.6446 INFO Request starting HTTP/2 GET https://localhost:7080/ - -
2023-06-20 18:56:36.9545 INFO Executing endpoint 'ColoradoBeetle.UI.Controllers.HomeController.Index (ColoradoBeetle.UI)'
2023-06-20 18:56:36.9965 INFO Route matched with {action = "Index", controller = "Home", page = "", area = ""}. Executing controller action with signature System.Threading.Tasks.Task`1[Microsoft.AspNetCore.Mvc.IActionResult] Index() on controller ColoradoBeetle.UI.Controllers.HomeController (ColoradoBeetle.UI).
2023-06-20 18:56:37.0540 INFO Executing ViewResult, running view Index.
2023-06-20 18:56:38.0858 INFO Executed ViewResult - view Index executed in 1040.1473ms.
2023-06-20 18:56:38.1107 INFO Executed action ColoradoBeetle.UI.Controllers.HomeController.Index (ColoradoBeetle.UI) in 1113.5498ms
2023-06-20 18:56:38.1131 INFO Executed endpoint 'ColoradoBeetle.UI.Controllers.HomeController.Index (ColoradoBeetle.UI)'
2023-06-20 18:56:38.3636 INFO Request finished HTTP/2 GET https://localhost:7080/ - - - 200 - text/html;+charset=utf-8 1724.2972ms
2023-06-20 18:56:38.4180 INFO Request starting HTTP/2 GET https://localhost:7080/ColoradoBeetle.UI.styles.css?v=S2mmYHR23Y_xziC5xU2sPPGSE_TQ0QimX-PIvU4rTqE - -
2023-06-20 18:56:38.4266 INFO Request starting HTTP/2 GET https://localhost:7080/_framework/aspnetcore-browser-refresh.js - -
2023-06-20 18:56:38.4266 INFO Request starting HTTP/2 GET https://localhost:7080/images/Colorado_Beetle_Logo.png - -
2023-06-20 18:56:38.4266 INFO Request starting HTTP/2 GET https://localhost:7080/Images/carousel-ladybird-1.jpg - -
2023-06-20 18:56:38.4415 INFO Request finished HTTP/2 GET https://localhost:7080/_framework/aspnetcore-browser-refresh.js - - - 200 12004 application/javascript;+charset=utf-8 14.8660ms
2023-06-20 18:56:38.4415 INFO Request starting HTTP/2 GET https://localhost:7080/Images/carousel-ladybird-2.jpg - -
2023-06-20 18:56:38.4415 INFO Request starting HTTP/2 GET https://localhost:7080/Images/carousel-ladybird-3.jpg - -
2023-06-20 18:56:38.4824 INFO Request starting HTTP/2 GET https://localhost:7080/css/site.css?v=MmhFrXoRYVkIhw-0gmLPiaFUEqLRexokKAp-Y07CRvo - -
2023-06-20 18:56:38.4824 INFO Request starting HTTP/2 GET https://localhost:7080/_vs/browserLink - -
2023-06-20 18:56:38.5142 INFO The file /css/site.css was not modified
2023-06-20 18:56:38.5311 INFO Request finished HTTP/2 GET https://localhost:7080/css/site.css?v=MmhFrXoRYVkIhw-0gmLPiaFUEqLRexokKAp-Y07CRvo - - - 304 - text/css 48.7102ms
2023-06-20 18:56:38.5428 INFO Sending file. Request path: '/images/Colorado_Beetle_Logo.png'. Physical path: 'C:\Users\User\source\repos\ColoradoBeetle\ColoradoBeetle.UI\wwwroot\Images\Colorado_Beetle_Logo.png'
2023-06-20 18:56:38.5428 INFO Sending file. Request path: '/Images/carousel-ladybird-2.jpg'. Physical path: 'C:\Users\User\source\repos\ColoradoBeetle\ColoradoBeetle.UI\wwwroot\Images\carousel-ladybird-2.jpg'
2023-06-20 18:56:38.5428 INFO Sending file. Request path: '/Images/carousel-ladybird-1.jpg'. Physical path: 'C:\Users\User\source\repos\ColoradoBeetle\ColoradoBeetle.UI\wwwroot\Images\carousel-ladybird-1.jpg'
2023-06-20 18:56:38.5428 INFO Request finished HTTP/2 GET https://localhost:7080/Images/carousel-ladybird-2.jpg - - - 200 55458 image/jpeg 101.4392ms
2023-06-20 18:56:38.5428 INFO Sending file. Request path: '/ColoradoBeetle.UI.styles.css'. Physical path: 'C:\Users\User\source\repos\ColoradoBeetle\ColoradoBeetle.UI\obj\Debug\net6.0\scopedcss\bundle\ColoradoBeetle.UI.styles.css'
2023-06-20 18:56:38.5428 INFO Request finished HTTP/2 GET https://localhost:7080/ColoradoBeetle.UI.styles.css?v=S2mmYHR23Y_xziC5xU2sPPGSE_TQ0QimX-PIvU4rTqE - - - 200 1107 text/css 125.4894ms
2023-06-20 18:56:38.5428 INFO Sending file. Request path: '/Images/carousel-ladybird-3.jpg'. Physical path: 'C:\Users\User\source\repos\ColoradoBeetle\ColoradoBeetle.UI\wwwroot\Images\carousel-ladybird-3.jpg'
2023-06-20 18:56:38.5428 INFO Request finished HTTP/2 GET https://localhost:7080/images/Colorado_Beetle_Logo.png - - - 200 29710 image/png 115.5019ms
2023-06-20 18:56:38.5428 INFO Request finished HTTP/2 GET https://localhost:7080/Images/carousel-ladybird-3.jpg - - - 200 64366 image/jpeg 101.4720ms
2023-06-20 18:56:38.5428 INFO Request finished HTTP/2 GET https://localhost:7080/Images/carousel-ladybird-1.jpg - - - 200 48921 image/jpeg 111.9001ms
2023-06-20 18:56:38.9413 INFO Request finished HTTP/2 GET https://localhost:7080/_vs/browserLink - - - 200 - text/javascript;+charset=UTF-8 458.9564ms
2023-06-20 18:56:45.1406 INFO Request starting HTTP/2 GET https://localhost:7080/Identity/Account/Register - -
2023-06-20 18:56:45.1564 INFO Executing endpoint '/Account/Register'
2023-06-20 18:56:45.2145 INFO Route matched with {page = "/Account/Register", area = "Identity", action = "", controller = ""}. Executing page /Account/Register
2023-06-20 18:56:45.2751 INFO Executing handler method ColoradoBeetle.UI.Areas.Identity.Pages.Account.RegisterModel.OnGetAsync - ModelState is Valid
2023-06-20 18:56:45.2751 INFO Executed handler method OnGetAsync, returned result .
2023-06-20 18:56:45.2862 INFO Executing an implicit handler method - ModelState is Valid
2023-06-20 18:56:45.2862 INFO Executed an implicit handler method, returned result Microsoft.AspNetCore.Mvc.RazorPages.PageResult.
2023-06-20 18:56:45.5579 INFO Executed page /Account/Register in 342.9875ms
2023-06-20 18:56:45.5579 INFO Executed endpoint '/Account/Register'
2023-06-20 18:56:45.5697 INFO Request finished HTTP/2 GET https://localhost:7080/Identity/Account/Register - - - 200 - text/html;+charset=utf-8 429.3391ms
2023-06-20 18:56:45.6086 INFO Request starting HTTP/2 GET https://localhost:7080/_framework/aspnetcore-browser-refresh.js - -
2023-06-20 18:56:45.6086 INFO Request starting HTTP/2 GET https://localhost:7080/_vs/browserLink - -
2023-06-20 18:56:45.6086 INFO Request finished HTTP/2 GET https://localhost:7080/_framework/aspnetcore-browser-refresh.js - - - 200 12004 application/javascript;+charset=utf-8 1.4864ms
2023-06-20 18:56:45.6086 INFO Request starting HTTP/2 GET https://localhost:7080/GymManager.UI.styles.css - -
2023-06-20 18:56:45.6281 INFO Request finished HTTP/2 GET https://localhost:7080/GymManager.UI.styles.css - - - 404 0 - 18.2419ms
2023-06-20 18:56:45.7565 INFO Request finished HTTP/2 GET https://localhost:7080/_vs/browserLink - - - 200 - text/javascript;+charset=UTF-8 146.8505ms
2023-06-20 18:58:22.4598 INFO Request starting HTTP/2 POST https://localhost:7080/Identity/Account/Register application/x-www-form-urlencoded 282
2023-06-20 18:58:22.4759 INFO Executing endpoint '/Account/Register'
2023-06-20 18:58:22.4759 INFO Route matched with {page = "/Account/Register", area = "Identity", action = "", controller = ""}. Executing page /Account/Register
2023-06-20 18:58:22.5460 INFO Executing handler method ColoradoBeetle.UI.Areas.Identity.Pages.Account.RegisterModel.OnPostAsync - ModelState is Valid
2023-06-20 18:58:22.7125 INFO Entity Framework Core 6.0.18 initialized 'ApplicationDbContext' using provider 'Microsoft.EntityFrameworkCore.SqlServer:6.0.18' with options: SensitiveDataLoggingEnabled 
2023-06-20 18:58:23.5731 INFO Executed DbCommand (94ms) [Parameters=[@__normalizedUserName_0='STANIALAW.WEGNER@GMAIL.COM' (Size = 256)], CommandType='Text', CommandTimeout='30']
SELECT TOP(1) [a].[Id], [a].[AccessFailedCount], [a].[ConcurrencyStamp], [a].[Email], [a].[EmailConfirmed], [a].[FirstName], [a].[IsDeleted], [a].[LastName], [a].[LockoutEnabled], [a].[LockoutEnd], [a].[NormalizedEmail], [a].[NormalizedUserName], [a].[PasswordHash], [a].[PhoneNumber], [a].[PhoneNumberConfirmed], [a].[RegisterDateTime], [a].[SecurityStamp], [a].[TwoFactorEnabled], [a].[UserName]
FROM [AspNetUsers] AS [a]
WHERE [a].[NormalizedUserName] = @__normalizedUserName_0
2023-06-20 18:58:24.3098 INFO Executed DbCommand (53ms) [Parameters=[@p0='43629242-f353-4d62-8548-0bd3c3c868d5' (Nullable = false) (Size = 450), @p1='0', @p2='a770469d-1c79-4202-ad52-521fefe4a703' (Size = 4000), @p3='stanialaw.wegner@gmail.com' (Size = 256), @p4='False', @p5=NULL (Size = 100), @p6='False', @p7=NULL (Size = 100), @p8='True', @p9=NULL (DbType = DateTimeOffset), @p10='STANIALAW.WEGNER@GMAIL.COM' (Size = 256), @p11='STANIALAW.WEGNER@GMAIL.COM' (Size = 256), @p12='AQAAAAEAACcQAAAAEADq8/7MMEABsEyWjCdhV00uRvD7p8zJI6XEMcuQivPAgBBfkmIUmALUkat4Aq92yA==' (Size = 4000), @p13=NULL (Size = 4000), @p14='False', @p15='2023-06-20T16:58:22.5533492Z', @p16='6QAVI2FX7BIZCAO3OZPQ43SD7MCSRQJK' (Size = 4000), @p17='False', @p18='stanialaw.wegner@gmail.com' (Size = 256)], CommandType='Text', CommandTimeout='30']
SET NOCOUNT ON;
INSERT INTO [AspNetUsers] ([Id], [AccessFailedCount], [ConcurrencyStamp], [Email], [EmailConfirmed], [FirstName], [IsDeleted], [LastName], [LockoutEnabled], [LockoutEnd], [NormalizedEmail], [NormalizedUserName], [PasswordHash], [PhoneNumber], [PhoneNumberConfirmed], [RegisterDateTime], [SecurityStamp], [TwoFactorEnabled], [UserName])
VALUES (@p0, @p1, @p2, @p3, @p4, @p5, @p6, @p7, @p8, @p9, @p10, @p11, @p12, @p13, @p14, @p15, @p16, @p17, @p18);
2023-06-20 18:58:24.4255 INFO User created a new account with password.
2023-06-20 18:58:24.4772 INFO Executed DbCommand (6ms) [Parameters=[@__normalizedRoleName_0='KLIENT' (Size = 256)], CommandType='Text', CommandTimeout='30']
SELECT TOP(2) [a].[Id], [a].[ConcurrencyStamp], [a].[Name], [a].[NormalizedName]
FROM [AspNetRoles] AS [a]
WHERE [a].[NormalizedName] = @__normalizedRoleName_0
2023-06-20 18:58:24.6423 INFO Executed DbCommand (17ms) [Parameters=[@__p_0='43629242-f353-4d62-8548-0bd3c3c868d5' (Size = 450), @__p_1='F5502C99-1E28-4025-AB7B-6D99CE8EE4A3' (Size = 450)], CommandType='Text', CommandTimeout='30']
SELECT TOP(1) [a].[UserId], [a].[RoleId]
FROM [AspNetUserRoles] AS [a]
WHERE ([a].[UserId] = @__p_0) AND ([a].[RoleId] = @__p_1)
2023-06-20 18:58:24.6694 INFO Executed DbCommand (4ms) [Parameters=[@__normalizedRoleName_0='KLIENT' (Size = 256)], CommandType='Text', CommandTimeout='30']
SELECT TOP(2) [a].[Id], [a].[ConcurrencyStamp], [a].[Name], [a].[NormalizedName]
FROM [AspNetRoles] AS [a]
WHERE [a].[NormalizedName] = @__normalizedRoleName_0
2023-06-20 18:58:24.7857 INFO Executed DbCommand (18ms) [Parameters=[@__normalizedUserName_0='STANIALAW.WEGNER@GMAIL.COM' (Size = 256)], CommandType='Text', CommandTimeout='30']
SELECT TOP(1) [a].[Id], [a].[AccessFailedCount], [a].[ConcurrencyStamp], [a].[Email], [a].[EmailConfirmed], [a].[FirstName], [a].[IsDeleted], [a].[LastName], [a].[LockoutEnabled], [a].[LockoutEnd], [a].[NormalizedEmail], [a].[NormalizedUserName], [a].[PasswordHash], [a].[PhoneNumber], [a].[PhoneNumberConfirmed], [a].[RegisterDateTime], [a].[SecurityStamp], [a].[TwoFactorEnabled], [a].[UserName]
FROM [AspNetUsers] AS [a]
WHERE [a].[NormalizedUserName] = @__normalizedUserName_0
2023-06-20 18:58:24.8547 INFO Executed DbCommand (6ms) [Parameters=[@p0='F5502C99-1E28-4025-AB7B-6D99CE8EE4A3' (Nullable = false) (Size = 450), @p1='43629242-f353-4d62-8548-0bd3c3c868d5' (Nullable = false) (Size = 450)], CommandType='Text', CommandTimeout='30']
SET NOCOUNT ON;
INSERT INTO [AspNetUserRoles] ([RoleId], [UserId])
VALUES (@p0, @p1);
2023-06-20 18:58:24.9191 INFO Executed DbCommand (54ms) [Parameters=[@p18='43629242-f353-4d62-8548-0bd3c3c868d5' (Nullable = false) (Size = 450), @p0='0', @p1='b8f67426-2f52-4c17-850b-53329d009380' (Size = 4000), @p19='a770469d-1c79-4202-ad52-521fefe4a703' (Size = 4000), @p2='stanialaw.wegner@gmail.com' (Size = 256), @p3='False', @p4=NULL (Size = 100), @p5='False', @p6=NULL (Size = 100), @p7='True', @p8=NULL (DbType = DateTimeOffset), @p9='STANIALAW.WEGNER@GMAIL.COM' (Size = 256), @p10='STANIALAW.WEGNER@GMAIL.COM' (Size = 256), @p11='AQAAAAEAACcQAAAAEADq8/7MMEABsEyWjCdhV00uRvD7p8zJI6XEMcuQivPAgBBfkmIUmALUkat4Aq92yA==' (Size = 4000), @p12=NULL (Size = 4000), @p13='False', @p14='2023-06-20T16:58:22.5533492Z', @p15='6QAVI2FX7BIZCAO3OZPQ43SD7MCSRQJK' (Size = 4000), @p16='False', @p17='stanialaw.wegner@gmail.com' (Size = 256)], CommandType='Text', CommandTimeout='30']
SET NOCOUNT ON;
UPDATE [AspNetUsers] SET [AccessFailedCount] = @p0, [ConcurrencyStamp] = @p1, [Email] = @p2, [EmailConfirmed] = @p3, [FirstName] = @p4, [IsDeleted] = @p5, [LastName] = @p6, [LockoutEnabled] = @p7, [LockoutEnd] = @p8, [NormalizedEmail] = @p9, [NormalizedUserName] = @p10, [PasswordHash] = @p11, [PhoneNumber] = @p12, [PhoneNumberConfirmed] = @p13, [RegisterDateTime] = @p14, [SecurityStamp] = @p15, [TwoFactorEnabled] = @p16, [UserName] = @p17
WHERE [Id] = @p18 AND [ConcurrencyStamp] = @p19;
SELECT @@ROWCOUNT;
2023-06-20 18:58:29.1393 INFO Executed handler method OnPostAsync, returned result Microsoft.AspNetCore.Mvc.RedirectToPageResult.
2023-06-20 18:58:29.1469 INFO Executing RedirectToPageResult, redirecting to RegisterConfirmation.
2023-06-20 18:58:29.1469 INFO Executed page /Account/Register in 6671.1239ms
2023-06-20 18:58:29.1469 INFO Executed endpoint '/Account/Register'
2023-06-20 18:58:29.1469 INFO Request finished HTTP/2 POST https://localhost:7080/Identity/Account/Register application/x-www-form-urlencoded 282 - 302 0 - 6694.8165ms
2023-06-20 18:58:29.1469 INFO Request starting HTTP/2 GET https://localhost:7080/Identity/Account/RegisterConfirmation?email=stanialaw.wegner@gmail.com&returnUrl=%2F - -
2023-06-20 18:58:29.1469 INFO Executing endpoint '/Account/RegisterConfirmation'
2023-06-20 18:58:29.1609 INFO Route matched with {page = "/Account/RegisterConfirmation", area = "Identity", action = "", controller = ""}. Executing page /Account/RegisterConfirmation
2023-06-20 18:58:29.1609 INFO Executing handler method ColoradoBeetle.UI.Areas.Identity.Pages.Account.RegisterConfirmationModel.OnGetAsync - ModelState is Valid
2023-06-20 18:58:29.1609 INFO Executed handler method OnGetAsync, returned result Microsoft.AspNetCore.Mvc.RazorPages.PageResult.
2023-06-20 18:58:29.1987 INFO Executed page /Account/RegisterConfirmation in 37.6892ms
2023-06-20 18:58:29.1987 INFO Executed endpoint '/Account/RegisterConfirmation'
2023-06-20 18:58:29.2053 INFO Request finished HTTP/2 GET https://localhost:7080/Identity/Account/RegisterConfirmation?email=stanialaw.wegner@gmail.com&returnUrl=%2F - - - 200 - text/html;+charset=utf-8 49.6162ms
2023-06-20 18:58:29.2761 INFO Request starting HTTP/2 GET https://localhost:7080/GymManager.UI.styles.css - -
2023-06-20 18:58:29.2910 INFO Request finished HTTP/2 GET https://localhost:7080/GymManager.UI.styles.css - - - 404 0 - 14.8625ms
2023-06-20 18:58:29.2910 INFO Request starting HTTP/2 GET https://localhost:7080/_framework/aspnetcore-browser-refresh.js - -
2023-06-20 18:58:29.2910 INFO Request finished HTTP/2 GET https://localhost:7080/_framework/aspnetcore-browser-refresh.js - - - 200 12004 application/javascript;+charset=utf-8 0.5054ms
2023-06-20 18:58:29.3032 INFO Request starting HTTP/2 GET https://localhost:7080/_vs/browserLink - -
2023-06-20 18:58:29.4552 INFO Request finished HTTP/2 GET https://localhost:7080/_vs/browserLink - - - 200 - text/javascript;+charset=UTF-8 151.9626ms
2023-06-20 18:58:48.5133 INFO Request starting HTTP/2 GET https://localhost:7080/Identity/Account/ConfirmEmail?userId=43629242-f353-4d62-8548-0bd3c3c868d5&code=Q2ZESjhLMk5hb1FvYitGT3NydS9DdlNnN3hpdUNDVVA0eDcyWjkzRmlpYWpQVGZPaDdpVzlDWHNuV1J2WWZCRDdwN3hiSm5xUDUxNXlhMFA3R2xmWEVTOThqaHBRbVNwUWZOTEx0VTVXK1RUdFlQUEpEOFQ4RW1US2x0VGZJa0lCNmJYb3F0cnNGeVc0RU80eUpDVStUVmVoQkdZcCtHOTRaRHRnQWd0YnZqM1hGS3dJYjEwcXZpS0o1aWdpYlFsMmkvV0ZlcXZpNDRidjJtN09QVHBDSkZrdEEyQ05jc0g3UFZnbHlDRVE0UG9HdUhhK1dyWGFmR2cvL2ZNQklPbERvYlBPUT09&returnUrl=%2F - -
2023-06-20 18:58:48.5219 INFO Executing endpoint '/Account/ConfirmEmail'
2023-06-20 18:58:48.5424 INFO Route matched with {page = "/Account/ConfirmEmail", area = "Identity", action = "", controller = ""}. Executing page /Account/ConfirmEmail
2023-06-20 18:58:48.5526 INFO Executing handler method ColoradoBeetle.UI.Areas.Identity.Pages.Account.ConfirmEmailModel.OnGetAsync - ModelState is Valid
2023-06-20 18:58:48.7857 INFO Entity Framework Core 6.0.18 initialized 'ApplicationDbContext' using provider 'Microsoft.EntityFrameworkCore.SqlServer:6.0.18' with options: SensitiveDataLoggingEnabled 
2023-06-20 18:58:48.8413 INFO Executed DbCommand (38ms) [Parameters=[@__p_0='43629242-f353-4d62-8548-0bd3c3c868d5' (Size = 450)], CommandType='Text', CommandTimeout='30']
SELECT TOP(1) [a].[Id], [a].[AccessFailedCount], [a].[ConcurrencyStamp], [a].[Email], [a].[EmailConfirmed], [a].[FirstName], [a].[IsDeleted], [a].[LastName], [a].[LockoutEnabled], [a].[LockoutEnd], [a].[NormalizedEmail], [a].[NormalizedUserName], [a].[PasswordHash], [a].[PhoneNumber], [a].[PhoneNumberConfirmed], [a].[RegisterDateTime], [a].[SecurityStamp], [a].[TwoFactorEnabled], [a].[UserName]
FROM [AspNetUsers] AS [a]
WHERE [a].[Id] = @__p_0
2023-06-20 18:58:48.8815 INFO Executed DbCommand (12ms) [Parameters=[@__normalizedUserName_0='STANIALAW.WEGNER@GMAIL.COM' (Size = 256)], CommandType='Text', CommandTimeout='30']
SELECT TOP(1) [a].[Id], [a].[AccessFailedCount], [a].[ConcurrencyStamp], [a].[Email], [a].[EmailConfirmed], [a].[FirstName], [a].[IsDeleted], [a].[LastName], [a].[LockoutEnabled], [a].[LockoutEnd], [a].[NormalizedEmail], [a].[NormalizedUserName], [a].[PasswordHash], [a].[PhoneNumber], [a].[PhoneNumberConfirmed], [a].[RegisterDateTime], [a].[SecurityStamp], [a].[TwoFactorEnabled], [a].[UserName]
FROM [AspNetUsers] AS [a]
WHERE [a].[NormalizedUserName] = @__normalizedUserName_0
2023-06-20 18:58:48.9039 INFO Executed DbCommand (19ms) [Parameters=[@p18='43629242-f353-4d62-8548-0bd3c3c868d5' (Nullable = false) (Size = 450), @p0='0', @p1='e653e695-bc27-469f-9730-cb64069bef0e' (Size = 4000), @p19='b8f67426-2f52-4c17-850b-53329d009380' (Size = 4000), @p2='stanialaw.wegner@gmail.com' (Size = 256), @p3='True', @p4=NULL (Size = 100), @p5='False', @p6=NULL (Size = 100), @p7='True', @p8=NULL (DbType = DateTimeOffset), @p9='STANIALAW.WEGNER@GMAIL.COM' (Size = 256), @p10='STANIALAW.WEGNER@GMAIL.COM' (Size = 256), @p11='AQAAAAEAACcQAAAAEADq8/7MMEABsEyWjCdhV00uRvD7p8zJI6XEMcuQivPAgBBfkmIUmALUkat4Aq92yA==' (Size = 4000), @p12=NULL (Size = 4000), @p13='False', @p14='2023-06-20T16:58:22.5533492', @p15='6QAVI2FX7BIZCAO3OZPQ43SD7MCSRQJK' (Size = 4000), @p16='False', @p17='stanialaw.wegner@gmail.com' (Size = 256)], CommandType='Text', CommandTimeout='30']
SET NOCOUNT ON;
UPDATE [AspNetUsers] SET [AccessFailedCount] = @p0, [ConcurrencyStamp] = @p1, [Email] = @p2, [EmailConfirmed] = @p3, [FirstName] = @p4, [IsDeleted] = @p5, [LastName] = @p6, [LockoutEnabled] = @p7, [LockoutEnd] = @p8, [NormalizedEmail] = @p9, [NormalizedUserName] = @p10, [PasswordHash] = @p11, [PhoneNumber] = @p12, [PhoneNumberConfirmed] = @p13, [RegisterDateTime] = @p14, [SecurityStamp] = @p15, [TwoFactorEnabled] = @p16, [UserName] = @p17
WHERE [Id] = @p18 AND [ConcurrencyStamp] = @p19;
SELECT @@ROWCOUNT;
2023-06-20 18:58:48.9087 INFO Executed handler method OnGetAsync, returned result Microsoft.AspNetCore.Mvc.RedirectResult.
2023-06-20 18:58:48.9087 INFO Executing RedirectResult, redirecting to /Identity/Account/Login.
2023-06-20 18:58:48.9247 INFO Executed page /Account/ConfirmEmail in 382.1262ms
2023-06-20 18:58:48.9247 INFO Executed endpoint '/Account/ConfirmEmail'
2023-06-20 18:58:48.9247 INFO Request finished HTTP/2 GET https://localhost:7080/Identity/Account/ConfirmEmail?userId=43629242-f353-4d62-8548-0bd3c3c868d5&code=Q2ZESjhLMk5hb1FvYitGT3NydS9DdlNnN3hpdUNDVVA0eDcyWjkzRmlpYWpQVGZPaDdpVzlDWHNuV1J2WWZCRDdwN3hiSm5xUDUxNXlhMFA3R2xmWEVTOThqaHBRbVNwUWZOTEx0VTVXK1RUdFlQUEpEOFQ4RW1US2x0VGZJa0lCNmJYb3F0cnNGeVc0RU80eUpDVStUVmVoQkdZcCtHOTRaRHRnQWd0YnZqM1hGS3dJYjEwcXZpS0o1aWdpYlFsMmkvV0ZlcXZpNDRidjJtN09QVHBDSkZrdEEyQ05jc0g3UFZnbHlDRVE0UG9HdUhhK1dyWGFmR2cvL2ZNQklPbERvYlBPUT09&returnUrl=%2F - - - 302 0 - 412.8618ms
2023-06-20 18:58:48.9247 INFO Request starting HTTP/2 GET https://localhost:7080/Identity/Account/Login - -
2023-06-20 18:58:48.9247 INFO Executing endpoint '/Account/Login'
2023-06-20 18:58:48.9490 INFO Route matched with {page = "/Account/Login", area = "Identity", action = "", controller = ""}. Executing page /Account/Login
2023-06-20 18:58:48.9560 INFO Executed page /Account/Login in 6.8712ms
2023-06-20 18:58:48.9560 INFO Executed endpoint '/Account/Login'
2023-06-20 18:58:49.6039 INFO Request finished HTTP/2 GET https://localhost:7080/Identity/Account/Login - - - 302 - application/json 672.6215ms
2023-06-20 18:58:49.6159 INFO Request starting HTTP/2 GET https://localhost:7080/Error - -
2023-06-20 18:58:49.6159 INFO Executing endpoint 'ColoradoBeetle.UI.Controllers.ErrorController.Index (ColoradoBeetle.UI)'
2023-06-20 18:58:49.6159 INFO Route matched with {action = "Index", controller = "Error", page = "", area = ""}. Executing controller action with signature Microsoft.AspNetCore.Mvc.IActionResult Index() on controller ColoradoBeetle.UI.Controllers.ErrorController (ColoradoBeetle.UI).
2023-06-20 18:58:49.6159 INFO Executing ViewResult, running view Error.
2023-06-20 18:58:49.6942 INFO Executed ViewResult - view Error executed in 71.5333ms.
2023-06-20 18:58:49.6942 INFO Executed action ColoradoBeetle.UI.Controllers.ErrorController.Index (ColoradoBeetle.UI) in 72.7886ms
2023-06-20 18:58:49.6942 INFO Executed endpoint 'ColoradoBeetle.UI.Controllers.ErrorController.Index (ColoradoBeetle.UI)'
2023-06-20 18:58:49.7083 INFO Request finished HTTP/2 GET https://localhost:7080/Error - - - 200 - text/html;+charset=utf-8 92.3964ms
2023-06-20 18:58:49.7851 INFO Request starting HTTP/2 GET https://localhost:7080/GymManager2.UI.styles.css - -
2023-06-20 18:58:49.7851 INFO Request finished HTTP/2 GET https://localhost:7080/GymManager2.UI.styles.css - - - 404 0 - 2.1921ms
2023-06-20 18:58:49.7851 INFO Request starting HTTP/2 GET https://localhost:7080/_framework/aspnetcore-browser-refresh.js - -
2023-06-20 18:58:49.7851 INFO Request finished HTTP/2 GET https://localhost:7080/_framework/aspnetcore-browser-refresh.js - - - 200 12004 application/javascript;+charset=utf-8 0.2937ms
2023-06-20 18:58:49.7851 INFO Request starting HTTP/2 GET https://localhost:7080/_vs/browserLink - -
2023-06-20 18:58:50.0566 INFO Request finished HTTP/2 GET https://localhost:7080/_vs/browserLink - - - 200 - text/javascript;+charset=UTF-8 268.6632ms
