2023-05-19 18:50:08.0217 INFO DEVELOPMENT MODE!!!
2023-05-19 18:50:09.3729 INFO User profile is available. Using 'C:\Users\User\AppData\Local\ASP.NET\DataProtection-Keys' as key repository and Windows DPAPI to encrypt keys at rest.
2023-05-19 18:50:11.6248 INFO Now listening on: https://localhost:7080
2023-05-19 18:50:11.6248 INFO Now listening on: http://localhost:5116
2023-05-19 18:50:11.6248 INFO Application started. Press Ctrl+C to shut down.
2023-05-19 18:50:11.6248 INFO Hosting environment: Development
2023-05-19 18:50:11.6248 INFO Content root path: C:\Users\User\source\repos\ColoradoBeetle\ColoradoBeetle.UI\
2023-05-19 18:50:15.8170 INFO Request starting HTTP/2 GET https://localhost:7080/ - -
2023-05-19 18:50:16.0348 INFO Executing endpoint 'ColoradoBeetle.UI.Controllers.HomeController.Index (ColoradoBeetle.UI)'
2023-05-19 18:50:16.1852 INFO Route matched with {action = "Index", controller = "Home"}. Executing controller action with signature System.Threading.Tasks.Task`1[Microsoft.AspNetCore.Mvc.IActionResult] Index() on controller ColoradoBeetle.UI.Controllers.HomeController (ColoradoBeetle.UI).
2023-05-19 18:50:29.4913 INFO Handling AddProductCommand
2023-05-19 18:50:29.4913 INFO GymManager2 Request: "AddProductCommand" {"Name":"testiong coloradobeetle logging behaviour"}
2023-05-19 18:50:29.5905 INFO Handled Unit
2023-05-19 18:50:37.0961 INFO Executing ViewResult, running view Index.
2023-05-19 18:50:37.6265 INFO Executed ViewResult - view Index executed in 543.1409ms.
2023-05-19 18:50:37.6368 INFO Executed action ColoradoBeetle.UI.Controllers.HomeController.Index (ColoradoBeetle.UI) in 21451.1092ms
2023-05-19 18:50:37.6368 INFO Executed endpoint 'ColoradoBeetle.UI.Controllers.HomeController.Index (ColoradoBeetle.UI)'
2023-05-19 18:50:37.8237 INFO Request finished HTTP/2 GET https://localhost:7080/ - - - 200 - text/html;+charset=utf-8 22008.2018ms
2023-05-19 18:50:37.8284 INFO Request starting HTTP/2 GET https://localhost:7080/css/site.css?v=AKvNjO3dCPPS0eSU1Ez8T2wI280i08yGycV9ndytL-c - -
2023-05-19 18:50:37.8284 INFO Request starting HTTP/2 GET https://localhost:7080/ColoradoBeetle.UI.styles.css?v=-xjsotA0QXXfdsFlZN-LP6oXU7NqI1ZJCVK8ZWAp_f4 - -
2023-05-19 18:50:37.8284 INFO Request starting HTTP/2 GET https://localhost:7080/js/site.js?v=4q1jwFhaPaZgr8WAUSrux6hAuh0XDg9kPS3xIVq36I0 - -
2023-05-19 18:50:37.8284 INFO Request starting HTTP/2 GET https://localhost:7080/lib/bootstrap/dist/css/bootstrap.min.css - -
2023-05-19 18:50:37.8284 INFO Request starting HTTP/2 GET https://localhost:7080/lib/jquery/dist/jquery.min.js - -
2023-05-19 18:50:37.8796 INFO Sending file. Request path: '/js/site.js'. Physical path: 'C:\Users\User\source\repos\ColoradoBeetle\ColoradoBeetle.UI\wwwroot\js\site.js'
2023-05-19 18:50:37.8796 INFO Sending file. Request path: '/css/site.css'. Physical path: 'C:\Users\User\source\repos\ColoradoBeetle\ColoradoBeetle.UI\wwwroot\css\site.css'
2023-05-19 18:50:37.8796 INFO Request finished HTTP/2 GET https://localhost:7080/js/site.js?v=4q1jwFhaPaZgr8WAUSrux6hAuh0XDg9kPS3xIVq36I0 - - - 200 230 application/javascript 51.4313ms
2023-05-19 18:50:37.8796 INFO Request finished HTTP/2 GET https://localhost:7080/css/site.css?v=AKvNjO3dCPPS0eSU1Ez8T2wI280i08yGycV9ndytL-c - - - 200 194 text/css 51.6570ms
2023-05-19 18:50:37.8796 INFO Request starting HTTP/2 GET https://localhost:7080/lib/bootstrap/dist/js/bootstrap.bundle.min.js - -
2023-05-19 18:50:37.8796 INFO Request starting HTTP/2 GET https://localhost:7080/_framework/aspnetcore-browser-refresh.js - -
2023-05-19 18:50:37.8796 INFO Request starting HTTP/2 GET https://localhost:7080/_vs/browserLink - -
2023-05-19 18:50:37.8920 INFO Request finished HTTP/2 GET https://localhost:7080/_framework/aspnetcore-browser-refresh.js - - - 200 12004 application/javascript;+charset=utf-8 11.7119ms
2023-05-19 18:50:37.9054 INFO Sending file. Request path: '/lib/bootstrap/dist/css/bootstrap.min.css'. Physical path: 'C:\Users\User\source\repos\ColoradoBeetle\ColoradoBeetle.UI\wwwroot\lib\bootstrap\dist\css\bootstrap.min.css'
2023-05-19 18:50:37.9054 INFO Sending file. Request path: '/lib/jquery/dist/jquery.min.js'. Physical path: 'C:\Users\User\source\repos\ColoradoBeetle\ColoradoBeetle.UI\wwwroot\lib\jquery\dist\jquery.min.js'
2023-05-19 18:50:37.9054 INFO Sending file. Request path: '/ColoradoBeetle.UI.styles.css'. Physical path: 'C:\Users\User\source\repos\ColoradoBeetle\ColoradoBeetle.UI\obj\Debug\net6.0\scopedcss\bundle\ColoradoBeetle.UI.styles.css'
2023-05-19 18:50:37.9054 INFO Request finished HTTP/2 GET https://localhost:7080/lib/jquery/dist/jquery.min.js - - - 200 89476 application/javascript 76.8097ms
2023-05-19 18:50:37.9054 INFO Request finished HTTP/2 GET https://localhost:7080/lib/bootstrap/dist/css/bootstrap.min.css - - - 200 162720 text/css 76.6784ms
2023-05-19 18:50:37.9054 INFO Request finished HTTP/2 GET https://localhost:7080/ColoradoBeetle.UI.styles.css?v=-xjsotA0QXXfdsFlZN-LP6oXU7NqI1ZJCVK8ZWAp_f4 - - - 200 1140 text/css 77.5765ms
2023-05-19 18:50:37.9338 INFO Sending file. Request path: '/lib/bootstrap/dist/js/bootstrap.bundle.min.js'. Physical path: 'C:\Users\User\source\repos\ColoradoBeetle\ColoradoBeetle.UI\wwwroot\lib\bootstrap\dist\js\bootstrap.bundle.min.js'
2023-05-19 18:50:37.9338 INFO Request finished HTTP/2 GET https://localhost:7080/lib/bootstrap/dist/js/bootstrap.bundle.min.js - - - 200 78468 application/javascript 53.7814ms
2023-05-19 18:50:38.4097 INFO Request finished HTTP/2 GET https://localhost:7080/_vs/browserLink - - - 200 - text/javascript;+charset=UTF-8 524.0501ms
2023-05-19 18:50:38.5144 INFO Request starting HTTP/2 GET https://localhost:7080/favicon.ico - -
2023-05-19 18:50:38.5144 INFO Sending file. Request path: '/favicon.ico'. Physical path: 'C:\Users\User\source\repos\ColoradoBeetle\ColoradoBeetle.UI\wwwroot\favicon.ico'
2023-05-19 18:50:38.5144 INFO Request finished HTTP/2 GET https://localhost:7080/favicon.ico - - - 200 5430 image/x-icon 3.4273ms
2023-05-19 19:54:32.1484 INFO DEVELOPMENT MODE!!!
2023-05-19 19:54:32.7384 INFO User profile is available. Using 'C:\Users\User\AppData\Local\ASP.NET\DataProtection-Keys' as key repository and Windows DPAPI to encrypt keys at rest.
2023-05-19 19:54:33.1650 INFO Now listening on: https://localhost:7080
2023-05-19 19:54:33.1650 INFO Now listening on: http://localhost:5116
2023-05-19 19:54:33.1650 INFO Application started. Press Ctrl+C to shut down.
2023-05-19 19:54:33.1650 INFO Hosting environment: Development
2023-05-19 19:54:33.1650 INFO Content root path: C:\Users\User\source\repos\ColoradoBeetle\ColoradoBeetle.UI\
2023-05-19 19:54:35.5203 INFO Request starting HTTP/2 GET https://localhost:7080/ - -
2023-05-19 19:54:35.7046 INFO Executing endpoint 'ColoradoBeetle.UI.Controllers.HomeController.Index (ColoradoBeetle.UI)'
2023-05-19 19:54:35.8047 INFO Route matched with {action = "Index", controller = "Home"}. Executing controller action with signature System.Threading.Tasks.Task`1[Microsoft.AspNetCore.Mvc.IActionResult] Index() on controller ColoradoBeetle.UI.Controllers.HomeController (ColoradoBeetle.UI).
2023-05-19 19:54:35.8479 INFO Handling AddProductCommand
2023-05-19 19:54:35.8479 INFO GymManager2 Request: "AddProductCommand" {"Name":"testiong coloradobeetle logging behaviour"}
2023-05-19 19:54:45.8273 INFO ColoradoBeetle Long Running Request: "AddProductCommand" (9930 miliseconds) {"Name":"testiong coloradobeetle logging behaviour"}
