2023-06-22 11:06:35.1021 WARN Sensitive data logging is enabled. Log entries and exception messages may include sensitive application data; this mode should only be enabled during development.
2023-06-22 11:06:36.5120 INFO Entity Framework Core 6.0.18 initialized 'ApplicationDbContext' using provider 'Microsoft.EntityFrameworkCore.SqlServer:6.0.18' with options: SensitiveDataLoggingEnabled 
2023-06-22 11:06:39.1464 INFO Executed DbCommand (149ms) [Parameters=[], CommandType='Text', CommandTimeout='30']
SELECT [s].[Id], [s].[Description], [s].[Key], [s].[Order], [s].[SettingsId], [s].[Type], [s].[Value]
FROM [SettingsPositions] AS [s]
2023-06-22 11:06:39.3241 INFO DEVELOPMENT MODE!!!
2023-06-22 11:06:39.5912 INFO User profile is available. Using 'C:\Users\User\AppData\Local\ASP.NET\DataProtection-Keys' as key repository and Windows DPAPI to encrypt keys at rest.
2023-06-22 11:06:40.4231 INFO Now listening on: https://localhost:7080
2023-06-22 11:06:40.4246 INFO Now listening on: http://localhost:5116
2023-06-22 11:06:40.4246 INFO Application started. Press Ctrl+C to shut down.
2023-06-22 11:06:40.4246 INFO Hosting environment: Development
2023-06-22 11:06:40.4246 INFO Content root path: C:\Users\User\source\repos\ColoradoBeetle\ColoradoBeetle.UI\
2023-06-22 11:06:43.8228 INFO Request starting HTTP/2 GET https://localhost:7080/ - -
2023-06-22 11:06:44.0390 INFO Identity.Application was not authenticated. Failure message: Unprotect ticket failed
2023-06-22 11:06:44.0390 INFO Executing endpoint 'ColoradoBeetle.UI.Controllers.HomeController.Index (ColoradoBeetle.UI)'
2023-06-22 11:06:44.0785 INFO Route matched with {action = "Index", controller = "Home", page = "", area = ""}. Executing controller action with signature System.Threading.Tasks.Task`1[Microsoft.AspNetCore.Mvc.IActionResult] Index() on controller ColoradoBeetle.UI.Controllers.HomeController (ColoradoBeetle.UI).
2023-06-22 11:06:44.1109 INFO Executing ViewResult, running view Index.
2023-06-22 11:06:44.6982 INFO Executed ViewResult - view Index executed in 595.6438ms.
2023-06-22 11:06:44.7097 INFO Executed action ColoradoBeetle.UI.Controllers.HomeController.Index (ColoradoBeetle.UI) in 630.5302ms
2023-06-22 11:06:44.7097 INFO Executed endpoint 'ColoradoBeetle.UI.Controllers.HomeController.Index (ColoradoBeetle.UI)'
2023-06-22 11:06:44.8560 INFO Request finished HTTP/2 GET https://localhost:7080/ - - - 200 - text/html;+charset=utf-8 1036.5578ms
2023-06-22 11:06:44.9264 INFO Request starting HTTP/2 GET https://localhost:7080/css/site.css?v=a2UR6uFJ-TYlXS7tGYaqSVnwV6pEHPuPsMlIXkPq8iA - -
2023-06-22 11:06:44.9264 INFO Request starting HTTP/2 GET https://localhost:7080/lib/font-awesome/css/all.min.css - -
2023-06-22 11:06:44.9264 INFO Request starting HTTP/2 GET https://localhost:7080/ColoradoBeetle.UI.styles.css?v=S2mmYHR23Y_xziC5xU2sPPGSE_TQ0QimX-PIvU4rTqE - -
2023-06-22 11:06:44.9264 INFO Request starting HTTP/2 GET https://localhost:7080/lib/jquery/dist/jquery.min.js - -
2023-06-22 11:06:44.9264 INFO Request starting HTTP/2 GET https://localhost:7080/lib/bootstrap/dist/js/bootstrap.bundle.min.js - -
2023-06-22 11:06:44.9394 INFO The file /lib/font-awesome/css/all.min.css was not modified
2023-06-22 11:06:44.9394 INFO Request finished HTTP/2 GET https://localhost:7080/lib/font-awesome/css/all.min.css - - - 304 - text/css 13.0049ms
2023-06-22 11:06:44.9394 INFO Request starting HTTP/2 GET https://localhost:7080/js/site.js?v=4q1jwFhaPaZgr8WAUSrux6hAuh0XDg9kPS3xIVq36I0 - -
2023-06-22 11:06:44.9394 INFO Sending file. Request path: '/js/site.js'. Physical path: 'C:\Users\User\source\repos\ColoradoBeetle\ColoradoBeetle.UI\wwwroot\js\site.js'
2023-06-22 11:06:44.9394 INFO Sending file. Request path: '/ColoradoBeetle.UI.styles.css'. Physical path: 'C:\Users\User\source\repos\ColoradoBeetle\ColoradoBeetle.UI\obj\Debug\net6.0\scopedcss\bundle\ColoradoBeetle.UI.styles.css'
2023-06-22 11:06:44.9394 INFO Request finished HTTP/2 GET https://localhost:7080/js/site.js?v=4q1jwFhaPaZgr8WAUSrux6hAuh0XDg9kPS3xIVq36I0 - - - 200 230 application/javascript 8.4218ms
2023-06-22 11:06:44.9394 INFO Request finished HTTP/2 GET https://localhost:7080/ColoradoBeetle.UI.styles.css?v=S2mmYHR23Y_xziC5xU2sPPGSE_TQ0QimX-PIvU4rTqE - - - 200 1107 text/css 20.7474ms
2023-06-22 11:06:44.9394 INFO Request starting HTTP/2 GET https://localhost:7080/images/Colorado_Beetle_Logo.png - -
2023-06-22 11:06:44.9394 INFO Request starting HTTP/2 GET https://localhost:7080/_framework/aspnetcore-browser-refresh.js - -
2023-06-22 11:06:44.9394 INFO Sending file. Request path: '/css/site.css'. Physical path: 'C:\Users\User\source\repos\ColoradoBeetle\ColoradoBeetle.UI\wwwroot\css\site.css'
2023-06-22 11:06:44.9394 INFO Request finished HTTP/2 GET https://localhost:7080/css/site.css?v=a2UR6uFJ-TYlXS7tGYaqSVnwV6pEHPuPsMlIXkPq8iA - - - 200 1604 text/css 24.4284ms
2023-06-22 11:06:44.9394 INFO Request starting HTTP/2 GET https://localhost:7080/Images/carousel-ladybird-2.jpg - -
2023-06-22 11:06:44.9684 INFO Request finished HTTP/2 GET https://localhost:7080/_framework/aspnetcore-browser-refresh.js - - - 200 12004 application/javascript;+charset=utf-8 19.1939ms
2023-06-22 11:06:44.9684 INFO Request starting HTTP/2 GET https://localhost:7080/Images/carousel-ladybird-1.jpg - -
2023-06-22 11:06:44.9857 INFO Request starting HTTP/2 GET https://localhost:7080/Images/carousel-ladybird-3.jpg - -
2023-06-22 11:06:44.9984 INFO Sending file. Request path: '/images/Colorado_Beetle_Logo.png'. Physical path: 'C:\Users\User\source\repos\ColoradoBeetle\ColoradoBeetle.UI\wwwroot\Images\Colorado_Beetle_Logo.png'
2023-06-22 11:06:45.0117 INFO Request starting HTTP/2 GET https://localhost:7080/_vs/browserLink - -
2023-06-22 11:06:45.0594 INFO Sending file. Request path: '/lib/jquery/dist/jquery.min.js'. Physical path: 'C:\Users\User\source\repos\ColoradoBeetle\ColoradoBeetle.UI\wwwroot\lib\jquery\dist\jquery.min.js'
2023-06-22 11:06:45.0594 INFO Request finished HTTP/2 GET https://localhost:7080/lib/jquery/dist/jquery.min.js - - - 200 89476 application/javascript 130.7055ms
2023-06-22 11:06:45.0594 INFO Sending file. Request path: '/lib/bootstrap/dist/js/bootstrap.bundle.min.js'. Physical path: 'C:\Users\User\source\repos\ColoradoBeetle\ColoradoBeetle.UI\wwwroot\lib\bootstrap\dist\js\bootstrap.bundle.min.js'
2023-06-22 11:06:45.0594 INFO Request finished HTTP/2 GET https://localhost:7080/lib/bootstrap/dist/js/bootstrap.bundle.min.js - - - 200 78468 application/javascript 133.7330ms
2023-06-22 11:06:45.0955 INFO Request finished HTTP/2 GET https://localhost:7080/images/Colorado_Beetle_Logo.png - - - 200 29710 image/png 146.1813ms
2023-06-22 11:06:45.0955 INFO Sending file. Request path: '/Images/carousel-ladybird-1.jpg'. Physical path: 'C:\Users\User\source\repos\ColoradoBeetle\ColoradoBeetle.UI\wwwroot\Images\carousel-ladybird-1.jpg'
2023-06-22 11:06:45.0972 INFO Request finished HTTP/2 GET https://localhost:7080/Images/carousel-ladybird-1.jpg - - - 200 48921 image/jpeg 128.4873ms
2023-06-22 11:06:45.0972 INFO Sending file. Request path: '/Images/carousel-ladybird-3.jpg'. Physical path: 'C:\Users\User\source\repos\ColoradoBeetle\ColoradoBeetle.UI\wwwroot\Images\carousel-ladybird-3.jpg'
2023-06-22 11:06:45.0972 INFO Request finished HTTP/2 GET https://localhost:7080/Images/carousel-ladybird-3.jpg - - - 200 64366 image/jpeg 118.5379ms
2023-06-22 11:06:45.0972 INFO Sending file. Request path: '/Images/carousel-ladybird-2.jpg'. Physical path: 'C:\Users\User\source\repos\ColoradoBeetle\ColoradoBeetle.UI\wwwroot\Images\carousel-ladybird-2.jpg'
2023-06-22 11:06:45.0972 INFO Request finished HTTP/2 GET https://localhost:7080/Images/carousel-ladybird-2.jpg - - - 200 55458 image/jpeg 158.0250ms
2023-06-22 11:06:45.3927 INFO Request finished HTTP/2 GET https://localhost:7080/_vs/browserLink - - - 200 - text/javascript;+charset=UTF-8 380.9787ms
2023-06-22 11:06:48.0209 INFO Request starting HTTP/2 GET https://localhost:7080/Identity/Account/Login - -
2023-06-22 11:06:48.0343 INFO Identity.Application was not authenticated. Failure message: Unprotect ticket failed
2023-06-22 11:06:48.0343 INFO Executing endpoint '/Account/Login'
2023-06-22 11:06:48.0791 INFO Route matched with {page = "/Account/Login", area = "Identity", action = "", controller = ""}. Executing page /Account/Login
2023-06-22 11:06:48.1137 INFO Executing handler method ColoradoBeetle.UI.Areas.Identity.Pages.Account.LoginModel.OnGetAsync - ModelState is Valid
2023-06-22 11:06:48.1277 INFO AuthenticationScheme: Identity.External signed out.
2023-06-22 11:06:48.1277 INFO Executed handler method OnGetAsync, returned result .
2023-06-22 11:06:48.1277 INFO Executing an implicit handler method - ModelState is Valid
2023-06-22 11:06:48.1277 INFO Executed an implicit handler method, returned result Microsoft.AspNetCore.Mvc.RazorPages.PageResult.
2023-06-22 11:06:48.3666 INFO Executed page /Account/Login in 287.0473ms
2023-06-22 11:06:48.3666 INFO Executed endpoint '/Account/Login'
2023-06-22 11:06:48.3666 INFO Request finished HTTP/2 GET https://localhost:7080/Identity/Account/Login - - - 200 - text/html;+charset=utf-8 353.5711ms
2023-06-22 11:06:48.4300 INFO Request starting HTTP/2 GET https://localhost:7080/_framework/aspnetcore-browser-refresh.js - -
2023-06-22 11:06:48.4300 INFO Request finished HTTP/2 GET https://localhost:7080/_framework/aspnetcore-browser-refresh.js - - - 200 12004 application/javascript;+charset=utf-8 0.8779ms
2023-06-22 11:06:48.4300 INFO Request starting HTTP/2 GET https://localhost:7080/_vs/browserLink - -
2023-06-22 11:06:48.4300 INFO Request starting HTTP/2 GET https://localhost:7080/GymManager2.UI.styles.css - -
2023-06-22 11:06:48.4445 INFO Identity.Application was not authenticated. Failure message: Unprotect ticket failed
2023-06-22 11:06:48.4445 INFO Request finished HTTP/2 GET https://localhost:7080/GymManager2.UI.styles.css - - - 404 0 - 12.8855ms
2023-06-22 11:06:48.5450 INFO Request finished HTTP/2 GET https://localhost:7080/_vs/browserLink - - - 200 - text/javascript;+charset=UTF-8 113.8532ms
2023-06-22 11:06:48.5627 INFO Request starting HTTP/2 GET https://localhost:7080/lib/font-awesome/webfonts/fa-solid-900.woff2 - -
2023-06-22 11:06:48.5840 INFO Sending file. Request path: '/lib/font-awesome/webfonts/fa-solid-900.woff2'. Physical path: 'C:\Users\User\source\repos\ColoradoBeetle\ColoradoBeetle.UI\wwwroot\lib\font-awesome\webfonts\fa-solid-900.woff2'
2023-06-22 11:06:48.5840 INFO Request finished HTTP/2 GET https://localhost:7080/lib/font-awesome/webfonts/fa-solid-900.woff2 - - - 200 150124 font/woff2 22.2577ms
2023-06-22 11:06:55.1651 INFO Request starting HTTP/2 POST https://localhost:7080/Identity/Account/Login application/x-www-form-urlencoded 249
2023-06-22 11:06:55.1790 INFO Identity.Application was not authenticated. Failure message: Unprotect ticket failed
2023-06-22 11:06:55.1790 INFO Executing endpoint '/Account/Login'
2023-06-22 11:06:55.1790 INFO Route matched with {page = "/Account/Login", area = "Identity", action = "", controller = ""}. Executing page /Account/Login
2023-06-22 11:06:55.2414 INFO Executing handler method ColoradoBeetle.UI.Areas.Identity.Pages.Account.LoginModel.OnPostAsync - ModelState is Valid
2023-06-22 11:06:55.2640 INFO Entity Framework Core 6.0.18 initialized 'ApplicationDbContext' using provider 'Microsoft.EntityFrameworkCore.SqlServer:6.0.18' with options: SensitiveDataLoggingEnabled 
2023-06-22 11:06:55.7740 INFO Executed DbCommand (99ms) [Parameters=[@__normalizedUserName_0='STANIALAW.WEGNER@GMAIL.COM' (Size = 256)], CommandType='Text', CommandTimeout='30']
SELECT TOP(1) [a].[Id], [a].[AccessFailedCount], [a].[ConcurrencyStamp], [a].[Email], [a].[EmailConfirmed], [a].[FirstName], [a].[IsDeleted], [a].[LastName], [a].[LockoutEnabled], [a].[LockoutEnd], [a].[NormalizedEmail], [a].[NormalizedUserName], [a].[PasswordHash], [a].[PhoneNumber], [a].[PhoneNumberConfirmed], [a].[RegisterDateTime], [a].[SecurityStamp], [a].[TwoFactorEnabled], [a].[UserName]
FROM [AspNetUsers] AS [a]
WHERE [a].[NormalizedUserName] = @__normalizedUserName_0
2023-06-22 11:06:56.2470 INFO Executed DbCommand (10ms) [Parameters=[@__user_Id_0='36b1795d-6421-4c4e-95ec-307fac5fb12c' (Size = 450)], CommandType='Text', CommandTimeout='30']
SELECT [a].[Id], [a].[ClaimType], [a].[ClaimValue], [a].[UserId]
FROM [AspNetUserClaims] AS [a]
WHERE [a].[UserId] = @__user_Id_0
2023-06-22 11:06:56.3759 INFO Executed DbCommand (8ms) [Parameters=[@__userId_0='36b1795d-6421-4c4e-95ec-307fac5fb12c' (Size = 450)], CommandType='Text', CommandTimeout='30']
SELECT [a0].[Name]
FROM [AspNetUserRoles] AS [a]
INNER JOIN [AspNetRoles] AS [a0] ON [a].[RoleId] = [a0].[Id]
WHERE [a].[UserId] = @__userId_0
2023-06-22 11:06:56.3926 INFO Executed DbCommand (3ms) [Parameters=[@__normalizedName_0='KLIENT' (Size = 256)], CommandType='Text', CommandTimeout='30']
SELECT TOP(1) [a].[Id], [a].[ConcurrencyStamp], [a].[Name], [a].[NormalizedName]
FROM [AspNetRoles] AS [a]
WHERE [a].[NormalizedName] = @__normalizedName_0
2023-06-22 11:06:56.4216 INFO Executed DbCommand (2ms) [Parameters=[@__role_Id_0='F5502C99-1E28-4025-AB7B-6D99CE8EE4A3' (Size = 450)], CommandType='Text', CommandTimeout='30']
SELECT [a].[ClaimType], [a].[ClaimValue]
FROM [AspNetRoleClaims] AS [a]
WHERE [a].[RoleId] = @__role_Id_0
2023-06-22 11:06:56.4349 INFO AuthenticationScheme: Identity.Application signed in.
2023-06-22 11:06:56.4349 INFO User logged in.
2023-06-22 11:06:56.4432 INFO Executed handler method OnPostAsync, returned result Microsoft.AspNetCore.Mvc.LocalRedirectResult.
2023-06-22 11:06:56.4546 INFO Executing LocalRedirectResult, redirecting to /.
2023-06-22 11:06:56.4546 INFO Executed page /Account/Login in 1275.6195ms
2023-06-22 11:06:56.4546 INFO Executed endpoint '/Account/Login'
2023-06-22 11:06:56.4546 INFO Request starting HTTP/2 GET https://localhost:7080/ - -
2023-06-22 11:06:56.4546 INFO Request finished HTTP/2 POST https://localhost:7080/Identity/Account/Login application/x-www-form-urlencoded 249 - 302 0 - 1301.1282ms
2023-06-22 11:06:56.4737 INFO Executing endpoint 'ColoradoBeetle.UI.Controllers.HomeController.Index (ColoradoBeetle.UI)'
2023-06-22 11:06:56.4737 INFO Route matched with {action = "Index", controller = "Home", page = "", area = ""}. Executing controller action with signature System.Threading.Tasks.Task`1[Microsoft.AspNetCore.Mvc.IActionResult] Index() on controller ColoradoBeetle.UI.Controllers.HomeController (ColoradoBeetle.UI).
2023-06-22 11:06:56.4737 INFO Executing ViewResult, running view Index.
2023-06-22 11:06:56.4951 INFO Executed ViewResult - view Index executed in 19.9786ms.
2023-06-22 11:06:56.4951 INFO Executed action ColoradoBeetle.UI.Controllers.HomeController.Index (ColoradoBeetle.UI) in 21.0084ms
2023-06-22 11:06:56.4951 INFO Executed endpoint 'ColoradoBeetle.UI.Controllers.HomeController.Index (ColoradoBeetle.UI)'
2023-06-22 11:06:56.5037 INFO Request finished HTTP/2 GET https://localhost:7080/ - - - 200 - text/html;+charset=utf-8 38.4733ms
2023-06-22 11:06:56.5793 INFO Request starting HTTP/2 GET https://localhost:7080/_framework/aspnetcore-browser-refresh.js - -
2023-06-22 11:06:56.5797 INFO Request finished HTTP/2 GET https://localhost:7080/_framework/aspnetcore-browser-refresh.js - - - 200 12004 application/javascript;+charset=utf-8 0.3979ms
2023-06-22 11:06:56.5797 INFO Request starting HTTP/2 GET https://localhost:7080/_vs/browserLink - -
2023-06-22 11:06:56.7183 INFO Request finished HTTP/2 GET https://localhost:7080/_vs/browserLink - - - 200 - text/javascript;+charset=UTF-8 138.3939ms
2023-06-22 11:06:58.9973 INFO Request starting HTTP/2 GET https://localhost:7080/Client/Dashboard - -
2023-06-22 11:06:59.0027 INFO Executing endpoint 'ColoradoBeetle.UI.Controllers.ClientController.Dashboard (ColoradoBeetle.UI)'
2023-06-22 11:06:59.0027 INFO Route matched with {action = "Dashboard", controller = "Client", page = "", area = ""}. Executing controller action with signature Microsoft.AspNetCore.Mvc.IActionResult Dashboard() on controller ColoradoBeetle.UI.Controllers.ClientController (ColoradoBeetle.UI).
2023-06-22 11:06:59.0027 INFO Executing ViewResult, running view Dashboard.
2023-06-22 11:06:59.0702 INFO Executed ViewResult - view Dashboard executed in 65.1265ms.
2023-06-22 11:06:59.0702 INFO Executed action ColoradoBeetle.UI.Controllers.ClientController.Dashboard (ColoradoBeetle.UI) in 65.9174ms
2023-06-22 11:06:59.0702 INFO Executed endpoint 'ColoradoBeetle.UI.Controllers.ClientController.Dashboard (ColoradoBeetle.UI)'
2023-06-22 11:06:59.0702 INFO Request finished HTTP/2 GET https://localhost:7080/Client/Dashboard - - - 200 - text/html;+charset=utf-8 81.2168ms
2023-06-22 11:06:59.1152 INFO Request starting HTTP/2 GET https://localhost:7080/lib/toastr.js/toastr.min.css - -
2023-06-22 11:06:59.1152 INFO Request starting HTTP/2 GET https://localhost:7080/_framework/aspnetcore-browser-refresh.js - -
2023-06-22 11:06:59.1152 INFO Request finished HTTP/2 GET https://localhost:7080/_framework/aspnetcore-browser-refresh.js - - - 200 12004 application/javascript;+charset=utf-8 0.3575ms
2023-06-22 11:06:59.1152 INFO Request starting HTTP/2 GET https://localhost:7080/GymManager2.UI.styles.css - -
2023-06-22 11:06:59.1152 INFO Request starting HTTP/2 GET https://localhost:7080/lib/toastr.js/toastr.min.js - -
2023-06-22 11:06:59.1281 INFO Sending file. Request path: '/lib/toastr.js/toastr.min.css'. Physical path: 'C:\Users\User\source\repos\ColoradoBeetle\ColoradoBeetle.UI\wwwroot\lib\toastr.js\toastr.min.css'
2023-06-22 11:06:59.1281 INFO Sending file. Request path: '/lib/toastr.js/toastr.min.js'. Physical path: 'C:\Users\User\source\repos\ColoradoBeetle\ColoradoBeetle.UI\wwwroot\lib\toastr.js\toastr.min.js'
2023-06-22 11:06:59.1281 INFO Request finished HTTP/2 GET https://localhost:7080/lib/toastr.js/toastr.min.css - - - 200 6454 text/css 13.4150ms
2023-06-22 11:06:59.1281 INFO Request finished HTTP/2 GET https://localhost:7080/lib/toastr.js/toastr.min.js - - - 200 5251 application/javascript 13.4632ms
2023-06-22 11:06:59.1281 INFO Request starting HTTP/2 GET https://localhost:7080/_vs/browserLink - -
2023-06-22 11:06:59.1281 INFO Request finished HTTP/2 GET https://localhost:7080/GymManager2.UI.styles.css - - - 404 0 - 21.4314ms
2023-06-22 11:06:59.2369 INFO Request finished HTTP/2 GET https://localhost:7080/_vs/browserLink - - - 200 - text/javascript;+charset=UTF-8 106.3363ms
2023-06-22 11:07:01.2790 INFO Request starting HTTP/2 GET https://localhost:7080/Role/Roles - -
2023-06-22 11:07:01.2790 INFO Executing endpoint 'ColoradoBeetle.UI.Controllers.RoleController.Roles (ColoradoBeetle.UI)'
2023-06-22 11:07:01.2871 INFO Route matched with {action = "Roles", controller = "Role", page = "", area = ""}. Executing controller action with signature System.Threading.Tasks.Task`1[Microsoft.AspNetCore.Mvc.IActionResult] Roles() on controller ColoradoBeetle.UI.Controllers.RoleController (ColoradoBeetle.UI).
2023-06-22 11:07:01.3239 INFO Handling GetRolesQuery
2023-06-22 11:07:01.3239 INFO ColoradoBeetle Request: "GetRolesQuery" "36b1795d-6421-4c4e-95ec-307fac5fb12c" "stanialaw.wegner@gmail.com" "ColoradoBeetle.Application.Roles.Queries.GetRoles.GetRolesQuery"
2023-06-22 11:07:01.5028 INFO Entity Framework Core 6.0.18 initialized 'ApplicationDbContext' using provider 'Microsoft.EntityFrameworkCore.SqlServer:6.0.18' with options: SensitiveDataLoggingEnabled 
2023-06-22 11:07:01.5379 INFO Executed DbCommand (5ms) [Parameters=[], CommandType='Text', CommandTimeout='30']
SELECT [a].[Id], [a].[Name]
FROM [AspNetRoles] AS [a]
2023-06-22 11:07:01.5379 INFO Handled IEnumerable`1
2023-06-22 11:07:01.5379 INFO Executing ViewResult, running view Roles.
2023-06-22 11:07:01.5954 INFO Executed ViewResult - view Roles executed in 48.7874ms.
2023-06-22 11:07:01.5954 INFO Executed action ColoradoBeetle.UI.Controllers.RoleController.Roles (ColoradoBeetle.UI) in 308.313ms
2023-06-22 11:07:01.5956 INFO Executed endpoint 'ColoradoBeetle.UI.Controllers.RoleController.Roles (ColoradoBeetle.UI)'
2023-06-22 11:07:01.5956 INFO Request finished HTTP/2 GET https://localhost:7080/Role/Roles - - - 200 - text/html;+charset=utf-8 322.8977ms
2023-06-22 11:07:01.6519 INFO Request starting HTTP/2 GET https://localhost:7080/lib/datatables.net-bs5/dataTables.bootstrap5.min.css - -
2023-06-22 11:07:01.6519 INFO Request starting HTTP/2 GET https://localhost:7080/lib/datatables.net-responsive-bs5/responsive.bootstrap5.min.css - -
2023-06-22 11:07:01.6586 INFO Request starting HTTP/2 GET https://localhost:7080/lib/datatables/js/jquery.dataTables.min.js - -
2023-06-22 11:07:01.6586 INFO Sending file. Request path: '/lib/datatables.net-bs5/dataTables.bootstrap5.min.css'. Physical path: 'C:\Users\User\source\repos\ColoradoBeetle\ColoradoBeetle.UI\wwwroot\lib\datatables.net-bs5\dataTables.bootstrap5.min.css'
2023-06-22 11:07:01.6586 INFO Request finished HTTP/2 GET https://localhost:7080/lib/datatables.net-bs5/dataTables.bootstrap5.min.css - - - 200 11730 text/css 10.3795ms
2023-06-22 11:07:01.6586 INFO Request starting HTTP/2 GET https://localhost:7080/lib/datatables.net-bs5/dataTables.bootstrap5.min.js - -
2023-06-22 11:07:01.6586 INFO Request starting HTTP/2 GET https://localhost:7080/lib/datatables-responsive/dataTables.responsive.min.js - -
2023-06-22 11:07:01.6586 INFO Sending file. Request path: '/lib/datatables.net-bs5/dataTables.bootstrap5.min.js'. Physical path: 'C:\Users\User\source\repos\ColoradoBeetle\ColoradoBeetle.UI\wwwroot\lib\datatables.net-bs5\dataTables.bootstrap5.min.js'
2023-06-22 11:07:01.6586 INFO Request finished HTTP/2 GET https://localhost:7080/lib/datatables.net-bs5/dataTables.bootstrap5.min.js - - - 200 2360 application/javascript 4.2357ms
2023-06-22 11:07:01.6586 INFO Request starting HTTP/2 GET https://localhost:7080/lib/datatables.net-responsive-bs5/responsive.bootstrap5.min.js - -
2023-06-22 11:07:01.6586 INFO Request starting HTTP/2 GET https://localhost:7080/lib/datatables-buttons/js/dataTables.buttons.min.js - -
2023-06-22 11:07:01.6586 INFO Request starting HTTP/2 GET https://localhost:7080/lib/datatables-buttons/js/buttons.html5.min.js - -
2023-06-22 11:07:01.6586 INFO Sending file. Request path: '/lib/datatables.net-responsive-bs5/responsive.bootstrap5.min.js'. Physical path: 'C:\Users\User\source\repos\ColoradoBeetle\ColoradoBeetle.UI\wwwroot\lib\datatables.net-responsive-bs5\responsive.bootstrap5.min.js'
2023-06-22 11:07:01.6586 INFO Request finished HTTP/2 GET https://localhost:7080/lib/datatables.net-responsive-bs5/responsive.bootstrap5.min.js - - - 200 1427 application/javascript 3.7928ms
2023-06-22 11:07:01.6586 INFO Request starting HTTP/2 GET https://localhost:7080/GymManager2.UI.styles.css - -
2023-06-22 11:07:01.6586 INFO Request finished HTTP/2 GET https://localhost:7080/GymManager2.UI.styles.css - - - 404 0 - 0.9429ms
2023-06-22 11:07:01.6586 INFO Request starting HTTP/2 GET https://localhost:7080/lib/datatables-buttons/js/buttons.print.min.js - -
2023-06-22 11:07:01.6803 INFO Request starting HTTP/2 GET https://localhost:7080/lib/datatables-buttons/js/buttons.colVis.min.js - -
2023-06-22 11:07:01.6803 INFO Sending file. Request path: '/lib/datatables-buttons/js/buttons.html5.min.js'. Physical path: 'C:\Users\User\source\repos\ColoradoBeetle\ColoradoBeetle.UI\wwwroot\lib\datatables-buttons\js\buttons.html5.min.js'
2023-06-22 11:07:01.6803 INFO Request finished HTTP/2 GET https://localhost:7080/lib/datatables-buttons/js/buttons.html5.min.js - - - 200 25213 application/javascript 12.1483ms
2023-06-22 11:07:01.6803 INFO Request starting HTTP/2 GET https://localhost:7080/_framework/aspnetcore-browser-refresh.js - -
2023-06-22 11:07:01.6803 INFO Sending file. Request path: '/lib/datatables-buttons/js/buttons.print.min.js'. Physical path: 'C:\Users\User\source\repos\ColoradoBeetle\ColoradoBeetle.UI\wwwroot\lib\datatables-buttons\js\buttons.print.min.js'
2023-06-22 11:07:01.6803 INFO Request finished HTTP/2 GET https://localhost:7080/_framework/aspnetcore-browser-refresh.js - - - 200 12004 application/javascript;+charset=utf-8 0.2548ms
2023-06-22 11:07:01.6803 INFO Request finished HTTP/2 GET https://localhost:7080/lib/datatables-buttons/js/buttons.print.min.js - - - 200 2671 application/javascript 11.5693ms
2023-06-22 11:07:01.6803 INFO Sending file. Request path: '/lib/datatables.net-responsive-bs5/responsive.bootstrap5.min.css'. Physical path: 'C:\Users\User\source\repos\ColoradoBeetle\ColoradoBeetle.UI\wwwroot\lib\datatables.net-responsive-bs5\responsive.bootstrap5.min.css'
2023-06-22 11:07:01.6803 INFO Request finished HTTP/2 GET https://localhost:7080/lib/datatables.net-responsive-bs5/responsive.bootstrap5.min.css - - - 200 4441 text/css 29.8542ms
2023-06-22 11:07:01.6803 INFO Sending file. Request path: '/lib/datatables-responsive/dataTables.responsive.min.js'. Physical path: 'C:\Users\User\source\repos\ColoradoBeetle\ColoradoBeetle.UI\wwwroot\lib\datatables-responsive\dataTables.responsive.min.js'
2023-06-22 11:07:01.6803 INFO Request finished HTTP/2 GET https://localhost:7080/lib/datatables-responsive/dataTables.responsive.min.js - - - 200 14657 application/javascript 21.6341ms
2023-06-22 11:07:01.6951 INFO Request starting HTTP/2 GET https://localhost:7080/_vs/browserLink - -
2023-06-22 11:07:01.6951 INFO Sending file. Request path: '/lib/datatables-buttons/js/buttons.colVis.min.js'. Physical path: 'C:\Users\User\source\repos\ColoradoBeetle\ColoradoBeetle.UI\wwwroot\lib\datatables-buttons\js\buttons.colVis.min.js'
2023-06-22 11:07:01.7099 INFO Request finished HTTP/2 GET https://localhost:7080/lib/datatables-buttons/js/buttons.colVis.min.js - - - 200 3342 application/javascript 26.1885ms
2023-06-22 11:07:01.7099 INFO Sending file. Request path: '/lib/datatables-buttons/js/dataTables.buttons.min.js'. Physical path: 'C:\Users\User\source\repos\ColoradoBeetle\ColoradoBeetle.UI\wwwroot\lib\datatables-buttons\js\dataTables.buttons.min.js'
2023-06-22 11:07:01.7099 INFO Request finished HTTP/2 GET https://localhost:7080/lib/datatables-buttons/js/dataTables.buttons.min.js - - - 200 25560 application/javascript 47.3653ms
2023-06-22 11:07:01.7099 INFO Sending file. Request path: '/lib/datatables/js/jquery.dataTables.min.js'. Physical path: 'C:\Users\User\source\repos\ColoradoBeetle\ColoradoBeetle.UI\wwwroot\lib\datatables\js\jquery.dataTables.min.js'
2023-06-22 11:07:01.7099 INFO Request finished HTTP/2 GET https://localhost:7080/lib/datatables/js/jquery.dataTables.min.js - - - 200 84647 application/javascript 61.2483ms
2023-06-22 11:07:01.8455 INFO Request starting HTTP/2 GET https://localhost:7080/ lib / datatables / lang / pl.json - -
2023-06-22 11:07:01.8455 INFO Request finished HTTP/2 GET https://localhost:7080/ lib / datatables / lang / pl.json - - - 404 0 - 1.4358ms
2023-06-22 11:07:01.8681 INFO Request finished HTTP/2 GET https://localhost:7080/_vs/browserLink - - - 200 - text/javascript;+charset=UTF-8 172.9121ms
2023-06-22 11:07:06.5856 INFO Request starting HTTP/2 GET https://localhost:7080/Role/AddRole - -
2023-06-22 11:07:06.5984 INFO Executing endpoint 'ColoradoBeetle.UI.Controllers.RoleController.AddRole (ColoradoBeetle.UI)'
2023-06-22 11:07:06.5984 INFO Route matched with {action = "AddRole", controller = "Role", page = "", area = ""}. Executing controller action with signature Microsoft.AspNetCore.Mvc.IActionResult AddRole() on controller ColoradoBeetle.UI.Controllers.RoleController (ColoradoBeetle.UI).
2023-06-22 11:07:06.5984 INFO Executing ViewResult, running view AddRole.
2023-06-22 11:07:06.6364 INFO Executed ViewResult - view AddRole executed in 34.7783ms.
2023-06-22 11:07:06.6364 INFO Executed action ColoradoBeetle.UI.Controllers.RoleController.AddRole (ColoradoBeetle.UI) in 35.6593ms
2023-06-22 11:07:06.6364 INFO Executed endpoint 'ColoradoBeetle.UI.Controllers.RoleController.AddRole (ColoradoBeetle.UI)'
2023-06-22 11:07:06.6459 INFO Request finished HTTP/2 GET https://localhost:7080/Role/AddRole - - - 200 - text/html;+charset=utf-8 60.2997ms
2023-06-22 11:07:06.6737 INFO Request starting HTTP/2 GET https://localhost:7080/GymManager2.UI.styles.css - -
2023-06-22 11:07:06.6766 INFO Request starting HTTP/2 GET https://localhost:7080/_framework/aspnetcore-browser-refresh.js - -
2023-06-22 11:07:06.6766 INFO Request starting HTTP/2 GET https://localhost:7080/_vs/browserLink - -
2023-06-22 11:07:06.6766 INFO Request finished HTTP/2 GET https://localhost:7080/_framework/aspnetcore-browser-refresh.js - - - 200 12004 application/javascript;+charset=utf-8 0.4689ms
2023-06-22 11:07:06.6766 INFO Request finished HTTP/2 GET https://localhost:7080/GymManager2.UI.styles.css - - - 404 0 - 11.5551ms
2023-06-22 11:07:06.7763 INFO Request finished HTTP/2 GET https://localhost:7080/_vs/browserLink - - - 200 - text/javascript;+charset=UTF-8 98.7987ms
2023-06-22 11:10:12.3066 WARN Sensitive data logging is enabled. Log entries and exception messages may include sensitive application data; this mode should only be enabled during development.
2023-06-22 11:10:12.9630 INFO Entity Framework Core 6.0.18 initialized 'ApplicationDbContext' using provider 'Microsoft.EntityFrameworkCore.SqlServer:6.0.18' with options: SensitiveDataLoggingEnabled 
2023-06-22 11:10:14.8711 INFO Executed DbCommand (101ms) [Parameters=[], CommandType='Text', CommandTimeout='30']
SELECT [s].[Id], [s].[Description], [s].[Key], [s].[Order], [s].[SettingsId], [s].[Type], [s].[Value]
FROM [SettingsPositions] AS [s]
2023-06-22 11:10:15.0527 INFO DEVELOPMENT MODE!!!
2023-06-22 11:10:15.3325 INFO User profile is available. Using 'C:\Users\User\AppData\Local\ASP.NET\DataProtection-Keys' as key repository and Windows DPAPI to encrypt keys at rest.
2023-06-22 11:10:16.0703 INFO Now listening on: https://localhost:7080
2023-06-22 11:10:16.0703 INFO Now listening on: http://localhost:5116
2023-06-22 11:10:16.0703 INFO Application started. Press Ctrl+C to shut down.
2023-06-22 11:10:16.0703 INFO Hosting environment: Development
2023-06-22 11:10:16.0703 INFO Content root path: C:\Users\User\source\repos\ColoradoBeetle\ColoradoBeetle.UI\
2023-06-22 11:10:19.0595 INFO Request starting HTTP/2 GET https://localhost:7080/ - -
2023-06-22 11:10:19.3173 INFO Executing endpoint 'ColoradoBeetle.UI.Controllers.HomeController.Index (ColoradoBeetle.UI)'
2023-06-22 11:10:19.3505 INFO Route matched with {action = "Index", controller = "Home", page = "", area = ""}. Executing controller action with signature System.Threading.Tasks.Task`1[Microsoft.AspNetCore.Mvc.IActionResult] Index() on controller ColoradoBeetle.UI.Controllers.HomeController (ColoradoBeetle.UI).
2023-06-22 11:10:19.3752 INFO Executing ViewResult, running view Index.
2023-06-22 11:10:19.8646 INFO Executed ViewResult - view Index executed in 487.2964ms.
2023-06-22 11:10:19.8646 INFO Executed action ColoradoBeetle.UI.Controllers.HomeController.Index (ColoradoBeetle.UI) in 524.7293ms
2023-06-22 11:10:19.8772 INFO Executed endpoint 'ColoradoBeetle.UI.Controllers.HomeController.Index (ColoradoBeetle.UI)'
2023-06-22 11:10:20.0312 INFO Request finished HTTP/2 GET https://localhost:7080/ - - - 200 - text/html;+charset=utf-8 979.8011ms
2023-06-22 11:10:20.1181 INFO Request starting HTTP/2 GET https://localhost:7080/css/site.css?v=a2UR6uFJ-TYlXS7tGYaqSVnwV6pEHPuPsMlIXkPq8iA - -
2023-06-22 11:10:20.1181 INFO Request starting HTTP/2 GET https://localhost:7080/_framework/aspnetcore-browser-refresh.js - -
2023-06-22 11:10:20.1181 INFO Request starting HTTP/2 GET https://localhost:7080/_vs/browserLink - -
2023-06-22 11:10:20.1334 INFO The file /css/site.css was not modified
2023-06-22 11:10:20.1334 INFO Request finished HTTP/2 GET https://localhost:7080/css/site.css?v=a2UR6uFJ-TYlXS7tGYaqSVnwV6pEHPuPsMlIXkPq8iA - - - 304 - text/css 18.6878ms
2023-06-22 11:10:20.1334 INFO Request finished HTTP/2 GET https://localhost:7080/_framework/aspnetcore-browser-refresh.js - - - 200 12004 application/javascript;+charset=utf-8 15.0747ms
2023-06-22 11:10:20.4214 INFO Request finished HTTP/2 GET https://localhost:7080/_vs/browserLink - - - 200 - text/javascript;+charset=UTF-8 295.5070ms
2023-06-22 11:10:23.7829 INFO Request starting HTTP/2 GET https://localhost:7080/Client/Dashboard - -
2023-06-22 11:10:23.8045 INFO Executing endpoint 'ColoradoBeetle.UI.Controllers.ClientController.Dashboard (ColoradoBeetle.UI)'
2023-06-22 11:10:23.8045 INFO Route matched with {action = "Dashboard", controller = "Client", page = "", area = ""}. Executing controller action with signature Microsoft.AspNetCore.Mvc.IActionResult Dashboard() on controller ColoradoBeetle.UI.Controllers.ClientController (ColoradoBeetle.UI).
2023-06-22 11:10:23.8045 INFO Executing ViewResult, running view Dashboard.
2023-06-22 11:10:23.9150 INFO Executed ViewResult - view Dashboard executed in 106.3261ms.
2023-06-22 11:10:23.9150 INFO Executed action ColoradoBeetle.UI.Controllers.ClientController.Dashboard (ColoradoBeetle.UI) in 113.895ms
2023-06-22 11:10:23.9150 INFO Executed endpoint 'ColoradoBeetle.UI.Controllers.ClientController.Dashboard (ColoradoBeetle.UI)'
2023-06-22 11:10:23.9305 INFO Request finished HTTP/2 GET https://localhost:7080/Client/Dashboard - - - 200 - text/html;+charset=utf-8 147.8275ms
2023-06-22 11:10:23.9749 INFO Request starting HTTP/2 GET https://localhost:7080/GymManager2.UI.styles.css - -
2023-06-22 11:10:23.9749 INFO Request starting HTTP/2 GET https://localhost:7080/_framework/aspnetcore-browser-refresh.js - -
2023-06-22 11:10:23.9749 INFO Request finished HTTP/2 GET https://localhost:7080/_framework/aspnetcore-browser-refresh.js - - - 200 12004 application/javascript;+charset=utf-8 1.1759ms
2023-06-22 11:10:23.9925 INFO Request starting HTTP/2 GET https://localhost:7080/_vs/browserLink - -
2023-06-22 11:10:24.0570 INFO Request finished HTTP/2 GET https://localhost:7080/GymManager2.UI.styles.css - - - 404 0 - 82.0873ms
2023-06-22 11:10:24.0875 INFO Request finished HTTP/2 GET https://localhost:7080/_vs/browserLink - - - 200 - text/javascript;+charset=UTF-8 95.5281ms
2023-06-22 11:10:26.0658 INFO Request starting HTTP/2 GET https://localhost:7080/Role/Roles - -
2023-06-22 11:10:26.0658 INFO Executing endpoint 'ColoradoBeetle.UI.Controllers.RoleController.Roles (ColoradoBeetle.UI)'
2023-06-22 11:10:26.0809 INFO Route matched with {action = "Roles", controller = "Role", page = "", area = ""}. Executing controller action with signature System.Threading.Tasks.Task`1[Microsoft.AspNetCore.Mvc.IActionResult] Roles() on controller ColoradoBeetle.UI.Controllers.RoleController (ColoradoBeetle.UI).
2023-06-22 11:10:26.1392 INFO Handling GetRolesQuery
2023-06-22 11:10:26.1392 INFO ColoradoBeetle Request: "GetRolesQuery" "36b1795d-6421-4c4e-95ec-307fac5fb12c" "stanialaw.wegner@gmail.com" "ColoradoBeetle.Application.Roles.Queries.GetRoles.GetRolesQuery"
2023-06-22 11:10:26.1969 INFO Entity Framework Core 6.0.18 initialized 'ApplicationDbContext' using provider 'Microsoft.EntityFrameworkCore.SqlServer:6.0.18' with options: SensitiveDataLoggingEnabled 
2023-06-22 11:10:26.5288 INFO Executed DbCommand (12ms) [Parameters=[], CommandType='Text', CommandTimeout='30']
SELECT [a].[Id], [a].[Name]
FROM [AspNetRoles] AS [a]
2023-06-22 11:10:26.5380 INFO Handled IEnumerable`1
2023-06-22 11:10:26.5380 INFO Executing ViewResult, running view Roles.
2023-06-22 11:10:26.5843 INFO Executed ViewResult - view Roles executed in 44.0533ms.
2023-06-22 11:10:26.5843 INFO Executed action ColoradoBeetle.UI.Controllers.RoleController.Roles (ColoradoBeetle.UI) in 503.9046ms
2023-06-22 11:10:26.5843 INFO Executed endpoint 'ColoradoBeetle.UI.Controllers.RoleController.Roles (ColoradoBeetle.UI)'
2023-06-22 11:10:26.5981 INFO Request finished HTTP/2 GET https://localhost:7080/Role/Roles - - - 200 - text/html;+charset=utf-8 532.2891ms
2023-06-22 11:10:26.6557 INFO Request starting HTTP/2 GET https://localhost:7080/_framework/aspnetcore-browser-refresh.js - -
2023-06-22 11:10:26.6557 INFO Request finished HTTP/2 GET https://localhost:7080/_framework/aspnetcore-browser-refresh.js - - - 200 12004 application/javascript;+charset=utf-8 0.3729ms
2023-06-22 11:10:26.6557 INFO Request starting HTTP/2 GET https://localhost:7080/_vs/browserLink - -
2023-06-22 11:10:26.6405 INFO Request starting HTTP/2 GET https://localhost:7080/GymManager2.UI.styles.css - -
2023-06-22 11:10:26.6756 INFO Request finished HTTP/2 GET https://localhost:7080/GymManager2.UI.styles.css - - - 404 0 - 35.1549ms
2023-06-22 11:10:26.8741 INFO Request starting HTTP/2 GET https://localhost:7080/ lib / datatables / lang / pl.json - -
2023-06-22 11:10:26.8741 INFO Request finished HTTP/2 GET https://localhost:7080/ lib / datatables / lang / pl.json - - - 404 0 - 1.9030ms
2023-06-22 11:10:26.9442 INFO Request finished HTTP/2 GET https://localhost:7080/_vs/browserLink - - - 200 - text/javascript;+charset=UTF-8 287.9967ms
2023-06-22 11:10:28.9264 INFO Request starting HTTP/2 GET https://localhost:7080/Role/AddRole - -
2023-06-22 11:10:28.9430 INFO Executing endpoint 'ColoradoBeetle.UI.Controllers.RoleController.AddRole (ColoradoBeetle.UI)'
2023-06-22 11:10:28.9430 INFO Route matched with {action = "AddRole", controller = "Role", page = "", area = ""}. Executing controller action with signature Microsoft.AspNetCore.Mvc.IActionResult AddRole() on controller ColoradoBeetle.UI.Controllers.RoleController (ColoradoBeetle.UI).
2023-06-22 11:10:28.9430 INFO Executing ViewResult, running view AddRole.
2023-06-22 11:10:29.0111 INFO Executed ViewResult - view AddRole executed in 64.1423ms.
2023-06-22 11:10:29.0111 INFO Executed action ColoradoBeetle.UI.Controllers.RoleController.AddRole (ColoradoBeetle.UI) in 65.0745ms
2023-06-22 11:10:29.0111 INFO Executed endpoint 'ColoradoBeetle.UI.Controllers.RoleController.AddRole (ColoradoBeetle.UI)'
2023-06-22 11:10:29.0193 INFO Request finished HTTP/2 GET https://localhost:7080/Role/AddRole - - - 200 - text/html;+charset=utf-8 92.9462ms
2023-06-22 11:10:29.0553 INFO Request starting HTTP/2 GET https://localhost:7080/_framework/aspnetcore-browser-refresh.js - -
2023-06-22 11:10:29.0553 INFO Request starting HTTP/2 GET https://localhost:7080/GymManager2.UI.styles.css - -
2023-06-22 11:10:29.0553 INFO Request starting HTTP/2 GET https://localhost:7080/_vs/browserLink - -
2023-06-22 11:10:29.0553 INFO Request finished HTTP/2 GET https://localhost:7080/_framework/aspnetcore-browser-refresh.js - - - 200 12004 application/javascript;+charset=utf-8 1.3948ms
2023-06-22 11:10:29.0553 INFO Request finished HTTP/2 GET https://localhost:7080/GymManager2.UI.styles.css - - - 404 0 - 4.4881ms
2023-06-22 11:10:29.2028 INFO Request finished HTTP/2 GET https://localhost:7080/_vs/browserLink - - - 200 - text/javascript;+charset=UTF-8 146.7223ms
2023-06-22 11:10:32.9117 INFO Request starting HTTP/2 POST https://localhost:7080/Role/AddRole application/x-www-form-urlencoded 240
2023-06-22 11:10:32.9117 INFO Executing endpoint 'ColoradoBeetle.UI.Controllers.RoleController.AddRole (ColoradoBeetle.UI)'
2023-06-22 11:10:32.9441 INFO Route matched with {action = "AddRole", controller = "Role", page = "", area = ""}. Executing controller action with signature System.Threading.Tasks.Task`1[Microsoft.AspNetCore.Mvc.IActionResult] AddRole(ColoradoBeetle.Application.Roles.Commands.AddRole.AddRoleCommand) on controller ColoradoBeetle.UI.Controllers.RoleController (ColoradoBeetle.UI).
2023-06-22 11:10:33.0652 INFO Handling AddRoleCommand
2023-06-22 11:10:33.0652 INFO ColoradoBeetle Request: "AddRoleCommand" "36b1795d-6421-4c4e-95ec-307fac5fb12c" "stanialaw.wegner@gmail.com" {"Name":"testowa 1"}
2023-06-22 11:10:33.2264 INFO Entity Framework Core 6.0.18 initialized 'ApplicationDbContext' using provider 'Microsoft.EntityFrameworkCore.SqlServer:6.0.18' with options: SensitiveDataLoggingEnabled 
2023-06-22 11:10:33.4870 INFO Executed DbCommand (85ms) [Parameters=[@__normalizedName_0='TESTOWA 1' (Size = 256)], CommandType='Text', CommandTimeout='30']
SELECT TOP(1) [a].[Id], [a].[ConcurrencyStamp], [a].[Name], [a].[NormalizedName]
FROM [AspNetRoles] AS [a]
WHERE [a].[NormalizedName] = @__normalizedName_0
2023-06-22 11:10:33.5272 INFO Executed DbCommand (1ms) [Parameters=[@__normalizedName_0='TESTOWA 1' (Size = 256)], CommandType='Text', CommandTimeout='30']
SELECT TOP(1) [a].[Id], [a].[ConcurrencyStamp], [a].[Name], [a].[NormalizedName]
FROM [AspNetRoles] AS [a]
WHERE [a].[NormalizedName] = @__normalizedName_0
2023-06-22 11:10:34.0495 INFO Executed DbCommand (43ms) [Parameters=[@p0='21b4631b-d7de-4ecb-a5cd-237f114531b7' (Nullable = false) (Size = 450), @p1='340c7536-5a54-4a55-83c1-08063895727b' (Size = 4000), @p2='testowa 1' (Size = 256), @p3='TESTOWA 1' (Size = 256)], CommandType='Text', CommandTimeout='30']
SET NOCOUNT ON;
INSERT INTO [AspNetRoles] ([Id], [ConcurrencyStamp], [Name], [NormalizedName])
VALUES (@p0, @p1, @p2, @p3);
2023-06-22 11:10:34.1524 INFO ColoradoBeetle Long Running Request: "AddRoleCommand" (1079 miliseconds) "36b1795d-6421-4c4e-95ec-307fac5fb12c" "stanialaw.wegner@gmail.com" {"Name":"testowa 1"}
2023-06-22 11:10:34.1738 INFO Handled Unit
2023-06-22 11:10:34.1980 INFO Executing RedirectResult, redirecting to /Role/Roles.
2023-06-22 11:10:34.1980 INFO Executed action ColoradoBeetle.UI.Controllers.RoleController.AddRole (ColoradoBeetle.UI) in 1258.5187ms
2023-06-22 11:10:34.1980 INFO Executed endpoint 'ColoradoBeetle.UI.Controllers.RoleController.AddRole (ColoradoBeetle.UI)'
2023-06-22 11:10:34.1980 INFO Request finished HTTP/2 POST https://localhost:7080/Role/AddRole application/x-www-form-urlencoded 240 - 302 0 - 1291.6618ms
2023-06-22 11:10:34.2106 INFO Request starting HTTP/2 GET https://localhost:7080/Role/Roles - -
2023-06-22 11:10:34.2106 INFO Executing endpoint 'ColoradoBeetle.UI.Controllers.RoleController.Roles (ColoradoBeetle.UI)'
2023-06-22 11:10:34.2106 INFO Route matched with {action = "Roles", controller = "Role", page = "", area = ""}. Executing controller action with signature System.Threading.Tasks.Task`1[Microsoft.AspNetCore.Mvc.IActionResult] Roles() on controller ColoradoBeetle.UI.Controllers.RoleController (ColoradoBeetle.UI).
2023-06-22 11:10:34.2106 INFO Handling GetRolesQuery
2023-06-22 11:10:34.2106 INFO ColoradoBeetle Request: "GetRolesQuery" "36b1795d-6421-4c4e-95ec-307fac5fb12c" "stanialaw.wegner@gmail.com" "ColoradoBeetle.Application.Roles.Queries.GetRoles.GetRolesQuery"
2023-06-22 11:10:34.2106 INFO Entity Framework Core 6.0.18 initialized 'ApplicationDbContext' using provider 'Microsoft.EntityFrameworkCore.SqlServer:6.0.18' with options: SensitiveDataLoggingEnabled 
2023-06-22 11:10:34.2263 INFO Executed DbCommand (5ms) [Parameters=[], CommandType='Text', CommandTimeout='30']
SELECT [a].[Id], [a].[Name]
FROM [AspNetRoles] AS [a]
2023-06-22 11:10:34.2263 INFO Handled IEnumerable`1
2023-06-22 11:10:34.2263 INFO Executing ViewResult, running view Roles.
2023-06-22 11:10:34.2415 INFO Executed ViewResult - view Roles executed in 14.7447ms.
2023-06-22 11:10:34.2415 INFO Executed action ColoradoBeetle.UI.Controllers.RoleController.Roles (ColoradoBeetle.UI) in 28.5283ms
2023-06-22 11:10:34.2415 INFO Executed endpoint 'ColoradoBeetle.UI.Controllers.RoleController.Roles (ColoradoBeetle.UI)'
2023-06-22 11:10:34.2415 INFO Request finished HTTP/2 GET https://localhost:7080/Role/Roles - - - 200 - text/html;+charset=utf-8 39.4486ms
2023-06-22 11:10:34.2924 INFO Request starting HTTP/2 GET https://localhost:7080/GymManager2.UI.styles.css - -
2023-06-22 11:10:34.2924 INFO Request starting HTTP/2 GET https://localhost:7080/_framework/aspnetcore-browser-refresh.js - -
2023-06-22 11:10:34.2924 INFO Request finished HTTP/2 GET https://localhost:7080/_framework/aspnetcore-browser-refresh.js - - - 200 12004 application/javascript;+charset=utf-8 0.9323ms
2023-06-22 11:10:34.2924 INFO Request finished HTTP/2 GET https://localhost:7080/GymManager2.UI.styles.css - - - 404 0 - 5.0592ms
2023-06-22 11:10:34.3029 INFO Request starting HTTP/2 GET https://localhost:7080/_vs/browserLink - -
2023-06-22 11:10:34.4067 INFO Request finished HTTP/2 GET https://localhost:7080/_vs/browserLink - - - 200 - text/javascript;+charset=UTF-8 103.7955ms
2023-06-22 11:10:34.4604 INFO Request starting HTTP/2 GET https://localhost:7080/ lib / datatables / lang / pl.json - -
2023-06-22 11:10:34.4604 INFO Request finished HTTP/2 GET https://localhost:7080/ lib / datatables / lang / pl.json - - - 404 0 - 1.1970ms
2023-06-22 11:10:37.4180 INFO Request starting HTTP/2 GET https://localhost:7080/Role/AddRole - -
2023-06-22 11:10:37.4259 INFO Executing endpoint 'ColoradoBeetle.UI.Controllers.RoleController.AddRole (ColoradoBeetle.UI)'
2023-06-22 11:10:37.4259 INFO Route matched with {action = "AddRole", controller = "Role", page = "", area = ""}. Executing controller action with signature Microsoft.AspNetCore.Mvc.IActionResult AddRole() on controller ColoradoBeetle.UI.Controllers.RoleController (ColoradoBeetle.UI).
2023-06-22 11:10:37.4259 INFO Executing ViewResult, running view AddRole.
2023-06-22 11:10:37.4436 INFO Executed ViewResult - view AddRole executed in 17.419ms.
2023-06-22 11:10:37.4436 INFO Executed action ColoradoBeetle.UI.Controllers.RoleController.AddRole (ColoradoBeetle.UI) in 17.6799ms
2023-06-22 11:10:37.4436 INFO Executed endpoint 'ColoradoBeetle.UI.Controllers.RoleController.AddRole (ColoradoBeetle.UI)'
2023-06-22 11:10:37.4436 INFO Request finished HTTP/2 GET https://localhost:7080/Role/AddRole - - - 200 - text/html;+charset=utf-8 31.7188ms
2023-06-22 11:10:37.4827 INFO Request starting HTTP/2 GET https://localhost:7080/GymManager2.UI.styles.css - -
2023-06-22 11:10:37.4827 INFO Request starting HTTP/2 GET https://localhost:7080/_framework/aspnetcore-browser-refresh.js - -
2023-06-22 11:10:37.4827 INFO Request finished HTTP/2 GET https://localhost:7080/_framework/aspnetcore-browser-refresh.js - - - 200 12004 application/javascript;+charset=utf-8 1.0125ms
2023-06-22 11:10:37.4827 INFO Request starting HTTP/2 GET https://localhost:7080/_vs/browserLink - -
2023-06-22 11:10:37.4955 INFO Request finished HTTP/2 GET https://localhost:7080/GymManager2.UI.styles.css - - - 404 0 - 12.9304ms
2023-06-22 11:10:37.6028 INFO Request finished HTTP/2 GET https://localhost:7080/_vs/browserLink - - - 200 - text/javascript;+charset=UTF-8 118.3033ms
2023-06-22 11:10:41.0621 INFO Request starting HTTP/2 POST https://localhost:7080/Role/AddRole application/x-www-form-urlencoded 240
2023-06-22 11:10:41.0672 INFO Executing endpoint 'ColoradoBeetle.UI.Controllers.RoleController.AddRole (ColoradoBeetle.UI)'
2023-06-22 11:10:41.0672 INFO Route matched with {action = "AddRole", controller = "Role", page = "", area = ""}. Executing controller action with signature System.Threading.Tasks.Task`1[Microsoft.AspNetCore.Mvc.IActionResult] AddRole(ColoradoBeetle.Application.Roles.Commands.AddRole.AddRoleCommand) on controller ColoradoBeetle.UI.Controllers.RoleController (ColoradoBeetle.UI).
2023-06-22 11:10:41.0672 INFO Handling AddRoleCommand
2023-06-22 11:10:41.0672 INFO ColoradoBeetle Request: "AddRoleCommand" "36b1795d-6421-4c4e-95ec-307fac5fb12c" "stanialaw.wegner@gmail.com" {"Name":"testowa 1"}
2023-06-22 11:10:41.0672 INFO Entity Framework Core 6.0.18 initialized 'ApplicationDbContext' using provider 'Microsoft.EntityFrameworkCore.SqlServer:6.0.18' with options: SensitiveDataLoggingEnabled 
2023-06-22 11:10:41.0848 INFO Executed DbCommand (7ms) [Parameters=[@__normalizedName_0='TESTOWA 1' (Size = 256)], CommandType='Text', CommandTimeout='30']
SELECT TOP(1) [a].[Id], [a].[ConcurrencyStamp], [a].[Name], [a].[NormalizedName]
FROM [AspNetRoles] AS [a]
WHERE [a].[NormalizedName] = @__normalizedName_0
2023-06-22 11:10:42.2179 INFO Executing ViewResult, running view AddRole.
2023-06-22 11:10:42.2291 INFO Executed ViewResult - view AddRole executed in 11.2846ms.
2023-06-22 11:10:42.2291 INFO Executed action ColoradoBeetle.UI.Controllers.RoleController.AddRole (ColoradoBeetle.UI) in 1161.2055ms
2023-06-22 11:10:42.2291 INFO Executed endpoint 'ColoradoBeetle.UI.Controllers.RoleController.AddRole (ColoradoBeetle.UI)'
2023-06-22 11:10:42.2362 INFO Request finished HTTP/2 POST https://localhost:7080/Role/AddRole application/x-www-form-urlencoded 240 - 200 - text/html;+charset=utf-8 1174.0652ms
2023-06-22 11:10:42.2607 INFO Request starting HTTP/2 GET https://localhost:7080/GymManager2.UI.styles.css - -
2023-06-22 11:10:42.2607 INFO Request starting HTTP/2 GET https://localhost:7080/_vs/browserLink - -
2023-06-22 11:10:42.2607 INFO Request starting HTTP/2 GET https://localhost:7080/_framework/aspnetcore-browser-refresh.js - -
2023-06-22 11:10:42.2607 INFO Request finished HTTP/2 GET https://localhost:7080/_framework/aspnetcore-browser-refresh.js - - - 200 12004 application/javascript;+charset=utf-8 1.4626ms
2023-06-22 11:10:42.2714 INFO Request finished HTTP/2 GET https://localhost:7080/GymManager2.UI.styles.css - - - 404 0 - 3.0226ms
2023-06-22 11:10:42.3830 INFO Request finished HTTP/2 GET https://localhost:7080/_vs/browserLink - - - 200 - text/javascript;+charset=UTF-8 119.3076ms
2023-06-22 11:10:46.5655 INFO Request starting HTTP/2 GET https://localhost:7080/Client/Dashboard - -
2023-06-22 11:10:46.5655 INFO Executing endpoint 'ColoradoBeetle.UI.Controllers.ClientController.Dashboard (ColoradoBeetle.UI)'
2023-06-22 11:10:46.5655 INFO Route matched with {action = "Dashboard", controller = "Client", page = "", area = ""}. Executing controller action with signature Microsoft.AspNetCore.Mvc.IActionResult Dashboard() on controller ColoradoBeetle.UI.Controllers.ClientController (ColoradoBeetle.UI).
2023-06-22 11:10:46.5655 INFO Executing ViewResult, running view Dashboard.
2023-06-22 11:10:46.6124 INFO Executed ViewResult - view Dashboard executed in 36.8337ms.
2023-06-22 11:10:46.6124 INFO Executed action ColoradoBeetle.UI.Controllers.ClientController.Dashboard (ColoradoBeetle.UI) in 37.1946ms
2023-06-22 11:10:46.6124 INFO Executed endpoint 'ColoradoBeetle.UI.Controllers.ClientController.Dashboard (ColoradoBeetle.UI)'
2023-06-22 11:10:46.6124 INFO Request finished HTTP/2 GET https://localhost:7080/Client/Dashboard - - - 200 - text/html;+charset=utf-8 53.4795ms
2023-06-22 11:10:46.6443 INFO Request starting HTTP/2 GET https://localhost:7080/GymManager2.UI.styles.css - -
2023-06-22 11:10:46.6443 INFO Request finished HTTP/2 GET https://localhost:7080/GymManager2.UI.styles.css - - - 404 0 - 3.1510ms
2023-06-22 11:10:46.6443 INFO Request starting HTTP/2 GET https://localhost:7080/_framework/aspnetcore-browser-refresh.js - -
2023-06-22 11:10:46.6443 INFO Request starting HTTP/2 GET https://localhost:7080/_vs/browserLink - -
2023-06-22 11:10:46.6443 INFO Request finished HTTP/2 GET https://localhost:7080/_framework/aspnetcore-browser-refresh.js - - - 200 12004 application/javascript;+charset=utf-8 0.4371ms
2023-06-22 11:10:46.7615 INFO Request finished HTTP/2 GET https://localhost:7080/_vs/browserLink - - - 200 - text/javascript;+charset=UTF-8 114.1153ms
2023-06-22 11:10:48.1451 INFO Request starting HTTP/2 GET https://localhost:7080/Client/Client - -
2023-06-22 11:10:48.1451 INFO Executing endpoint 'ColoradoBeetle.UI.Controllers.ClientController.Client (ColoradoBeetle.UI)'
2023-06-22 11:10:48.1451 INFO Route matched with {action = "Client", controller = "Client", page = "", area = ""}. Executing controller action with signature Microsoft.AspNetCore.Mvc.IActionResult Client() on controller ColoradoBeetle.UI.Controllers.ClientController (ColoradoBeetle.UI).
2023-06-22 11:10:48.1451 INFO Executing ViewResult, running view Client.
2023-06-22 11:10:48.1697 INFO Executed ViewResult - view Client executed in 13.2585ms.
2023-06-22 11:10:48.1697 INFO Executed action ColoradoBeetle.UI.Controllers.ClientController.Client (ColoradoBeetle.UI) in 13.6813ms
2023-06-22 11:10:48.1697 INFO Executed endpoint 'ColoradoBeetle.UI.Controllers.ClientController.Client (ColoradoBeetle.UI)'
2023-06-22 11:10:48.1767 INFO Request finished HTTP/2 GET https://localhost:7080/Client/Client - - - 200 - text/html;+charset=utf-8 31.7055ms
2023-06-22 11:10:48.2043 INFO Request starting HTTP/2 GET https://localhost:7080/GymManager2.UI.styles.css - -
2023-06-22 11:10:48.2043 INFO Request starting HTTP/2 GET https://localhost:7080/_vs/browserLink - -
2023-06-22 11:10:48.2043 INFO Request starting HTTP/2 GET https://localhost:7080/_framework/aspnetcore-browser-refresh.js - -
2023-06-22 11:10:48.2051 INFO Request finished HTTP/2 GET https://localhost:7080/_framework/aspnetcore-browser-refresh.js - - - 200 12004 application/javascript;+charset=utf-8 0.3196ms
2023-06-22 11:10:48.2051 INFO Request finished HTTP/2 GET https://localhost:7080/GymManager2.UI.styles.css - - - 404 0 - 8.7855ms
2023-06-22 11:10:48.3088 INFO Request finished HTTP/2 GET https://localhost:7080/_vs/browserLink - - - 200 - text/javascript;+charset=UTF-8 103.9932ms
2023-06-22 11:10:49.5304 INFO Request starting HTTP/2 GET https://localhost:7080/Role/Roles - -
2023-06-22 11:10:49.5392 INFO Executing endpoint 'ColoradoBeetle.UI.Controllers.RoleController.Roles (ColoradoBeetle.UI)'
2023-06-22 11:10:49.5392 INFO Route matched with {action = "Roles", controller = "Role", page = "", area = ""}. Executing controller action with signature System.Threading.Tasks.Task`1[Microsoft.AspNetCore.Mvc.IActionResult] Roles() on controller ColoradoBeetle.UI.Controllers.RoleController (ColoradoBeetle.UI).
2023-06-22 11:10:49.5392 INFO Handling GetRolesQuery
2023-06-22 11:10:49.5392 INFO ColoradoBeetle Request: "GetRolesQuery" "36b1795d-6421-4c4e-95ec-307fac5fb12c" "stanialaw.wegner@gmail.com" "ColoradoBeetle.Application.Roles.Queries.GetRoles.GetRolesQuery"
2023-06-22 11:10:49.5392 INFO Entity Framework Core 6.0.18 initialized 'ApplicationDbContext' using provider 'Microsoft.EntityFrameworkCore.SqlServer:6.0.18' with options: SensitiveDataLoggingEnabled 
2023-06-22 11:10:49.5392 INFO Executed DbCommand (1ms) [Parameters=[], CommandType='Text', CommandTimeout='30']
SELECT [a].[Id], [a].[Name]
FROM [AspNetRoles] AS [a]
2023-06-22 11:10:49.5392 INFO Handled IEnumerable`1
2023-06-22 11:10:49.5392 INFO Executing ViewResult, running view Roles.
2023-06-22 11:10:49.5557 INFO Executed ViewResult - view Roles executed in 11.6156ms.
2023-06-22 11:10:49.5557 INFO Executed action ColoradoBeetle.UI.Controllers.RoleController.Roles (ColoradoBeetle.UI) in 16.2471ms
2023-06-22 11:10:49.5557 INFO Executed endpoint 'ColoradoBeetle.UI.Controllers.RoleController.Roles (ColoradoBeetle.UI)'
2023-06-22 11:10:49.5557 INFO Request finished HTTP/2 GET https://localhost:7080/Role/Roles - - - 200 - text/html;+charset=utf-8 33.4000ms
2023-06-22 11:10:49.6103 INFO Request starting HTTP/2 GET https://localhost:7080/GymManager2.UI.styles.css - -
2023-06-22 11:10:49.6103 INFO Request starting HTTP/2 GET https://localhost:7080/_framework/aspnetcore-browser-refresh.js - -
2023-06-22 11:10:49.6131 INFO Request finished HTTP/2 GET https://localhost:7080/_framework/aspnetcore-browser-refresh.js - - - 200 12004 application/javascript;+charset=utf-8 2.6429ms
2023-06-22 11:10:49.6131 INFO Request finished HTTP/2 GET https://localhost:7080/GymManager2.UI.styles.css - - - 404 0 - 5.3309ms
2023-06-22 11:10:49.6131 INFO Request starting HTTP/2 GET https://localhost:7080/_vs/browserLink - -
2023-06-22 11:10:49.7255 INFO Request starting HTTP/2 GET https://localhost:7080/ lib / datatables / lang / pl.json - -
2023-06-22 11:10:49.7255 INFO Request finished HTTP/2 GET https://localhost:7080/ lib / datatables / lang / pl.json - - - 404 0 - 3.7248ms
2023-06-22 11:10:49.7558 INFO Request finished HTTP/2 GET https://localhost:7080/_vs/browserLink - - - 200 - text/javascript;+charset=UTF-8 130.3832ms
2023-06-22 11:10:56.2349 INFO Request starting HTTP/2 POST https://localhost:7080/Identity/Account/Logout?returnUrl=%2FIdentity%2FAccount%2FLogin application/x-www-form-urlencoded 225
2023-06-22 11:10:56.2454 INFO Executing endpoint '/Account/Logout'
2023-06-22 11:10:56.2646 INFO Route matched with {page = "/Account/Logout", area = "Identity", action = "", controller = ""}. Executing page /Account/Logout
2023-06-22 11:10:56.2913 INFO Executing handler method Microsoft.AspNetCore.Identity.UI.V5.Pages.Account.Internal.LogoutModel.OnPost - ModelState is Valid
2023-06-22 11:10:56.3053 INFO AuthenticationScheme: Identity.Application signed out.
2023-06-22 11:10:56.3053 INFO AuthenticationScheme: Identity.External signed out.
2023-06-22 11:10:56.3053 INFO AuthenticationScheme: Identity.TwoFactorUserId signed out.
2023-06-22 11:10:56.3053 INFO User logged out.
2023-06-22 11:10:56.3053 INFO Executed handler method OnPost, returned result Microsoft.AspNetCore.Mvc.LocalRedirectResult.
2023-06-22 11:10:56.3053 INFO Executing LocalRedirectResult, redirecting to /Identity/Account/Login.
2023-06-22 11:10:56.3053 INFO Executed page /Account/Logout in 44.6382ms
2023-06-22 11:10:56.3053 INFO Executed endpoint '/Account/Logout'
2023-06-22 11:10:56.3053 INFO Request finished HTTP/2 POST https://localhost:7080/Identity/Account/Logout?returnUrl=%2FIdentity%2FAccount%2FLogin application/x-www-form-urlencoded 225 - 302 0 - 74.9807ms
2023-06-22 11:10:56.3147 INFO Request starting HTTP/2 GET https://localhost:7080/Identity/Account/Login - -
2023-06-22 11:10:56.3147 INFO Executing endpoint '/Account/Login'
2023-06-22 11:10:56.3356 INFO Route matched with {page = "/Account/Login", area = "Identity", action = "", controller = ""}. Executing page /Account/Login
2023-06-22 11:10:56.3356 INFO Executing handler method ColoradoBeetle.UI.Areas.Identity.Pages.Account.LoginModel.OnGetAsync - ModelState is Valid
2023-06-22 11:10:56.3456 INFO AuthenticationScheme: Identity.External signed out.
2023-06-22 11:10:56.3456 INFO Executed handler method OnGetAsync, returned result .
2023-06-22 11:10:56.3456 INFO Executing an implicit handler method - ModelState is Valid
2023-06-22 11:10:56.3456 INFO Executed an implicit handler method, returned result Microsoft.AspNetCore.Mvc.RazorPages.PageResult.
2023-06-22 11:10:56.5465 INFO Executed page /Account/Login in 210.8079ms
2023-06-22 11:10:56.5465 INFO Executed endpoint '/Account/Login'
2023-06-22 11:10:56.5530 INFO Request finished HTTP/2 GET https://localhost:7080/Identity/Account/Login - - - 200 - text/html;+charset=utf-8 238.3098ms
2023-06-22 11:10:56.5848 INFO Request starting HTTP/2 GET https://localhost:7080/_framework/aspnetcore-browser-refresh.js - -
2023-06-22 11:10:56.5848 INFO Request starting HTTP/2 GET https://localhost:7080/GymManager2.UI.styles.css - -
2023-06-22 11:10:56.5848 INFO Request finished HTTP/2 GET https://localhost:7080/_framework/aspnetcore-browser-refresh.js - - - 200 12004 application/javascript;+charset=utf-8 0.3314ms
2023-06-22 11:10:56.5848 INFO Request finished HTTP/2 GET https://localhost:7080/GymManager2.UI.styles.css - - - 404 0 - 0.7776ms
2023-06-22 11:10:56.5848 INFO Request starting HTTP/2 GET https://localhost:7080/_vs/browserLink - -
2023-06-22 11:10:56.6911 INFO Request finished HTTP/2 GET https://localhost:7080/_vs/browserLink - - - 200 - text/javascript;+charset=UTF-8 98.4590ms
2023-06-22 11:14:31.2805 WARN Sensitive data logging is enabled. Log entries and exception messages may include sensitive application data; this mode should only be enabled during development.
2023-06-22 11:14:31.9480 INFO Entity Framework Core 6.0.18 initialized 'ApplicationDbContext' using provider 'Microsoft.EntityFrameworkCore.SqlServer:6.0.18' with options: SensitiveDataLoggingEnabled 
2023-06-22 11:14:33.8937 INFO Executed DbCommand (316ms) [Parameters=[], CommandType='Text', CommandTimeout='30']
SELECT [s].[Id], [s].[Description], [s].[Key], [s].[Order], [s].[SettingsId], [s].[Type], [s].[Value]
FROM [SettingsPositions] AS [s]
2023-06-22 11:14:34.0739 INFO DEVELOPMENT MODE!!!
2023-06-22 11:14:34.3061 INFO User profile is available. Using 'C:\Users\User\AppData\Local\ASP.NET\DataProtection-Keys' as key repository and Windows DPAPI to encrypt keys at rest.
2023-06-22 11:14:34.9735 INFO Now listening on: https://localhost:7080
2023-06-22 11:14:34.9735 INFO Now listening on: http://localhost:5116
2023-06-22 11:14:34.9735 INFO Application started. Press Ctrl+C to shut down.
2023-06-22 11:14:34.9735 INFO Hosting environment: Development
2023-06-22 11:14:34.9735 INFO Content root path: C:\Users\User\source\repos\ColoradoBeetle\ColoradoBeetle.UI\
2023-06-22 11:14:37.4868 INFO Request starting HTTP/2 GET https://localhost:7080/ - -
2023-06-22 11:14:37.7135 INFO Executing endpoint 'ColoradoBeetle.UI.Controllers.HomeController.Index (ColoradoBeetle.UI)'
2023-06-22 11:14:37.7404 INFO Route matched with {action = "Index", controller = "Home", page = "", area = ""}. Executing controller action with signature System.Threading.Tasks.Task`1[Microsoft.AspNetCore.Mvc.IActionResult] Index() on controller ColoradoBeetle.UI.Controllers.HomeController (ColoradoBeetle.UI).
2023-06-22 11:14:37.7713 INFO Executing ViewResult, running view Index.
2023-06-22 11:14:38.2679 INFO Executed ViewResult - view Index executed in 501.3362ms.
2023-06-22 11:14:38.2835 INFO Executed action ColoradoBeetle.UI.Controllers.HomeController.Index (ColoradoBeetle.UI) in 542.4395ms
2023-06-22 11:14:38.2835 INFO Executed endpoint 'ColoradoBeetle.UI.Controllers.HomeController.Index (ColoradoBeetle.UI)'
2023-06-22 11:14:38.4378 INFO Request finished HTTP/2 GET https://localhost:7080/ - - - 200 - text/html;+charset=utf-8 935.8489ms
2023-06-22 11:14:38.4802 INFO Request starting HTTP/2 GET https://localhost:7080/css/site.css?v=a2UR6uFJ-TYlXS7tGYaqSVnwV6pEHPuPsMlIXkPq8iA - -
2023-06-22 11:14:38.4802 INFO Request starting HTTP/2 GET https://localhost:7080/_framework/aspnetcore-browser-refresh.js - -
2023-06-22 11:14:38.4802 INFO Request starting HTTP/2 GET https://localhost:7080/_vs/browserLink - -
2023-06-22 11:14:38.5205 INFO Request finished HTTP/2 GET https://localhost:7080/_framework/aspnetcore-browser-refresh.js - - - 200 12004 application/javascript;+charset=utf-8 39.6783ms
2023-06-22 11:14:38.5205 INFO The file /css/site.css was not modified
2023-06-22 11:14:38.5205 INFO Request finished HTTP/2 GET https://localhost:7080/css/site.css?v=a2UR6uFJ-TYlXS7tGYaqSVnwV6pEHPuPsMlIXkPq8iA - - - 304 - text/css 50.0873ms
2023-06-22 11:14:38.7912 INFO Request finished HTTP/2 GET https://localhost:7080/_vs/browserLink - - - 200 - text/javascript;+charset=UTF-8 305.3898ms
2023-06-22 11:14:41.6534 INFO Request starting HTTP/2 GET https://localhost:7080/Identity/Account/Login - -
2023-06-22 11:14:41.6680 INFO Executing endpoint '/Account/Login'
2023-06-22 11:14:41.7454 INFO Route matched with {page = "/Account/Login", area = "Identity", action = "", controller = ""}. Executing page /Account/Login
2023-06-22 11:14:41.7817 INFO Executing handler method ColoradoBeetle.UI.Areas.Identity.Pages.Account.LoginModel.OnGetAsync - ModelState is Valid
2023-06-22 11:14:41.7972 INFO AuthenticationScheme: Identity.External signed out.
2023-06-22 11:14:41.7994 INFO Executed handler method OnGetAsync, returned result .
2023-06-22 11:14:41.7994 INFO Executing an implicit handler method - ModelState is Valid
2023-06-22 11:14:41.7994 INFO Executed an implicit handler method, returned result Microsoft.AspNetCore.Mvc.RazorPages.PageResult.
2023-06-22 11:14:42.0123 INFO Executed page /Account/Login in 266.5203ms
2023-06-22 11:14:42.0123 INFO Executed endpoint '/Account/Login'
2023-06-22 11:14:42.0182 INFO Request finished HTTP/2 GET https://localhost:7080/Identity/Account/Login - - - 200 - text/html;+charset=utf-8 365.0099ms
2023-06-22 11:14:42.0456 INFO Request starting HTTP/2 GET https://localhost:7080/GymManager2.UI.styles.css - -
2023-06-22 11:14:42.0456 INFO Request starting HTTP/2 GET https://localhost:7080/_framework/aspnetcore-browser-refresh.js - -
2023-06-22 11:14:42.0456 INFO Request finished HTTP/2 GET https://localhost:7080/_framework/aspnetcore-browser-refresh.js - - - 200 12004 application/javascript;+charset=utf-8 1.8371ms
2023-06-22 11:14:42.0616 INFO Request starting HTTP/2 GET https://localhost:7080/_vs/browserLink - -
2023-06-22 11:14:42.0616 INFO Request finished HTTP/2 GET https://localhost:7080/GymManager2.UI.styles.css - - - 404 0 - 17.2900ms
2023-06-22 11:14:42.1749 INFO Request finished HTTP/2 GET https://localhost:7080/_vs/browserLink - - - 200 - text/javascript;+charset=UTF-8 113.2980ms
2023-06-22 11:15:08.8545 INFO Request starting HTTP/2 POST https://localhost:7080/Identity/Account/Login application/x-www-form-urlencoded 249
2023-06-22 11:15:08.8656 INFO Executing endpoint '/Account/Login'
2023-06-22 11:15:08.8656 INFO Route matched with {page = "/Account/Login", area = "Identity", action = "", controller = ""}. Executing page /Account/Login
2023-06-22 11:15:08.9483 INFO Executing handler method ColoradoBeetle.UI.Areas.Identity.Pages.Account.LoginModel.OnPostAsync - ModelState is Valid
2023-06-22 11:15:08.9720 INFO Entity Framework Core 6.0.18 initialized 'ApplicationDbContext' using provider 'Microsoft.EntityFrameworkCore.SqlServer:6.0.18' with options: SensitiveDataLoggingEnabled 
2023-06-22 11:15:09.6023 INFO Executed DbCommand (79ms) [Parameters=[@__normalizedUserName_0='STANIALAW.WEGNER@GMAIL.COM' (Size = 256)], CommandType='Text', CommandTimeout='30']
SELECT TOP(1) [a].[Id], [a].[AccessFailedCount], [a].[ConcurrencyStamp], [a].[Email], [a].[EmailConfirmed], [a].[FirstName], [a].[IsDeleted], [a].[LastName], [a].[LockoutEnabled], [a].[LockoutEnd], [a].[NormalizedEmail], [a].[NormalizedUserName], [a].[PasswordHash], [a].[PhoneNumber], [a].[PhoneNumberConfirmed], [a].[RegisterDateTime], [a].[SecurityStamp], [a].[TwoFactorEnabled], [a].[UserName]
FROM [AspNetUsers] AS [a]
WHERE [a].[NormalizedUserName] = @__normalizedUserName_0
2023-06-22 11:15:10.0560 INFO Executed DbCommand (8ms) [Parameters=[@__user_Id_0='36b1795d-6421-4c4e-95ec-307fac5fb12c' (Size = 450)], CommandType='Text', CommandTimeout='30']
SELECT [a].[Id], [a].[ClaimType], [a].[ClaimValue], [a].[UserId]
FROM [AspNetUserClaims] AS [a]
WHERE [a].[UserId] = @__user_Id_0
2023-06-22 11:15:10.1969 INFO Executed DbCommand (10ms) [Parameters=[@__userId_0='36b1795d-6421-4c4e-95ec-307fac5fb12c' (Size = 450)], CommandType='Text', CommandTimeout='30']
SELECT [a0].[Name]
FROM [AspNetUserRoles] AS [a]
INNER JOIN [AspNetRoles] AS [a0] ON [a].[RoleId] = [a0].[Id]
WHERE [a].[UserId] = @__userId_0
2023-06-22 11:15:10.2167 INFO Executed DbCommand (5ms) [Parameters=[@__normalizedName_0='KLIENT' (Size = 256)], CommandType='Text', CommandTimeout='30']
SELECT TOP(1) [a].[Id], [a].[ConcurrencyStamp], [a].[Name], [a].[NormalizedName]
FROM [AspNetRoles] AS [a]
WHERE [a].[NormalizedName] = @__normalizedName_0
2023-06-22 11:15:10.2497 INFO Executed DbCommand (2ms) [Parameters=[@__role_Id_0='F5502C99-1E28-4025-AB7B-6D99CE8EE4A3' (Size = 450)], CommandType='Text', CommandTimeout='30']
SELECT [a].[ClaimType], [a].[ClaimValue]
FROM [AspNetRoleClaims] AS [a]
WHERE [a].[RoleId] = @__role_Id_0
2023-06-22 11:15:10.2634 INFO AuthenticationScheme: Identity.Application signed in.
2023-06-22 11:15:10.2634 INFO User logged in.
2023-06-22 11:15:10.2721 INFO Executed handler method OnPostAsync, returned result Microsoft.AspNetCore.Mvc.LocalRedirectResult.
2023-06-22 11:15:10.2830 INFO Executing LocalRedirectResult, redirecting to /.
2023-06-22 11:15:10.2830 INFO Executed page /Account/Login in 1417.2998ms
2023-06-22 11:15:10.2830 INFO Executed endpoint '/Account/Login'
2023-06-22 11:15:10.2830 INFO Request starting HTTP/2 GET https://localhost:7080/ - -
2023-06-22 11:15:10.2830 INFO Request finished HTTP/2 POST https://localhost:7080/Identity/Account/Login application/x-www-form-urlencoded 249 - 302 0 - 1437.3241ms
2023-06-22 11:15:10.3006 INFO Executing endpoint 'ColoradoBeetle.UI.Controllers.HomeController.Index (ColoradoBeetle.UI)'
2023-06-22 11:15:10.3006 INFO Route matched with {action = "Index", controller = "Home", page = "", area = ""}. Executing controller action with signature System.Threading.Tasks.Task`1[Microsoft.AspNetCore.Mvc.IActionResult] Index() on controller ColoradoBeetle.UI.Controllers.HomeController (ColoradoBeetle.UI).
2023-06-22 11:15:10.3006 INFO Executing ViewResult, running view Index.
2023-06-22 11:15:10.3205 INFO Executed ViewResult - view Index executed in 19.1428ms.
2023-06-22 11:15:10.3205 INFO Executed action ColoradoBeetle.UI.Controllers.HomeController.Index (ColoradoBeetle.UI) in 19.97ms
2023-06-22 11:15:10.3205 INFO Executed endpoint 'ColoradoBeetle.UI.Controllers.HomeController.Index (ColoradoBeetle.UI)'
2023-06-22 11:15:10.3205 INFO Request finished HTTP/2 GET https://localhost:7080/ - - - 200 - text/html;+charset=utf-8 38.0728ms
2023-06-22 11:15:10.4181 INFO Request starting HTTP/2 GET https://localhost:7080/_vs/browserLink - -
2023-06-22 11:15:10.4343 INFO Request starting HTTP/2 GET https://localhost:7080/_framework/aspnetcore-browser-refresh.js - -
2023-06-22 11:15:10.4343 INFO Request finished HTTP/2 GET https://localhost:7080/_framework/aspnetcore-browser-refresh.js - - - 200 12004 application/javascript;+charset=utf-8 9.9270ms
2023-06-22 11:15:10.5517 INFO Request finished HTTP/2 GET https://localhost:7080/_vs/browserLink - - - 200 - text/javascript;+charset=UTF-8 133.5047ms
2023-06-22 11:15:12.4612 INFO Request starting HTTP/2 GET https://localhost:7080/Client/Dashboard - -
2023-06-22 11:15:12.4612 INFO Executing endpoint 'ColoradoBeetle.UI.Controllers.ClientController.Dashboard (ColoradoBeetle.UI)'
2023-06-22 11:15:12.4612 INFO Route matched with {action = "Dashboard", controller = "Client", page = "", area = ""}. Executing controller action with signature Microsoft.AspNetCore.Mvc.IActionResult Dashboard() on controller ColoradoBeetle.UI.Controllers.ClientController (ColoradoBeetle.UI).
2023-06-22 11:15:12.4719 INFO Executing ViewResult, running view Dashboard.
2023-06-22 11:15:12.5643 INFO Executed ViewResult - view Dashboard executed in 94.1608ms.
2023-06-22 11:15:12.5646 INFO Executed action ColoradoBeetle.UI.Controllers.ClientController.Dashboard (ColoradoBeetle.UI) in 94.9131ms
2023-06-22 11:15:12.5646 INFO Executed endpoint 'ColoradoBeetle.UI.Controllers.ClientController.Dashboard (ColoradoBeetle.UI)'
2023-06-22 11:15:12.5646 INFO Request finished HTTP/2 GET https://localhost:7080/Client/Dashboard - - - 200 - text/html;+charset=utf-8 111.0270ms
2023-06-22 11:15:12.6159 INFO Request starting HTTP/2 GET https://localhost:7080/GymManager2.UI.styles.css - -
2023-06-22 11:15:12.6159 INFO Request starting HTTP/2 GET https://localhost:7080/_framework/aspnetcore-browser-refresh.js - -
2023-06-22 11:15:12.6159 INFO Request starting HTTP/2 GET https://localhost:7080/_vs/browserLink - -
2023-06-22 11:15:12.6159 INFO Request finished HTTP/2 GET https://localhost:7080/_framework/aspnetcore-browser-refresh.js - - - 200 12004 application/javascript;+charset=utf-8 0.8292ms
2023-06-22 11:15:12.6382 INFO Request finished HTTP/2 GET https://localhost:7080/GymManager2.UI.styles.css - - - 404 0 - 22.3236ms
2023-06-22 11:15:12.7371 INFO Request finished HTTP/2 GET https://localhost:7080/_vs/browserLink - - - 200 - text/javascript;+charset=UTF-8 120.2009ms
2023-06-22 11:15:15.3274 INFO Request starting HTTP/2 GET https://localhost:7080/Role/Roles - -
2023-06-22 11:15:15.3356 INFO Executing endpoint 'ColoradoBeetle.UI.Controllers.RoleController.Roles (ColoradoBeetle.UI)'
2023-06-22 11:15:15.3356 INFO Route matched with {action = "Roles", controller = "Role", page = "", area = ""}. Executing controller action with signature System.Threading.Tasks.Task`1[Microsoft.AspNetCore.Mvc.IActionResult] Roles() on controller ColoradoBeetle.UI.Controllers.RoleController (ColoradoBeetle.UI).
2023-06-22 11:15:15.3847 INFO Handling GetRolesQuery
2023-06-22 11:15:15.3847 INFO ColoradoBeetle Request: "GetRolesQuery" "36b1795d-6421-4c4e-95ec-307fac5fb12c" "stanialaw.wegner@gmail.com" "ColoradoBeetle.Application.Roles.Queries.GetRoles.GetRolesQuery"
2023-06-22 11:15:15.5154 INFO Entity Framework Core 6.0.18 initialized 'ApplicationDbContext' using provider 'Microsoft.EntityFrameworkCore.SqlServer:6.0.18' with options: SensitiveDataLoggingEnabled 
2023-06-22 11:15:15.5497 INFO Executed DbCommand (7ms) [Parameters=[], CommandType='Text', CommandTimeout='30']
SELECT [a].[Id], [a].[Name]
FROM [AspNetRoles] AS [a]
2023-06-22 11:15:15.5497 INFO Handled IEnumerable`1
2023-06-22 11:15:15.5497 INFO Executing ViewResult, running view Roles.
2023-06-22 11:15:15.5958 INFO Executed ViewResult - view Roles executed in 38.8637ms.
2023-06-22 11:15:15.5958 INFO Executed action ColoradoBeetle.UI.Controllers.RoleController.Roles (ColoradoBeetle.UI) in 255.6131ms
2023-06-22 11:15:15.5958 INFO Executed endpoint 'ColoradoBeetle.UI.Controllers.RoleController.Roles (ColoradoBeetle.UI)'
2023-06-22 11:15:15.5958 INFO Request finished HTTP/2 GET https://localhost:7080/Role/Roles - - - 200 - text/html;+charset=utf-8 275.3800ms
2023-06-22 11:15:15.6508 INFO Request starting HTTP/2 GET https://localhost:7080/GymManager2.UI.styles.css - -
2023-06-22 11:15:15.6508 INFO Request starting HTTP/2 GET https://localhost:7080/_framework/aspnetcore-browser-refresh.js - -
2023-06-22 11:15:15.6508 INFO Request finished HTTP/2 GET https://localhost:7080/_framework/aspnetcore-browser-refresh.js - - - 200 12004 application/javascript;+charset=utf-8 0.3547ms
2023-06-22 11:15:15.6508 INFO Request finished HTTP/2 GET https://localhost:7080/GymManager2.UI.styles.css - - - 404 0 - 3.6783ms
2023-06-22 11:15:15.6622 INFO Request starting HTTP/2 GET https://localhost:7080/_vs/browserLink - -
2023-06-22 11:15:15.7843 INFO Request finished HTTP/2 GET https://localhost:7080/_vs/browserLink - - - 200 - text/javascript;+charset=UTF-8 124.3999ms
2023-06-22 11:15:15.7843 INFO Request starting HTTP/2 GET https://localhost:7080/ lib / datatables / lang / pl.json - -
2023-06-22 11:15:15.7843 INFO Request finished HTTP/2 GET https://localhost:7080/ lib / datatables / lang / pl.json - - - 404 0 - 1.4200ms
2023-06-22 11:15:18.1227 INFO Request starting HTTP/2 GET https://localhost:7080/Role/AddRole - -
2023-06-22 11:15:18.1319 INFO Executing endpoint 'ColoradoBeetle.UI.Controllers.RoleController.AddRole (ColoradoBeetle.UI)'
2023-06-22 11:15:18.1319 INFO Route matched with {action = "AddRole", controller = "Role", page = "", area = ""}. Executing controller action with signature Microsoft.AspNetCore.Mvc.IActionResult AddRole() on controller ColoradoBeetle.UI.Controllers.RoleController (ColoradoBeetle.UI).
2023-06-22 11:15:18.1319 INFO Executing ViewResult, running view AddRole.
2023-06-22 11:15:18.1658 INFO Executed ViewResult - view AddRole executed in 32.1853ms.
2023-06-22 11:15:18.1658 INFO Executed action ColoradoBeetle.UI.Controllers.RoleController.AddRole (ColoradoBeetle.UI) in 32.7492ms
2023-06-22 11:15:18.1658 INFO Executed endpoint 'ColoradoBeetle.UI.Controllers.RoleController.AddRole (ColoradoBeetle.UI)'
2023-06-22 11:15:18.1658 INFO Request finished HTTP/2 GET https://localhost:7080/Role/AddRole - - - 200 - text/html;+charset=utf-8 49.8651ms
2023-06-22 11:15:18.1991 INFO Request starting HTTP/2 GET https://localhost:7080/GymManager2.UI.styles.css - -
2023-06-22 11:15:18.1991 INFO Request starting HTTP/2 GET https://localhost:7080/_framework/aspnetcore-browser-refresh.js - -
2023-06-22 11:15:18.1991 INFO Request finished HTTP/2 GET https://localhost:7080/_framework/aspnetcore-browser-refresh.js - - - 200 12004 application/javascript;+charset=utf-8 0.4059ms
2023-06-22 11:15:18.1991 INFO Request starting HTTP/2 GET https://localhost:7080/_vs/browserLink - -
2023-06-22 11:15:18.1991 INFO Request finished HTTP/2 GET https://localhost:7080/GymManager2.UI.styles.css - - - 404 0 - 1.3709ms
2023-06-22 11:15:18.3171 INFO Request finished HTTP/2 GET https://localhost:7080/_vs/browserLink - - - 200 - text/javascript;+charset=UTF-8 117.1830ms
2023-06-22 11:15:22.2048 INFO Request starting HTTP/2 POST https://localhost:7080/Role/AddRole application/x-www-form-urlencoded 240
2023-06-22 11:15:22.2048 INFO Executing endpoint 'ColoradoBeetle.UI.Controllers.RoleController.AddRole (ColoradoBeetle.UI)'
2023-06-22 11:15:22.2048 INFO Route matched with {action = "AddRole", controller = "Role", page = "", area = ""}. Executing controller action with signature System.Threading.Tasks.Task`1[Microsoft.AspNetCore.Mvc.IActionResult] AddRole(ColoradoBeetle.Application.Roles.Commands.AddRole.AddRoleCommand) on controller ColoradoBeetle.UI.Controllers.RoleController (ColoradoBeetle.UI).
2023-06-22 11:15:22.2534 INFO Handling AddRoleCommand
2023-06-22 11:15:22.2534 INFO ColoradoBeetle Request: "AddRoleCommand" "36b1795d-6421-4c4e-95ec-307fac5fb12c" "stanialaw.wegner@gmail.com" {"Name":"testowa 1"}
2023-06-22 11:15:22.2905 INFO Entity Framework Core 6.0.18 initialized 'ApplicationDbContext' using provider 'Microsoft.EntityFrameworkCore.SqlServer:6.0.18' with options: SensitiveDataLoggingEnabled 
2023-06-22 11:15:22.3030 INFO Executed DbCommand (5ms) [Parameters=[@__normalizedName_0='TESTOWA 1' (Size = 256)], CommandType='Text', CommandTimeout='30']
SELECT TOP(1) [a].[Id], [a].[ConcurrencyStamp], [a].[Name], [a].[NormalizedName]
FROM [AspNetRoles] AS [a]
WHERE [a].[NormalizedName] = @__normalizedName_0
2023-06-22 11:15:23.0212 INFO Executing ViewResult, running view AddRole.
2023-06-22 11:15:23.0341 INFO Executed ViewResult - view AddRole executed in 12.9151ms.
2023-06-22 11:15:23.0341 INFO Executed action ColoradoBeetle.UI.Controllers.RoleController.AddRole (ColoradoBeetle.UI) in 816.291ms
2023-06-22 11:15:23.0341 INFO Executed endpoint 'ColoradoBeetle.UI.Controllers.RoleController.AddRole (ColoradoBeetle.UI)'
2023-06-22 11:15:23.0341 INFO Request finished HTTP/2 POST https://localhost:7080/Role/AddRole application/x-www-form-urlencoded 240 - 200 - text/html;+charset=utf-8 836.7819ms
2023-06-22 11:15:23.0748 INFO Request starting HTTP/2 GET https://localhost:7080/GymManager2.UI.styles.css - -
2023-06-22 11:15:23.0748 INFO Request starting HTTP/2 GET https://localhost:7080/_framework/aspnetcore-browser-refresh.js - -
2023-06-22 11:15:23.0748 INFO Request finished HTTP/2 GET https://localhost:7080/_framework/aspnetcore-browser-refresh.js - - - 200 12004 application/javascript;+charset=utf-8 0.8651ms
2023-06-22 11:15:23.0748 INFO Request starting HTTP/2 GET https://localhost:7080/_vs/browserLink - -
2023-06-22 11:15:23.0864 INFO Request finished HTTP/2 GET https://localhost:7080/GymManager2.UI.styles.css - - - 404 0 - 11.5642ms
2023-06-22 11:15:23.1982 INFO Request finished HTTP/2 GET https://localhost:7080/_vs/browserLink - - - 200 - text/javascript;+charset=UTF-8 121.6938ms
