2023-05-25 10:40:34.3463 INFO DEVELOPMENT MODE!!!
2023-05-25 10:40:34.7972 INFO User profile is available. Using 'C:\Users\User\AppData\Local\ASP.NET\DataProtection-Keys' as key repository and Windows DPAPI to encrypt keys at rest.
2023-05-25 10:40:35.2732 INFO Now listening on: https://localhost:7080
2023-05-25 10:40:35.2732 INFO Now listening on: http://localhost:5116
2023-05-25 10:40:35.2732 INFO Application started. Press Ctrl+C to shut down.
2023-05-25 10:40:35.2732 INFO Hosting environment: Development
2023-05-25 10:40:35.2732 INFO Content root path: C:\Users\User\source\repos\ColoradoBeetle\ColoradoBeetle.UI\
2023-05-25 10:40:42.3556 INFO Request starting HTTP/2 GET https://localhost:7080/ - -
2023-05-25 10:40:42.7959 INFO Executing endpoint 'ColoradoBeetle.UI.Controllers.HomeController.Index (ColoradoBeetle.UI)'
2023-05-25 10:40:42.9907 INFO Route matched with {action = "Index", controller = "Home"}. Executing controller action with signature System.Threading.Tasks.Task`1[Microsoft.AspNetCore.Mvc.IActionResult] Index() on controller ColoradoBeetle.UI.Controllers.HomeController (ColoradoBeetle.UI).
2023-05-25 10:40:43.0753 INFO Handling AddProductCommand
2023-05-25 10:40:43.0753 INFO ColoradoBeetle Request: "AddProductCommand" {"Name":"testiong coloradobeetle logging behaviour"}
2023-05-25 10:40:43.1529 INFO Handled Unit
2023-05-25 10:40:43.1910 INFO Executing ViewResult, running view Index.
2023-05-25 10:40:43.4841 INFO Executed action ColoradoBeetle.UI.Controllers.HomeController.Index (ColoradoBeetle.UI) in 479.618ms
2023-05-25 10:40:43.4841 INFO Executed endpoint 'ColoradoBeetle.UI.Controllers.HomeController.Index (ColoradoBeetle.UI)'
2023-05-25 10:40:44.9066 INFO Request starting HTTP/2 GET https://localhost:7080/Error - -
2023-05-25 10:40:44.9066 INFO Executing endpoint 'ColoradoBeetle.UI.Controllers.ErrorController.Index (ColoradoBeetle.UI)'
2023-05-25 10:40:44.9211 INFO Route matched with {action = "Index", controller = "Error"}. Executing controller action with signature Microsoft.AspNetCore.Mvc.IActionResult Index() on controller ColoradoBeetle.UI.Controllers.ErrorController (ColoradoBeetle.UI).
2023-05-25 10:40:44.9211 INFO Executing ViewResult, running view Error.
2023-05-25 10:40:44.9211 INFO Request finished HTTP/2 GET https://localhost:7080/ - - - 302 - application/json 2586.2768ms
2023-05-25 10:40:45.0569 INFO Executed action ColoradoBeetle.UI.Controllers.ErrorController.Index (ColoradoBeetle.UI) in 135.6449ms
2023-05-25 10:40:45.0569 INFO Executed endpoint 'ColoradoBeetle.UI.Controllers.ErrorController.Index (ColoradoBeetle.UI)'
2023-05-25 10:40:45.1083 INFO Request finished HTTP/2 GET https://localhost:7080/Error - - - 302 - application/json 209.7137ms
2023-05-25 10:40:45.1281 INFO Request starting HTTP/2 GET https://localhost:7080/Error - -
2023-05-25 10:40:45.1281 INFO Executing endpoint 'ColoradoBeetle.UI.Controllers.ErrorController.Index (ColoradoBeetle.UI)'
2023-05-25 10:40:45.1281 INFO Route matched with {action = "Index", controller = "Error"}. Executing controller action with signature Microsoft.AspNetCore.Mvc.IActionResult Index() on controller ColoradoBeetle.UI.Controllers.ErrorController (ColoradoBeetle.UI).
2023-05-25 10:40:45.1281 INFO Executing ViewResult, running view Error.
2023-05-25 10:40:45.1281 INFO Executed action ColoradoBeetle.UI.Controllers.ErrorController.Index (ColoradoBeetle.UI) in 3.5205ms
2023-05-25 10:40:45.1281 INFO Executed endpoint 'ColoradoBeetle.UI.Controllers.ErrorController.Index (ColoradoBeetle.UI)'
2023-05-25 10:40:45.1875 INFO Request finished HTTP/2 GET https://localhost:7080/Error - - - 302 - application/json 66.3606ms
2023-05-25 10:40:45.1875 INFO Request starting HTTP/2 GET https://localhost:7080/Error - -
2023-05-25 10:40:45.2037 INFO Executing endpoint 'ColoradoBeetle.UI.Controllers.ErrorController.Index (ColoradoBeetle.UI)'
2023-05-25 10:40:45.2037 INFO Route matched with {action = "Index", controller = "Error"}. Executing controller action with signature Microsoft.AspNetCore.Mvc.IActionResult Index() on controller ColoradoBeetle.UI.Controllers.ErrorController (ColoradoBeetle.UI).
2023-05-25 10:40:45.2037 INFO Executing ViewResult, running view Error.
2023-05-25 10:40:45.2037 INFO Executed action ColoradoBeetle.UI.Controllers.ErrorController.Index (ColoradoBeetle.UI) in 3.2772ms
2023-05-25 10:40:45.2037 INFO Executed endpoint 'ColoradoBeetle.UI.Controllers.ErrorController.Index (ColoradoBeetle.UI)'
2023-05-25 10:40:45.2680 INFO Request finished HTTP/2 GET https://localhost:7080/Error - - - 302 - application/json 66.3878ms
2023-05-25 10:40:45.2680 INFO Request starting HTTP/2 GET https://localhost:7080/Error - -
2023-05-25 10:40:45.2680 INFO Executing endpoint 'ColoradoBeetle.UI.Controllers.ErrorController.Index (ColoradoBeetle.UI)'
2023-05-25 10:40:45.2680 INFO Route matched with {action = "Index", controller = "Error"}. Executing controller action with signature Microsoft.AspNetCore.Mvc.IActionResult Index() on controller ColoradoBeetle.UI.Controllers.ErrorController (ColoradoBeetle.UI).
2023-05-25 10:40:45.2680 INFO Executing ViewResult, running view Error.
2023-05-25 10:40:45.2815 INFO Executed action ColoradoBeetle.UI.Controllers.ErrorController.Index (ColoradoBeetle.UI) in 3.5428ms
2023-05-25 10:40:45.2815 INFO Executed endpoint 'ColoradoBeetle.UI.Controllers.ErrorController.Index (ColoradoBeetle.UI)'
2023-05-25 10:40:45.3418 INFO Request finished HTTP/2 GET https://localhost:7080/Error - - - 302 - application/json 68.1026ms
2023-05-25 10:40:45.3418 INFO Request starting HTTP/2 GET https://localhost:7080/Error - -
2023-05-25 10:40:45.3418 INFO Executing endpoint 'ColoradoBeetle.UI.Controllers.ErrorController.Index (ColoradoBeetle.UI)'
2023-05-25 10:40:45.3418 INFO Route matched with {action = "Index", controller = "Error"}. Executing controller action with signature Microsoft.AspNetCore.Mvc.IActionResult Index() on controller ColoradoBeetle.UI.Controllers.ErrorController (ColoradoBeetle.UI).
2023-05-25 10:40:45.3418 INFO Executing ViewResult, running view Error.
2023-05-25 10:40:45.3418 INFO Executed action ColoradoBeetle.UI.Controllers.ErrorController.Index (ColoradoBeetle.UI) in 2.7743ms
2023-05-25 10:40:45.3418 INFO Executed endpoint 'ColoradoBeetle.UI.Controllers.ErrorController.Index (ColoradoBeetle.UI)'
2023-05-25 10:40:45.4098 INFO Request finished HTTP/2 GET https://localhost:7080/Error - - - 302 - application/json 68.0656ms
2023-05-25 10:40:45.4208 INFO Request starting HTTP/2 GET https://localhost:7080/Error - -
2023-05-25 10:40:45.4208 INFO Executing endpoint 'ColoradoBeetle.UI.Controllers.ErrorController.Index (ColoradoBeetle.UI)'
2023-05-25 10:40:45.4208 INFO Route matched with {action = "Index", controller = "Error"}. Executing controller action with signature Microsoft.AspNetCore.Mvc.IActionResult Index() on controller ColoradoBeetle.UI.Controllers.ErrorController (ColoradoBeetle.UI).
2023-05-25 10:40:45.4208 INFO Executing ViewResult, running view Error.
2023-05-25 10:40:45.4208 INFO Executed action ColoradoBeetle.UI.Controllers.ErrorController.Index (ColoradoBeetle.UI) in 2.5981ms
2023-05-25 10:40:45.4208 INFO Executed endpoint 'ColoradoBeetle.UI.Controllers.ErrorController.Index (ColoradoBeetle.UI)'
2023-05-25 10:40:45.4843 INFO Request finished HTTP/2 GET https://localhost:7080/Error - - - 302 - application/json 63.5012ms
2023-05-25 10:40:45.4843 INFO Request starting HTTP/2 GET https://localhost:7080/Error - -
2023-05-25 10:40:45.4843 INFO Executing endpoint 'ColoradoBeetle.UI.Controllers.ErrorController.Index (ColoradoBeetle.UI)'
2023-05-25 10:40:45.4843 INFO Route matched with {action = "Index", controller = "Error"}. Executing controller action with signature Microsoft.AspNetCore.Mvc.IActionResult Index() on controller ColoradoBeetle.UI.Controllers.ErrorController (ColoradoBeetle.UI).
2023-05-25 10:40:45.4843 INFO Executing ViewResult, running view Error.
2023-05-25 10:40:45.4843 INFO Executed action ColoradoBeetle.UI.Controllers.ErrorController.Index (ColoradoBeetle.UI) in 2.552ms
2023-05-25 10:40:45.4843 INFO Executed endpoint 'ColoradoBeetle.UI.Controllers.ErrorController.Index (ColoradoBeetle.UI)'
2023-05-25 10:40:45.5510 INFO Request finished HTTP/2 GET https://localhost:7080/Error - - - 302 - application/json 68.3024ms
2023-05-25 10:40:45.5688 INFO Request starting HTTP/2 GET https://localhost:7080/Error - -
2023-05-25 10:40:45.5688 INFO Executing endpoint 'ColoradoBeetle.UI.Controllers.ErrorController.Index (ColoradoBeetle.UI)'
2023-05-25 10:40:45.5688 INFO Route matched with {action = "Index", controller = "Error"}. Executing controller action with signature Microsoft.AspNetCore.Mvc.IActionResult Index() on controller ColoradoBeetle.UI.Controllers.ErrorController (ColoradoBeetle.UI).
2023-05-25 10:40:45.5688 INFO Executing ViewResult, running view Error.
2023-05-25 10:40:45.5688 INFO Executed action ColoradoBeetle.UI.Controllers.ErrorController.Index (ColoradoBeetle.UI) in 3.5959ms
2023-05-25 10:40:45.5688 INFO Executed endpoint 'ColoradoBeetle.UI.Controllers.ErrorController.Index (ColoradoBeetle.UI)'
2023-05-25 10:40:45.6423 INFO Request finished HTTP/2 GET https://localhost:7080/Error - - - 302 - application/json 79.5923ms
2023-05-25 10:40:45.6423 INFO Request starting HTTP/2 GET https://localhost:7080/Error - -
2023-05-25 10:40:45.6575 INFO Executing endpoint 'ColoradoBeetle.UI.Controllers.ErrorController.Index (ColoradoBeetle.UI)'
2023-05-25 10:40:45.6575 INFO Route matched with {action = "Index", controller = "Error"}. Executing controller action with signature Microsoft.AspNetCore.Mvc.IActionResult Index() on controller ColoradoBeetle.UI.Controllers.ErrorController (ColoradoBeetle.UI).
2023-05-25 10:40:45.6575 INFO Executing ViewResult, running view Error.
2023-05-25 10:40:45.6575 INFO Executed action ColoradoBeetle.UI.Controllers.ErrorController.Index (ColoradoBeetle.UI) in 3.7365ms
2023-05-25 10:40:45.6575 INFO Executed endpoint 'ColoradoBeetle.UI.Controllers.ErrorController.Index (ColoradoBeetle.UI)'
2023-05-25 10:40:45.7182 INFO Request finished HTTP/2 GET https://localhost:7080/Error - - - 302 - application/json 70.2495ms
2023-05-25 10:40:45.7182 INFO Request starting HTTP/2 GET https://localhost:7080/Error - -
2023-05-25 10:40:45.7182 INFO Executing endpoint 'ColoradoBeetle.UI.Controllers.ErrorController.Index (ColoradoBeetle.UI)'
2023-05-25 10:40:45.7182 INFO Route matched with {action = "Index", controller = "Error"}. Executing controller action with signature Microsoft.AspNetCore.Mvc.IActionResult Index() on controller ColoradoBeetle.UI.Controllers.ErrorController (ColoradoBeetle.UI).
2023-05-25 10:40:45.7182 INFO Executing ViewResult, running view Error.
2023-05-25 10:40:45.7350 INFO Executed action ColoradoBeetle.UI.Controllers.ErrorController.Index (ColoradoBeetle.UI) in 3.7064ms
2023-05-25 10:40:45.7350 INFO Executed endpoint 'ColoradoBeetle.UI.Controllers.ErrorController.Index (ColoradoBeetle.UI)'
2023-05-25 10:40:45.8006 INFO Request finished HTTP/2 GET https://localhost:7080/Error - - - 302 - application/json 77.2369ms
2023-05-25 10:40:45.8221 INFO Request starting HTTP/2 GET https://localhost:7080/Error - -
2023-05-25 10:40:45.8221 INFO Executing endpoint 'ColoradoBeetle.UI.Controllers.ErrorController.Index (ColoradoBeetle.UI)'
2023-05-25 10:40:45.8221 INFO Route matched with {action = "Index", controller = "Error"}. Executing controller action with signature Microsoft.AspNetCore.Mvc.IActionResult Index() on controller ColoradoBeetle.UI.Controllers.ErrorController (ColoradoBeetle.UI).
2023-05-25 10:40:45.8221 INFO Executing ViewResult, running view Error.
2023-05-25 10:40:45.8358 INFO Executed action ColoradoBeetle.UI.Controllers.ErrorController.Index (ColoradoBeetle.UI) in 11.2599ms
2023-05-25 10:40:45.8358 INFO Executed endpoint 'ColoradoBeetle.UI.Controllers.ErrorController.Index (ColoradoBeetle.UI)'
2023-05-25 10:40:45.9089 INFO Request finished HTTP/2 GET https://localhost:7080/Error - - - 302 - application/json 86.7876ms
2023-05-25 10:40:45.9089 INFO Request starting HTTP/2 GET https://localhost:7080/Error - -
2023-05-25 10:40:45.9089 INFO Executing endpoint 'ColoradoBeetle.UI.Controllers.ErrorController.Index (ColoradoBeetle.UI)'
2023-05-25 10:40:45.9089 INFO Route matched with {action = "Index", controller = "Error"}. Executing controller action with signature Microsoft.AspNetCore.Mvc.IActionResult Index() on controller ColoradoBeetle.UI.Controllers.ErrorController (ColoradoBeetle.UI).
2023-05-25 10:40:45.9089 INFO Executing ViewResult, running view Error.
2023-05-25 10:40:45.9240 INFO Executed action ColoradoBeetle.UI.Controllers.ErrorController.Index (ColoradoBeetle.UI) in 4.3036ms
2023-05-25 10:40:45.9240 INFO Executed endpoint 'ColoradoBeetle.UI.Controllers.ErrorController.Index (ColoradoBeetle.UI)'
2023-05-25 10:40:45.9899 INFO Request finished HTTP/2 GET https://localhost:7080/Error - - - 302 - application/json 79.3253ms
2023-05-25 10:40:46.0031 INFO Request starting HTTP/2 GET https://localhost:7080/Error - -
2023-05-25 10:40:46.0031 INFO Executing endpoint 'ColoradoBeetle.UI.Controllers.ErrorController.Index (ColoradoBeetle.UI)'
2023-05-25 10:40:46.0031 INFO Route matched with {action = "Index", controller = "Error"}. Executing controller action with signature Microsoft.AspNetCore.Mvc.IActionResult Index() on controller ColoradoBeetle.UI.Controllers.ErrorController (ColoradoBeetle.UI).
2023-05-25 10:40:46.0031 INFO Executing ViewResult, running view Error.
2023-05-25 10:40:46.0031 INFO Executed action ColoradoBeetle.UI.Controllers.ErrorController.Index (ColoradoBeetle.UI) in 3.3312ms
2023-05-25 10:40:46.0031 INFO Executed endpoint 'ColoradoBeetle.UI.Controllers.ErrorController.Index (ColoradoBeetle.UI)'
2023-05-25 10:40:46.0669 INFO Request finished HTTP/2 GET https://localhost:7080/Error - - - 302 - application/json 63.7451ms
2023-05-25 10:40:46.0669 INFO Request starting HTTP/2 GET https://localhost:7080/Error - -
2023-05-25 10:40:46.0763 INFO Executing endpoint 'ColoradoBeetle.UI.Controllers.ErrorController.Index (ColoradoBeetle.UI)'
2023-05-25 10:40:46.0763 INFO Route matched with {action = "Index", controller = "Error"}. Executing controller action with signature Microsoft.AspNetCore.Mvc.IActionResult Index() on controller ColoradoBeetle.UI.Controllers.ErrorController (ColoradoBeetle.UI).
2023-05-25 10:40:46.0763 INFO Executing ViewResult, running view Error.
2023-05-25 10:40:46.0763 INFO Executed action ColoradoBeetle.UI.Controllers.ErrorController.Index (ColoradoBeetle.UI) in 4.8742ms
2023-05-25 10:40:46.0763 INFO Executed endpoint 'ColoradoBeetle.UI.Controllers.ErrorController.Index (ColoradoBeetle.UI)'
2023-05-25 10:40:46.1405 INFO Request finished HTTP/2 GET https://localhost:7080/Error - - - 302 - application/json 73.6502ms
2023-05-25 10:40:46.1405 INFO Request starting HTTP/2 GET https://localhost:7080/Error - -
2023-05-25 10:40:46.1551 INFO Executing endpoint 'ColoradoBeetle.UI.Controllers.ErrorController.Index (ColoradoBeetle.UI)'
2023-05-25 10:40:46.1551 INFO Route matched with {action = "Index", controller = "Error"}. Executing controller action with signature Microsoft.AspNetCore.Mvc.IActionResult Index() on controller ColoradoBeetle.UI.Controllers.ErrorController (ColoradoBeetle.UI).
2023-05-25 10:40:46.1551 INFO Executing ViewResult, running view Error.
2023-05-25 10:40:46.1551 INFO Executed action ColoradoBeetle.UI.Controllers.ErrorController.Index (ColoradoBeetle.UI) in 2.7315ms
2023-05-25 10:40:46.1551 INFO Executed endpoint 'ColoradoBeetle.UI.Controllers.ErrorController.Index (ColoradoBeetle.UI)'
2023-05-25 10:40:46.2212 INFO Request finished HTTP/2 GET https://localhost:7080/Error - - - 302 - application/json 67.7646ms
2023-05-25 10:40:46.2212 INFO Request starting HTTP/2 GET https://localhost:7080/Error - -
2023-05-25 10:40:46.2212 INFO Executing endpoint 'ColoradoBeetle.UI.Controllers.ErrorController.Index (ColoradoBeetle.UI)'
2023-05-25 10:40:46.2212 INFO Route matched with {action = "Index", controller = "Error"}. Executing controller action with signature Microsoft.AspNetCore.Mvc.IActionResult Index() on controller ColoradoBeetle.UI.Controllers.ErrorController (ColoradoBeetle.UI).
2023-05-25 10:40:46.2212 INFO Executing ViewResult, running view Error.
2023-05-25 10:40:46.2330 INFO Executed action ColoradoBeetle.UI.Controllers.ErrorController.Index (ColoradoBeetle.UI) in 4.0518ms
2023-05-25 10:40:46.2330 INFO Executed endpoint 'ColoradoBeetle.UI.Controllers.ErrorController.Index (ColoradoBeetle.UI)'
2023-05-25 10:40:46.3004 INFO Request finished HTTP/2 GET https://localhost:7080/Error - - - 302 - application/json 74.2082ms
2023-05-25 10:40:46.3004 INFO Request starting HTTP/2 GET https://localhost:7080/Error - -
2023-05-25 10:40:46.3004 INFO Executing endpoint 'ColoradoBeetle.UI.Controllers.ErrorController.Index (ColoradoBeetle.UI)'
2023-05-25 10:40:46.3111 INFO Route matched with {action = "Index", controller = "Error"}. Executing controller action with signature Microsoft.AspNetCore.Mvc.IActionResult Index() on controller ColoradoBeetle.UI.Controllers.ErrorController (ColoradoBeetle.UI).
2023-05-25 10:40:46.3111 INFO Executing ViewResult, running view Error.
2023-05-25 10:40:46.3111 INFO Executed action ColoradoBeetle.UI.Controllers.ErrorController.Index (ColoradoBeetle.UI) in 3.9016ms
2023-05-25 10:40:46.3111 INFO Executed endpoint 'ColoradoBeetle.UI.Controllers.ErrorController.Index (ColoradoBeetle.UI)'
2023-05-25 10:40:46.3812 INFO Request finished HTTP/2 GET https://localhost:7080/Error - - - 302 - application/json 80.1764ms
2023-05-25 10:40:46.4203 INFO Request starting HTTP/2 GET https://localhost:7080/Error - -
2023-05-25 10:40:46.4203 INFO Executing endpoint 'ColoradoBeetle.UI.Controllers.ErrorController.Index (ColoradoBeetle.UI)'
2023-05-25 10:40:46.4203 INFO Route matched with {action = "Index", controller = "Error"}. Executing controller action with signature Microsoft.AspNetCore.Mvc.IActionResult Index() on controller ColoradoBeetle.UI.Controllers.ErrorController (ColoradoBeetle.UI).
2023-05-25 10:40:46.4203 INFO Executing ViewResult, running view Error.
2023-05-25 10:40:46.4203 INFO Executed action ColoradoBeetle.UI.Controllers.ErrorController.Index (ColoradoBeetle.UI) in 4.8536ms
2023-05-25 10:40:46.4203 INFO Executed endpoint 'ColoradoBeetle.UI.Controllers.ErrorController.Index (ColoradoBeetle.UI)'
2023-05-25 10:40:46.4854 INFO Request finished HTTP/2 GET https://localhost:7080/Error - - - 302 - application/json 70.2340ms
2023-05-25 10:40:46.4854 INFO Request starting HTTP/2 GET https://localhost:7080/Error - -
2023-05-25 10:40:46.5001 INFO Executing endpoint 'ColoradoBeetle.UI.Controllers.ErrorController.Index (ColoradoBeetle.UI)'
2023-05-25 10:40:46.5001 INFO Route matched with {action = "Index", controller = "Error"}. Executing controller action with signature Microsoft.AspNetCore.Mvc.IActionResult Index() on controller ColoradoBeetle.UI.Controllers.ErrorController (ColoradoBeetle.UI).
2023-05-25 10:40:46.5001 INFO Executing ViewResult, running view Error.
2023-05-25 10:40:46.5001 INFO Executed action ColoradoBeetle.UI.Controllers.ErrorController.Index (ColoradoBeetle.UI) in 4.0935ms
2023-05-25 10:40:46.5001 INFO Executed endpoint 'ColoradoBeetle.UI.Controllers.ErrorController.Index (ColoradoBeetle.UI)'
2023-05-25 10:40:46.5700 INFO Request finished HTTP/2 GET https://localhost:7080/Error - - - 302 - application/json 77.9697ms
2023-05-25 10:40:48.9417 INFO Request starting HTTP/2 GET https://localhost:7080/Error - -
2023-05-25 10:40:48.9417 INFO Executing endpoint 'ColoradoBeetle.UI.Controllers.ErrorController.Index (ColoradoBeetle.UI)'
2023-05-25 10:40:48.9417 INFO Route matched with {action = "Index", controller = "Error"}. Executing controller action with signature Microsoft.AspNetCore.Mvc.IActionResult Index() on controller ColoradoBeetle.UI.Controllers.ErrorController (ColoradoBeetle.UI).
2023-05-25 10:40:48.9417 INFO Executing ViewResult, running view Error.
2023-05-25 10:40:48.9579 INFO Executed action ColoradoBeetle.UI.Controllers.ErrorController.Index (ColoradoBeetle.UI) in 11.3416ms
2023-05-25 10:40:48.9579 INFO Executed endpoint 'ColoradoBeetle.UI.Controllers.ErrorController.Index (ColoradoBeetle.UI)'
2023-05-25 10:40:49.0160 INFO Request finished HTTP/2 GET https://localhost:7080/Error - - - 302 - application/json 81.2182ms
2023-05-25 10:40:49.0299 INFO Request starting HTTP/2 GET https://localhost:7080/Error - -
2023-05-25 10:40:49.0299 INFO Executing endpoint 'ColoradoBeetle.UI.Controllers.ErrorController.Index (ColoradoBeetle.UI)'
2023-05-25 10:40:49.0299 INFO Route matched with {action = "Index", controller = "Error"}. Executing controller action with signature Microsoft.AspNetCore.Mvc.IActionResult Index() on controller ColoradoBeetle.UI.Controllers.ErrorController (ColoradoBeetle.UI).
2023-05-25 10:40:49.0299 INFO Executing ViewResult, running view Error.
2023-05-25 10:40:49.0299 INFO Executed action ColoradoBeetle.UI.Controllers.ErrorController.Index (ColoradoBeetle.UI) in 2.8839ms
2023-05-25 10:40:49.0299 INFO Executed endpoint 'ColoradoBeetle.UI.Controllers.ErrorController.Index (ColoradoBeetle.UI)'
2023-05-25 10:40:49.0958 INFO Request finished HTTP/2 GET https://localhost:7080/Error - - - 302 - application/json 65.7878ms
2023-05-25 10:40:49.0958 INFO Request starting HTTP/2 GET https://localhost:7080/Error - -
2023-05-25 10:40:49.0958 INFO Executing endpoint 'ColoradoBeetle.UI.Controllers.ErrorController.Index (ColoradoBeetle.UI)'
2023-05-25 10:40:49.0958 INFO Route matched with {action = "Index", controller = "Error"}. Executing controller action with signature Microsoft.AspNetCore.Mvc.IActionResult Index() on controller ColoradoBeetle.UI.Controllers.ErrorController (ColoradoBeetle.UI).
2023-05-25 10:40:49.0958 INFO Executing ViewResult, running view Error.
2023-05-25 10:40:49.1099 INFO Executed action ColoradoBeetle.UI.Controllers.ErrorController.Index (ColoradoBeetle.UI) in 4.2247ms
2023-05-25 10:40:49.1099 INFO Executed endpoint 'ColoradoBeetle.UI.Controllers.ErrorController.Index (ColoradoBeetle.UI)'
2023-05-25 10:40:49.1448 INFO Request finished HTTP/2 GET https://localhost:7080/Error - - - 302 - application/json 44.2162ms
2023-05-25 10:40:49.1448 INFO Request starting HTTP/2 GET https://localhost:7080/Error - -
2023-05-25 10:40:49.1448 INFO Executing endpoint 'ColoradoBeetle.UI.Controllers.ErrorController.Index (ColoradoBeetle.UI)'
2023-05-25 10:40:49.1448 INFO Route matched with {action = "Index", controller = "Error"}. Executing controller action with signature Microsoft.AspNetCore.Mvc.IActionResult Index() on controller ColoradoBeetle.UI.Controllers.ErrorController (ColoradoBeetle.UI).
2023-05-25 10:40:49.1448 INFO Executing ViewResult, running view Error.
2023-05-25 10:40:49.1552 INFO Executed action ColoradoBeetle.UI.Controllers.ErrorController.Index (ColoradoBeetle.UI) in 2.0522ms
2023-05-25 10:40:49.1552 INFO Executed endpoint 'ColoradoBeetle.UI.Controllers.ErrorController.Index (ColoradoBeetle.UI)'
2023-05-25 10:40:49.2034 INFO Request finished HTTP/2 GET https://localhost:7080/Error - - - 302 - application/json 51.8047ms
2023-05-25 10:40:49.2034 INFO Request starting HTTP/2 GET https://localhost:7080/Error - -
2023-05-25 10:40:49.2034 INFO Executing endpoint 'ColoradoBeetle.UI.Controllers.ErrorController.Index (ColoradoBeetle.UI)'
2023-05-25 10:40:49.2034 INFO Route matched with {action = "Index", controller = "Error"}. Executing controller action with signature Microsoft.AspNetCore.Mvc.IActionResult Index() on controller ColoradoBeetle.UI.Controllers.ErrorController (ColoradoBeetle.UI).
2023-05-25 10:40:49.2034 INFO Executing ViewResult, running view Error.
2023-05-25 10:40:49.2034 INFO Executed action ColoradoBeetle.UI.Controllers.ErrorController.Index (ColoradoBeetle.UI) in 5.4411ms
2023-05-25 10:40:49.2168 INFO Executed endpoint 'ColoradoBeetle.UI.Controllers.ErrorController.Index (ColoradoBeetle.UI)'
2023-05-25 10:40:49.2840 INFO Request finished HTTP/2 GET https://localhost:7080/Error - - - 302 - application/json 75.5739ms
2023-05-25 10:40:49.2840 INFO Request starting HTTP/2 GET https://localhost:7080/Error - -
2023-05-25 10:40:49.2840 INFO Executing endpoint 'ColoradoBeetle.UI.Controllers.ErrorController.Index (ColoradoBeetle.UI)'
2023-05-25 10:40:49.2840 INFO Route matched with {action = "Index", controller = "Error"}. Executing controller action with signature Microsoft.AspNetCore.Mvc.IActionResult Index() on controller ColoradoBeetle.UI.Controllers.ErrorController (ColoradoBeetle.UI).
2023-05-25 10:40:49.2840 INFO Executing ViewResult, running view Error.
2023-05-25 10:40:49.2972 INFO Executed action ColoradoBeetle.UI.Controllers.ErrorController.Index (ColoradoBeetle.UI) in 4.6248ms
2023-05-25 10:40:49.2972 INFO Executed endpoint 'ColoradoBeetle.UI.Controllers.ErrorController.Index (ColoradoBeetle.UI)'
2023-05-25 10:40:49.3373 INFO Request finished HTTP/2 GET https://localhost:7080/Error - - - 302 - application/json 50.1562ms
2023-05-25 10:40:49.3451 INFO Request starting HTTP/2 GET https://localhost:7080/Error - -
2023-05-25 10:40:49.3451 INFO Executing endpoint 'ColoradoBeetle.UI.Controllers.ErrorController.Index (ColoradoBeetle.UI)'
2023-05-25 10:40:49.3451 INFO Route matched with {action = "Index", controller = "Error"}. Executing controller action with signature Microsoft.AspNetCore.Mvc.IActionResult Index() on controller ColoradoBeetle.UI.Controllers.ErrorController (ColoradoBeetle.UI).
2023-05-25 10:40:49.3451 INFO Executing ViewResult, running view Error.
2023-05-25 10:40:49.3451 INFO Executed action ColoradoBeetle.UI.Controllers.ErrorController.Index (ColoradoBeetle.UI) in 2.2564ms
2023-05-25 10:40:49.3451 INFO Executed endpoint 'ColoradoBeetle.UI.Controllers.ErrorController.Index (ColoradoBeetle.UI)'
2023-05-25 10:40:49.3847 INFO Request finished HTTP/2 GET https://localhost:7080/Error - - - 302 - application/json 42.7837ms
2023-05-25 10:40:49.3922 INFO Request starting HTTP/2 GET https://localhost:7080/Error - -
2023-05-25 10:40:49.3922 INFO Executing endpoint 'ColoradoBeetle.UI.Controllers.ErrorController.Index (ColoradoBeetle.UI)'
2023-05-25 10:40:49.3922 INFO Route matched with {action = "Index", controller = "Error"}. Executing controller action with signature Microsoft.AspNetCore.Mvc.IActionResult Index() on controller ColoradoBeetle.UI.Controllers.ErrorController (ColoradoBeetle.UI).
2023-05-25 10:40:49.3922 INFO Executing ViewResult, running view Error.
2023-05-25 10:40:49.3922 INFO Executed action ColoradoBeetle.UI.Controllers.ErrorController.Index (ColoradoBeetle.UI) in 3.0721ms
2023-05-25 10:40:49.3922 INFO Executed endpoint 'ColoradoBeetle.UI.Controllers.ErrorController.Index (ColoradoBeetle.UI)'
2023-05-25 10:40:49.4517 INFO Request finished HTTP/2 GET https://localhost:7080/Error - - - 302 - application/json 59.4915ms
2023-05-25 10:40:49.4517 INFO Request starting HTTP/2 GET https://localhost:7080/Error - -
2023-05-25 10:40:49.4517 INFO Executing endpoint 'ColoradoBeetle.UI.Controllers.ErrorController.Index (ColoradoBeetle.UI)'
2023-05-25 10:40:49.4517 INFO Route matched with {action = "Index", controller = "Error"}. Executing controller action with signature Microsoft.AspNetCore.Mvc.IActionResult Index() on controller ColoradoBeetle.UI.Controllers.ErrorController (ColoradoBeetle.UI).
2023-05-25 10:40:49.4517 INFO Executing ViewResult, running view Error.
2023-05-25 10:40:49.4517 INFO Executed action ColoradoBeetle.UI.Controllers.ErrorController.Index (ColoradoBeetle.UI) in 6.3412ms
2023-05-25 10:40:49.4517 INFO Executed endpoint 'ColoradoBeetle.UI.Controllers.ErrorController.Index (ColoradoBeetle.UI)'
2023-05-25 10:40:49.5152 INFO Request finished HTTP/2 GET https://localhost:7080/Error - - - 302 - application/json 57.8344ms
2023-05-25 10:40:49.5152 INFO Request starting HTTP/2 GET https://localhost:7080/Error - -
2023-05-25 10:40:49.5152 INFO Executing endpoint 'ColoradoBeetle.UI.Controllers.ErrorController.Index (ColoradoBeetle.UI)'
2023-05-25 10:40:49.5152 INFO Route matched with {action = "Index", controller = "Error"}. Executing controller action with signature Microsoft.AspNetCore.Mvc.IActionResult Index() on controller ColoradoBeetle.UI.Controllers.ErrorController (ColoradoBeetle.UI).
2023-05-25 10:40:49.5152 INFO Executing ViewResult, running view Error.
2023-05-25 10:40:49.5152 INFO Executed action ColoradoBeetle.UI.Controllers.ErrorController.Index (ColoradoBeetle.UI) in 4.5558ms
2023-05-25 10:40:49.5152 INFO Executed endpoint 'ColoradoBeetle.UI.Controllers.ErrorController.Index (ColoradoBeetle.UI)'
2023-05-25 10:40:49.5689 INFO Request finished HTTP/2 GET https://localhost:7080/Error - - - 302 - application/json 53.7847ms
2023-05-25 10:40:49.5790 INFO Request starting HTTP/2 GET https://localhost:7080/Error - -
2023-05-25 10:40:49.5790 INFO Executing endpoint 'ColoradoBeetle.UI.Controllers.ErrorController.Index (ColoradoBeetle.UI)'
2023-05-25 10:40:49.5790 INFO Route matched with {action = "Index", controller = "Error"}. Executing controller action with signature Microsoft.AspNetCore.Mvc.IActionResult Index() on controller ColoradoBeetle.UI.Controllers.ErrorController (ColoradoBeetle.UI).
2023-05-25 10:40:49.5790 INFO Executing ViewResult, running view Error.
2023-05-25 10:40:49.5790 INFO Executed action ColoradoBeetle.UI.Controllers.ErrorController.Index (ColoradoBeetle.UI) in 2.6579ms
2023-05-25 10:40:49.5790 INFO Executed endpoint 'ColoradoBeetle.UI.Controllers.ErrorController.Index (ColoradoBeetle.UI)'
2023-05-25 10:40:49.6246 INFO Request finished HTTP/2 GET https://localhost:7080/Error - - - 302 - application/json 50.0250ms
2023-05-25 10:40:49.6246 INFO Request starting HTTP/2 GET https://localhost:7080/Error - -
2023-05-25 10:40:49.6246 INFO Executing endpoint 'ColoradoBeetle.UI.Controllers.ErrorController.Index (ColoradoBeetle.UI)'
2023-05-25 10:40:49.6246 INFO Route matched with {action = "Index", controller = "Error"}. Executing controller action with signature Microsoft.AspNetCore.Mvc.IActionResult Index() on controller ColoradoBeetle.UI.Controllers.ErrorController (ColoradoBeetle.UI).
2023-05-25 10:40:49.6246 INFO Executing ViewResult, running view Error.
2023-05-25 10:40:49.6246 INFO Executed action ColoradoBeetle.UI.Controllers.ErrorController.Index (ColoradoBeetle.UI) in 2.6958ms
2023-05-25 10:40:49.6386 INFO Executed endpoint 'ColoradoBeetle.UI.Controllers.ErrorController.Index (ColoradoBeetle.UI)'
2023-05-25 10:40:49.6862 INFO Request finished HTTP/2 GET https://localhost:7080/Error - - - 302 - application/json 52.7734ms
2023-05-25 10:40:49.6862 INFO Request starting HTTP/2 GET https://localhost:7080/Error - -
2023-05-25 10:40:49.6862 INFO Executing endpoint 'ColoradoBeetle.UI.Controllers.ErrorController.Index (ColoradoBeetle.UI)'
2023-05-25 10:40:49.6862 INFO Route matched with {action = "Index", controller = "Error"}. Executing controller action with signature Microsoft.AspNetCore.Mvc.IActionResult Index() on controller ColoradoBeetle.UI.Controllers.ErrorController (ColoradoBeetle.UI).
2023-05-25 10:40:49.6862 INFO Executing ViewResult, running view Error.
2023-05-25 10:40:49.6862 INFO Executed action ColoradoBeetle.UI.Controllers.ErrorController.Index (ColoradoBeetle.UI) in 3.0141ms
2023-05-25 10:40:49.6862 INFO Executed endpoint 'ColoradoBeetle.UI.Controllers.ErrorController.Index (ColoradoBeetle.UI)'
2023-05-25 10:40:49.7326 INFO Request finished HTTP/2 GET https://localhost:7080/Error - - - 302 - application/json 42.6106ms
2023-05-25 10:40:49.7326 INFO Request starting HTTP/2 GET https://localhost:7080/Error - -
2023-05-25 10:40:49.7326 INFO Executing endpoint 'ColoradoBeetle.UI.Controllers.ErrorController.Index (ColoradoBeetle.UI)'
2023-05-25 10:40:49.7326 INFO Route matched with {action = "Index", controller = "Error"}. Executing controller action with signature Microsoft.AspNetCore.Mvc.IActionResult Index() on controller ColoradoBeetle.UI.Controllers.ErrorController (ColoradoBeetle.UI).
2023-05-25 10:40:49.7326 INFO Executing ViewResult, running view Error.
2023-05-25 10:40:49.7326 INFO Executed action ColoradoBeetle.UI.Controllers.ErrorController.Index (ColoradoBeetle.UI) in 2.3644ms
2023-05-25 10:40:49.7326 INFO Executed endpoint 'ColoradoBeetle.UI.Controllers.ErrorController.Index (ColoradoBeetle.UI)'
2023-05-25 10:40:49.7809 INFO Request finished HTTP/2 GET https://localhost:7080/Error - - - 302 - application/json 44.5593ms
2023-05-25 10:40:49.7809 INFO Request starting HTTP/2 GET https://localhost:7080/Error - -
2023-05-25 10:40:49.7809 INFO Executing endpoint 'ColoradoBeetle.UI.Controllers.ErrorController.Index (ColoradoBeetle.UI)'
2023-05-25 10:40:49.7809 INFO Route matched with {action = "Index", controller = "Error"}. Executing controller action with signature Microsoft.AspNetCore.Mvc.IActionResult Index() on controller ColoradoBeetle.UI.Controllers.ErrorController (ColoradoBeetle.UI).
2023-05-25 10:40:49.7809 INFO Executing ViewResult, running view Error.
2023-05-25 10:40:49.7809 INFO Executed action ColoradoBeetle.UI.Controllers.ErrorController.Index (ColoradoBeetle.UI) in 2.2297ms
2023-05-25 10:40:49.7809 INFO Executed endpoint 'ColoradoBeetle.UI.Controllers.ErrorController.Index (ColoradoBeetle.UI)'
2023-05-25 10:40:49.8307 INFO Request finished HTTP/2 GET https://localhost:7080/Error - - - 302 - application/json 45.6903ms
2023-05-25 10:40:49.8307 INFO Request starting HTTP/2 GET https://localhost:7080/Error - -
2023-05-25 10:40:49.8307 INFO Executing endpoint 'ColoradoBeetle.UI.Controllers.ErrorController.Index (ColoradoBeetle.UI)'
2023-05-25 10:40:49.8307 INFO Route matched with {action = "Index", controller = "Error"}. Executing controller action with signature Microsoft.AspNetCore.Mvc.IActionResult Index() on controller ColoradoBeetle.UI.Controllers.ErrorController (ColoradoBeetle.UI).
2023-05-25 10:40:49.8307 INFO Executing ViewResult, running view Error.
2023-05-25 10:40:49.8307 INFO Executed action ColoradoBeetle.UI.Controllers.ErrorController.Index (ColoradoBeetle.UI) in 2.3225ms
2023-05-25 10:40:49.8307 INFO Executed endpoint 'ColoradoBeetle.UI.Controllers.ErrorController.Index (ColoradoBeetle.UI)'
2023-05-25 10:40:49.8807 INFO Request finished HTTP/2 GET https://localhost:7080/Error - - - 302 - application/json 49.5436ms
2023-05-25 10:40:49.8807 INFO Request starting HTTP/2 GET https://localhost:7080/Error - -
2023-05-25 10:40:49.8894 INFO Executing endpoint 'ColoradoBeetle.UI.Controllers.ErrorController.Index (ColoradoBeetle.UI)'
2023-05-25 10:40:49.8894 INFO Route matched with {action = "Index", controller = "Error"}. Executing controller action with signature Microsoft.AspNetCore.Mvc.IActionResult Index() on controller ColoradoBeetle.UI.Controllers.ErrorController (ColoradoBeetle.UI).
2023-05-25 10:40:49.8894 INFO Executing ViewResult, running view Error.
2023-05-25 10:40:49.8894 INFO Executed action ColoradoBeetle.UI.Controllers.ErrorController.Index (ColoradoBeetle.UI) in 1.9471ms
2023-05-25 10:40:49.8894 INFO Executed endpoint 'ColoradoBeetle.UI.Controllers.ErrorController.Index (ColoradoBeetle.UI)'
2023-05-25 10:40:49.9268 INFO Request finished HTTP/2 GET https://localhost:7080/Error - - - 302 - application/json 42.8845ms
2023-05-25 10:40:49.9268 INFO Request starting HTTP/2 GET https://localhost:7080/Error - -
2023-05-25 10:40:49.9361 INFO Executing endpoint 'ColoradoBeetle.UI.Controllers.ErrorController.Index (ColoradoBeetle.UI)'
2023-05-25 10:40:49.9361 INFO Route matched with {action = "Index", controller = "Error"}. Executing controller action with signature Microsoft.AspNetCore.Mvc.IActionResult Index() on controller ColoradoBeetle.UI.Controllers.ErrorController (ColoradoBeetle.UI).
2023-05-25 10:40:49.9361 INFO Executing ViewResult, running view Error.
2023-05-25 10:40:49.9361 INFO Executed action ColoradoBeetle.UI.Controllers.ErrorController.Index (ColoradoBeetle.UI) in 1.9572ms
2023-05-25 10:40:49.9361 INFO Executed endpoint 'ColoradoBeetle.UI.Controllers.ErrorController.Index (ColoradoBeetle.UI)'
2023-05-25 10:40:49.9745 INFO Request finished HTTP/2 GET https://localhost:7080/Error - - - 302 - application/json 42.2951ms
2023-05-25 10:40:49.9823 INFO Request starting HTTP/2 GET https://localhost:7080/Error - -
2023-05-25 10:40:49.9823 INFO Executing endpoint 'ColoradoBeetle.UI.Controllers.ErrorController.Index (ColoradoBeetle.UI)'
2023-05-25 10:40:49.9823 INFO Route matched with {action = "Index", controller = "Error"}. Executing controller action with signature Microsoft.AspNetCore.Mvc.IActionResult Index() on controller ColoradoBeetle.UI.Controllers.ErrorController (ColoradoBeetle.UI).
2023-05-25 10:40:49.9823 INFO Executing ViewResult, running view Error.
2023-05-25 10:40:49.9823 INFO Executed action ColoradoBeetle.UI.Controllers.ErrorController.Index (ColoradoBeetle.UI) in 2.0737ms
2023-05-25 10:40:49.9823 INFO Executed endpoint 'ColoradoBeetle.UI.Controllers.ErrorController.Index (ColoradoBeetle.UI)'
2023-05-25 10:40:50.0174 INFO Request finished HTTP/2 GET https://localhost:7080/Error - - - 302 - application/json 37.9737ms
2023-05-25 10:40:50.0174 INFO Request starting HTTP/2 GET https://localhost:7080/Error - -
2023-05-25 10:40:50.0174 INFO Executing endpoint 'ColoradoBeetle.UI.Controllers.ErrorController.Index (ColoradoBeetle.UI)'
2023-05-25 10:40:50.0174 INFO Route matched with {action = "Index", controller = "Error"}. Executing controller action with signature Microsoft.AspNetCore.Mvc.IActionResult Index() on controller ColoradoBeetle.UI.Controllers.ErrorController (ColoradoBeetle.UI).
2023-05-25 10:40:50.0174 INFO Executing ViewResult, running view Error.
2023-05-25 10:40:50.0174 INFO Executed action ColoradoBeetle.UI.Controllers.ErrorController.Index (ColoradoBeetle.UI) in 2.5823ms
2023-05-25 10:40:50.0174 INFO Executed endpoint 'ColoradoBeetle.UI.Controllers.ErrorController.Index (ColoradoBeetle.UI)'
2023-05-25 10:40:50.0638 INFO Request finished HTTP/2 GET https://localhost:7080/Error - - - 302 - application/json 39.6848ms
2023-05-25 10:40:55.1203 INFO Request starting HTTP/2 GET https://localhost:7080/Error - -
2023-05-25 10:40:55.1247 INFO Executing endpoint 'ColoradoBeetle.UI.Controllers.ErrorController.Index (ColoradoBeetle.UI)'
2023-05-25 10:40:55.1247 INFO Route matched with {action = "Index", controller = "Error"}. Executing controller action with signature Microsoft.AspNetCore.Mvc.IActionResult Index() on controller ColoradoBeetle.UI.Controllers.ErrorController (ColoradoBeetle.UI).
2023-05-25 10:40:55.1247 INFO Executing ViewResult, running view Error.
2023-05-25 10:40:55.1247 INFO Executed action ColoradoBeetle.UI.Controllers.ErrorController.Index (ColoradoBeetle.UI) in 3.0103ms
2023-05-25 10:40:55.1247 INFO Executed endpoint 'ColoradoBeetle.UI.Controllers.ErrorController.Index (ColoradoBeetle.UI)'
2023-05-25 10:40:55.1716 INFO Request finished HTTP/2 GET https://localhost:7080/Error - - - 302 - application/json 51.2765ms
2023-05-25 10:40:55.1716 INFO Request starting HTTP/2 GET https://localhost:7080/Error - -
2023-05-25 10:40:55.1716 INFO Executing endpoint 'ColoradoBeetle.UI.Controllers.ErrorController.Index (ColoradoBeetle.UI)'
2023-05-25 10:40:55.1716 INFO Route matched with {action = "Index", controller = "Error"}. Executing controller action with signature Microsoft.AspNetCore.Mvc.IActionResult Index() on controller ColoradoBeetle.UI.Controllers.ErrorController (ColoradoBeetle.UI).
2023-05-25 10:40:55.1716 INFO Executing ViewResult, running view Error.
2023-05-25 10:40:55.1716 INFO Executed action ColoradoBeetle.UI.Controllers.ErrorController.Index (ColoradoBeetle.UI) in 3.65ms
2023-05-25 10:40:55.1716 INFO Executed endpoint 'ColoradoBeetle.UI.Controllers.ErrorController.Index (ColoradoBeetle.UI)'
2023-05-25 10:40:55.2173 INFO Request finished HTTP/2 GET https://localhost:7080/Error - - - 302 - application/json 44.1526ms
2023-05-25 10:40:55.2173 INFO Request starting HTTP/2 GET https://localhost:7080/Error - -
2023-05-25 10:40:55.2173 INFO Executing endpoint 'ColoradoBeetle.UI.Controllers.ErrorController.Index (ColoradoBeetle.UI)'
2023-05-25 10:40:55.2173 INFO Route matched with {action = "Index", controller = "Error"}. Executing controller action with signature Microsoft.AspNetCore.Mvc.IActionResult Index() on controller ColoradoBeetle.UI.Controllers.ErrorController (ColoradoBeetle.UI).
2023-05-25 10:40:55.2173 INFO Executing ViewResult, running view Error.
2023-05-25 10:40:55.2173 INFO Executed action ColoradoBeetle.UI.Controllers.ErrorController.Index (ColoradoBeetle.UI) in 3.0603ms
2023-05-25 10:40:55.2173 INFO Executed endpoint 'ColoradoBeetle.UI.Controllers.ErrorController.Index (ColoradoBeetle.UI)'
2023-05-25 10:40:55.2699 INFO Request finished HTTP/2 GET https://localhost:7080/Error - - - 302 - application/json 48.6719ms
2023-05-25 10:40:55.2699 INFO Request starting HTTP/2 GET https://localhost:7080/Error - -
2023-05-25 10:40:55.2699 INFO Executing endpoint 'ColoradoBeetle.UI.Controllers.ErrorController.Index (ColoradoBeetle.UI)'
2023-05-25 10:40:55.2794 INFO Route matched with {action = "Index", controller = "Error"}. Executing controller action with signature Microsoft.AspNetCore.Mvc.IActionResult Index() on controller ColoradoBeetle.UI.Controllers.ErrorController (ColoradoBeetle.UI).
2023-05-25 10:40:55.2794 INFO Executing ViewResult, running view Error.
2023-05-25 10:40:55.2794 INFO Executed action ColoradoBeetle.UI.Controllers.ErrorController.Index (ColoradoBeetle.UI) in 2.2514ms
2023-05-25 10:40:55.2794 INFO Executed endpoint 'ColoradoBeetle.UI.Controllers.ErrorController.Index (ColoradoBeetle.UI)'
2023-05-25 10:40:55.3270 INFO Request finished HTTP/2 GET https://localhost:7080/Error - - - 302 - application/json 52.4564ms
2023-05-25 10:40:55.3270 INFO Request starting HTTP/2 GET https://localhost:7080/Error - -
2023-05-25 10:40:55.3270 INFO Executing endpoint 'ColoradoBeetle.UI.Controllers.ErrorController.Index (ColoradoBeetle.UI)'
2023-05-25 10:40:55.3270 INFO Route matched with {action = "Index", controller = "Error"}. Executing controller action with signature Microsoft.AspNetCore.Mvc.IActionResult Index() on controller ColoradoBeetle.UI.Controllers.ErrorController (ColoradoBeetle.UI).
2023-05-25 10:40:55.3270 INFO Executing ViewResult, running view Error.
2023-05-25 10:40:55.3270 INFO Executed action ColoradoBeetle.UI.Controllers.ErrorController.Index (ColoradoBeetle.UI) in 2.2374ms
2023-05-25 10:40:55.3270 INFO Executed endpoint 'ColoradoBeetle.UI.Controllers.ErrorController.Index (ColoradoBeetle.UI)'
2023-05-25 10:40:55.3699 INFO Request finished HTTP/2 GET https://localhost:7080/Error - - - 302 - application/json 38.5364ms
2023-05-25 10:40:55.3763 INFO Request starting HTTP/2 GET https://localhost:7080/Error - -
2023-05-25 10:40:55.3763 INFO Executing endpoint 'ColoradoBeetle.UI.Controllers.ErrorController.Index (ColoradoBeetle.UI)'
2023-05-25 10:40:55.3763 INFO Route matched with {action = "Index", controller = "Error"}. Executing controller action with signature Microsoft.AspNetCore.Mvc.IActionResult Index() on controller ColoradoBeetle.UI.Controllers.ErrorController (ColoradoBeetle.UI).
2023-05-25 10:40:55.3763 INFO Executing ViewResult, running view Error.
2023-05-25 10:40:55.3763 INFO Executed action ColoradoBeetle.UI.Controllers.ErrorController.Index (ColoradoBeetle.UI) in 2.3751ms
2023-05-25 10:40:55.3763 INFO Executed endpoint 'ColoradoBeetle.UI.Controllers.ErrorController.Index (ColoradoBeetle.UI)'
2023-05-25 10:40:55.4150 INFO Request finished HTTP/2 GET https://localhost:7080/Error - - - 302 - application/json 41.3794ms
2023-05-25 10:40:55.4220 INFO Request starting HTTP/2 GET https://localhost:7080/Error - -
2023-05-25 10:40:55.4220 INFO Executing endpoint 'ColoradoBeetle.UI.Controllers.ErrorController.Index (ColoradoBeetle.UI)'
2023-05-25 10:40:55.4220 INFO Route matched with {action = "Index", controller = "Error"}. Executing controller action with signature Microsoft.AspNetCore.Mvc.IActionResult Index() on controller ColoradoBeetle.UI.Controllers.ErrorController (ColoradoBeetle.UI).
2023-05-25 10:40:55.4220 INFO Executing ViewResult, running view Error.
2023-05-25 10:40:55.4220 INFO Executed action ColoradoBeetle.UI.Controllers.ErrorController.Index (ColoradoBeetle.UI) in 2.1489ms
2023-05-25 10:40:55.4220 INFO Executed endpoint 'ColoradoBeetle.UI.Controllers.ErrorController.Index (ColoradoBeetle.UI)'
2023-05-25 10:40:55.4629 INFO Request finished HTTP/2 GET https://localhost:7080/Error - - - 302 - application/json 44.0474ms
2023-05-25 10:40:55.4696 INFO Request starting HTTP/2 GET https://localhost:7080/Error - -
2023-05-25 10:40:55.4696 INFO Executing endpoint 'ColoradoBeetle.UI.Controllers.ErrorController.Index (ColoradoBeetle.UI)'
2023-05-25 10:40:55.4696 INFO Route matched with {action = "Index", controller = "Error"}. Executing controller action with signature Microsoft.AspNetCore.Mvc.IActionResult Index() on controller ColoradoBeetle.UI.Controllers.ErrorController (ColoradoBeetle.UI).
2023-05-25 10:40:55.4696 INFO Executing ViewResult, running view Error.
2023-05-25 10:40:55.4696 INFO Executed action ColoradoBeetle.UI.Controllers.ErrorController.Index (ColoradoBeetle.UI) in 2.169ms
2023-05-25 10:40:55.4696 INFO Executed endpoint 'ColoradoBeetle.UI.Controllers.ErrorController.Index (ColoradoBeetle.UI)'
2023-05-25 10:40:55.5049 INFO Request finished HTTP/2 GET https://localhost:7080/Error - - - 302 - application/json 38.0848ms
2023-05-25 10:40:55.5049 INFO Request starting HTTP/2 GET https://localhost:7080/Error - -
2023-05-25 10:40:55.5049 INFO Executing endpoint 'ColoradoBeetle.UI.Controllers.ErrorController.Index (ColoradoBeetle.UI)'
2023-05-25 10:40:55.5136 INFO Route matched with {action = "Index", controller = "Error"}. Executing controller action with signature Microsoft.AspNetCore.Mvc.IActionResult Index() on controller ColoradoBeetle.UI.Controllers.ErrorController (ColoradoBeetle.UI).
2023-05-25 10:40:55.5136 INFO Executing ViewResult, running view Error.
2023-05-25 10:40:55.5136 INFO Executed action ColoradoBeetle.UI.Controllers.ErrorController.Index (ColoradoBeetle.UI) in 2.0071ms
2023-05-25 10:40:55.5136 INFO Executed endpoint 'ColoradoBeetle.UI.Controllers.ErrorController.Index (ColoradoBeetle.UI)'
2023-05-25 10:40:55.5482 INFO Request finished HTTP/2 GET https://localhost:7080/Error - - - 302 - application/json 39.0005ms
2023-05-25 10:40:55.5482 INFO Request starting HTTP/2 GET https://localhost:7080/Error - -
2023-05-25 10:40:55.5482 INFO Executing endpoint 'ColoradoBeetle.UI.Controllers.ErrorController.Index (ColoradoBeetle.UI)'
2023-05-25 10:40:55.5482 INFO Route matched with {action = "Index", controller = "Error"}. Executing controller action with signature Microsoft.AspNetCore.Mvc.IActionResult Index() on controller ColoradoBeetle.UI.Controllers.ErrorController (ColoradoBeetle.UI).
2023-05-25 10:40:55.5482 INFO Executing ViewResult, running view Error.
2023-05-25 10:40:55.5482 INFO Executed action ColoradoBeetle.UI.Controllers.ErrorController.Index (ColoradoBeetle.UI) in 2.1728ms
2023-05-25 10:40:55.5482 INFO Executed endpoint 'ColoradoBeetle.UI.Controllers.ErrorController.Index (ColoradoBeetle.UI)'
2023-05-25 10:40:55.6074 INFO Request finished HTTP/2 GET https://localhost:7080/Error - - - 302 - application/json 52.8037ms
2023-05-25 10:40:55.6074 INFO Request starting HTTP/2 GET https://localhost:7080/Error - -
2023-05-25 10:40:55.6074 INFO Executing endpoint 'ColoradoBeetle.UI.Controllers.ErrorController.Index (ColoradoBeetle.UI)'
2023-05-25 10:40:55.6074 INFO Route matched with {action = "Index", controller = "Error"}. Executing controller action with signature Microsoft.AspNetCore.Mvc.IActionResult Index() on controller ColoradoBeetle.UI.Controllers.ErrorController (ColoradoBeetle.UI).
2023-05-25 10:40:55.6074 INFO Executing ViewResult, running view Error.
2023-05-25 10:40:55.6074 INFO Executed action ColoradoBeetle.UI.Controllers.ErrorController.Index (ColoradoBeetle.UI) in 2.3201ms
2023-05-25 10:40:55.6074 INFO Executed endpoint 'ColoradoBeetle.UI.Controllers.ErrorController.Index (ColoradoBeetle.UI)'
2023-05-25 10:40:55.6513 INFO Request finished HTTP/2 GET https://localhost:7080/Error - - - 302 - application/json 42.7175ms
2023-05-25 10:40:55.6595 INFO Request starting HTTP/2 GET https://localhost:7080/Error - -
2023-05-25 10:40:55.6595 INFO Executing endpoint 'ColoradoBeetle.UI.Controllers.ErrorController.Index (ColoradoBeetle.UI)'
2023-05-25 10:40:55.6595 INFO Route matched with {action = "Index", controller = "Error"}. Executing controller action with signature Microsoft.AspNetCore.Mvc.IActionResult Index() on controller ColoradoBeetle.UI.Controllers.ErrorController (ColoradoBeetle.UI).
2023-05-25 10:40:55.6595 INFO Executing ViewResult, running view Error.
2023-05-25 10:40:55.6595 INFO Executed action ColoradoBeetle.UI.Controllers.ErrorController.Index (ColoradoBeetle.UI) in 2.7153ms
2023-05-25 10:40:55.6595 INFO Executed endpoint 'ColoradoBeetle.UI.Controllers.ErrorController.Index (ColoradoBeetle.UI)'
2023-05-25 10:40:55.7096 INFO Request finished HTTP/2 GET https://localhost:7080/Error - - - 302 - application/json 54.6866ms
2023-05-25 10:40:55.7183 INFO Request starting HTTP/2 GET https://localhost:7080/Error - -
2023-05-25 10:40:55.7183 INFO Executing endpoint 'ColoradoBeetle.UI.Controllers.ErrorController.Index (ColoradoBeetle.UI)'
2023-05-25 10:40:55.7183 INFO Route matched with {action = "Index", controller = "Error"}. Executing controller action with signature Microsoft.AspNetCore.Mvc.IActionResult Index() on controller ColoradoBeetle.UI.Controllers.ErrorController (ColoradoBeetle.UI).
2023-05-25 10:40:55.7183 INFO Executing ViewResult, running view Error.
2023-05-25 10:40:55.7183 INFO Executed action ColoradoBeetle.UI.Controllers.ErrorController.Index (ColoradoBeetle.UI) in 2.0403ms
2023-05-25 10:40:55.7183 INFO Executed endpoint 'ColoradoBeetle.UI.Controllers.ErrorController.Index (ColoradoBeetle.UI)'
2023-05-25 10:40:55.7571 INFO Request finished HTTP/2 GET https://localhost:7080/Error - - - 302 - application/json 42.3219ms
2023-05-25 10:40:55.7645 INFO Request starting HTTP/2 GET https://localhost:7080/Error - -
2023-05-25 10:40:55.7645 INFO Executing endpoint 'ColoradoBeetle.UI.Controllers.ErrorController.Index (ColoradoBeetle.UI)'
2023-05-25 10:40:55.7645 INFO Route matched with {action = "Index", controller = "Error"}. Executing controller action with signature Microsoft.AspNetCore.Mvc.IActionResult Index() on controller ColoradoBeetle.UI.Controllers.ErrorController (ColoradoBeetle.UI).
2023-05-25 10:40:55.7645 INFO Executing ViewResult, running view Error.
2023-05-25 10:40:55.7645 INFO Executed action ColoradoBeetle.UI.Controllers.ErrorController.Index (ColoradoBeetle.UI) in 2.5467ms
2023-05-25 10:40:55.7645 INFO Executed endpoint 'ColoradoBeetle.UI.Controllers.ErrorController.Index (ColoradoBeetle.UI)'
2023-05-25 10:40:55.8013 INFO Request finished HTTP/2 GET https://localhost:7080/Error - - - 302 - application/json 39.5636ms
2023-05-25 10:40:55.8013 INFO Request starting HTTP/2 GET https://localhost:7080/Error - -
2023-05-25 10:40:55.8013 INFO Executing endpoint 'ColoradoBeetle.UI.Controllers.ErrorController.Index (ColoradoBeetle.UI)'
2023-05-25 10:40:55.8013 INFO Route matched with {action = "Index", controller = "Error"}. Executing controller action with signature Microsoft.AspNetCore.Mvc.IActionResult Index() on controller ColoradoBeetle.UI.Controllers.ErrorController (ColoradoBeetle.UI).
2023-05-25 10:40:55.8013 INFO Executing ViewResult, running view Error.
2023-05-25 10:40:55.8111 INFO Executed action ColoradoBeetle.UI.Controllers.ErrorController.Index (ColoradoBeetle.UI) in 2.2468ms
2023-05-25 10:40:55.8111 INFO Executed endpoint 'ColoradoBeetle.UI.Controllers.ErrorController.Index (ColoradoBeetle.UI)'
2023-05-25 10:40:55.8720 INFO Request finished HTTP/2 GET https://localhost:7080/Error - - - 302 - application/json 64.5727ms
2023-05-25 10:40:55.8789 INFO Request starting HTTP/2 GET https://localhost:7080/Error - -
2023-05-25 10:40:55.8789 INFO Executing endpoint 'ColoradoBeetle.UI.Controllers.ErrorController.Index (ColoradoBeetle.UI)'
2023-05-25 10:40:55.8789 INFO Route matched with {action = "Index", controller = "Error"}. Executing controller action with signature Microsoft.AspNetCore.Mvc.IActionResult Index() on controller ColoradoBeetle.UI.Controllers.ErrorController (ColoradoBeetle.UI).
2023-05-25 10:40:55.8789 INFO Executing ViewResult, running view Error.
2023-05-25 10:40:55.8789 INFO Executed action ColoradoBeetle.UI.Controllers.ErrorController.Index (ColoradoBeetle.UI) in 3.7907ms
2023-05-25 10:40:55.8789 INFO Executed endpoint 'ColoradoBeetle.UI.Controllers.ErrorController.Index (ColoradoBeetle.UI)'
2023-05-25 10:40:55.9206 INFO Request finished HTTP/2 GET https://localhost:7080/Error - - - 302 - application/json 44.6118ms
2023-05-25 10:40:55.9206 INFO Request starting HTTP/2 GET https://localhost:7080/Error - -
2023-05-25 10:40:55.9206 INFO Executing endpoint 'ColoradoBeetle.UI.Controllers.ErrorController.Index (ColoradoBeetle.UI)'
2023-05-25 10:40:55.9206 INFO Route matched with {action = "Index", controller = "Error"}. Executing controller action with signature Microsoft.AspNetCore.Mvc.IActionResult Index() on controller ColoradoBeetle.UI.Controllers.ErrorController (ColoradoBeetle.UI).
2023-05-25 10:40:55.9206 INFO Executing ViewResult, running view Error.
2023-05-25 10:40:55.9206 INFO Executed action ColoradoBeetle.UI.Controllers.ErrorController.Index (ColoradoBeetle.UI) in 1.9952ms
2023-05-25 10:40:55.9206 INFO Executed endpoint 'ColoradoBeetle.UI.Controllers.ErrorController.Index (ColoradoBeetle.UI)'
2023-05-25 10:40:55.9621 INFO Request finished HTTP/2 GET https://localhost:7080/Error - - - 302 - application/json 38.0015ms
2023-05-25 10:40:55.9685 INFO Request starting HTTP/2 GET https://localhost:7080/Error - -
2023-05-25 10:40:55.9685 INFO Executing endpoint 'ColoradoBeetle.UI.Controllers.ErrorController.Index (ColoradoBeetle.UI)'
2023-05-25 10:40:55.9685 INFO Route matched with {action = "Index", controller = "Error"}. Executing controller action with signature Microsoft.AspNetCore.Mvc.IActionResult Index() on controller ColoradoBeetle.UI.Controllers.ErrorController (ColoradoBeetle.UI).
2023-05-25 10:40:55.9685 INFO Executing ViewResult, running view Error.
2023-05-25 10:40:55.9685 INFO Executed action ColoradoBeetle.UI.Controllers.ErrorController.Index (ColoradoBeetle.UI) in 2.1897ms
2023-05-25 10:40:55.9685 INFO Executed endpoint 'ColoradoBeetle.UI.Controllers.ErrorController.Index (ColoradoBeetle.UI)'
2023-05-25 10:40:56.0050 INFO Request finished HTTP/2 GET https://localhost:7080/Error - - - 302 - application/json 39.1091ms
2023-05-25 10:40:56.0050 INFO Request starting HTTP/2 GET https://localhost:7080/Error - -
2023-05-25 10:40:56.0134 INFO Executing endpoint 'ColoradoBeetle.UI.Controllers.ErrorController.Index (ColoradoBeetle.UI)'
2023-05-25 10:40:56.0134 INFO Route matched with {action = "Index", controller = "Error"}. Executing controller action with signature Microsoft.AspNetCore.Mvc.IActionResult Index() on controller ColoradoBeetle.UI.Controllers.ErrorController (ColoradoBeetle.UI).
2023-05-25 10:40:56.0134 INFO Executing ViewResult, running view Error.
2023-05-25 10:40:56.0134 INFO Executed action ColoradoBeetle.UI.Controllers.ErrorController.Index (ColoradoBeetle.UI) in 2.1747ms
2023-05-25 10:40:56.0134 INFO Executed endpoint 'ColoradoBeetle.UI.Controllers.ErrorController.Index (ColoradoBeetle.UI)'
2023-05-25 10:40:56.0484 INFO Request finished HTTP/2 GET https://localhost:7080/Error - - - 302 - application/json 39.1282ms
2023-05-25 10:40:56.0484 INFO Request starting HTTP/2 GET https://localhost:7080/Error - -
2023-05-25 10:40:56.0484 INFO Executing endpoint 'ColoradoBeetle.UI.Controllers.ErrorController.Index (ColoradoBeetle.UI)'
2023-05-25 10:40:56.0484 INFO Route matched with {action = "Index", controller = "Error"}. Executing controller action with signature Microsoft.AspNetCore.Mvc.IActionResult Index() on controller ColoradoBeetle.UI.Controllers.ErrorController (ColoradoBeetle.UI).
2023-05-25 10:40:56.0484 INFO Executing ViewResult, running view Error.
2023-05-25 10:40:56.0484 INFO Executed action ColoradoBeetle.UI.Controllers.ErrorController.Index (ColoradoBeetle.UI) in 2.0822ms
2023-05-25 10:40:56.0484 INFO Executed endpoint 'ColoradoBeetle.UI.Controllers.ErrorController.Index (ColoradoBeetle.UI)'
2023-05-25 10:40:56.1080 INFO Request finished HTTP/2 GET https://localhost:7080/Error - - - 302 - application/json 52.9524ms
2023-05-25 10:41:29.5495 INFO DEVELOPMENT MODE!!!
2023-05-25 10:41:30.1168 INFO User profile is available. Using 'C:\Users\User\AppData\Local\ASP.NET\DataProtection-Keys' as key repository and Windows DPAPI to encrypt keys at rest.
2023-05-25 10:41:30.5864 INFO Now listening on: https://localhost:7080
2023-05-25 10:41:30.5864 INFO Now listening on: http://localhost:5116
2023-05-25 10:41:30.5864 INFO Application started. Press Ctrl+C to shut down.
2023-05-25 10:41:30.5864 INFO Hosting environment: Development
2023-05-25 10:41:30.5864 INFO Content root path: C:\Users\User\source\repos\ColoradoBeetle\ColoradoBeetle.UI\
2023-05-25 10:41:32.8070 INFO Request starting HTTP/2 GET https://localhost:7080/ - -
2023-05-25 10:41:32.9831 INFO Executing endpoint 'ColoradoBeetle.UI.Controllers.HomeController.Index (ColoradoBeetle.UI)'
2023-05-25 10:41:33.1084 INFO Route matched with {action = "Index", controller = "Home"}. Executing controller action with signature System.Threading.Tasks.Task`1[Microsoft.AspNetCore.Mvc.IActionResult] Index() on controller ColoradoBeetle.UI.Controllers.HomeController (ColoradoBeetle.UI).
2023-05-25 10:41:33.1663 INFO Handling AddProductCommand
2023-05-25 10:41:33.1663 INFO ColoradoBeetle Request: "AddProductCommand" {"Name":"testiong coloradobeetle logging behaviour"}
2023-05-25 10:41:33.2338 INFO Handled Unit
2023-05-25 10:41:33.2524 INFO Executing ViewResult, running view Index.
2023-05-25 10:41:33.7885 INFO Executed ViewResult - view Index executed in 538.814ms.
2023-05-25 10:41:33.8046 INFO Executed action ColoradoBeetle.UI.Controllers.HomeController.Index (ColoradoBeetle.UI) in 695.4081ms
2023-05-25 10:41:33.8046 INFO Executed endpoint 'ColoradoBeetle.UI.Controllers.HomeController.Index (ColoradoBeetle.UI)'
2023-05-25 10:41:33.9415 INFO Request finished HTTP/2 GET https://localhost:7080/ - - - 200 - text/html;+charset=utf-8 1139.2454ms
2023-05-25 10:41:33.9914 INFO Request starting HTTP/2 GET https://localhost:7080/lib/bootstrap/dist/css/bootstrap.min.css - -
2023-05-25 10:41:33.9914 INFO Request starting HTTP/2 GET https://localhost:7080/css/site.css?v=AKvNjO3dCPPS0eSU1Ez8T2wI280i08yGycV9ndytL-c - -
2023-05-25 10:41:33.9914 INFO Request starting HTTP/2 GET https://localhost:7080/lib/jquery/dist/jquery.min.js - -
2023-05-25 10:41:33.9914 INFO Request starting HTTP/2 GET https://localhost:7080/ColoradoBeetle.UI.styles.css?v=ah33WhQ3z1gDKkiRKR68tSwZAOUZUSYOQo7IHuytzUI - -
2023-05-25 10:41:33.9988 INFO Request starting HTTP/2 GET https://localhost:7080/lib/bootstrap/dist/js/bootstrap.bundle.min.js - -
2023-05-25 10:41:34.0444 INFO Request starting HTTP/2 GET https://localhost:7080/_vs/browserLink - -
2023-05-25 10:41:34.0610 INFO Request starting HTTP/2 GET https://localhost:7080/js/site.js?v=4q1jwFhaPaZgr8WAUSrux6hAuh0XDg9kPS3xIVq36I0 - -
2023-05-25 10:41:34.0808 INFO Sending file. Request path: '/css/site.css'. Physical path: 'C:\Users\User\source\repos\ColoradoBeetle\ColoradoBeetle.UI\wwwroot\css\site.css'
2023-05-25 10:41:34.0808 INFO Sending file. Request path: '/ColoradoBeetle.UI.styles.css'. Physical path: 'C:\Users\User\source\repos\ColoradoBeetle\ColoradoBeetle.UI\obj\Debug\net6.0\scopedcss\bundle\ColoradoBeetle.UI.styles.css'
2023-05-25 10:41:34.0808 INFO Request starting HTTP/2 GET https://localhost:7080/_framework/aspnetcore-browser-refresh.js - -
2023-05-25 10:41:34.1271 INFO Request finished HTTP/2 GET https://localhost:7080/css/site.css?v=AKvNjO3dCPPS0eSU1Ez8T2wI280i08yGycV9ndytL-c - - - 200 194 text/css 134.0339ms
2023-05-25 10:41:34.1271 INFO Request finished HTTP/2 GET https://localhost:7080/ColoradoBeetle.UI.styles.css?v=ah33WhQ3z1gDKkiRKR68tSwZAOUZUSYOQo7IHuytzUI - - - 200 1144 text/css 132.4975ms
2023-05-25 10:41:34.1271 INFO Request finished HTTP/2 GET https://localhost:7080/_framework/aspnetcore-browser-refresh.js - - - 200 12004 application/javascript;+charset=utf-8 45.5693ms
2023-05-25 10:41:34.1271 INFO Sending file. Request path: '/js/site.js'. Physical path: 'C:\Users\User\source\repos\ColoradoBeetle\ColoradoBeetle.UI\wwwroot\js\site.js'
2023-05-25 10:41:34.1271 INFO Request finished HTTP/2 GET https://localhost:7080/js/site.js?v=4q1jwFhaPaZgr8WAUSrux6hAuh0XDg9kPS3xIVq36I0 - - - 200 230 application/javascript 74.6800ms
2023-05-25 10:41:34.1648 INFO Sending file. Request path: '/lib/bootstrap/dist/css/bootstrap.min.css'. Physical path: 'C:\Users\User\source\repos\ColoradoBeetle\ColoradoBeetle.UI\wwwroot\lib\bootstrap\dist\css\bootstrap.min.css'
2023-05-25 10:41:34.1648 INFO Request finished HTTP/2 GET https://localhost:7080/lib/bootstrap/dist/css/bootstrap.min.css - - - 200 162720 text/css 173.8178ms
2023-05-25 10:41:34.1864 INFO Sending file. Request path: '/lib/bootstrap/dist/js/bootstrap.bundle.min.js'. Physical path: 'C:\Users\User\source\repos\ColoradoBeetle\ColoradoBeetle.UI\wwwroot\lib\bootstrap\dist\js\bootstrap.bundle.min.js'
2023-05-25 10:41:34.1864 INFO Request finished HTTP/2 GET https://localhost:7080/lib/bootstrap/dist/js/bootstrap.bundle.min.js - - - 200 78468 application/javascript 187.9071ms
2023-05-25 10:41:34.1864 INFO Sending file. Request path: '/lib/jquery/dist/jquery.min.js'. Physical path: 'C:\Users\User\source\repos\ColoradoBeetle\ColoradoBeetle.UI\wwwroot\lib\jquery\dist\jquery.min.js'
2023-05-25 10:41:34.1864 INFO Request finished HTTP/2 GET https://localhost:7080/lib/jquery/dist/jquery.min.js - - - 200 89476 application/javascript 194.3407ms
2023-05-25 10:41:34.4572 INFO Request finished HTTP/2 GET https://localhost:7080/_vs/browserLink - - - 200 - text/javascript;+charset=UTF-8 412.7778ms
2023-05-25 10:41:34.6039 INFO Request starting HTTP/2 GET https://localhost:7080/favicon.ico - -
2023-05-25 10:41:34.6079 INFO Sending file. Request path: '/favicon.ico'. Physical path: 'C:\Users\User\source\repos\ColoradoBeetle\ColoradoBeetle.UI\wwwroot\favicon.ico'
2023-05-25 10:41:34.6079 INFO Request finished HTTP/2 GET https://localhost:7080/favicon.ico - - - 200 5430 image/x-icon 4.2961ms
2023-05-25 18:14:57.3222 INFO DEVELOPMENT MODE!!!
2023-05-25 18:14:57.7416 INFO User profile is available. Using 'C:\Users\User\AppData\Local\ASP.NET\DataProtection-Keys' as key repository and Windows DPAPI to encrypt keys at rest.
2023-05-25 18:14:58.1803 INFO Now listening on: https://localhost:7080
2023-05-25 18:14:58.1803 INFO Now listening on: http://localhost:5116
2023-05-25 18:14:58.1803 INFO Application started. Press Ctrl+C to shut down.
2023-05-25 18:14:58.1803 INFO Hosting environment: Development
2023-05-25 18:14:58.1803 INFO Content root path: C:\Users\User\source\repos\ColoradoBeetle\ColoradoBeetle.UI\
2023-05-25 18:15:00.6822 INFO Request starting HTTP/2 GET https://localhost:7080/ - -
2023-05-25 18:15:00.9963 INFO Executing endpoint 'ColoradoBeetle.UI.Controllers.HomeController.Index (ColoradoBeetle.UI)'
2023-05-25 18:15:01.1341 INFO Route matched with {action = "Index", controller = "Home"}. Executing controller action with signature System.Threading.Tasks.Task`1[Microsoft.AspNetCore.Mvc.IActionResult] Index() on controller ColoradoBeetle.UI.Controllers.HomeController (ColoradoBeetle.UI).
2023-05-25 18:15:01.2186 INFO Handling AddProductCommand
2023-05-25 18:15:01.2186 INFO ColoradoBeetle Request: "AddProductCommand" {"Name":"testiong coloradobeetle logging behaviour"}
2023-05-25 18:15:01.2779 INFO Handled Unit
2023-05-25 18:15:01.3256 INFO Executing ViewResult, running view Index.
2023-05-25 18:15:01.8244 INFO Executed ViewResult - view Index executed in 496.4639ms.
2023-05-25 18:15:01.8373 INFO Executed action ColoradoBeetle.UI.Controllers.HomeController.Index (ColoradoBeetle.UI) in 702.7305ms
2023-05-25 18:15:01.8373 INFO Executed endpoint 'ColoradoBeetle.UI.Controllers.HomeController.Index (ColoradoBeetle.UI)'
2023-05-25 18:15:01.9656 INFO Request finished HTTP/2 GET https://localhost:7080/ - - - 200 - text/html;+charset=utf-8 1288.2000ms
2023-05-25 18:15:02.0128 INFO Request starting HTTP/2 GET https://localhost:7080/lib/bootstrap/dist/css/bootstrap.min.css - -
2023-05-25 18:15:02.0128 INFO Request starting HTTP/2 GET https://localhost:7080/css/site.css?v=AKvNjO3dCPPS0eSU1Ez8T2wI280i08yGycV9ndytL-c - -
2023-05-25 18:15:02.0144 INFO Request starting HTTP/2 GET https://localhost:7080/ColoradoBeetle.UI.styles.css?v=ah33WhQ3z1gDKkiRKR68tSwZAOUZUSYOQo7IHuytzUI - -
2023-05-25 18:15:02.0144 INFO Request starting HTTP/2 GET https://localhost:7080/lib/jquery/dist/jquery.min.js - -
2023-05-25 18:15:02.0144 INFO Request starting HTTP/2 GET https://localhost:7080/lib/bootstrap/dist/js/bootstrap.bundle.min.js - -
2023-05-25 18:15:02.0478 INFO Sending file. Request path: '/ColoradoBeetle.UI.styles.css'. Physical path: 'C:\Users\User\source\repos\ColoradoBeetle\ColoradoBeetle.UI\obj\Debug\net6.0\scopedcss\bundle\ColoradoBeetle.UI.styles.css'
2023-05-25 18:15:02.0478 INFO Sending file. Request path: '/css/site.css'. Physical path: 'C:\Users\User\source\repos\ColoradoBeetle\ColoradoBeetle.UI\wwwroot\css\site.css'
2023-05-25 18:15:02.0478 INFO Request finished HTTP/2 GET https://localhost:7080/css/site.css?v=AKvNjO3dCPPS0eSU1Ez8T2wI280i08yGycV9ndytL-c - - - 200 194 text/css 35.8204ms
2023-05-25 18:15:02.0478 INFO Request finished HTTP/2 GET https://localhost:7080/ColoradoBeetle.UI.styles.css?v=ah33WhQ3z1gDKkiRKR68tSwZAOUZUSYOQo7IHuytzUI - - - 200 1144 text/css 34.1272ms
2023-05-25 18:15:02.0478 INFO Request starting HTTP/2 GET https://localhost:7080/js/site.js?v=4q1jwFhaPaZgr8WAUSrux6hAuh0XDg9kPS3xIVq36I0 - -
2023-05-25 18:15:02.0478 INFO Request starting HTTP/2 GET https://localhost:7080/images/logo.png - -
2023-05-25 18:15:02.0672 INFO Request starting HTTP/2 GET https://localhost:7080/_framework/aspnetcore-browser-refresh.js - -
2023-05-25 18:15:02.0672 INFO Request starting HTTP/2 GET https://localhost:7080/_vs/browserLink - -
2023-05-25 18:15:02.1354 INFO Sending file. Request path: '/images/logo.png'. Physical path: 'C:\Users\User\source\repos\ColoradoBeetle\ColoradoBeetle.UI\wwwroot\Images\logo.png'
2023-05-25 18:15:02.1354 INFO Sending file. Request path: '/js/site.js'. Physical path: 'C:\Users\User\source\repos\ColoradoBeetle\ColoradoBeetle.UI\wwwroot\js\site.js'
2023-05-25 18:15:02.1354 INFO Sending file. Request path: '/lib/jquery/dist/jquery.min.js'. Physical path: 'C:\Users\User\source\repos\ColoradoBeetle\ColoradoBeetle.UI\wwwroot\lib\jquery\dist\jquery.min.js'
2023-05-25 18:15:02.1716 INFO Sending file. Request path: '/lib/bootstrap/dist/css/bootstrap.min.css'. Physical path: 'C:\Users\User\source\repos\ColoradoBeetle\ColoradoBeetle.UI\wwwroot\lib\bootstrap\dist\css\bootstrap.min.css'
2023-05-25 18:15:02.1716 INFO Request finished HTTP/2 GET https://localhost:7080/lib/bootstrap/dist/css/bootstrap.min.css - - - 200 162720 text/css 159.0224ms
2023-05-25 18:15:02.2135 INFO Sending file. Request path: '/lib/bootstrap/dist/js/bootstrap.bundle.min.js'. Physical path: 'C:\Users\User\source\repos\ColoradoBeetle\ColoradoBeetle.UI\wwwroot\lib\bootstrap\dist\js\bootstrap.bundle.min.js'
2023-05-25 18:15:02.2135 INFO Request finished HTTP/2 GET https://localhost:7080/lib/bootstrap/dist/js/bootstrap.bundle.min.js - - - 200 78468 application/javascript 192.5830ms
2023-05-25 18:15:02.2338 INFO Request finished HTTP/2 GET https://localhost:7080/lib/jquery/dist/jquery.min.js - - - 200 89476 application/javascript 215.7796ms
2023-05-25 18:15:02.2338 INFO Request finished HTTP/2 GET https://localhost:7080/js/site.js?v=4q1jwFhaPaZgr8WAUSrux6hAuh0XDg9kPS3xIVq36I0 - - - 200 230 application/javascript 185.0591ms
2023-05-25 18:15:02.2338 INFO Request finished HTTP/2 GET https://localhost:7080/images/logo.png - - - 200 21857 image/png 184.9587ms
2023-05-25 18:15:02.2338 INFO Request finished HTTP/2 GET https://localhost:7080/_framework/aspnetcore-browser-refresh.js - - - 200 12004 application/javascript;+charset=utf-8 166.5684ms
2023-05-25 18:15:02.3356 INFO Request finished HTTP/2 GET https://localhost:7080/_vs/browserLink - - - 200 - text/javascript;+charset=UTF-8 268.1013ms
2023-05-25 18:17:01.9922 INFO DEVELOPMENT MODE!!!
2023-05-25 18:17:02.3655 INFO User profile is available. Using 'C:\Users\User\AppData\Local\ASP.NET\DataProtection-Keys' as key repository and Windows DPAPI to encrypt keys at rest.
2023-05-25 18:17:02.8618 INFO Now listening on: https://localhost:7080
2023-05-25 18:17:02.8618 INFO Now listening on: http://localhost:5116
2023-05-25 18:17:02.8618 INFO Application started. Press Ctrl+C to shut down.
2023-05-25 18:17:02.8618 INFO Hosting environment: Development
2023-05-25 18:17:02.8618 INFO Content root path: C:\Users\User\source\repos\ColoradoBeetle\ColoradoBeetle.UI\
2023-05-25 18:17:05.3419 INFO Request starting HTTP/2 GET https://localhost:7080/ - -
2023-05-25 18:17:05.5394 INFO Executing endpoint 'ColoradoBeetle.UI.Controllers.HomeController.Index (ColoradoBeetle.UI)'
2023-05-25 18:17:05.6592 INFO Route matched with {action = "Index", controller = "Home"}. Executing controller action with signature System.Threading.Tasks.Task`1[Microsoft.AspNetCore.Mvc.IActionResult] Index() on controller ColoradoBeetle.UI.Controllers.HomeController (ColoradoBeetle.UI).
2023-05-25 18:17:05.7013 INFO Handling AddProductCommand
2023-05-25 18:17:05.7013 INFO ColoradoBeetle Request: "AddProductCommand" {"Name":"testiong coloradobeetle logging behaviour"}
2023-05-25 18:17:05.7540 INFO Handled Unit
2023-05-25 18:17:05.7781 INFO Executing ViewResult, running view Index.
2023-05-25 18:17:06.2089 INFO Executed ViewResult - view Index executed in 434.1923ms.
2023-05-25 18:17:06.2251 INFO Executed action ColoradoBeetle.UI.Controllers.HomeController.Index (ColoradoBeetle.UI) in 565.4188ms
2023-05-25 18:17:06.2251 INFO Executed endpoint 'ColoradoBeetle.UI.Controllers.HomeController.Index (ColoradoBeetle.UI)'
2023-05-25 18:17:06.3182 INFO Request finished HTTP/2 GET https://localhost:7080/ - - - 200 - text/html;+charset=utf-8 983.0019ms
2023-05-25 18:17:06.3710 INFO Request starting HTTP/2 GET https://localhost:7080/_framework/aspnetcore-browser-refresh.js - -
2023-05-25 18:17:06.3710 INFO Request starting HTTP/2 GET https://localhost:7080/images/logo.png - -
2023-05-25 18:17:06.3710 INFO Request starting HTTP/2 GET https://localhost:7080/_vs/browserLink - -
2023-05-25 18:17:06.3883 INFO The file /images/logo.png was not modified
2023-05-25 18:17:06.3907 INFO Request finished HTTP/2 GET https://localhost:7080/images/logo.png - - - 304 - image/png 19.6426ms
2023-05-25 18:17:06.3907 INFO Request finished HTTP/2 GET https://localhost:7080/_framework/aspnetcore-browser-refresh.js - - - 200 12004 application/javascript;+charset=utf-8 27.9526ms
2023-05-25 18:17:06.5862 INFO Request finished HTTP/2 GET https://localhost:7080/_vs/browserLink - - - 200 - text/javascript;+charset=UTF-8 214.6537ms
2023-05-25 18:17:27.4899 INFO Request starting HTTP/2 GET https://localhost:7080/ - -
2023-05-25 18:17:27.4899 INFO Executing endpoint 'ColoradoBeetle.UI.Controllers.HomeController.Index (ColoradoBeetle.UI)'
2023-05-25 18:17:27.4899 INFO Route matched with {action = "Index", controller = "Home"}. Executing controller action with signature System.Threading.Tasks.Task`1[Microsoft.AspNetCore.Mvc.IActionResult] Index() on controller ColoradoBeetle.UI.Controllers.HomeController (ColoradoBeetle.UI).
2023-05-25 18:17:27.4899 INFO Handling AddProductCommand
2023-05-25 18:17:27.4899 INFO ColoradoBeetle Request: "AddProductCommand" {"Name":"testiong coloradobeetle logging behaviour"}
2023-05-25 18:17:27.5010 INFO Handled Unit
2023-05-25 18:17:27.5010 INFO Executing ViewResult, running view Index.
2023-05-25 18:17:27.5169 INFO Executed ViewResult - view Index executed in 15.6403ms.
2023-05-25 18:17:27.5169 INFO Executed action ColoradoBeetle.UI.Controllers.HomeController.Index (ColoradoBeetle.UI) in 22.8207ms
2023-05-25 18:17:27.5169 INFO Executed endpoint 'ColoradoBeetle.UI.Controllers.HomeController.Index (ColoradoBeetle.UI)'
2023-05-25 18:17:27.5169 INFO Request finished HTTP/2 GET https://localhost:7080/ - - - 200 - text/html;+charset=utf-8 32.5621ms
2023-05-25 18:17:27.5492 INFO Request starting HTTP/2 GET https://localhost:7080/_vs/browserLink - -
2023-05-25 18:17:27.5492 INFO Request starting HTTP/2 GET https://localhost:7080/_framework/aspnetcore-browser-refresh.js - -
2023-05-25 18:17:27.5492 INFO Request finished HTTP/2 GET https://localhost:7080/_framework/aspnetcore-browser-refresh.js - - - 200 12004 application/javascript;+charset=utf-8 0.7645ms
2023-05-25 18:17:27.6681 INFO Request finished HTTP/2 GET https://localhost:7080/_vs/browserLink - - - 200 - text/javascript;+charset=UTF-8 118.9035ms
2023-05-25 18:17:29.9678 INFO Request starting HTTP/2 GET https://localhost:7080/lib/bootstrap/dist/js/bootstrap.bundle.min.js.map - -
2023-05-25 18:17:29.9678 INFO Request starting HTTP/2 GET https://localhost:7080/lib/bootstrap/dist/css/bootstrap.min.css.map - -
2023-05-25 18:17:30.1090 INFO Sending file. Request path: '/lib/bootstrap/dist/js/bootstrap.bundle.min.js.map'. Physical path: 'C:\Users\User\source\repos\ColoradoBeetle\ColoradoBeetle.UI\wwwroot\lib\bootstrap\dist\js\bootstrap.bundle.min.js.map'
2023-05-25 18:17:30.1090 INFO Request finished HTTP/2 GET https://localhost:7080/lib/bootstrap/dist/js/bootstrap.bundle.min.js.map - - - 200 327261 text/plain 141.4236ms
2023-05-25 18:17:30.1090 INFO Sending file. Request path: '/lib/bootstrap/dist/css/bootstrap.min.css.map'. Physical path: 'C:\Users\User\source\repos\ColoradoBeetle\ColoradoBeetle.UI\wwwroot\lib\bootstrap\dist\css\bootstrap.min.css.map'
2023-05-25 18:17:30.1090 INFO Request finished HTTP/2 GET https://localhost:7080/lib/bootstrap/dist/css/bootstrap.min.css.map - - - 200 449111 text/plain 150.2546ms
2023-05-25 18:17:57.7220 INFO Request starting HTTP/2 GET https://localhost:7080/ - -
2023-05-25 18:17:57.7328 INFO Executing endpoint 'ColoradoBeetle.UI.Controllers.HomeController.Index (ColoradoBeetle.UI)'
2023-05-25 18:17:57.7328 INFO Route matched with {action = "Index", controller = "Home"}. Executing controller action with signature System.Threading.Tasks.Task`1[Microsoft.AspNetCore.Mvc.IActionResult] Index() on controller ColoradoBeetle.UI.Controllers.HomeController (ColoradoBeetle.UI).
2023-05-25 18:17:57.7328 INFO Handling AddProductCommand
2023-05-25 18:17:57.7328 INFO ColoradoBeetle Request: "AddProductCommand" {"Name":"testiong coloradobeetle logging behaviour"}
2023-05-25 18:17:57.7328 INFO Handled Unit
2023-05-25 18:17:57.7328 INFO Executing ViewResult, running view Index.
2023-05-25 18:17:57.7546 INFO Executed ViewResult - view Index executed in 18.8793ms.
2023-05-25 18:17:57.7546 INFO Executed action ColoradoBeetle.UI.Controllers.HomeController.Index (ColoradoBeetle.UI) in 21.8077ms
2023-05-25 18:17:57.7546 INFO Executed endpoint 'ColoradoBeetle.UI.Controllers.HomeController.Index (ColoradoBeetle.UI)'
2023-05-25 18:17:57.7656 INFO Request finished HTTP/2 GET https://localhost:7080/ - - - 200 - text/html;+charset=utf-8 43.5476ms
2023-05-25 18:17:57.8314 INFO Request starting HTTP/2 GET https://localhost:7080/_framework/aspnetcore-browser-refresh.js - -
2023-05-25 18:17:57.8314 INFO Request finished HTTP/2 GET https://localhost:7080/_framework/aspnetcore-browser-refresh.js - - - 200 12004 application/javascript;+charset=utf-8 0.3548ms
2023-05-25 18:17:57.8314 INFO Request starting HTTP/2 GET https://localhost:7080/images/logo.png - -
2023-05-25 18:17:57.8314 INFO The file /images/logo.png was not modified
2023-05-25 18:17:57.8314 INFO Request finished HTTP/2 GET https://localhost:7080/images/logo.png - - - 304 - image/png 0.6174ms
2023-05-25 18:17:57.8314 INFO Request starting HTTP/2 GET https://localhost:7080/_vs/browserLink - -
2023-05-25 18:17:58.1181 INFO Request finished HTTP/2 GET https://localhost:7080/_vs/browserLink - - - 200 - text/javascript;+charset=UTF-8 285.4183ms
2023-05-25 18:17:58.3294 INFO Request starting HTTP/2 GET https://localhost:7080/favicon.ico - -
2023-05-25 18:17:58.3294 INFO Sending file. Request path: '/favicon.ico'. Physical path: 'C:\Users\User\source\repos\ColoradoBeetle\ColoradoBeetle.UI\wwwroot\favicon.ico'
2023-05-25 18:17:58.3294 INFO Request finished HTTP/2 GET https://localhost:7080/favicon.ico - - - 200 5430 image/x-icon 5.1061ms
2023-05-25 18:18:25.6017 INFO Request starting HTTP/2 GET https://localhost:7080/ - -
2023-05-25 18:18:25.6191 INFO Executing endpoint 'ColoradoBeetle.UI.Controllers.HomeController.Index (ColoradoBeetle.UI)'
2023-05-25 18:18:25.6191 INFO Route matched with {action = "Index", controller = "Home"}. Executing controller action with signature System.Threading.Tasks.Task`1[Microsoft.AspNetCore.Mvc.IActionResult] Index() on controller ColoradoBeetle.UI.Controllers.HomeController (ColoradoBeetle.UI).
2023-05-25 18:18:25.6191 INFO Handling AddProductCommand
2023-05-25 18:18:25.6191 INFO ColoradoBeetle Request: "AddProductCommand" {"Name":"testiong coloradobeetle logging behaviour"}
2023-05-25 18:18:25.6191 INFO Handled Unit
2023-05-25 18:18:25.6191 INFO Executing ViewResult, running view Index.
2023-05-25 18:18:25.6301 INFO Executed ViewResult - view Index executed in 10.6367ms.
2023-05-25 18:18:25.6301 INFO Executed action ColoradoBeetle.UI.Controllers.HomeController.Index (ColoradoBeetle.UI) in 11.0569ms
2023-05-25 18:18:25.6301 INFO Executed endpoint 'ColoradoBeetle.UI.Controllers.HomeController.Index (ColoradoBeetle.UI)'
2023-05-25 18:18:25.6426 INFO Request finished HTTP/2 GET https://localhost:7080/ - - - 200 - text/html;+charset=utf-8 40.8982ms
2023-05-25 18:18:25.7796 INFO Request starting HTTP/2 GET https://localhost:7080/_framework/aspnetcore-browser-refresh.js - -
2023-05-25 18:18:25.7796 INFO Request finished HTTP/2 GET https://localhost:7080/_framework/aspnetcore-browser-refresh.js - - - 200 12004 application/javascript;+charset=utf-8 0.6197ms
2023-05-25 18:18:25.7796 INFO Request starting HTTP/2 GET https://localhost:7080/_vs/browserLink - -
2023-05-25 18:18:26.1328 INFO Request finished HTTP/2 GET https://localhost:7080/_vs/browserLink - - - 200 - text/javascript;+charset=UTF-8 339.3959ms
2023-05-25 18:18:49.9701 INFO DEVELOPMENT MODE!!!
2023-05-25 18:18:50.4618 INFO User profile is available. Using 'C:\Users\User\AppData\Local\ASP.NET\DataProtection-Keys' as key repository and Windows DPAPI to encrypt keys at rest.
2023-05-25 18:18:50.7762 INFO Now listening on: https://localhost:7080
2023-05-25 18:18:50.7762 INFO Now listening on: http://localhost:5116
2023-05-25 18:18:50.7762 INFO Application started. Press Ctrl+C to shut down.
2023-05-25 18:18:50.7762 INFO Hosting environment: Development
2023-05-25 18:18:50.7762 INFO Content root path: C:\Users\User\source\repos\ColoradoBeetle\ColoradoBeetle.UI\
2023-05-25 18:18:52.9922 INFO Request starting HTTP/2 GET https://localhost:7080/ - -
2023-05-25 18:18:53.1151 INFO Executing endpoint 'ColoradoBeetle.UI.Controllers.HomeController.Index (ColoradoBeetle.UI)'
2023-05-25 18:18:53.1907 INFO Route matched with {action = "Index", controller = "Home"}. Executing controller action with signature System.Threading.Tasks.Task`1[Microsoft.AspNetCore.Mvc.IActionResult] Index() on controller ColoradoBeetle.UI.Controllers.HomeController (ColoradoBeetle.UI).
2023-05-25 18:18:53.2285 INFO Handling AddProductCommand
2023-05-25 18:18:53.2285 INFO ColoradoBeetle Request: "AddProductCommand" {"Name":"testiong coloradobeetle logging behaviour"}
2023-05-25 18:18:53.2840 INFO Handled Unit
2023-05-25 18:18:53.2988 INFO Executing ViewResult, running view Index.
2023-05-25 18:18:53.6985 INFO Executed ViewResult - view Index executed in 401.9963ms.
2023-05-25 18:18:53.7115 INFO Executed action ColoradoBeetle.UI.Controllers.HomeController.Index (ColoradoBeetle.UI) in 520.2604ms
2023-05-25 18:18:53.7115 INFO Executed endpoint 'ColoradoBeetle.UI.Controllers.HomeController.Index (ColoradoBeetle.UI)'
2023-05-25 18:18:53.8006 INFO Request finished HTTP/2 GET https://localhost:7080/ - - - 200 - text/html;+charset=utf-8 813.4619ms
2023-05-25 18:18:53.8626 INFO Request starting HTTP/2 GET https://localhost:7080/images/logo.png - -
2023-05-25 18:18:53.8626 INFO Request starting HTTP/2 GET https://localhost:7080/_vs/browserLink - -
2023-05-25 18:18:53.8754 INFO Request starting HTTP/2 GET https://localhost:7080/_framework/aspnetcore-browser-refresh.js - -
2023-05-25 18:18:53.8754 INFO The file /images/logo.png was not modified
2023-05-25 18:18:53.8955 INFO Request finished HTTP/2 GET https://localhost:7080/images/logo.png - - - 304 - image/png 32.9319ms
2023-05-25 18:18:53.8955 INFO Request finished HTTP/2 GET https://localhost:7080/_framework/aspnetcore-browser-refresh.js - - - 200 12004 application/javascript;+charset=utf-8 22.9669ms
2023-05-25 18:18:54.0871 INFO Request finished HTTP/2 GET https://localhost:7080/_vs/browserLink - - - 200 - text/javascript;+charset=UTF-8 220.7232ms
2023-05-25 18:20:16.7109 INFO DEVELOPMENT MODE!!!
2023-05-25 18:20:17.0673 INFO User profile is available. Using 'C:\Users\User\AppData\Local\ASP.NET\DataProtection-Keys' as key repository and Windows DPAPI to encrypt keys at rest.
2023-05-25 18:20:17.4291 INFO Now listening on: https://localhost:7080
2023-05-25 18:20:17.4291 INFO Now listening on: http://localhost:5116
2023-05-25 18:20:17.4291 INFO Application started. Press Ctrl+C to shut down.
2023-05-25 18:20:17.4291 INFO Hosting environment: Development
2023-05-25 18:20:17.4291 INFO Content root path: C:\Users\User\source\repos\ColoradoBeetle\ColoradoBeetle.UI\
2023-05-25 18:20:19.9348 INFO Request starting HTTP/2 GET https://localhost:7080/ - -
2023-05-25 18:20:20.0821 INFO Executing endpoint 'ColoradoBeetle.UI.Controllers.HomeController.Index (ColoradoBeetle.UI)'
2023-05-25 18:20:20.1933 INFO Route matched with {action = "Index", controller = "Home"}. Executing controller action with signature System.Threading.Tasks.Task`1[Microsoft.AspNetCore.Mvc.IActionResult] Index() on controller ColoradoBeetle.UI.Controllers.HomeController (ColoradoBeetle.UI).
2023-05-25 18:20:20.2427 INFO Handling AddProductCommand
2023-05-25 18:20:20.2427 INFO ColoradoBeetle Request: "AddProductCommand" {"Name":"testiong coloradobeetle logging behaviour"}
2023-05-25 18:20:20.3016 INFO Handled Unit
2023-05-25 18:20:20.3221 INFO Executing ViewResult, running view Index.
2023-05-25 18:20:20.7855 INFO Executed ViewResult - view Index executed in 467.2817ms.
2023-05-25 18:20:20.8004 INFO Executed action ColoradoBeetle.UI.Controllers.HomeController.Index (ColoradoBeetle.UI) in 606.6101ms
2023-05-25 18:20:20.8004 INFO Executed endpoint 'ColoradoBeetle.UI.Controllers.HomeController.Index (ColoradoBeetle.UI)'
2023-05-25 18:20:20.9044 INFO Request finished HTTP/2 GET https://localhost:7080/ - - - 200 - text/html;+charset=utf-8 975.8556ms
2023-05-25 18:20:20.9567 INFO Request starting HTTP/2 GET https://localhost:7080/_vs/browserLink - -
2023-05-25 18:20:20.9567 INFO Request starting HTTP/2 GET https://localhost:7080/_framework/aspnetcore-browser-refresh.js - -
2023-05-25 18:20:20.9567 INFO Request starting HTTP/2 GET https://localhost:7080/images/logo.png - -
2023-05-25 18:20:20.9714 INFO Request finished HTTP/2 GET https://localhost:7080/_framework/aspnetcore-browser-refresh.js - - - 200 12004 application/javascript;+charset=utf-8 14.8383ms
2023-05-25 18:20:20.9714 INFO The file /images/logo.png was not modified
2023-05-25 18:20:20.9714 INFO Request finished HTTP/2 GET https://localhost:7080/images/logo.png - - - 304 - image/png 20.0417ms
2023-05-25 18:20:21.1426 INFO Request finished HTTP/2 GET https://localhost:7080/_vs/browserLink - - - 200 - text/javascript;+charset=UTF-8 186.0337ms
2023-05-25 18:40:09.8408 INFO DEVELOPMENT MODE!!!
2023-05-25 18:40:10.5454 INFO User profile is available. Using 'C:\Users\User\AppData\Local\ASP.NET\DataProtection-Keys' as key repository and Windows DPAPI to encrypt keys at rest.
2023-05-25 18:40:11.1065 INFO Now listening on: https://localhost:7080
2023-05-25 18:40:11.1065 INFO Now listening on: http://localhost:5116
2023-05-25 18:40:11.1065 INFO Application started. Press Ctrl+C to shut down.
2023-05-25 18:40:11.1065 INFO Hosting environment: Development
2023-05-25 18:40:11.1065 INFO Content root path: C:\Users\User\source\repos\ColoradoBeetle\ColoradoBeetle.UI\
2023-05-25 18:40:12.7625 INFO Request starting HTTP/2 GET https://localhost:7080/ - -
2023-05-25 18:40:12.9100 INFO Executing endpoint 'ColoradoBeetle.UI.Controllers.HomeController.Index (ColoradoBeetle.UI)'
2023-05-25 18:40:12.9965 INFO Route matched with {action = "Index", controller = "Home"}. Executing controller action with signature System.Threading.Tasks.Task`1[Microsoft.AspNetCore.Mvc.IActionResult] Index() on controller ColoradoBeetle.UI.Controllers.HomeController (ColoradoBeetle.UI).
2023-05-25 18:40:13.0424 INFO Handling AddProductCommand
2023-05-25 18:40:13.0424 INFO ColoradoBeetle Request: "AddProductCommand" {"Name":"testiong coloradobeetle logging behaviour"}
2023-05-25 18:40:13.1063 INFO Handled Unit
2023-05-25 18:40:13.1223 INFO Executing ViewResult, running view Index.
2023-05-25 18:40:13.5166 INFO Executed ViewResult - view Index executed in 393.7833ms.
2023-05-25 18:40:13.5295 INFO Executed action ColoradoBeetle.UI.Controllers.HomeController.Index (ColoradoBeetle.UI) in 532.3325ms
2023-05-25 18:40:13.5295 INFO Executed endpoint 'ColoradoBeetle.UI.Controllers.HomeController.Index (ColoradoBeetle.UI)'
2023-05-25 18:40:13.6585 INFO Request finished HTTP/2 GET https://localhost:7080/ - - - 200 - text/html;+charset=utf-8 897.8262ms
2023-05-25 18:40:13.7071 INFO Request starting HTTP/2 GET https://localhost:7080/_framework/aspnetcore-browser-refresh.js - -
2023-05-25 18:40:13.7071 INFO Request starting HTTP/2 GET https://localhost:7080/images/Colorado_Beetle_Logo.png - -
2023-05-25 18:40:13.7071 INFO Request starting HTTP/2 GET https://localhost:7080/_vs/browserLink - -
2023-05-25 18:40:13.7215 INFO Request finished HTTP/2 GET https://localhost:7080/_framework/aspnetcore-browser-refresh.js - - - 200 12004 application/javascript;+charset=utf-8 14.6363ms
2023-05-25 18:40:13.9184 INFO Request finished HTTP/2 GET https://localhost:7080/_vs/browserLink - - - 200 - text/javascript;+charset=UTF-8 208.5194ms
2023-05-25 18:40:13.9213 INFO Sending file. Request path: '/images/Colorado_Beetle_Logo.png'. Physical path: 'C:\Users\User\source\repos\ColoradoBeetle\ColoradoBeetle.UI\wwwroot\Images\Colorado_Beetle_Logo.png'
2023-05-25 18:40:13.9213 INFO Request finished HTTP/2 GET https://localhost:7080/images/Colorado_Beetle_Logo.png - - - 200 29710 image/png 213.9292ms
2023-05-25 18:40:41.4621 INFO Request starting HTTP/2 GET https://localhost:7080/ - -
2023-05-25 18:40:41.4713 INFO Executing endpoint 'ColoradoBeetle.UI.Controllers.HomeController.Index (ColoradoBeetle.UI)'
2023-05-25 18:40:41.4713 INFO Route matched with {action = "Index", controller = "Home"}. Executing controller action with signature System.Threading.Tasks.Task`1[Microsoft.AspNetCore.Mvc.IActionResult] Index() on controller ColoradoBeetle.UI.Controllers.HomeController (ColoradoBeetle.UI).
2023-05-25 18:40:41.4713 INFO Handling AddProductCommand
2023-05-25 18:40:41.4830 INFO ColoradoBeetle Request: "AddProductCommand" {"Name":"testiong coloradobeetle logging behaviour"}
2023-05-25 18:40:41.4830 INFO Handled Unit
2023-05-25 18:40:41.4830 INFO Executing ViewResult, running view Index.
2023-05-25 18:40:41.5205 INFO Executed ViewResult - view Index executed in 24.4504ms.
2023-05-25 18:40:41.5205 INFO Executed action ColoradoBeetle.UI.Controllers.HomeController.Index (ColoradoBeetle.UI) in 49.0619ms
2023-05-25 18:40:41.5205 INFO Executed endpoint 'ColoradoBeetle.UI.Controllers.HomeController.Index (ColoradoBeetle.UI)'
2023-05-25 18:40:41.5362 INFO Request finished HTTP/2 GET https://localhost:7080/ - - - 200 - text/html;+charset=utf-8 74.3350ms
2023-05-25 18:40:41.5973 INFO Request starting HTTP/2 GET https://localhost:7080/_vs/browserLink - -
2023-05-25 18:40:41.5973 INFO Request starting HTTP/2 GET https://localhost:7080/images/Colorado_Beetle_Logo.png - -
2023-05-25 18:40:41.5973 INFO Request starting HTTP/2 GET https://localhost:7080/_framework/aspnetcore-browser-refresh.js - -
2023-05-25 18:40:41.5973 INFO Request finished HTTP/2 GET https://localhost:7080/_framework/aspnetcore-browser-refresh.js - - - 200 12004 application/javascript;+charset=utf-8 0.8510ms
2023-05-25 18:40:41.6522 INFO The file /images/Colorado_Beetle_Logo.png was not modified
2023-05-25 18:40:41.6618 INFO Request finished HTTP/2 GET https://localhost:7080/images/Colorado_Beetle_Logo.png - - - 304 - image/png 64.2419ms
2023-05-25 18:40:41.7261 INFO Request finished HTTP/2 GET https://localhost:7080/_vs/browserLink - - - 200 - text/javascript;+charset=UTF-8 128.7823ms
2023-05-25 18:40:43.4880 INFO Request starting HTTP/2 GET https://localhost:7080/ - -
2023-05-25 18:40:43.4880 INFO Executing endpoint 'ColoradoBeetle.UI.Controllers.HomeController.Index (ColoradoBeetle.UI)'
2023-05-25 18:40:43.4880 INFO Route matched with {action = "Index", controller = "Home"}. Executing controller action with signature System.Threading.Tasks.Task`1[Microsoft.AspNetCore.Mvc.IActionResult] Index() on controller ColoradoBeetle.UI.Controllers.HomeController (ColoradoBeetle.UI).
2023-05-25 18:40:43.4880 INFO Handling AddProductCommand
2023-05-25 18:40:43.4880 INFO ColoradoBeetle Request: "AddProductCommand" {"Name":"testiong coloradobeetle logging behaviour"}
2023-05-25 18:40:43.4880 INFO Handled Unit
2023-05-25 18:40:43.4880 INFO Executing ViewResult, running view Index.
2023-05-25 18:40:43.5079 INFO Executed ViewResult - view Index executed in 13.6132ms.
2023-05-25 18:40:43.5079 INFO Executed action ColoradoBeetle.UI.Controllers.HomeController.Index (ColoradoBeetle.UI) in 15.3315ms
2023-05-25 18:40:43.5079 INFO Executed endpoint 'ColoradoBeetle.UI.Controllers.HomeController.Index (ColoradoBeetle.UI)'
2023-05-25 18:40:43.5152 INFO Request finished HTTP/2 GET https://localhost:7080/ - - - 200 - text/html;+charset=utf-8 27.1772ms
2023-05-25 18:40:43.5396 INFO Request starting HTTP/2 GET https://localhost:7080/_framework/aspnetcore-browser-refresh.js - -
2023-05-25 18:40:43.5396 INFO Request starting HTTP/2 GET https://localhost:7080/_vs/browserLink - -
2023-05-25 18:40:43.5396 INFO Request finished HTTP/2 GET https://localhost:7080/_framework/aspnetcore-browser-refresh.js - - - 200 12004 application/javascript;+charset=utf-8 0.9004ms
2023-05-25 18:40:43.6397 INFO Request finished HTTP/2 GET https://localhost:7080/_vs/browserLink - - - 200 - text/javascript;+charset=UTF-8 99.8923ms
2023-05-25 18:40:48.9372 INFO Request starting HTTP/2 GET https://localhost:7080/ - -
2023-05-25 18:40:48.9372 INFO Executing endpoint 'ColoradoBeetle.UI.Controllers.HomeController.Index (ColoradoBeetle.UI)'
2023-05-25 18:40:48.9372 INFO Route matched with {action = "Index", controller = "Home"}. Executing controller action with signature System.Threading.Tasks.Task`1[Microsoft.AspNetCore.Mvc.IActionResult] Index() on controller ColoradoBeetle.UI.Controllers.HomeController (ColoradoBeetle.UI).
2023-05-25 18:40:48.9372 INFO Handling AddProductCommand
2023-05-25 18:40:48.9372 INFO ColoradoBeetle Request: "AddProductCommand" {"Name":"testiong coloradobeetle logging behaviour"}
2023-05-25 18:40:48.9372 INFO Handled Unit
2023-05-25 18:40:48.9372 INFO Executing ViewResult, running view Index.
2023-05-25 18:40:48.9551 INFO Executed ViewResult - view Index executed in 10.3938ms.
2023-05-25 18:40:48.9551 INFO Executed action ColoradoBeetle.UI.Controllers.HomeController.Index (ColoradoBeetle.UI) in 10.873ms
2023-05-25 18:40:48.9551 INFO Executed endpoint 'ColoradoBeetle.UI.Controllers.HomeController.Index (ColoradoBeetle.UI)'
2023-05-25 18:40:48.9551 INFO Request finished HTTP/2 GET https://localhost:7080/ - - - 200 - text/html;+charset=utf-8 23.7301ms
2023-05-25 18:40:48.9890 INFO Request starting HTTP/2 GET https://localhost:7080/_framework/aspnetcore-browser-refresh.js - -
2023-05-25 18:40:48.9890 INFO Request starting HTTP/2 GET https://localhost:7080/_vs/browserLink - -
2023-05-25 18:40:48.9890 INFO Request finished HTTP/2 GET https://localhost:7080/_framework/aspnetcore-browser-refresh.js - - - 200 12004 application/javascript;+charset=utf-8 0.9931ms
2023-05-25 18:40:49.1193 INFO Request finished HTTP/2 GET https://localhost:7080/_vs/browserLink - - - 200 - text/javascript;+charset=UTF-8 129.6248ms
2023-05-25 18:42:01.3243 INFO DEVELOPMENT MODE!!!
2023-05-25 18:42:01.7962 INFO User profile is available. Using 'C:\Users\User\AppData\Local\ASP.NET\DataProtection-Keys' as key repository and Windows DPAPI to encrypt keys at rest.
2023-05-25 18:42:02.3598 INFO Now listening on: https://localhost:7080
2023-05-25 18:42:02.3598 INFO Now listening on: http://localhost:5116
2023-05-25 18:42:02.3598 INFO Application started. Press Ctrl+C to shut down.
2023-05-25 18:42:02.3598 INFO Hosting environment: Development
2023-05-25 18:42:02.3598 INFO Content root path: C:\Users\User\source\repos\ColoradoBeetle\ColoradoBeetle.UI\
2023-05-25 18:42:03.7008 INFO Request starting HTTP/2 GET https://localhost:7080/ - -
2023-05-25 18:42:03.8289 INFO Executing endpoint 'ColoradoBeetle.UI.Controllers.HomeController.Index (ColoradoBeetle.UI)'
2023-05-25 18:42:03.8993 INFO Route matched with {action = "Index", controller = "Home"}. Executing controller action with signature System.Threading.Tasks.Task`1[Microsoft.AspNetCore.Mvc.IActionResult] Index() on controller ColoradoBeetle.UI.Controllers.HomeController (ColoradoBeetle.UI).
2023-05-25 18:42:03.9398 INFO Handling AddProductCommand
2023-05-25 18:42:03.9398 INFO ColoradoBeetle Request: "AddProductCommand" {"Name":"testiong coloradobeetle logging behaviour"}
2023-05-25 18:42:04.0049 INFO Handled Unit
2023-05-25 18:42:04.0320 INFO Executing ViewResult, running view Index.
2023-05-25 18:42:04.4225 INFO Executed ViewResult - view Index executed in 397.6516ms.
2023-05-25 18:42:04.4225 INFO Executed action ColoradoBeetle.UI.Controllers.HomeController.Index (ColoradoBeetle.UI) in 534.544ms
2023-05-25 18:42:04.4355 INFO Executed endpoint 'ColoradoBeetle.UI.Controllers.HomeController.Index (ColoradoBeetle.UI)'
2023-05-25 18:42:04.5266 INFO Request finished HTTP/2 GET https://localhost:7080/ - - - 200 - text/html;+charset=utf-8 829.1849ms
2023-05-25 18:42:04.5795 INFO Request starting HTTP/2 GET https://localhost:7080/_vs/browserLink - -
2023-05-25 18:42:04.5795 INFO Request starting HTTP/2 GET https://localhost:7080/images/Colorado_Beetle_Logo.png - -
2023-05-25 18:42:04.5795 INFO Request starting HTTP/2 GET https://localhost:7080/_framework/aspnetcore-browser-refresh.js - -
2023-05-25 18:42:04.5795 INFO Request finished HTTP/2 GET https://localhost:7080/_framework/aspnetcore-browser-refresh.js - - - 200 12004 application/javascript;+charset=utf-8 11.8966ms
2023-05-25 18:42:04.5940 INFO The file /images/Colorado_Beetle_Logo.png was not modified
2023-05-25 18:42:04.5940 INFO Request finished HTTP/2 GET https://localhost:7080/images/Colorado_Beetle_Logo.png - - - 304 - image/png 19.7193ms
2023-05-25 18:42:04.7634 INFO Request finished HTTP/2 GET https://localhost:7080/_vs/browserLink - - - 200 - text/javascript;+charset=UTF-8 183.5746ms
