2023-05-29 17:40:58.6210 INFO DEVELOPMENT MODE!!!
2023-05-29 17:40:59.3277 INFO User profile is available. Using 'C:\Users\User\AppData\Local\ASP.NET\DataProtection-Keys' as key repository and Windows DPAPI to encrypt keys at rest.
2023-05-29 17:40:59.9516 INFO Now listening on: https://localhost:7080
2023-05-29 17:40:59.9516 INFO Now listening on: http://localhost:5116
2023-05-29 17:40:59.9516 INFO Application started. Press Ctrl+C to shut down.
2023-05-29 17:40:59.9516 INFO Hosting environment: Development
2023-05-29 17:40:59.9516 INFO Content root path: C:\Users\User\source\repos\ColoradoBeetle\ColoradoBeetle.UI\
2023-05-29 17:41:04.0681 INFO Request starting HTTP/2 GET https://localhost:7080/ - -
2023-05-29 17:41:04.4057 INFO Executing endpoint 'ColoradoBeetle.UI.Controllers.HomeController.Index (ColoradoBeetle.UI)'
2023-05-29 17:41:04.7059 INFO Route matched with {action = "Index", controller = "Home"}. Executing controller action with signature System.Threading.Tasks.Task`1[Microsoft.AspNetCore.Mvc.IActionResult] Index() on controller ColoradoBeetle.UI.Controllers.HomeController (ColoradoBeetle.UI).
2023-05-29 17:41:04.8024 INFO Handling AddProductCommand
2023-05-29 17:41:04.8024 INFO ColoradoBeetle Request: "AddProductCommand" {"Name":"testiong coloradobeetle logging behaviour"}
2023-05-29 17:41:04.9098 INFO Handled Unit
2023-05-29 17:41:04.9435 INFO Executing ViewResult, running view Index.
2023-05-29 17:41:05.9388 INFO Executed ViewResult - view Index executed in 1001.9604ms.
2023-05-29 17:41:05.9638 INFO Executed action ColoradoBeetle.UI.Controllers.HomeController.Index (ColoradoBeetle.UI) in 1256.9785ms
2023-05-29 17:41:05.9717 INFO Executed endpoint 'ColoradoBeetle.UI.Controllers.HomeController.Index (ColoradoBeetle.UI)'
2023-05-29 17:41:06.1800 INFO Request finished HTTP/2 GET https://localhost:7080/ - - - 200 - text/html;+charset=utf-8 2121.4584ms
2023-05-29 17:41:06.2379 INFO Request starting HTTP/2 GET https://localhost:7080/lib/bootstrap/dist/css/bootstrap.min.css - -
2023-05-29 17:41:06.2379 INFO Request starting HTTP/2 GET https://localhost:7080/ColoradoBeetle.UI.styles.css?v=S2mmYHR23Y_xziC5xU2sPPGSE_TQ0QimX-PIvU4rTqE - -
2023-05-29 17:41:06.2379 INFO Request starting HTTP/2 GET https://localhost:7080/lib/jquery/dist/jquery.min.js - -
2023-05-29 17:41:06.2379 INFO Request starting HTTP/2 GET https://localhost:7080/css/site.css?v=ZmBcJqu-Atma9E_vXMyKkomC_eoPOL8cxImYChMICP8 - -
2023-05-29 17:41:06.2379 INFO Request starting HTTP/2 GET https://localhost:7080/lib/jquery.cookie/jquery.cookie.min.js - -
2023-05-29 17:41:06.2754 INFO Sending file. Request path: '/css/site.css'. Physical path: 'C:\Users\User\source\repos\ColoradoBeetle\ColoradoBeetle.UI\wwwroot\css\site.css'
2023-05-29 17:41:06.2754 INFO Sending file. Request path: '/ColoradoBeetle.UI.styles.css'. Physical path: 'C:\Users\User\source\repos\ColoradoBeetle\ColoradoBeetle.UI\obj\Debug\net6.0\scopedcss\bundle\ColoradoBeetle.UI.styles.css'
2023-05-29 17:41:06.2754 INFO Sending file. Request path: '/lib/jquery.cookie/jquery.cookie.min.js'. Physical path: 'C:\Users\User\source\repos\ColoradoBeetle\ColoradoBeetle.UI\wwwroot\lib\jquery.cookie\jquery.cookie.min.js'
2023-05-29 17:41:06.2754 INFO Request finished HTTP/2 GET https://localhost:7080/lib/jquery.cookie/jquery.cookie.min.js - - - 200 1565 application/javascript 34.5434ms
2023-05-29 17:41:06.2754 INFO Request finished HTTP/2 GET https://localhost:7080/ColoradoBeetle.UI.styles.css?v=S2mmYHR23Y_xziC5xU2sPPGSE_TQ0QimX-PIvU4rTqE - - - 200 1107 text/css 37.9883ms
2023-05-29 17:41:06.2754 INFO Request starting HTTP/2 GET https://localhost:7080/lib/bootstrap/dist/js/bootstrap.bundle.min.js - -
2023-05-29 17:41:06.2754 INFO Request starting HTTP/2 GET https://localhost:7080/js/site.js?v=4q1jwFhaPaZgr8WAUSrux6hAuh0XDg9kPS3xIVq36I0 - -
2023-05-29 17:41:06.2754 INFO Request finished HTTP/2 GET https://localhost:7080/css/site.css?v=ZmBcJqu-Atma9E_vXMyKkomC_eoPOL8cxImYChMICP8 - - - 200 687 text/css 35.8181ms
2023-05-29 17:41:06.2754 INFO Request starting HTTP/2 GET https://localhost:7080/_framework/aspnetcore-browser-refresh.js - -
2023-05-29 17:41:06.2889 INFO Request finished HTTP/2 GET https://localhost:7080/_framework/aspnetcore-browser-refresh.js - - - 200 12004 application/javascript;+charset=utf-8 12.5682ms
2023-05-29 17:41:06.2889 INFO Request starting HTTP/2 GET https://localhost:7080/images/Colorado_Beetle_Logo.png - -
2023-05-29 17:41:06.2889 INFO Request starting HTTP/2 GET https://localhost:7080/Images/carousel-ladybird-1.jpg - -
2023-05-29 17:41:06.2889 INFO Sending file. Request path: '/js/site.js'. Physical path: 'C:\Users\User\source\repos\ColoradoBeetle\ColoradoBeetle.UI\wwwroot\js\site.js'
2023-05-29 17:41:06.2889 INFO Request finished HTTP/2 GET https://localhost:7080/js/site.js?v=4q1jwFhaPaZgr8WAUSrux6hAuh0XDg9kPS3xIVq36I0 - - - 200 230 application/javascript 18.2835ms
2023-05-29 17:41:06.2889 INFO Request starting HTTP/2 GET https://localhost:7080/Images/carousel-ladybird-2.jpg - -
2023-05-29 17:41:06.3115 INFO Sending file. Request path: '/images/Colorado_Beetle_Logo.png'. Physical path: 'C:\Users\User\source\repos\ColoradoBeetle\ColoradoBeetle.UI\wwwroot\Images\Colorado_Beetle_Logo.png'
2023-05-29 17:41:06.3329 INFO Request starting HTTP/2 GET https://localhost:7080/Images/carousel-ladybird-3.jpg - -
2023-05-29 17:41:06.3329 INFO Request starting HTTP/2 GET https://localhost:7080/_vs/browserLink - -
2023-05-29 17:41:06.3963 INFO Request finished HTTP/2 GET https://localhost:7080/images/Colorado_Beetle_Logo.png - - - 200 29710 image/png 107.1692ms
2023-05-29 17:41:06.4209 INFO Sending file. Request path: '/lib/jquery/dist/jquery.min.js'. Physical path: 'C:\Users\User\source\repos\ColoradoBeetle\ColoradoBeetle.UI\wwwroot\lib\jquery\dist\jquery.min.js'
2023-05-29 17:41:06.4209 INFO Sending file. Request path: '/lib/bootstrap/dist/js/bootstrap.bundle.min.js'. Physical path: 'C:\Users\User\source\repos\ColoradoBeetle\ColoradoBeetle.UI\wwwroot\lib\bootstrap\dist\js\bootstrap.bundle.min.js'
2023-05-29 17:41:06.4209 INFO Request finished HTTP/2 GET https://localhost:7080/lib/jquery/dist/jquery.min.js - - - 200 89476 application/javascript 181.2615ms
2023-05-29 17:41:06.4209 INFO Request finished HTTP/2 GET https://localhost:7080/lib/bootstrap/dist/js/bootstrap.bundle.min.js - - - 200 78468 application/javascript 145.2804ms
2023-05-29 17:41:06.4363 INFO Sending file. Request path: '/Images/carousel-ladybird-1.jpg'. Physical path: 'C:\Users\User\source\repos\ColoradoBeetle\ColoradoBeetle.UI\wwwroot\Images\carousel-ladybird-1.jpg'
2023-05-29 17:41:06.4363 INFO Request finished HTTP/2 GET https://localhost:7080/Images/carousel-ladybird-1.jpg - - - 200 48921 image/jpeg 142.5751ms
2023-05-29 17:41:06.4392 INFO Sending file. Request path: '/Images/carousel-ladybird-3.jpg'. Physical path: 'C:\Users\User\source\repos\ColoradoBeetle\ColoradoBeetle.UI\wwwroot\Images\carousel-ladybird-3.jpg'
2023-05-29 17:41:06.4392 INFO Request finished HTTP/2 GET https://localhost:7080/Images/carousel-ladybird-3.jpg - - - 200 64366 image/jpeg 106.5952ms
2023-05-29 17:41:06.4392 INFO Sending file. Request path: '/lib/bootstrap/dist/css/bootstrap.min.css'. Physical path: 'C:\Users\User\source\repos\ColoradoBeetle\ColoradoBeetle.UI\wwwroot\lib\bootstrap\dist\css\bootstrap.min.css'
2023-05-29 17:41:06.4392 INFO Request finished HTTP/2 GET https://localhost:7080/lib/bootstrap/dist/css/bootstrap.min.css - - - 200 162720 text/css 207.4856ms
2023-05-29 17:41:06.4622 INFO Sending file. Request path: '/Images/carousel-ladybird-2.jpg'. Physical path: 'C:\Users\User\source\repos\ColoradoBeetle\ColoradoBeetle.UI\wwwroot\Images\carousel-ladybird-2.jpg'
2023-05-29 17:41:06.4622 INFO Request finished HTTP/2 GET https://localhost:7080/Images/carousel-ladybird-2.jpg - - - 200 55458 image/jpeg 167.9871ms
2023-05-29 17:41:06.8270 INFO Request finished HTTP/2 GET https://localhost:7080/_vs/browserLink - - - 200 - text/javascript;+charset=UTF-8 493.1943ms
2023-05-29 17:41:32.8586 INFO Request starting HTTP/2 GET https://localhost:7080/sm/8434d5ae2512ebdb50c4db728c1a1108c0f1674da8ce02db6308c8b9aa4ed979.map - -
2023-05-29 17:41:32.8586 INFO Request starting HTTP/2 GET https://localhost:7080/lib/bootstrap/dist/js/bootstrap.bundle.min.js.map - -
2023-05-29 17:41:32.8586 INFO Request starting HTTP/2 GET https://localhost:7080/lib/bootstrap/dist/css/bootstrap.min.css.map - -
2023-05-29 17:41:32.8760 INFO Request finished HTTP/2 GET https://localhost:7080/sm/8434d5ae2512ebdb50c4db728c1a1108c0f1674da8ce02db6308c8b9aa4ed979.map - - - 404 0 - 17.4898ms
2023-05-29 17:41:32.9002 INFO Sending file. Request path: '/lib/bootstrap/dist/js/bootstrap.bundle.min.js.map'. Physical path: 'C:\Users\User\source\repos\ColoradoBeetle\ColoradoBeetle.UI\wwwroot\lib\bootstrap\dist\js\bootstrap.bundle.min.js.map'
2023-05-29 17:41:32.9002 INFO Request finished HTTP/2 GET https://localhost:7080/lib/bootstrap/dist/js/bootstrap.bundle.min.js.map - - - 200 327261 text/plain 41.8950ms
2023-05-29 17:41:32.9002 INFO Sending file. Request path: '/lib/bootstrap/dist/css/bootstrap.min.css.map'. Physical path: 'C:\Users\User\source\repos\ColoradoBeetle\ColoradoBeetle.UI\wwwroot\lib\bootstrap\dist\css\bootstrap.min.css.map'
2023-05-29 17:41:32.9069 INFO Request finished HTTP/2 GET https://localhost:7080/lib/bootstrap/dist/css/bootstrap.min.css.map - - - 200 449111 text/plain 48.0752ms
2023-05-29 17:41:37.1338 INFO Request starting HTTP/2 GET https://localhost:7080/ - -
2023-05-29 17:41:37.1338 INFO Executing endpoint 'ColoradoBeetle.UI.Controllers.HomeController.Index (ColoradoBeetle.UI)'
2023-05-29 17:41:37.1338 INFO Route matched with {action = "Index", controller = "Home"}. Executing controller action with signature System.Threading.Tasks.Task`1[Microsoft.AspNetCore.Mvc.IActionResult] Index() on controller ColoradoBeetle.UI.Controllers.HomeController (ColoradoBeetle.UI).
2023-05-29 17:41:37.1338 INFO Handling AddProductCommand
2023-05-29 17:41:37.1338 INFO ColoradoBeetle Request: "AddProductCommand" {"Name":"testiong coloradobeetle logging behaviour"}
2023-05-29 17:41:37.1489 INFO Handled Unit
2023-05-29 17:41:37.1489 INFO Executing ViewResult, running view Index.
2023-05-29 17:41:37.1634 INFO Executed ViewResult - view Index executed in 14.2336ms.
2023-05-29 17:41:37.1634 INFO Executed action ColoradoBeetle.UI.Controllers.HomeController.Index (ColoradoBeetle.UI) in 25.5276ms
2023-05-29 17:41:37.1634 INFO Executed endpoint 'ColoradoBeetle.UI.Controllers.HomeController.Index (ColoradoBeetle.UI)'
2023-05-29 17:41:37.1634 INFO Request finished HTTP/2 GET https://localhost:7080/ - - - 200 - text/html;+charset=utf-8 38.0088ms
2023-05-29 17:41:37.2777 INFO Request starting HTTP/2 GET https://localhost:7080/_framework/aspnetcore-browser-refresh.js - -
2023-05-29 17:41:37.2777 INFO Request finished HTTP/2 GET https://localhost:7080/_framework/aspnetcore-browser-refresh.js - - - 200 12004 application/javascript;+charset=utf-8 0.4422ms
2023-05-29 17:41:37.2858 INFO Request starting HTTP/2 GET https://localhost:7080/_vs/browserLink - -
2023-05-29 17:41:37.4822 INFO Request starting HTTP/2 GET https://localhost:7080/sm/8434d5ae2512ebdb50c4db728c1a1108c0f1674da8ce02db6308c8b9aa4ed979.map - -
2023-05-29 17:41:37.5073 INFO Request finished HTTP/2 GET https://localhost:7080/sm/8434d5ae2512ebdb50c4db728c1a1108c0f1674da8ce02db6308c8b9aa4ed979.map - - - 404 0 - 25.0045ms
2023-05-29 17:41:37.5603 INFO Request finished HTTP/2 GET https://localhost:7080/_vs/browserLink - - - 200 - text/javascript;+charset=UTF-8 274.4215ms
2023-05-29 17:41:57.6444 INFO Request starting HTTP/2 GET https://localhost:7080/ - -
2023-05-29 17:41:57.6444 INFO Executing endpoint 'ColoradoBeetle.UI.Controllers.HomeController.Index (ColoradoBeetle.UI)'
2023-05-29 17:41:57.6444 INFO Route matched with {action = "Index", controller = "Home"}. Executing controller action with signature System.Threading.Tasks.Task`1[Microsoft.AspNetCore.Mvc.IActionResult] Index() on controller ColoradoBeetle.UI.Controllers.HomeController (ColoradoBeetle.UI).
2023-05-29 17:41:57.6444 INFO Handling AddProductCommand
2023-05-29 17:41:57.6444 INFO ColoradoBeetle Request: "AddProductCommand" {"Name":"testiong coloradobeetle logging behaviour"}
2023-05-29 17:41:57.6444 INFO Handled Unit
2023-05-29 17:41:57.6444 INFO Executing ViewResult, running view Index.
2023-05-29 17:41:57.6594 INFO Executed ViewResult - view Index executed in 7.3909ms.
2023-05-29 17:41:57.6594 INFO Executed action ColoradoBeetle.UI.Controllers.HomeController.Index (ColoradoBeetle.UI) in 9.5095ms
2023-05-29 17:41:57.6594 INFO Executed endpoint 'ColoradoBeetle.UI.Controllers.HomeController.Index (ColoradoBeetle.UI)'
2023-05-29 17:41:57.6727 INFO Request finished HTTP/2 GET https://localhost:7080/ - - - 200 - text/html;+charset=utf-8 28.3314ms
2023-05-29 17:41:57.7386 INFO Request starting HTTP/2 GET https://localhost:7080/_framework/aspnetcore-browser-refresh.js - -
2023-05-29 17:41:57.7386 INFO Request finished HTTP/2 GET https://localhost:7080/_framework/aspnetcore-browser-refresh.js - - - 200 12004 application/javascript;+charset=utf-8 0.6303ms
2023-05-29 17:41:57.7550 INFO Request starting HTTP/2 GET https://localhost:7080/_vs/browserLink - -
2023-05-29 17:41:57.9192 INFO Request starting HTTP/2 GET https://localhost:7080/sm/8434d5ae2512ebdb50c4db728c1a1108c0f1674da8ce02db6308c8b9aa4ed979.map - -
2023-05-29 17:41:57.9223 INFO Request finished HTTP/2 GET https://localhost:7080/sm/8434d5ae2512ebdb50c4db728c1a1108c0f1674da8ce02db6308c8b9aa4ed979.map - - - 404 0 - 3.0772ms
2023-05-29 17:41:57.9676 INFO Request finished HTTP/2 GET https://localhost:7080/_vs/browserLink - - - 200 - text/javascript;+charset=UTF-8 212.6948ms
2023-05-29 17:41:58.1471 INFO Request starting HTTP/2 GET https://localhost:7080/favicon.ico - -
2023-05-29 17:41:58.1471 INFO Sending file. Request path: '/favicon.ico'. Physical path: 'C:\Users\User\source\repos\ColoradoBeetle\ColoradoBeetle.UI\wwwroot\favicon.ico'
2023-05-29 17:41:58.1471 INFO Request finished HTTP/2 GET https://localhost:7080/favicon.ico - - - 200 5430 image/x-icon 8.6754ms
2023-05-29 18:48:35.0230 INFO DEVELOPMENT MODE!!!
2023-05-29 18:48:35.5546 INFO User profile is available. Using 'C:\Users\User\AppData\Local\ASP.NET\DataProtection-Keys' as key repository and Windows DPAPI to encrypt keys at rest.
2023-05-29 18:48:36.1018 INFO Now listening on: https://localhost:7080
2023-05-29 18:48:36.1018 INFO Now listening on: http://localhost:5116
2023-05-29 18:48:36.1018 INFO Application started. Press Ctrl+C to shut down.
2023-05-29 18:48:36.1018 INFO Hosting environment: Development
2023-05-29 18:48:36.1018 INFO Content root path: C:\Users\User\source\repos\ColoradoBeetle\ColoradoBeetle.UI\
2023-05-29 18:48:37.8816 INFO Request starting HTTP/2 GET https://localhost:7080/ - -
2023-05-29 18:48:38.0779 INFO Executing endpoint 'ColoradoBeetle.UI.Controllers.HomeController.Index (ColoradoBeetle.UI)'
2023-05-29 18:48:38.2092 INFO Route matched with {action = "Index", controller = "Home"}. Executing controller action with signature System.Threading.Tasks.Task`1[Microsoft.AspNetCore.Mvc.IActionResult] Index() on controller ColoradoBeetle.UI.Controllers.HomeController (ColoradoBeetle.UI).
2023-05-29 18:48:38.2528 INFO Handling AddProductCommand
2023-05-29 18:48:38.2528 INFO ColoradoBeetle Request: "AddProductCommand" {"Name":"testiong coloradobeetle logging behaviour"}
2023-05-29 18:48:38.3140 INFO Handled Unit
2023-05-29 18:48:38.3342 INFO Executing ViewResult, running view Index.
2023-05-29 18:48:38.8183 INFO Executed ViewResult - view Index executed in 486.5249ms.
2023-05-29 18:48:38.8302 INFO Executed action ColoradoBeetle.UI.Controllers.HomeController.Index (ColoradoBeetle.UI) in 620.3317ms
2023-05-29 18:48:38.8302 INFO Executed endpoint 'ColoradoBeetle.UI.Controllers.HomeController.Index (ColoradoBeetle.UI)'
2023-05-29 18:48:38.9517 INFO Request finished HTTP/2 GET https://localhost:7080/ - - - 200 - text/html;+charset=utf-8 1080.7225ms
2023-05-29 18:48:39.0021 INFO Request starting HTTP/2 GET https://localhost:7080/_framework/aspnetcore-browser-refresh.js - -
2023-05-29 18:48:39.0310 INFO Request finished HTTP/2 GET https://localhost:7080/_framework/aspnetcore-browser-refresh.js - - - 200 12004 application/javascript;+charset=utf-8 28.8500ms
2023-05-29 18:48:39.0570 INFO Request starting HTTP/2 GET https://localhost:7080/_vs/browserLink - -
2023-05-29 18:48:39.2640 INFO Request finished HTTP/2 GET https://localhost:7080/_vs/browserLink - - - 200 - text/javascript;+charset=UTF-8 207.2955ms
2023-05-29 18:48:46.4410 INFO Request starting HTTP/2 GET https://localhost:7080/Home/Privacy - -
2023-05-29 18:48:46.4410 INFO Executing endpoint 'ColoradoBeetle.UI.Controllers.HomeController.Privacy (ColoradoBeetle.UI)'
2023-05-29 18:48:46.4410 INFO Route matched with {action = "Privacy", controller = "Home"}. Executing controller action with signature Microsoft.AspNetCore.Mvc.IActionResult Privacy() on controller ColoradoBeetle.UI.Controllers.HomeController (ColoradoBeetle.UI).
2023-05-29 18:48:46.4410 INFO Executing ViewResult, running view Privacy.
2023-05-29 18:48:46.6122 INFO Executed ViewResult - view Privacy executed in 160.6404ms.
2023-05-29 18:48:46.6122 INFO Executed action ColoradoBeetle.UI.Controllers.HomeController.Privacy (ColoradoBeetle.UI) in 161.3159ms
2023-05-29 18:48:46.6122 INFO Executed endpoint 'ColoradoBeetle.UI.Controllers.HomeController.Privacy (ColoradoBeetle.UI)'
2023-05-29 18:48:46.6122 INFO Request finished HTTP/2 GET https://localhost:7080/Home/Privacy - - - 200 - text/html;+charset=utf-8 178.1907ms
2023-05-29 18:48:46.6539 INFO Request starting HTTP/2 GET https://localhost:7080/_framework/aspnetcore-browser-refresh.js - -
2023-05-29 18:48:46.6539 INFO Request finished HTTP/2 GET https://localhost:7080/_framework/aspnetcore-browser-refresh.js - - - 200 12004 application/javascript;+charset=utf-8 1.0959ms
2023-05-29 18:48:46.6539 INFO Request starting HTTP/2 GET https://localhost:7080/_vs/browserLink - -
2023-05-29 18:48:46.7648 INFO Request finished HTTP/2 GET https://localhost:7080/_vs/browserLink - - - 200 - text/javascript;+charset=UTF-8 109.0502ms
2023-05-29 18:48:55.4486 INFO Request starting HTTP/2 GET https://localhost:7080/Home/Privacy - -
2023-05-29 18:48:55.4544 INFO Executing endpoint 'ColoradoBeetle.UI.Controllers.HomeController.Privacy (ColoradoBeetle.UI)'
2023-05-29 18:48:55.4544 INFO Route matched with {action = "Privacy", controller = "Home"}. Executing controller action with signature Microsoft.AspNetCore.Mvc.IActionResult Privacy() on controller ColoradoBeetle.UI.Controllers.HomeController (ColoradoBeetle.UI).
2023-05-29 18:48:55.4544 INFO Executing ViewResult, running view Privacy.
2023-05-29 18:48:55.4544 INFO Executed ViewResult - view Privacy executed in 8.7305ms.
2023-05-29 18:48:55.4544 INFO Executed action ColoradoBeetle.UI.Controllers.HomeController.Privacy (ColoradoBeetle.UI) in 8.9468ms
2023-05-29 18:48:55.4544 INFO Executed endpoint 'ColoradoBeetle.UI.Controllers.HomeController.Privacy (ColoradoBeetle.UI)'
2023-05-29 18:48:55.4707 INFO Request finished HTTP/2 GET https://localhost:7080/Home/Privacy - - - 200 - text/html;+charset=utf-8 22.0930ms
2023-05-29 18:48:55.5020 INFO Request starting HTTP/2 GET https://localhost:7080/_vs/browserLink - -
2023-05-29 18:48:55.5020 INFO Request starting HTTP/2 GET https://localhost:7080/_framework/aspnetcore-browser-refresh.js - -
2023-05-29 18:48:55.5020 INFO Request finished HTTP/2 GET https://localhost:7080/_framework/aspnetcore-browser-refresh.js - - - 200 12004 application/javascript;+charset=utf-8 0.3292ms
2023-05-29 18:48:55.6128 INFO Request finished HTTP/2 GET https://localhost:7080/_vs/browserLink - - - 200 - text/javascript;+charset=UTF-8 110.8521ms
2023-05-29 18:48:58.0434 INFO Request starting HTTP/2 GET https://localhost:7080/ - -
2023-05-29 18:48:58.0480 INFO Executing endpoint 'ColoradoBeetle.UI.Controllers.HomeController.Index (ColoradoBeetle.UI)'
2023-05-29 18:48:58.0480 INFO Route matched with {action = "Index", controller = "Home"}. Executing controller action with signature System.Threading.Tasks.Task`1[Microsoft.AspNetCore.Mvc.IActionResult] Index() on controller ColoradoBeetle.UI.Controllers.HomeController (ColoradoBeetle.UI).
2023-05-29 18:48:58.0480 INFO Handling AddProductCommand
2023-05-29 18:48:58.0480 INFO ColoradoBeetle Request: "AddProductCommand" {"Name":"testiong coloradobeetle logging behaviour"}
2023-05-29 18:48:58.0480 INFO Handled Unit
2023-05-29 18:48:58.0480 INFO Executing ViewResult, running view Index.
2023-05-29 18:48:58.0717 INFO Executed ViewResult - view Index executed in 13.5113ms.
2023-05-29 18:48:58.0717 INFO Executed action ColoradoBeetle.UI.Controllers.HomeController.Index (ColoradoBeetle.UI) in 23.4541ms
2023-05-29 18:48:58.0717 INFO Executed endpoint 'ColoradoBeetle.UI.Controllers.HomeController.Index (ColoradoBeetle.UI)'
2023-05-29 18:48:58.0795 INFO Request finished HTTP/2 GET https://localhost:7080/ - - - 200 - text/html;+charset=utf-8 36.0951ms
2023-05-29 18:48:58.1156 INFO Request starting HTTP/2 GET https://localhost:7080/_framework/aspnetcore-browser-refresh.js - -
2023-05-29 18:48:58.1156 INFO Request starting HTTP/2 GET https://localhost:7080/_vs/browserLink - -
2023-05-29 18:48:58.1316 INFO Request finished HTTP/2 GET https://localhost:7080/_framework/aspnetcore-browser-refresh.js - - - 200 12004 application/javascript;+charset=utf-8 15.9890ms
2023-05-29 18:48:58.2894 INFO Request finished HTTP/2 GET https://localhost:7080/_vs/browserLink - - - 200 - text/javascript;+charset=UTF-8 169.9619ms
2023-05-29 18:49:18.0377 INFO Request starting HTTP/2 GET https://localhost:7080/Home/Privacy - -
2023-05-29 18:49:18.0377 INFO Executing endpoint 'ColoradoBeetle.UI.Controllers.HomeController.Privacy (ColoradoBeetle.UI)'
2023-05-29 18:49:18.0377 INFO Route matched with {action = "Privacy", controller = "Home"}. Executing controller action with signature Microsoft.AspNetCore.Mvc.IActionResult Privacy() on controller ColoradoBeetle.UI.Controllers.HomeController (ColoradoBeetle.UI).
2023-05-29 18:49:18.0377 INFO Executing ViewResult, running view Privacy.
2023-05-29 18:49:18.0515 INFO Executed ViewResult - view Privacy executed in 7.8069ms.
2023-05-29 18:49:18.0515 INFO Executed action ColoradoBeetle.UI.Controllers.HomeController.Privacy (ColoradoBeetle.UI) in 8.0259ms
2023-05-29 18:49:18.0515 INFO Executed endpoint 'ColoradoBeetle.UI.Controllers.HomeController.Privacy (ColoradoBeetle.UI)'
2023-05-29 18:49:18.0636 INFO Request finished HTTP/2 GET https://localhost:7080/Home/Privacy - - - 200 - text/html;+charset=utf-8 25.8400ms
2023-05-29 18:49:18.0956 INFO Request starting HTTP/2 GET https://localhost:7080/_framework/aspnetcore-browser-refresh.js - -
2023-05-29 18:49:18.0956 INFO Request starting HTTP/2 GET https://localhost:7080/_vs/browserLink - -
2023-05-29 18:49:18.0956 INFO Request finished HTTP/2 GET https://localhost:7080/_framework/aspnetcore-browser-refresh.js - - - 200 12004 application/javascript;+charset=utf-8 1.3335ms
2023-05-29 18:49:18.2669 INFO Request finished HTTP/2 GET https://localhost:7080/_vs/browserLink - - - 200 - text/javascript;+charset=UTF-8 170.0494ms
2023-05-29 18:57:14.6400 INFO DEVELOPMENT MODE!!!
2023-05-29 18:57:15.0419 INFO User profile is available. Using 'C:\Users\User\AppData\Local\ASP.NET\DataProtection-Keys' as key repository and Windows DPAPI to encrypt keys at rest.
2023-05-29 18:57:15.4849 INFO Now listening on: https://localhost:7080
2023-05-29 18:57:15.4849 INFO Now listening on: http://localhost:5116
2023-05-29 18:57:15.4849 INFO Application started. Press Ctrl+C to shut down.
2023-05-29 18:57:15.4849 INFO Hosting environment: Development
2023-05-29 18:57:15.4849 INFO Content root path: C:\Users\User\source\repos\ColoradoBeetle\ColoradoBeetle.UI\
2023-05-29 18:57:17.3783 INFO Request starting HTTP/2 GET https://localhost:7080/ - -
2023-05-29 18:57:17.7049 INFO Executing endpoint 'ColoradoBeetle.UI.Controllers.HomeController.Index (ColoradoBeetle.UI)'
2023-05-29 18:57:17.9673 INFO Route matched with {action = "Index", controller = "Home"}. Executing controller action with signature System.Threading.Tasks.Task`1[Microsoft.AspNetCore.Mvc.IActionResult] Index() on controller ColoradoBeetle.UI.Controllers.HomeController (ColoradoBeetle.UI).
2023-05-29 18:57:18.0448 INFO Handling AddProductCommand
2023-05-29 18:57:18.0448 INFO ColoradoBeetle Request: "AddProductCommand" {"Name":"testiong coloradobeetle logging behaviour"}
2023-05-29 18:57:18.2275 INFO Handled Unit
2023-05-29 18:57:18.2615 INFO Executing ViewResult, running view Index.
2023-05-29 18:57:19.1437 INFO Executed ViewResult - view Index executed in 890.6417ms.
2023-05-29 18:57:19.1723 INFO Executed action ColoradoBeetle.UI.Controllers.HomeController.Index (ColoradoBeetle.UI) in 1204.2426ms
2023-05-29 18:57:19.1723 INFO Executed endpoint 'ColoradoBeetle.UI.Controllers.HomeController.Index (ColoradoBeetle.UI)'
2023-05-29 18:57:19.3118 INFO Request finished HTTP/2 GET https://localhost:7080/ - - - 200 - text/html;+charset=utf-8 1940.4959ms
2023-05-29 18:57:19.4760 INFO Request starting HTTP/2 GET https://localhost:7080/_framework/aspnetcore-browser-refresh.js - -
2023-05-29 18:57:19.4874 INFO Request starting HTTP/2 GET https://localhost:7080/_vs/browserLink - -
2023-05-29 18:57:19.5148 INFO Request finished HTTP/2 GET https://localhost:7080/_framework/aspnetcore-browser-refresh.js - - - 200 12004 application/javascript;+charset=utf-8 38.8223ms
2023-05-29 18:57:19.8406 INFO Request finished HTTP/2 GET https://localhost:7080/_vs/browserLink - - - 200 - text/javascript;+charset=UTF-8 353.1833ms
2023-05-29 18:57:25.0265 INFO Request starting HTTP/2 GET https://localhost:7080/Home/Privacy - -
2023-05-29 18:57:25.0395 INFO Executing endpoint 'ColoradoBeetle.UI.Controllers.HomeController.Privacy (ColoradoBeetle.UI)'
2023-05-29 18:57:25.0395 INFO Route matched with {action = "Privacy", controller = "Home"}. Executing controller action with signature Microsoft.AspNetCore.Mvc.IActionResult Privacy() on controller ColoradoBeetle.UI.Controllers.HomeController (ColoradoBeetle.UI).
2023-05-29 18:57:25.0551 INFO Executing ViewResult, running view Privacy.
2023-05-29 18:57:25.2799 INFO Executed ViewResult - view Privacy executed in 235.9981ms.
2023-05-29 18:57:25.2799 INFO Executed action ColoradoBeetle.UI.Controllers.HomeController.Privacy (ColoradoBeetle.UI) in 237.125ms
2023-05-29 18:57:25.2799 INFO Executed endpoint 'ColoradoBeetle.UI.Controllers.HomeController.Privacy (ColoradoBeetle.UI)'
2023-05-29 18:57:25.3287 INFO Request finished HTTP/2 GET https://localhost:7080/Home/Privacy - - - 200 - text/html;+charset=utf-8 302.1549ms
2023-05-29 18:57:25.3765 INFO Request starting HTTP/2 GET https://localhost:7080/_framework/aspnetcore-browser-refresh.js - -
2023-05-29 18:57:25.3765 INFO Request starting HTTP/2 GET https://localhost:7080/_vs/browserLink - -
2023-05-29 18:57:25.3765 INFO Request finished HTTP/2 GET https://localhost:7080/_framework/aspnetcore-browser-refresh.js - - - 200 12004 application/javascript;+charset=utf-8 1.0115ms
2023-05-29 18:57:25.4807 INFO Request finished HTTP/2 GET https://localhost:7080/_vs/browserLink - - - 200 - text/javascript;+charset=UTF-8 103.6869ms
