2023-05-31 20:58:03.3593 WARN Sensitive data logging is enabled. Log entries and exception messages may include sensitive application data; this mode should only be enabled during development.
2023-05-31 20:58:04.5818 INFO Entity Framework Core 6.0.16 initialized 'ApplicationDbContext' using provider 'Microsoft.EntityFrameworkCore.SqlServer:6.0.16' with options: SensitiveDataLoggingEnabled 
2023-05-31 20:58:06.7912 INFO Executed DbCommand (124ms) [Parameters=[], CommandType='Text', CommandTimeout='30']
SELECT [s].[Id], [s].[Description], [s].[Key], [s].[Order], [s].[SettingsId], [s].[Type], [s].[Value]
FROM [SettingsPositions] AS [s]
2023-05-31 20:58:06.9408 INFO DEVELOPMENT MODE!!!
2023-05-31 20:58:07.9187 INFO User profile is available. Using 'C:\Users\User\AppData\Local\ASP.NET\DataProtection-Keys' as key repository and Windows DPAPI to encrypt keys at rest.
2023-05-31 20:58:08.3597 INFO Now listening on: https://localhost:7080
2023-05-31 20:58:08.3597 INFO Now listening on: http://localhost:5116
2023-05-31 20:58:08.3597 INFO Application started. Press Ctrl+C to shut down.
2023-05-31 20:58:08.3597 INFO Hosting environment: Development
2023-05-31 20:58:08.3597 INFO Content root path: C:\Users\User\source\repos\ColoradoBeetle\ColoradoBeetle.UI\
2023-05-31 20:58:11.6273 INFO Request starting HTTP/2 GET https://localhost:7080/ - -
2023-05-31 20:58:11.8864 INFO Executing endpoint 'ColoradoBeetle.UI.Controllers.HomeController.Index (ColoradoBeetle.UI)'
2023-05-31 20:58:11.9308 INFO Route matched with {action = "Index", controller = "Home"}. Executing controller action with signature System.Threading.Tasks.Task`1[Microsoft.AspNetCore.Mvc.IActionResult] Index() on controller ColoradoBeetle.UI.Controllers.HomeController (ColoradoBeetle.UI).
2023-05-31 20:58:11.9693 INFO Executing ViewResult, running view Index.
2023-05-31 20:58:12.9803 INFO Executed ViewResult - view Index executed in 1018.7198ms.
2023-05-31 20:58:13.0007 INFO Executed action ColoradoBeetle.UI.Controllers.HomeController.Index (ColoradoBeetle.UI) in 1068.8187ms
2023-05-31 20:58:13.0007 INFO Executed endpoint 'ColoradoBeetle.UI.Controllers.HomeController.Index (ColoradoBeetle.UI)'
2023-05-31 20:58:13.1373 INFO Request finished HTTP/2 GET https://localhost:7080/ - - - 200 - text/html;+charset=utf-8 1513.4121ms
2023-05-31 20:58:13.2130 INFO Request starting HTTP/2 GET https://localhost:7080/lib/bootstrap/dist/css/bootstrap.min.css - -
2023-05-31 20:58:13.2130 INFO Request starting HTTP/2 GET https://localhost:7080/ColoradoBeetle.UI.styles.css?v=S2mmYHR23Y_xziC5xU2sPPGSE_TQ0QimX-PIvU4rTqE - -
2023-05-31 20:58:13.2130 INFO Request starting HTTP/2 GET https://localhost:7080/css/site.css?v=ZmBcJqu-Atma9E_vXMyKkomC_eoPOL8cxImYChMICP8 - -
2023-05-31 20:58:13.2130 INFO Request starting HTTP/2 GET https://localhost:7080/lib/jquery/dist/jquery.min.js - -
2023-05-31 20:58:13.2130 INFO Request starting HTTP/2 GET https://localhost:7080/js/site.js?v=4q1jwFhaPaZgr8WAUSrux6hAuh0XDg9kPS3xIVq36I0 - -
2023-05-31 20:58:13.2514 INFO Sending file. Request path: '/ColoradoBeetle.UI.styles.css'. Physical path: 'C:\Users\User\source\repos\ColoradoBeetle\ColoradoBeetle.UI\obj\Debug\net6.0\scopedcss\bundle\ColoradoBeetle.UI.styles.css'
2023-05-31 20:58:13.2514 INFO Sending file. Request path: '/css/site.css'. Physical path: 'C:\Users\User\source\repos\ColoradoBeetle\ColoradoBeetle.UI\wwwroot\css\site.css'
2023-05-31 20:58:13.2514 INFO Sending file. Request path: '/js/site.js'. Physical path: 'C:\Users\User\source\repos\ColoradoBeetle\ColoradoBeetle.UI\wwwroot\js\site.js'
2023-05-31 20:58:13.2514 INFO Request finished HTTP/2 GET https://localhost:7080/css/site.css?v=ZmBcJqu-Atma9E_vXMyKkomC_eoPOL8cxImYChMICP8 - - - 200 687 text/css 38.6477ms
2023-05-31 20:58:13.2514 INFO Request finished HTTP/2 GET https://localhost:7080/js/site.js?v=4q1jwFhaPaZgr8WAUSrux6hAuh0XDg9kPS3xIVq36I0 - - - 200 230 application/javascript 37.0898ms
2023-05-31 20:58:13.2514 INFO Request starting HTTP/2 GET https://localhost:7080/images/Colorado_Beetle_Logo.png - -
2023-05-31 20:58:13.2514 INFO Request starting HTTP/2 GET https://localhost:7080/lib/bootstrap/dist/js/bootstrap.bundle.min.js - -
2023-05-31 20:58:13.2514 INFO Request finished HTTP/2 GET https://localhost:7080/ColoradoBeetle.UI.styles.css?v=S2mmYHR23Y_xziC5xU2sPPGSE_TQ0QimX-PIvU4rTqE - - - 200 1107 text/css 39.0774ms
2023-05-31 20:58:13.2514 INFO Request starting HTTP/2 GET https://localhost:7080/lib/jquery.cookie/jquery.cookie.min.js - -
2023-05-31 20:58:13.2775 INFO Request starting HTTP/2 GET https://localhost:7080/_framework/aspnetcore-browser-refresh.js - -
2023-05-31 20:58:13.2775 INFO Sending file. Request path: '/lib/jquery.cookie/jquery.cookie.min.js'. Physical path: 'C:\Users\User\source\repos\ColoradoBeetle\ColoradoBeetle.UI\wwwroot\lib\jquery.cookie\jquery.cookie.min.js'
2023-05-31 20:58:13.3053 INFO Request starting HTTP/2 GET https://localhost:7080/Images/carousel-ladybird-1.jpg - -
2023-05-31 20:58:13.3053 INFO Request starting HTTP/2 GET https://localhost:7080/Images/carousel-ladybird-2.jpg - -
2023-05-31 20:58:13.3053 INFO Request starting HTTP/2 GET https://localhost:7080/Images/carousel-ladybird-3.jpg - -
2023-05-31 20:58:13.3053 INFO Request starting HTTP/2 GET https://localhost:7080/_vs/browserLink - -
2023-05-31 20:58:13.3729 INFO Sending file. Request path: '/images/Colorado_Beetle_Logo.png'. Physical path: 'C:\Users\User\source\repos\ColoradoBeetle\ColoradoBeetle.UI\wwwroot\Images\Colorado_Beetle_Logo.png'
2023-05-31 20:58:13.3729 INFO Request finished HTTP/2 GET https://localhost:7080/images/Colorado_Beetle_Logo.png - - - 200 29710 image/png 120.7372ms
2023-05-31 20:58:13.3860 INFO Request finished HTTP/2 GET https://localhost:7080/lib/jquery.cookie/jquery.cookie.min.js - - - 200 1565 application/javascript 133.0628ms
2023-05-31 20:58:13.3860 INFO Sending file. Request path: '/Images/carousel-ladybird-1.jpg'. Physical path: 'C:\Users\User\source\repos\ColoradoBeetle\ColoradoBeetle.UI\wwwroot\Images\carousel-ladybird-1.jpg'
2023-05-31 20:58:13.3860 INFO Request finished HTTP/2 GET https://localhost:7080/Images/carousel-ladybird-1.jpg - - - 200 48921 image/jpeg 83.8073ms
2023-05-31 20:58:13.3860 INFO Sending file. Request path: '/lib/bootstrap/dist/js/bootstrap.bundle.min.js'. Physical path: 'C:\Users\User\source\repos\ColoradoBeetle\ColoradoBeetle.UI\wwwroot\lib\bootstrap\dist\js\bootstrap.bundle.min.js'
2023-05-31 20:58:13.3860 INFO Request finished HTTP/2 GET https://localhost:7080/lib/bootstrap/dist/js/bootstrap.bundle.min.js - - - 200 78468 application/javascript 137.5424ms
2023-05-31 20:58:13.3860 INFO Request finished HTTP/2 GET https://localhost:7080/_framework/aspnetcore-browser-refresh.js - - - 200 12004 application/javascript;+charset=utf-8 114.4349ms
2023-05-31 20:58:13.3981 INFO Sending file. Request path: '/lib/jquery/dist/jquery.min.js'. Physical path: 'C:\Users\User\source\repos\ColoradoBeetle\ColoradoBeetle.UI\wwwroot\lib\jquery\dist\jquery.min.js'
2023-05-31 20:58:13.3981 INFO Request finished HTTP/2 GET https://localhost:7080/lib/jquery/dist/jquery.min.js - - - 200 89476 application/javascript 184.3672ms
2023-05-31 20:58:13.3981 INFO Sending file. Request path: '/Images/carousel-ladybird-2.jpg'. Physical path: 'C:\Users\User\source\repos\ColoradoBeetle\ColoradoBeetle.UI\wwwroot\Images\carousel-ladybird-2.jpg'
2023-05-31 20:58:13.3981 INFO Request finished HTTP/2 GET https://localhost:7080/Images/carousel-ladybird-2.jpg - - - 200 55458 image/jpeg 100.4120ms
2023-05-31 20:58:13.3981 INFO Sending file. Request path: '/Images/carousel-ladybird-3.jpg'. Physical path: 'C:\Users\User\source\repos\ColoradoBeetle\ColoradoBeetle.UI\wwwroot\Images\carousel-ladybird-3.jpg'
2023-05-31 20:58:13.3981 INFO Request finished HTTP/2 GET https://localhost:7080/Images/carousel-ladybird-3.jpg - - - 200 64366 image/jpeg 98.6681ms
2023-05-31 20:58:13.4182 INFO Sending file. Request path: '/lib/bootstrap/dist/css/bootstrap.min.css'. Physical path: 'C:\Users\User\source\repos\ColoradoBeetle\ColoradoBeetle.UI\wwwroot\lib\bootstrap\dist\css\bootstrap.min.css'
2023-05-31 20:58:13.4182 INFO Request finished HTTP/2 GET https://localhost:7080/lib/bootstrap/dist/css/bootstrap.min.css - - - 200 162720 text/css 205.6728ms
2023-05-31 20:58:13.7681 INFO Request finished HTTP/2 GET https://localhost:7080/_vs/browserLink - - - 200 - text/javascript;+charset=UTF-8 455.7540ms
2023-05-31 20:58:19.5152 INFO Request starting HTTP/2 GET https://localhost:7080/Home/Contact - -
2023-05-31 20:58:19.5305 INFO Executing endpoint 'ColoradoBeetle.UI.Controllers.HomeController.Contact (ColoradoBeetle.UI)'
2023-05-31 20:58:19.5305 INFO Route matched with {action = "Contact", controller = "Home"}. Executing controller action with signature Microsoft.AspNetCore.Mvc.IActionResult Contact() on controller ColoradoBeetle.UI.Controllers.HomeController (ColoradoBeetle.UI).
2023-05-31 20:58:19.5305 INFO Executing ViewResult, running view Contact.
2023-05-31 20:58:19.7238 INFO Executed ViewResult - view Contact executed in 189.6908ms.
2023-05-31 20:58:19.7238 INFO Executed action ColoradoBeetle.UI.Controllers.HomeController.Contact (ColoradoBeetle.UI) in 190.5211ms
2023-05-31 20:58:19.7238 INFO Executed endpoint 'ColoradoBeetle.UI.Controllers.HomeController.Contact (ColoradoBeetle.UI)'
2023-05-31 20:58:19.7314 INFO Request finished HTTP/2 GET https://localhost:7080/Home/Contact - - - 200 - text/html;+charset=utf-8 216.1457ms
2023-05-31 20:58:19.7683 INFO Request starting HTTP/2 GET https://localhost:7080/_vs/browserLink - -
2023-05-31 20:58:19.7683 INFO Request starting HTTP/2 GET https://localhost:7080/_framework/aspnetcore-browser-refresh.js - -
2023-05-31 20:58:19.7814 INFO Request finished HTTP/2 GET https://localhost:7080/_framework/aspnetcore-browser-refresh.js - - - 200 12004 application/javascript;+charset=utf-8 12.6823ms
2023-05-31 20:58:19.9224 INFO Request finished HTTP/2 GET https://localhost:7080/_vs/browserLink - - - 200 - text/javascript;+charset=UTF-8 154.0042ms
2023-05-31 20:58:27.0120 INFO Request starting HTTP/2 GET https://localhost:7080/Home/Contact - -
2023-05-31 20:58:27.0307 INFO Executing endpoint 'ColoradoBeetle.UI.Controllers.HomeController.Contact (ColoradoBeetle.UI)'
2023-05-31 20:58:27.0307 INFO Route matched with {action = "Contact", controller = "Home"}. Executing controller action with signature Microsoft.AspNetCore.Mvc.IActionResult Contact() on controller ColoradoBeetle.UI.Controllers.HomeController (ColoradoBeetle.UI).
2023-05-31 20:58:27.0307 INFO Executing ViewResult, running view Contact.
2023-05-31 20:58:27.0416 INFO Executed ViewResult - view Contact executed in 10.4768ms.
2023-05-31 20:58:27.0416 INFO Executed action ColoradoBeetle.UI.Controllers.HomeController.Contact (ColoradoBeetle.UI) in 10.7344ms
2023-05-31 20:58:27.0416 INFO Executed endpoint 'ColoradoBeetle.UI.Controllers.HomeController.Contact (ColoradoBeetle.UI)'
2023-05-31 20:58:27.0416 INFO Request finished HTTP/2 GET https://localhost:7080/Home/Contact - - - 200 - text/html;+charset=utf-8 37.0308ms
2023-05-31 20:58:27.0788 INFO Request starting HTTP/2 GET https://localhost:7080/_framework/aspnetcore-browser-refresh.js - -
2023-05-31 20:58:27.0788 INFO Request starting HTTP/2 GET https://localhost:7080/_vs/browserLink - -
2023-05-31 20:58:27.0788 INFO Request finished HTTP/2 GET https://localhost:7080/_framework/aspnetcore-browser-refresh.js - - - 200 12004 application/javascript;+charset=utf-8 1.1239ms
2023-05-31 20:58:27.2230 INFO Request finished HTTP/2 GET https://localhost:7080/_vs/browserLink - - - 200 - text/javascript;+charset=UTF-8 143.4891ms
2023-05-31 21:02:43.4289 WARN Sensitive data logging is enabled. Log entries and exception messages may include sensitive application data; this mode should only be enabled during development.
2023-05-31 21:02:44.1020 INFO Entity Framework Core 6.0.16 initialized 'ApplicationDbContext' using provider 'Microsoft.EntityFrameworkCore.SqlServer:6.0.16' with options: SensitiveDataLoggingEnabled 
2023-05-31 21:02:46.0566 INFO Executed DbCommand (150ms) [Parameters=[], CommandType='Text', CommandTimeout='30']
SELECT [s].[Id], [s].[Description], [s].[Key], [s].[Order], [s].[SettingsId], [s].[Type], [s].[Value]
FROM [SettingsPositions] AS [s]
2023-05-31 21:02:46.1763 INFO DEVELOPMENT MODE!!!
2023-05-31 21:02:46.4794 INFO User profile is available. Using 'C:\Users\User\AppData\Local\ASP.NET\DataProtection-Keys' as key repository and Windows DPAPI to encrypt keys at rest.
2023-05-31 21:02:46.8569 INFO Now listening on: https://localhost:7080
2023-05-31 21:02:46.8569 INFO Now listening on: http://localhost:5116
2023-05-31 21:02:46.8569 INFO Application started. Press Ctrl+C to shut down.
2023-05-31 21:02:46.8569 INFO Hosting environment: Development
2023-05-31 21:02:46.8569 INFO Content root path: C:\Users\User\source\repos\ColoradoBeetle\ColoradoBeetle.UI\
2023-05-31 21:02:49.9981 INFO Request starting HTTP/2 GET https://localhost:7080/ - -
2023-05-31 21:02:50.1387 INFO Executing endpoint 'ColoradoBeetle.UI.Controllers.HomeController.Index (ColoradoBeetle.UI)'
2023-05-31 21:02:50.1688 INFO Route matched with {action = "Index", controller = "Home"}. Executing controller action with signature System.Threading.Tasks.Task`1[Microsoft.AspNetCore.Mvc.IActionResult] Index() on controller ColoradoBeetle.UI.Controllers.HomeController (ColoradoBeetle.UI).
2023-05-31 21:02:50.1942 INFO Executing ViewResult, running view Index.
2023-05-31 21:02:50.6245 INFO Executed ViewResult - view Index executed in 433.878ms.
2023-05-31 21:02:50.6352 INFO Executed action ColoradoBeetle.UI.Controllers.HomeController.Index (ColoradoBeetle.UI) in 465.9501ms
2023-05-31 21:02:50.6352 INFO Executed endpoint 'ColoradoBeetle.UI.Controllers.HomeController.Index (ColoradoBeetle.UI)'
2023-05-31 21:02:50.7815 INFO Request finished HTTP/2 GET https://localhost:7080/ - - - 200 - text/html;+charset=utf-8 795.3900ms
2023-05-31 21:02:50.8929 INFO Request starting HTTP/2 GET https://localhost:7080/_vs/browserLink - -
2023-05-31 21:02:50.8929 INFO Request starting HTTP/2 GET https://localhost:7080/_framework/aspnetcore-browser-refresh.js - -
2023-05-31 21:02:50.9099 INFO Request finished HTTP/2 GET https://localhost:7080/_framework/aspnetcore-browser-refresh.js - - - 200 12004 application/javascript;+charset=utf-8 17.0458ms
2023-05-31 21:02:51.1085 INFO Request finished HTTP/2 GET https://localhost:7080/_vs/browserLink - - - 200 - text/javascript;+charset=UTF-8 215.7004ms
2023-05-31 21:02:55.8035 INFO Request starting HTTP/2 GET https://localhost:7080/Home/Contact - -
2023-05-31 21:02:55.8035 INFO Executing endpoint 'ColoradoBeetle.UI.Controllers.HomeController.Contact (ColoradoBeetle.UI)'
2023-05-31 21:02:55.8195 INFO Route matched with {action = "Contact", controller = "Home"}. Executing controller action with signature Microsoft.AspNetCore.Mvc.IActionResult Contact() on controller ColoradoBeetle.UI.Controllers.HomeController (ColoradoBeetle.UI).
2023-05-31 21:02:55.8195 INFO Executing ViewResult, running view Contact.
2023-05-31 21:02:56.0083 INFO Executed ViewResult - view Contact executed in 186.2893ms.
2023-05-31 21:02:56.0083 INFO Executed action ColoradoBeetle.UI.Controllers.HomeController.Contact (ColoradoBeetle.UI) in 188.9688ms
2023-05-31 21:02:56.0083 INFO Executed endpoint 'ColoradoBeetle.UI.Controllers.HomeController.Contact (ColoradoBeetle.UI)'
2023-05-31 21:02:56.0083 INFO Request finished HTTP/2 GET https://localhost:7080/Home/Contact - - - 200 - text/html;+charset=utf-8 217.6178ms
2023-05-31 21:02:56.0617 INFO Request starting HTTP/2 GET https://localhost:7080/_framework/aspnetcore-browser-refresh.js - -
2023-05-31 21:02:56.0617 INFO Request starting HTTP/2 GET https://localhost:7080/_vs/browserLink - -
2023-05-31 21:02:56.0617 INFO Request finished HTTP/2 GET https://localhost:7080/_framework/aspnetcore-browser-refresh.js - - - 200 12004 application/javascript;+charset=utf-8 0.8868ms
2023-05-31 21:02:56.1820 INFO Request finished HTTP/2 GET https://localhost:7080/_vs/browserLink - - - 200 - text/javascript;+charset=UTF-8 119.5838ms
