2023-06-19 14:48:17.6708 WARN Sensitive data logging is enabled. Log entries and exception messages may include sensitive application data; this mode should only be enabled during development.
2023-06-19 14:48:18.5559 INFO Entity Framework Core 6.0.18 initialized 'ApplicationDbContext' using provider 'Microsoft.EntityFrameworkCore.SqlServer:6.0.18' with options: SensitiveDataLoggingEnabled 
2023-06-19 14:48:23.1640 INFO Executed DbCommand (96ms) [Parameters=[], CommandType='Text', CommandTimeout='30']
SELECT [s].[Id], [s].[Description], [s].[Key], [s].[Order], [s].[SettingsId], [s].[Type], [s].[Value]
FROM [SettingsPositions] AS [s]
2023-06-19 14:48:23.2945 INFO DEVELOPMENT MODE!!!
2023-06-19 14:48:23.4951 INFO User profile is available. Using 'C:\Users\User\AppData\Local\ASP.NET\DataProtection-Keys' as key repository and Windows DPAPI to encrypt keys at rest.
2023-06-19 14:48:24.1700 INFO Now listening on: https://localhost:7080
2023-06-19 14:48:24.1700 INFO Now listening on: http://localhost:5116
2023-06-19 14:48:24.1700 INFO Application started. Press Ctrl+C to shut down.
2023-06-19 14:48:24.1700 INFO Hosting environment: Development
2023-06-19 14:48:24.1700 INFO Content root path: C:\Users\User\source\repos\ColoradoBeetle\ColoradoBeetle.UI\
2023-06-19 14:48:28.0851 INFO Request starting HTTP/2 GET https://localhost:7080/ - -
2023-06-19 14:48:28.2684 INFO Executing endpoint 'ColoradoBeetle.UI.Controllers.HomeController.Index (ColoradoBeetle.UI)'
2023-06-19 14:48:28.3028 INFO Route matched with {action = "Index", controller = "Home", page = "", area = ""}. Executing controller action with signature System.Threading.Tasks.Task`1[Microsoft.AspNetCore.Mvc.IActionResult] Index() on controller ColoradoBeetle.UI.Controllers.HomeController (ColoradoBeetle.UI).
2023-06-19 14:48:28.3351 INFO Executing ViewResult, running view Index.
2023-06-19 14:48:28.8813 INFO Executed ViewResult - view Index executed in 550.0669ms.
2023-06-19 14:48:28.8909 INFO Executed action ColoradoBeetle.UI.Controllers.HomeController.Index (ColoradoBeetle.UI) in 587.5531ms
2023-06-19 14:48:28.8909 INFO Executed endpoint 'ColoradoBeetle.UI.Controllers.HomeController.Index (ColoradoBeetle.UI)'
2023-06-19 14:48:29.0446 INFO Request finished HTTP/2 GET https://localhost:7080/ - - - 200 - text/html;+charset=utf-8 962.8287ms
2023-06-19 14:48:29.1131 INFO Request starting HTTP/2 GET https://localhost:7080/lib/font-awesome/css/all.min.css - -
2023-06-19 14:48:29.1131 INFO Request starting HTTP/2 GET https://localhost:7080/lib/bootstrap/dist/css/bootstrap.min.css - -
2023-06-19 14:48:29.1131 INFO Request starting HTTP/2 GET https://localhost:7080/lib/jquery.cookie/jquery.cookie.min.js - -
2023-06-19 14:48:29.1131 INFO Request starting HTTP/2 GET https://localhost:7080/css/site.css?v=P-daoCmyyjpxmCTyrP2Oi4W-lpEyWSpWnPRFIsxcfpY - -
2023-06-19 14:48:29.1131 INFO Request starting HTTP/2 GET https://localhost:7080/images/Colorado_Beetle_Logo.png - -
2023-06-19 14:48:29.1471 INFO Sending file. Request path: '/lib/jquery.cookie/jquery.cookie.min.js'. Physical path: 'C:\Users\User\source\repos\ColoradoBeetle\ColoradoBeetle.UI\wwwroot\lib\jquery.cookie\jquery.cookie.min.js'
2023-06-19 14:48:29.1471 INFO Request finished HTTP/2 GET https://localhost:7080/lib/jquery.cookie/jquery.cookie.min.js - - - 200 1565 application/javascript 33.2797ms
2023-06-19 14:48:29.1471 INFO Request starting HTTP/2 GET https://localhost:7080/Images/carousel-ladybird-2.jpg - -
2023-06-19 14:48:29.1551 INFO Request starting HTTP/2 GET https://localhost:7080/Images/carousel-ladybird-3.jpg - -
2023-06-19 14:48:29.1551 INFO Sending file. Request path: '/css/site.css'. Physical path: 'C:\Users\User\source\repos\ColoradoBeetle\ColoradoBeetle.UI\wwwroot\css\site.css'
2023-06-19 14:48:29.1753 INFO Request starting HTTP/2 GET https://localhost:7080/_vs/browserLink - -
2023-06-19 14:48:29.1753 INFO Request starting HTTP/2 GET https://localhost:7080/ColoradoBeetle.UI.styles.css?v=S2mmYHR23Y_xziC5xU2sPPGSE_TQ0QimX-PIvU4rTqE - -
2023-06-19 14:48:29.1753 INFO Request starting HTTP/2 GET https://localhost:7080/Images/carousel-ladybird-1.jpg - -
2023-06-19 14:48:29.1753 INFO Request starting HTTP/2 GET https://localhost:7080/_framework/aspnetcore-browser-refresh.js - -
2023-06-19 14:48:29.1753 INFO Request starting HTTP/2 GET https://localhost:7080/lib/jquery/dist/jquery.min.js - -
2023-06-19 14:48:29.1863 INFO Request starting HTTP/2 GET https://localhost:7080/js/site.js?v=4q1jwFhaPaZgr8WAUSrux6hAuh0XDg9kPS3xIVq36I0 - -
2023-06-19 14:48:29.1863 INFO Request starting HTTP/2 GET https://localhost:7080/lib/bootstrap/dist/js/bootstrap.bundle.min.js - -
2023-06-19 14:48:29.2446 INFO Sending file. Request path: '/images/Colorado_Beetle_Logo.png'. Physical path: 'C:\Users\User\source\repos\ColoradoBeetle\ColoradoBeetle.UI\wwwroot\Images\Colorado_Beetle_Logo.png'
2023-06-19 14:48:29.2446 INFO Request finished HTTP/2 GET https://localhost:7080/images/Colorado_Beetle_Logo.png - - - 200 29710 image/png 130.3075ms
2023-06-19 14:48:29.2446 INFO Sending file. Request path: '/js/site.js'. Physical path: 'C:\Users\User\source\repos\ColoradoBeetle\ColoradoBeetle.UI\wwwroot\js\site.js'
2023-06-19 14:48:29.2446 INFO Request finished HTTP/2 GET https://localhost:7080/js/site.js?v=4q1jwFhaPaZgr8WAUSrux6hAuh0XDg9kPS3xIVq36I0 - - - 200 230 application/javascript 59.0058ms
2023-06-19 14:48:29.2446 INFO Sending file. Request path: '/Images/carousel-ladybird-1.jpg'. Physical path: 'C:\Users\User\source\repos\ColoradoBeetle\ColoradoBeetle.UI\wwwroot\Images\carousel-ladybird-1.jpg'
2023-06-19 14:48:29.2446 INFO Request finished HTTP/2 GET https://localhost:7080/css/site.css?v=P-daoCmyyjpxmCTyrP2Oi4W-lpEyWSpWnPRFIsxcfpY - - - 200 1278 text/css 133.1805ms
2023-06-19 14:48:29.2446 INFO Request finished HTTP/2 GET https://localhost:7080/Images/carousel-ladybird-1.jpg - - - 200 48921 image/jpeg 68.3024ms
2023-06-19 14:48:29.2446 INFO Sending file. Request path: '/ColoradoBeetle.UI.styles.css'. Physical path: 'C:\Users\User\source\repos\ColoradoBeetle\ColoradoBeetle.UI\obj\Debug\net6.0\scopedcss\bundle\ColoradoBeetle.UI.styles.css'
2023-06-19 14:48:29.2446 INFO Request finished HTTP/2 GET https://localhost:7080/ColoradoBeetle.UI.styles.css?v=S2mmYHR23Y_xziC5xU2sPPGSE_TQ0QimX-PIvU4rTqE - - - 200 1107 text/css 71.9961ms
2023-06-19 14:48:29.2795 INFO Request finished HTTP/2 GET https://localhost:7080/_framework/aspnetcore-browser-refresh.js - - - 200 12004 application/javascript;+charset=utf-8 104.1791ms
2023-06-19 14:48:29.2795 INFO Sending file. Request path: '/Images/carousel-ladybird-2.jpg'. Physical path: 'C:\Users\User\source\repos\ColoradoBeetle\ColoradoBeetle.UI\wwwroot\Images\carousel-ladybird-2.jpg'
2023-06-19 14:48:29.2795 INFO Request finished HTTP/2 GET https://localhost:7080/Images/carousel-ladybird-2.jpg - - - 200 55458 image/jpeg 135.1159ms
2023-06-19 14:48:29.2795 INFO Sending file. Request path: '/lib/bootstrap/dist/js/bootstrap.bundle.min.js'. Physical path: 'C:\Users\User\source\repos\ColoradoBeetle\ColoradoBeetle.UI\wwwroot\lib\bootstrap\dist\js\bootstrap.bundle.min.js'
2023-06-19 14:48:29.2795 INFO Request finished HTTP/2 GET https://localhost:7080/lib/bootstrap/dist/js/bootstrap.bundle.min.js - - - 200 78468 application/javascript 95.4878ms
2023-06-19 14:48:29.2795 INFO Sending file. Request path: '/lib/bootstrap/dist/css/bootstrap.min.css'. Physical path: 'C:\Users\User\source\repos\ColoradoBeetle\ColoradoBeetle.UI\wwwroot\lib\bootstrap\dist\css\bootstrap.min.css'
2023-06-19 14:48:29.2795 INFO Request finished HTTP/2 GET https://localhost:7080/lib/bootstrap/dist/css/bootstrap.min.css - - - 200 162720 text/css 172.7968ms
2023-06-19 14:48:29.2962 INFO Sending file. Request path: '/lib/jquery/dist/jquery.min.js'. Physical path: 'C:\Users\User\source\repos\ColoradoBeetle\ColoradoBeetle.UI\wwwroot\lib\jquery\dist\jquery.min.js'
2023-06-19 14:48:29.2962 INFO Request finished HTTP/2 GET https://localhost:7080/lib/jquery/dist/jquery.min.js - - - 200 89476 application/javascript 111.1125ms
2023-06-19 14:48:29.3228 INFO Sending file. Request path: '/Images/carousel-ladybird-3.jpg'. Physical path: 'C:\Users\User\source\repos\ColoradoBeetle\ColoradoBeetle.UI\wwwroot\Images\carousel-ladybird-3.jpg'
2023-06-19 14:48:29.3228 INFO Request finished HTTP/2 GET https://localhost:7080/Images/carousel-ladybird-3.jpg - - - 200 64366 image/jpeg 168.4714ms
2023-06-19 14:48:29.3228 INFO Sending file. Request path: '/lib/font-awesome/css/all.min.css'. Physical path: 'C:\Users\User\source\repos\ColoradoBeetle\ColoradoBeetle.UI\wwwroot\lib\font-awesome\css\all.min.css'
2023-06-19 14:48:29.3298 INFO Request finished HTTP/2 GET https://localhost:7080/lib/font-awesome/css/all.min.css - - - 200 102025 text/css 211.3871ms
2023-06-19 14:48:29.5572 INFO Request finished HTTP/2 GET https://localhost:7080/_vs/browserLink - - - 200 - text/javascript;+charset=UTF-8 381.8234ms
2023-06-19 14:48:55.9536 INFO Request starting HTTP/2 GET https://localhost:7080/identity/account/register - -
2023-06-19 14:48:55.9536 INFO Request finished HTTP/2 GET https://localhost:7080/identity/account/register - - - 404 0 - 11.9800ms
2023-06-19 14:50:58.0965 WARN Sensitive data logging is enabled. Log entries and exception messages may include sensitive application data; this mode should only be enabled during development.
2023-06-19 14:50:58.6599 INFO Entity Framework Core 6.0.18 initialized 'ApplicationDbContext' using provider 'Microsoft.EntityFrameworkCore.SqlServer:6.0.18' with options: SensitiveDataLoggingEnabled 
2023-06-19 14:51:00.2047 INFO Executed DbCommand (108ms) [Parameters=[], CommandType='Text', CommandTimeout='30']
SELECT [s].[Id], [s].[Description], [s].[Key], [s].[Order], [s].[SettingsId], [s].[Type], [s].[Value]
FROM [SettingsPositions] AS [s]
2023-06-19 14:51:00.3433 INFO DEVELOPMENT MODE!!!
2023-06-19 14:51:00.5106 INFO User profile is available. Using 'C:\Users\User\AppData\Local\ASP.NET\DataProtection-Keys' as key repository and Windows DPAPI to encrypt keys at rest.
2023-06-19 14:51:01.0112 INFO Now listening on: https://localhost:7080
2023-06-19 14:51:01.0112 INFO Now listening on: http://localhost:5116
2023-06-19 14:51:01.0112 INFO Application started. Press Ctrl+C to shut down.
2023-06-19 14:51:01.0112 INFO Hosting environment: Development
2023-06-19 14:51:01.0112 INFO Content root path: C:\Users\User\source\repos\ColoradoBeetle\ColoradoBeetle.UI\
2023-06-19 14:51:03.3312 INFO Request starting HTTP/2 GET https://localhost:7080/ - -
2023-06-19 14:51:03.4898 INFO Executing endpoint 'ColoradoBeetle.UI.Controllers.HomeController.Index (ColoradoBeetle.UI)'
2023-06-19 14:51:03.5170 INFO Route matched with {action = "Index", controller = "Home", page = "", area = ""}. Executing controller action with signature System.Threading.Tasks.Task`1[Microsoft.AspNetCore.Mvc.IActionResult] Index() on controller ColoradoBeetle.UI.Controllers.HomeController (ColoradoBeetle.UI).
2023-06-19 14:51:03.5352 INFO Executing ViewResult, running view Index.
2023-06-19 14:51:03.9452 INFO Executed ViewResult - view Index executed in 408.0346ms.
2023-06-19 14:51:03.9544 INFO Executed action ColoradoBeetle.UI.Controllers.HomeController.Index (ColoradoBeetle.UI) in 436.8461ms
2023-06-19 14:51:03.9544 INFO Executed endpoint 'ColoradoBeetle.UI.Controllers.HomeController.Index (ColoradoBeetle.UI)'
2023-06-19 14:51:04.0519 INFO Request finished HTTP/2 GET https://localhost:7080/ - - - 200 - text/html;+charset=utf-8 723.4831ms
2023-06-19 14:51:04.1541 INFO Request starting HTTP/2 GET https://localhost:7080/_framework/aspnetcore-browser-refresh.js - -
2023-06-19 14:51:04.1541 INFO Request starting HTTP/2 GET https://localhost:7080/_vs/browserLink - -
2023-06-19 14:51:04.1541 INFO Request finished HTTP/2 GET https://localhost:7080/_framework/aspnetcore-browser-refresh.js - - - 200 12004 application/javascript;+charset=utf-8 13.1135ms
2023-06-19 14:51:04.3433 INFO Request finished HTTP/2 GET https://localhost:7080/_vs/browserLink - - - 200 - text/javascript;+charset=UTF-8 189.1470ms
2023-06-19 14:51:11.7906 INFO Request starting HTTP/2 GET https://localhost:7080/client/dashboard - -
2023-06-19 14:51:11.8001 INFO Executing endpoint 'ColoradoBeetle.UI.Controllers.ClientController.Dashboard (ColoradoBeetle.UI)'
2023-06-19 14:51:11.8001 INFO Route matched with {action = "Dashboard", controller = "Client", page = "", area = ""}. Executing controller action with signature Microsoft.AspNetCore.Mvc.IActionResult Dashboard() on controller ColoradoBeetle.UI.Controllers.ClientController (ColoradoBeetle.UI).
2023-06-19 14:51:11.8001 INFO Executing ViewResult, running view Dashboard.
2023-06-19 14:51:11.9098 INFO Executed ViewResult - view Dashboard executed in 105.9431ms.
2023-06-19 14:51:11.9098 INFO Executed action ColoradoBeetle.UI.Controllers.ClientController.Dashboard (ColoradoBeetle.UI) in 107.1802ms
2023-06-19 14:51:11.9098 INFO Executed endpoint 'ColoradoBeetle.UI.Controllers.ClientController.Dashboard (ColoradoBeetle.UI)'
2023-06-19 14:51:11.9098 INFO Request finished HTTP/2 GET https://localhost:7080/client/dashboard - - - 200 - text/html;+charset=utf-8 127.2171ms
2023-06-19 14:51:12.0092 INFO Request starting HTTP/2 GET https://localhost:7080/GymManager2.UI.styles.css - -
2023-06-19 14:51:12.0173 INFO Request finished HTTP/2 GET https://localhost:7080/GymManager2.UI.styles.css - - - 404 0 - 8.2275ms
2023-06-19 14:51:12.0403 INFO Request starting HTTP/2 GET https://localhost:7080/_framework/aspnetcore-browser-refresh.js - -
2023-06-19 14:51:12.0403 INFO Request starting HTTP/2 GET https://localhost:7080/_vs/browserLink - -
2023-06-19 14:51:12.0403 INFO Request finished HTTP/2 GET https://localhost:7080/_framework/aspnetcore-browser-refresh.js - - - 200 12004 application/javascript;+charset=utf-8 0.8109ms
2023-06-19 14:51:12.0888 INFO Request starting HTTP/2 GET https://localhost:7080/lib/font-awesome/webfonts/fa-solid-900.woff2 - -
2023-06-19 14:51:12.1322 INFO Request finished HTTP/2 GET https://localhost:7080/_vs/browserLink - - - 200 - text/javascript;+charset=UTF-8 91.4669ms
2023-06-19 14:51:12.1322 INFO Sending file. Request path: '/lib/font-awesome/webfonts/fa-solid-900.woff2'. Physical path: 'C:\Users\User\source\repos\ColoradoBeetle\ColoradoBeetle.UI\wwwroot\lib\font-awesome\webfonts\fa-solid-900.woff2'
2023-06-19 14:51:12.1322 INFO Request finished HTTP/2 GET https://localhost:7080/lib/font-awesome/webfonts/fa-solid-900.woff2 - - - 200 150124 font/woff2 49.7707ms
2023-06-19 14:51:26.5166 INFO Request starting HTTP/2 GET https://localhost:7080/identity/account/register - -
2023-06-19 14:51:26.5166 INFO Executing endpoint '/Account/Register'
2023-06-19 14:51:26.5669 INFO Route matched with {page = "/Account/Register", area = "Identity", action = "", controller = ""}. Executing page /Account/Register
2023-06-19 14:51:26.5669 INFO Executed page /Account/Register in 6.9927ms
2023-06-19 14:51:26.5669 INFO Executed endpoint '/Account/Register'
2023-06-19 14:51:27.0831 INFO Request finished HTTP/2 GET https://localhost:7080/identity/account/register - - - 302 - application/json 566.3964ms
2023-06-19 14:51:27.0831 INFO Request starting HTTP/2 GET https://localhost:7080/Error - -
2023-06-19 14:51:27.0831 INFO Executing endpoint 'ColoradoBeetle.UI.Controllers.ErrorController.Index (ColoradoBeetle.UI)'
2023-06-19 14:51:27.0924 INFO Route matched with {action = "Index", controller = "Error", page = "", area = ""}. Executing controller action with signature Microsoft.AspNetCore.Mvc.IActionResult Index() on controller ColoradoBeetle.UI.Controllers.ErrorController (ColoradoBeetle.UI).
2023-06-19 14:51:27.0924 INFO Executing ViewResult, running view Error.
2023-06-19 14:51:27.1115 INFO Executed ViewResult - view Error executed in 18.659ms.
2023-06-19 14:51:27.1115 INFO Executed action ColoradoBeetle.UI.Controllers.ErrorController.Index (ColoradoBeetle.UI) in 19.307ms
2023-06-19 14:51:27.1115 INFO Executed endpoint 'ColoradoBeetle.UI.Controllers.ErrorController.Index (ColoradoBeetle.UI)'
2023-06-19 14:51:27.1115 INFO Request finished HTTP/2 GET https://localhost:7080/Error - - - 200 - text/html;+charset=utf-8 30.8273ms
2023-06-19 14:51:27.1536 INFO Request starting HTTP/2 GET https://localhost:7080/GymManager2.UI.styles.css - -
2023-06-19 14:51:27.1536 INFO Request finished HTTP/2 GET https://localhost:7080/GymManager2.UI.styles.css - - - 404 0 - 1.5333ms
2023-06-19 14:51:27.1536 INFO Request starting HTTP/2 GET https://localhost:7080/_vs/browserLink - -
2023-06-19 14:51:27.1536 INFO Request starting HTTP/2 GET https://localhost:7080/_framework/aspnetcore-browser-refresh.js - -
2023-06-19 14:51:27.1536 INFO Request finished HTTP/2 GET https://localhost:7080/_framework/aspnetcore-browser-refresh.js - - - 200 12004 application/javascript;+charset=utf-8 0.3429ms
2023-06-19 14:51:27.3083 INFO Request finished HTTP/2 GET https://localhost:7080/_vs/browserLink - - - 200 - text/javascript;+charset=UTF-8 144.9341ms
2023-06-19 15:21:36.4280 WARN Sensitive data logging is enabled. Log entries and exception messages may include sensitive application data; this mode should only be enabled during development.
2023-06-19 15:21:37.0929 INFO Entity Framework Core 6.0.18 initialized 'ApplicationDbContext' using provider 'Microsoft.EntityFrameworkCore.SqlServer:6.0.18' with options: SensitiveDataLoggingEnabled 
2023-06-19 15:21:38.9234 INFO Executed DbCommand (122ms) [Parameters=[], CommandType='Text', CommandTimeout='30']
SELECT [s].[Id], [s].[Description], [s].[Key], [s].[Order], [s].[SettingsId], [s].[Type], [s].[Value]
FROM [SettingsPositions] AS [s]
2023-06-19 15:21:39.0976 INFO DEVELOPMENT MODE!!!
2023-06-19 15:21:39.3371 INFO User profile is available. Using 'C:\Users\User\AppData\Local\ASP.NET\DataProtection-Keys' as key repository and Windows DPAPI to encrypt keys at rest.
2023-06-19 15:21:39.9760 INFO Now listening on: https://localhost:7080
2023-06-19 15:21:39.9760 INFO Now listening on: http://localhost:5116
2023-06-19 15:21:39.9760 INFO Application started. Press Ctrl+C to shut down.
2023-06-19 15:21:39.9760 INFO Hosting environment: Development
2023-06-19 15:21:39.9760 INFO Content root path: C:\Users\User\source\repos\ColoradoBeetle\ColoradoBeetle.UI\
2023-06-19 15:21:41.9260 INFO Request starting HTTP/2 GET https://localhost:7080/ - -
2023-06-19 15:21:42.1322 INFO Executing endpoint 'ColoradoBeetle.UI.Controllers.HomeController.Index (ColoradoBeetle.UI)'
2023-06-19 15:21:42.1839 INFO Route matched with {action = "Index", controller = "Home", page = "", area = ""}. Executing controller action with signature System.Threading.Tasks.Task`1[Microsoft.AspNetCore.Mvc.IActionResult] Index() on controller ColoradoBeetle.UI.Controllers.HomeController (ColoradoBeetle.UI).
2023-06-19 15:21:42.2296 INFO Executing ViewResult, running view Index.
2023-06-19 15:21:42.7347 INFO Executed ViewResult - view Index executed in 514.942ms.
2023-06-19 15:21:42.7502 INFO Executed action ColoradoBeetle.UI.Controllers.HomeController.Index (ColoradoBeetle.UI) in 564.924ms
2023-06-19 15:21:42.7502 INFO Executed endpoint 'ColoradoBeetle.UI.Controllers.HomeController.Index (ColoradoBeetle.UI)'
2023-06-19 15:21:42.8910 INFO Request finished HTTP/2 GET https://localhost:7080/ - - - 200 - text/html;+charset=utf-8 968.0107ms
2023-06-19 15:21:42.9647 INFO Request starting HTTP/2 GET https://localhost:7080/_vs/browserLink - -
2023-06-19 15:21:42.9647 INFO Request starting HTTP/2 GET https://localhost:7080/_framework/aspnetcore-browser-refresh.js - -
2023-06-19 15:21:42.9788 INFO Request finished HTTP/2 GET https://localhost:7080/_framework/aspnetcore-browser-refresh.js - - - 200 12004 application/javascript;+charset=utf-8 14.0535ms
2023-06-19 15:21:43.2029 INFO Request finished HTTP/2 GET https://localhost:7080/_vs/browserLink - - - 200 - text/javascript;+charset=UTF-8 238.1535ms
2023-06-19 15:21:56.1334 INFO Request starting HTTP/2 GET https://localhost:7080/client/dashboard - -
2023-06-19 15:21:56.1442 INFO Executing endpoint 'ColoradoBeetle.UI.Controllers.ClientController.Dashboard (ColoradoBeetle.UI)'
2023-06-19 15:21:56.1442 INFO Route matched with {action = "Dashboard", controller = "Client", page = "", area = ""}. Executing controller action with signature Microsoft.AspNetCore.Mvc.IActionResult Dashboard() on controller ColoradoBeetle.UI.Controllers.ClientController (ColoradoBeetle.UI).
2023-06-19 15:21:56.1442 INFO Executing ViewResult, running view Dashboard.
2023-06-19 15:21:56.5754 INFO Executed ViewResult - view Dashboard executed in 426.7496ms.
2023-06-19 15:21:56.5754 INFO Executed action ColoradoBeetle.UI.Controllers.ClientController.Dashboard (ColoradoBeetle.UI) in 428.0168ms
2023-06-19 15:21:56.5754 INFO Executed endpoint 'ColoradoBeetle.UI.Controllers.ClientController.Dashboard (ColoradoBeetle.UI)'
2023-06-19 15:21:56.5844 INFO Request finished HTTP/2 GET https://localhost:7080/client/dashboard - - - 200 - text/html;+charset=utf-8 451.0864ms
2023-06-19 15:21:56.7045 INFO Request starting HTTP/2 GET https://localhost:7080/GymManager2.UI.styles.css - -
2023-06-19 15:21:56.7117 INFO Request finished HTTP/2 GET https://localhost:7080/GymManager2.UI.styles.css - - - 404 0 - 7.3157ms
2023-06-19 15:21:56.7622 INFO Request starting HTTP/2 GET https://localhost:7080/_framework/aspnetcore-browser-refresh.js - -
2023-06-19 15:21:56.7622 INFO Request finished HTTP/2 GET https://localhost:7080/_framework/aspnetcore-browser-refresh.js - - - 200 12004 application/javascript;+charset=utf-8 0.5648ms
2023-06-19 15:21:56.7644 INFO Request starting HTTP/2 GET https://localhost:7080/_vs/browserLink - -
2023-06-19 15:21:56.8478 INFO Request finished HTTP/2 GET https://localhost:7080/_vs/browserLink - - - 200 - text/javascript;+charset=UTF-8 83.3528ms
2023-06-19 15:22:01.6315 INFO Request starting HTTP/2 GET https://localhost:7080/identity/account/register - -
2023-06-19 15:22:01.6315 INFO Executing endpoint '/Account/Register'
2023-06-19 15:22:01.6817 INFO Route matched with {page = "/Account/Register", area = "Identity", action = "", controller = ""}. Executing page /Account/Register
2023-06-19 15:22:01.6924 INFO Executed page /Account/Register in 10.2929ms
2023-06-19 15:22:01.6924 INFO Executed endpoint '/Account/Register'
2023-06-19 15:22:02.2186 INFO Request finished HTTP/2 GET https://localhost:7080/identity/account/register - - - 302 - application/json 587.0976ms
2023-06-19 15:22:02.2186 INFO Request starting HTTP/2 GET https://localhost:7080/Error - -
2023-06-19 15:22:02.2186 INFO Executing endpoint 'ColoradoBeetle.UI.Controllers.ErrorController.Index (ColoradoBeetle.UI)'
2023-06-19 15:22:02.2186 INFO Route matched with {action = "Index", controller = "Error", page = "", area = ""}. Executing controller action with signature Microsoft.AspNetCore.Mvc.IActionResult Index() on controller ColoradoBeetle.UI.Controllers.ErrorController (ColoradoBeetle.UI).
2023-06-19 15:22:02.2186 INFO Executing ViewResult, running view Error.
2023-06-19 15:22:02.2491 INFO Executed ViewResult - view Error executed in 21.9067ms.
2023-06-19 15:22:02.2491 INFO Executed action ColoradoBeetle.UI.Controllers.ErrorController.Index (ColoradoBeetle.UI) in 22.71ms
2023-06-19 15:22:02.2491 INFO Executed endpoint 'ColoradoBeetle.UI.Controllers.ErrorController.Index (ColoradoBeetle.UI)'
2023-06-19 15:22:02.2491 INFO Request finished HTTP/2 GET https://localhost:7080/Error - - - 200 - text/html;+charset=utf-8 33.6409ms
2023-06-19 15:22:02.3150 INFO Request starting HTTP/2 GET https://localhost:7080/GymManager2.UI.styles.css - -
2023-06-19 15:22:02.3150 INFO Request finished HTTP/2 GET https://localhost:7080/GymManager2.UI.styles.css - - - 404 0 - 0.7559ms
2023-06-19 15:22:02.3150 INFO Request starting HTTP/2 GET https://localhost:7080/_framework/aspnetcore-browser-refresh.js - -
2023-06-19 15:22:02.3150 INFO Request finished HTTP/2 GET https://localhost:7080/_framework/aspnetcore-browser-refresh.js - - - 200 12004 application/javascript;+charset=utf-8 0.5282ms
2023-06-19 15:22:02.3150 INFO Request starting HTTP/2 GET https://localhost:7080/_vs/browserLink - -
2023-06-19 15:22:02.4838 INFO Request finished HTTP/2 GET https://localhost:7080/_vs/browserLink - - - 200 - text/javascript;+charset=UTF-8 160.2047ms
2023-06-19 15:22:10.9504 INFO Request starting HTTP/2 GET https://localhost:7080/client/dashboard - -
2023-06-19 15:22:10.9588 INFO Executing endpoint 'ColoradoBeetle.UI.Controllers.ClientController.Dashboard (ColoradoBeetle.UI)'
2023-06-19 15:22:10.9588 INFO Route matched with {action = "Dashboard", controller = "Client", page = "", area = ""}. Executing controller action with signature Microsoft.AspNetCore.Mvc.IActionResult Dashboard() on controller ColoradoBeetle.UI.Controllers.ClientController (ColoradoBeetle.UI).
2023-06-19 15:22:10.9588 INFO Executing ViewResult, running view Dashboard.
2023-06-19 15:22:10.9688 INFO Executed ViewResult - view Dashboard executed in 9.5791ms.
2023-06-19 15:22:10.9688 INFO Executed action ColoradoBeetle.UI.Controllers.ClientController.Dashboard (ColoradoBeetle.UI) in 9.8323ms
2023-06-19 15:22:10.9688 INFO Executed endpoint 'ColoradoBeetle.UI.Controllers.ClientController.Dashboard (ColoradoBeetle.UI)'
2023-06-19 15:22:10.9688 INFO Request finished HTTP/2 GET https://localhost:7080/client/dashboard - - - 200 - text/html;+charset=utf-8 26.9150ms
2023-06-19 15:22:11.0087 INFO Request starting HTTP/2 GET https://localhost:7080/GymManager2.UI.styles.css - -
2023-06-19 15:22:11.0087 INFO Request starting HTTP/2 GET https://localhost:7080/_vs/browserLink - -
2023-06-19 15:22:11.0087 INFO Request starting HTTP/2 GET https://localhost:7080/_framework/aspnetcore-browser-refresh.js - -
2023-06-19 15:22:11.0087 INFO Request finished HTTP/2 GET https://localhost:7080/_framework/aspnetcore-browser-refresh.js - - - 200 12004 application/javascript;+charset=utf-8 0.7818ms
2023-06-19 15:22:11.0182 INFO Request finished HTTP/2 GET https://localhost:7080/GymManager2.UI.styles.css - - - 404 0 - 9.4168ms
2023-06-19 15:22:11.1252 INFO Request finished HTTP/2 GET https://localhost:7080/_vs/browserLink - - - 200 - text/javascript;+charset=UTF-8 115.7719ms
2023-06-19 18:33:06.9227 WARN Sensitive data logging is enabled. Log entries and exception messages may include sensitive application data; this mode should only be enabled during development.
2023-06-19 18:33:08.3559 INFO Entity Framework Core 6.0.18 initialized 'ApplicationDbContext' using provider 'Microsoft.EntityFrameworkCore.SqlServer:6.0.18' with options: SensitiveDataLoggingEnabled 
2023-06-19 18:33:16.1552 INFO Executed DbCommand (178ms) [Parameters=[], CommandType='Text', CommandTimeout='30']
SELECT [s].[Id], [s].[Description], [s].[Key], [s].[Order], [s].[SettingsId], [s].[Type], [s].[Value]
FROM [SettingsPositions] AS [s]
2023-06-19 18:33:16.3412 INFO DEVELOPMENT MODE!!!
2023-06-19 18:33:16.5786 INFO User profile is available. Using 'C:\Users\User\AppData\Local\ASP.NET\DataProtection-Keys' as key repository and Windows DPAPI to encrypt keys at rest.
2023-06-19 18:33:17.4012 INFO Now listening on: https://localhost:7080
2023-06-19 18:33:17.4012 INFO Now listening on: http://localhost:5116
2023-06-19 18:33:17.4012 INFO Application started. Press Ctrl+C to shut down.
2023-06-19 18:33:17.4012 INFO Hosting environment: Development
2023-06-19 18:33:17.4012 INFO Content root path: C:\Users\User\source\repos\ColoradoBeetle\ColoradoBeetle.UI\
2023-06-19 18:33:20.7778 INFO Request starting HTTP/2 GET https://localhost:7080/ - -
2023-06-19 18:33:20.9517 INFO Executing endpoint 'ColoradoBeetle.UI.Controllers.HomeController.Index (ColoradoBeetle.UI)'
2023-06-19 18:33:20.9779 INFO Route matched with {action = "Index", controller = "Home", page = "", area = ""}. Executing controller action with signature System.Threading.Tasks.Task`1[Microsoft.AspNetCore.Mvc.IActionResult] Index() on controller ColoradoBeetle.UI.Controllers.HomeController (ColoradoBeetle.UI).
2023-06-19 18:33:21.0100 INFO Executing ViewResult, running view Index.
2023-06-19 18:33:21.5760 INFO Executed ViewResult - view Index executed in 568.3811ms.
2023-06-19 18:33:21.5878 INFO Executed action ColoradoBeetle.UI.Controllers.HomeController.Index (ColoradoBeetle.UI) in 609.3283ms
2023-06-19 18:33:21.5878 INFO Executed endpoint 'ColoradoBeetle.UI.Controllers.HomeController.Index (ColoradoBeetle.UI)'
2023-06-19 18:33:21.7099 INFO Request finished HTTP/2 GET https://localhost:7080/ - - - 200 - text/html;+charset=utf-8 935.3758ms
2023-06-19 18:33:21.7928 INFO Request starting HTTP/2 GET https://localhost:7080/_framework/aspnetcore-browser-refresh.js - -
2023-06-19 18:33:21.7928 INFO Request starting HTTP/2 GET https://localhost:7080/_vs/browserLink - -
2023-06-19 18:33:21.8165 INFO Request finished HTTP/2 GET https://localhost:7080/_framework/aspnetcore-browser-refresh.js - - - 200 12004 application/javascript;+charset=utf-8 23.6715ms
2023-06-19 18:33:22.0622 INFO Request finished HTTP/2 GET https://localhost:7080/_vs/browserLink - - - 200 - text/javascript;+charset=UTF-8 269.3427ms
2023-06-19 18:33:24.3083 INFO Request starting HTTP/2 GET https://localhost:7080/Home/Contact - -
2023-06-19 18:33:24.3230 INFO Executing endpoint 'ColoradoBeetle.UI.Controllers.HomeController.Contact (ColoradoBeetle.UI)'
2023-06-19 18:33:24.3230 INFO Route matched with {action = "Contact", controller = "Home", page = "", area = ""}. Executing controller action with signature Microsoft.AspNetCore.Mvc.IActionResult Contact() on controller ColoradoBeetle.UI.Controllers.HomeController (ColoradoBeetle.UI).
2023-06-19 18:33:24.3282 INFO Executing ViewResult, running view Contact.
2023-06-19 18:33:24.6459 INFO Executed ViewResult - view Contact executed in 319.1264ms.
2023-06-19 18:33:24.6459 INFO Executed action ColoradoBeetle.UI.Controllers.HomeController.Contact (ColoradoBeetle.UI) in 326.6755ms
2023-06-19 18:33:24.6459 INFO Executed endpoint 'ColoradoBeetle.UI.Controllers.HomeController.Contact (ColoradoBeetle.UI)'
2023-06-19 18:33:24.6767 INFO Request finished HTTP/2 GET https://localhost:7080/Home/Contact - - - 200 - text/html;+charset=utf-8 368.2809ms
2023-06-19 18:33:24.7118 INFO Request starting HTTP/2 GET https://localhost:7080/lib/toastr.js/toastr.min.css - -
2023-06-19 18:33:24.7280 INFO Request starting HTTP/2 GET https://localhost:7080/lib/toastr.js/toastr.min.js - -
2023-06-19 18:33:24.7639 INFO Request starting HTTP/2 GET https://localhost:7080/lib/jquery-validation/dist/jquery.validate.min.js - -
2023-06-19 18:33:24.7639 INFO Request starting HTTP/2 GET https://localhost:7080/lib/jquery-validation-unobtrusive/jquery.validate.unobtrusive.min.js - -
2023-06-19 18:33:24.7639 INFO Request starting HTTP/2 GET https://localhost:7080/lib/cldrjs/dist/cldr.js - -
2023-06-19 18:33:24.7639 INFO Sending file. Request path: '/lib/toastr.js/toastr.min.css'. Physical path: 'C:\Users\User\source\repos\ColoradoBeetle\ColoradoBeetle.UI\wwwroot\lib\toastr.js\toastr.min.css'
2023-06-19 18:33:24.7639 INFO Sending file. Request path: '/lib/toastr.js/toastr.min.js'. Physical path: 'C:\Users\User\source\repos\ColoradoBeetle\ColoradoBeetle.UI\wwwroot\lib\toastr.js\toastr.min.js'
2023-06-19 18:33:24.7639 INFO Request finished HTTP/2 GET https://localhost:7080/lib/toastr.js/toastr.min.js - - - 200 5251 application/javascript 45.8499ms
2023-06-19 18:33:24.7639 INFO Request finished HTTP/2 GET https://localhost:7080/lib/toastr.js/toastr.min.css - - - 200 6454 text/css 62.0300ms
2023-06-19 18:33:24.7639 INFO Request starting HTTP/2 GET https://localhost:7080/lib/cldrjs/dist/cldr/event.js - -
2023-06-19 18:33:24.7639 INFO Request starting HTTP/2 GET https://localhost:7080/lib/cldrjs/dist/cldr/supplemental.js - -
2023-06-19 18:33:24.7997 INFO Sending file. Request path: '/lib/jquery-validation-unobtrusive/jquery.validate.unobtrusive.min.js'. Physical path: 'C:\Users\User\source\repos\ColoradoBeetle\ColoradoBeetle.UI\wwwroot\lib\jquery-validation-unobtrusive\jquery.validate.unobtrusive.min.js'
2023-06-19 18:33:24.7997 INFO Request finished HTTP/2 GET https://localhost:7080/lib/jquery-validation-unobtrusive/jquery.validate.unobtrusive.min.js - - - 200 5868 application/javascript 33.7796ms
2023-06-19 18:33:24.7997 INFO Request starting HTTP/2 GET https://localhost:7080/lib/globalize/globalize.js - -
2023-06-19 18:33:24.8349 INFO Request starting HTTP/2 GET https://localhost:7080/lib/jquery-validation-globalize-fix/jquery.validate.globalize.js - -
2023-06-19 18:33:24.8518 INFO Sending file. Request path: '/lib/cldrjs/dist/cldr.js'. Physical path: 'C:\Users\User\source\repos\ColoradoBeetle\ColoradoBeetle.UI\wwwroot\lib\cldrjs\dist\cldr.js'
2023-06-19 18:33:24.8518 INFO Sending file. Request path: '/lib/globalize/globalize.js'. Physical path: 'C:\Users\User\source\repos\ColoradoBeetle\ColoradoBeetle.UI\wwwroot\lib\globalize\globalize.js'
2023-06-19 18:33:24.8518 INFO Sending file. Request path: '/lib/jquery-validation/dist/jquery.validate.min.js'. Physical path: 'C:\Users\User\source\repos\ColoradoBeetle\ColoradoBeetle.UI\wwwroot\lib\jquery-validation\dist\jquery.validate.min.js'
2023-06-19 18:33:24.8518 INFO Request starting HTTP/2 GET https://localhost:7080/lib/globalize/globalize/number.js - -
2023-06-19 18:33:24.8518 INFO Sending file. Request path: '/lib/cldrjs/dist/cldr/supplemental.js'. Physical path: 'C:\Users\User\source\repos\ColoradoBeetle\ColoradoBeetle.UI\wwwroot\lib\cldrjs\dist\cldr\supplemental.js'
2023-06-19 18:33:24.8835 INFO Request starting HTTP/2 GET https://localhost:7080/_vs/browserLink - -
2023-06-19 18:33:24.8835 INFO Request starting HTTP/2 GET https://localhost:7080/_framework/aspnetcore-browser-refresh.js - -
2023-06-19 18:33:24.8835 INFO Request starting HTTP/2 GET https://localhost:7080/lib/globalize/globalize/date.js - -
2023-06-19 18:33:24.8965 INFO Sending file. Request path: '/lib/globalize/globalize/number.js'. Physical path: 'C:\Users\User\source\repos\ColoradoBeetle\ColoradoBeetle.UI\wwwroot\lib\globalize\globalize\number.js'
2023-06-19 18:33:24.8965 INFO Sending file. Request path: '/lib/cldrjs/dist/cldr/event.js'. Physical path: 'C:\Users\User\source\repos\ColoradoBeetle\ColoradoBeetle.UI\wwwroot\lib\cldrjs\dist\cldr\event.js'
2023-06-19 18:33:24.8965 INFO Request finished HTTP/2 GET https://localhost:7080/lib/cldrjs/dist/cldr/supplemental.js - - - 200 2403 application/javascript 123.0085ms
2023-06-19 18:33:24.8965 INFO Request finished HTTP/2 GET https://localhost:7080/lib/cldrjs/dist/cldr/event.js - - - 200 18598 application/javascript 124.2936ms
2023-06-19 18:33:24.8965 INFO Request finished HTTP/2 GET https://localhost:7080/lib/globalize/globalize.js - - - 200 10917 application/javascript 92.9471ms
2023-06-19 18:33:24.8965 INFO Request finished HTTP/2 GET https://localhost:7080/lib/jquery-validation/dist/jquery.validate.min.js - - - 200 23261 application/javascript 134.6621ms
2023-06-19 18:33:24.8965 INFO Request finished HTTP/2 GET https://localhost:7080/lib/cldrjs/dist/cldr.js - - - 200 17817 application/javascript 131.8532ms
2023-06-19 18:33:24.8965 INFO Sending file. Request path: '/lib/jquery-validation-globalize-fix/jquery.validate.globalize.js'. Physical path: 'C:\Users\User\source\repos\ColoradoBeetle\ColoradoBeetle.UI\wwwroot\lib\jquery-validation-globalize-fix\jquery.validate.globalize.js'
2023-06-19 18:33:24.8965 INFO Request finished HTTP/2 GET https://localhost:7080/lib/jquery-validation-globalize-fix/jquery.validate.globalize.js - - - 200 1922 application/javascript 65.5280ms
2023-06-19 18:33:24.9331 INFO Request finished HTTP/2 GET https://localhost:7080/lib/globalize/globalize/number.js - - - 200 46097 application/javascript 80.8381ms
2023-06-19 18:33:24.9567 INFO Request finished HTTP/2 GET https://localhost:7080/_framework/aspnetcore-browser-refresh.js - - - 200 12004 application/javascript;+charset=utf-8 72.9542ms
2023-06-19 18:33:24.9948 INFO Sending file. Request path: '/lib/globalize/globalize/date.js'. Physical path: 'C:\Users\User\source\repos\ColoradoBeetle\ColoradoBeetle.UI\wwwroot\lib\globalize\globalize\date.js'
2023-06-19 18:33:24.9948 INFO Request finished HTTP/2 GET https://localhost:7080/lib/globalize/globalize/date.js - - - 200 75791 application/javascript 111.4857ms
2023-06-19 18:33:25.0481 INFO Request starting HTTP/2 GET https://localhost:7080/lib/cldr-core/supplemental/likelySubtags.json - -
2023-06-19 18:33:25.0481 INFO Request starting HTTP/2 GET https://localhost:7080/lib/cldr-core/supplemental/numberingSystems.json - -
2023-06-19 18:33:25.0481 INFO Request starting HTTP/2 GET https://localhost:7080/lib/cldr-core/supplemental/plurals.json - -
2023-06-19 18:33:25.0481 INFO Request starting HTTP/2 GET https://localhost:7080/lib/cldr-core/supplemental/ordinals.json - -
2023-06-19 18:33:25.0633 INFO Sending file. Request path: '/lib/cldr-core/supplemental/numberingSystems.json'. Physical path: 'C:\Users\User\source\repos\ColoradoBeetle\ColoradoBeetle.UI\wwwroot\lib\cldr-core\supplemental\numberingSystems.json'
2023-06-19 18:33:25.0633 INFO Request finished HTTP/2 GET https://localhost:7080/lib/cldr-core/supplemental/numberingSystems.json - - - 200 9649 application/json 7.7405ms
2023-06-19 18:33:25.0633 INFO Request starting HTTP/2 GET https://localhost:7080/lib/cldr-core/supplemental/currencyData.json - -
2023-06-19 18:33:25.0633 INFO Sending file. Request path: '/lib/cldr-core/supplemental/ordinals.json'. Physical path: 'C:\Users\User\source\repos\ColoradoBeetle\ColoradoBeetle.UI\wwwroot\lib\cldr-core\supplemental\ordinals.json'
2023-06-19 18:33:25.0633 INFO Request starting HTTP/2 GET https://localhost:7080/lib/cldr-core/supplemental/timeData.json - -
2023-06-19 18:33:25.0633 INFO Request finished HTTP/2 GET https://localhost:7080/lib/cldr-core/supplemental/ordinals.json - - - 200 17546 application/json 7.8332ms
2023-06-19 18:33:25.0633 INFO Request starting HTTP/2 GET https://localhost:7080/lib/cldr-core/supplemental/weekData.json - -
2023-06-19 18:33:25.1058 INFO Request starting HTTP/2 GET https://localhost:7080/lib/cldr-dates-modern/main/pl/timeZoneNames.json - -
2023-06-19 18:33:25.1058 INFO Request starting HTTP/2 GET https://localhost:7080/lib/cldr-dates-modern/main/pl/ca-gregorian.json - -
2023-06-19 18:33:25.1068 INFO Request starting HTTP/2 GET https://localhost:7080/lib/cldr-numbers-modern/main/pl/currencies.json - -
2023-06-19 18:33:25.1068 INFO Request starting HTTP/2 GET https://localhost:7080/lib/cldr-numbers-modern/main/pl/numbers.json - -
2023-06-19 18:33:25.1269 INFO Sending file. Request path: '/lib/cldr-core/supplemental/weekData.json'. Physical path: 'C:\Users\User\source\repos\ColoradoBeetle\ColoradoBeetle.UI\wwwroot\lib\cldr-core\supplemental\weekData.json'
2023-06-19 18:33:25.1269 INFO Request finished HTTP/2 GET https://localhost:7080/lib/cldr-core/supplemental/weekData.json - - - 200 11204 application/json 66.0811ms
2023-06-19 18:33:25.1269 INFO Sending file. Request path: '/lib/cldr-core/supplemental/timeData.json'. Physical path: 'C:\Users\User\source\repos\ColoradoBeetle\ColoradoBeetle.UI\wwwroot\lib\cldr-core\supplemental\timeData.json'
2023-06-19 18:33:25.1269 INFO Sending file. Request path: '/lib/cldr-dates-modern/main/pl/ca-gregorian.json'. Physical path: 'C:\Users\User\source\repos\ColoradoBeetle\ColoradoBeetle.UI\wwwroot\lib\cldr-dates-modern\main\pl\ca-gregorian.json'
2023-06-19 18:33:25.1269 INFO Sending file. Request path: '/lib/cldr-numbers-modern/main/pl/numbers.json'. Physical path: 'C:\Users\User\source\repos\ColoradoBeetle\ColoradoBeetle.UI\wwwroot\lib\cldr-numbers-modern\main\pl\numbers.json'
2023-06-19 18:33:25.1390 INFO Request finished HTTP/2 GET https://localhost:7080/lib/cldr-numbers-modern/main/pl/numbers.json - - - 200 10568 application/json 26.3015ms
2023-06-19 18:33:25.1586 INFO Sending file. Request path: '/lib/cldr-core/supplemental/currencyData.json'. Physical path: 'C:\Users\User\source\repos\ColoradoBeetle\ColoradoBeetle.UI\wwwroot\lib\cldr-core\supplemental\currencyData.json'
2023-06-19 18:33:25.1586 INFO Request finished HTTP/2 GET https://localhost:7080/lib/cldr-core/supplemental/currencyData.json - - - 200 70124 application/json 94.2644ms
2023-06-19 18:33:25.1586 INFO Sending file. Request path: '/lib/cldr-core/supplemental/plurals.json'. Physical path: 'C:\Users\User\source\repos\ColoradoBeetle\ColoradoBeetle.UI\wwwroot\lib\cldr-core\supplemental\plurals.json'
2023-06-19 18:33:25.1586 INFO Request finished HTTP/2 GET https://localhost:7080/lib/cldr-core/supplemental/plurals.json - - - 200 72587 application/json 102.5729ms
2023-06-19 18:33:25.1586 INFO Request finished HTTP/2 GET https://localhost:7080/lib/cldr-core/supplemental/timeData.json - - - 200 21961 application/json 95.1666ms
2023-06-19 18:33:25.1586 INFO Request finished HTTP/2 GET https://localhost:7080/lib/cldr-dates-modern/main/pl/ca-gregorian.json - - - 200 19025 application/json 54.2636ms
2023-06-19 18:33:25.1586 INFO Request finished HTTP/2 GET https://localhost:7080/_vs/browserLink - - - 200 - text/javascript;+charset=UTF-8 277.3146ms
2023-06-19 18:33:25.2116 INFO Sending file. Request path: '/lib/cldr-numbers-modern/main/pl/currencies.json'. Physical path: 'C:\Users\User\source\repos\ColoradoBeetle\ColoradoBeetle.UI\wwwroot\lib\cldr-numbers-modern\main\pl\currencies.json'
2023-06-19 18:33:25.2116 INFO Request finished HTTP/2 GET https://localhost:7080/lib/cldr-numbers-modern/main/pl/currencies.json - - - 200 78149 application/json 105.3131ms
2023-06-19 18:33:25.2116 INFO Sending file. Request path: '/lib/cldr-dates-modern/main/pl/timeZoneNames.json'. Physical path: 'C:\Users\User\source\repos\ColoradoBeetle\ColoradoBeetle.UI\wwwroot\lib\cldr-dates-modern\main\pl\timeZoneNames.json'
2023-06-19 18:33:25.2116 INFO Request finished HTTP/2 GET https://localhost:7080/lib/cldr-dates-modern/main/pl/timeZoneNames.json - - - 200 68793 application/json 107.9740ms
2023-06-19 18:33:25.3185 INFO Sending file. Request path: '/lib/cldr-core/supplemental/likelySubtags.json'. Physical path: 'C:\Users\User\source\repos\ColoradoBeetle\ColoradoBeetle.UI\wwwroot\lib\cldr-core\supplemental\likelySubtags.json'
2023-06-19 18:33:25.3185 INFO Request finished HTTP/2 GET https://localhost:7080/lib/cldr-core/supplemental/likelySubtags.json - - - 200 228285 application/json 271.0186ms
2023-06-19 18:33:27.2591 INFO Request starting HTTP/2 GET https://localhost:7080/ - -
2023-06-19 18:33:27.2711 INFO Executing endpoint 'ColoradoBeetle.UI.Controllers.HomeController.Index (ColoradoBeetle.UI)'
2023-06-19 18:33:27.2711 INFO Route matched with {action = "Index", controller = "Home", page = "", area = ""}. Executing controller action with signature System.Threading.Tasks.Task`1[Microsoft.AspNetCore.Mvc.IActionResult] Index() on controller ColoradoBeetle.UI.Controllers.HomeController (ColoradoBeetle.UI).
2023-06-19 18:33:27.2711 INFO Executing ViewResult, running view Index.
2023-06-19 18:33:27.3572 INFO Executed ViewResult - view Index executed in 85.2905ms.
2023-06-19 18:33:27.3575 INFO Executed action ColoradoBeetle.UI.Controllers.HomeController.Index (ColoradoBeetle.UI) in 85.741ms
2023-06-19 18:33:27.3575 INFO Executed endpoint 'ColoradoBeetle.UI.Controllers.HomeController.Index (ColoradoBeetle.UI)'
2023-06-19 18:33:27.3575 INFO Request finished HTTP/2 GET https://localhost:7080/ - - - 200 - text/html;+charset=utf-8 110.2389ms
2023-06-19 18:33:27.4749 INFO Request starting HTTP/2 GET https://localhost:7080/_framework/aspnetcore-browser-refresh.js - -
2023-06-19 18:33:27.4749 INFO Request starting HTTP/2 GET https://localhost:7080/_vs/browserLink - -
2023-06-19 18:33:27.4749 INFO Request finished HTTP/2 GET https://localhost:7080/_framework/aspnetcore-browser-refresh.js - - - 200 12004 application/javascript;+charset=utf-8 0.4101ms
2023-06-19 18:33:27.9417 INFO Request finished HTTP/2 GET https://localhost:7080/_vs/browserLink - - - 200 - text/javascript;+charset=UTF-8 466.5853ms
2023-06-19 18:33:33.8346 INFO Request starting HTTP/2 GET https://localhost:7080/identity/account/register - -
2023-06-19 18:33:33.8421 INFO Executing endpoint '/Account/Register'
2023-06-19 18:33:33.8840 INFO Route matched with {page = "/Account/Register", area = "Identity", action = "", controller = ""}. Executing page /Account/Register
2023-06-19 18:33:33.9462 INFO Executing handler method ColoradoBeetle.UI.Areas.Identity.Pages.Account.RegisterModel.OnGetAsync - ModelState is Valid
2023-06-19 18:33:33.9462 INFO Executed handler method OnGetAsync, returned result .
2023-06-19 18:33:33.9569 INFO Executing an implicit handler method - ModelState is Valid
2023-06-19 18:33:33.9569 INFO Executed an implicit handler method, returned result Microsoft.AspNetCore.Mvc.RazorPages.PageResult.
2023-06-19 18:33:34.0136 INFO Executed page /Account/Register in 129.2502ms
2023-06-19 18:33:34.0136 INFO Executed endpoint '/Account/Register'
2023-06-19 18:33:34.0141 WARN Unable to configure browser refresh script injection on the response. Consider manually adding '<script src="/_framework/aspnetcore-browser-refresh.js"></script>' to the body of the page.
2023-06-19 18:33:34.0141 INFO Request finished HTTP/2 GET https://localhost:7080/identity/account/register - - - 200 - text/html;+charset=utf-8 188.9865ms
