2023-06-16 12:26:43.0636 WARN Sensitive data logging is enabled. Log entries and exception messages may include sensitive application data; this mode should only be enabled during development.
2023-06-16 12:26:44.4886 INFO Entity Framework Core 6.0.16 initialized 'ApplicationDbContext' using provider 'Microsoft.EntityFrameworkCore.SqlServer:6.0.16' with options: SensitiveDataLoggingEnabled 
2023-06-16 12:26:50.7845 INFO Executed DbCommand (142ms) [Parameters=[], CommandType='Text', CommandTimeout='30']
SELECT [s].[Id], [s].[Description], [s].[Key], [s].[Order], [s].[SettingsId], [s].[Type], [s].[Value]
FROM [SettingsPositions] AS [s]
2023-06-16 12:26:51.0128 INFO DEVELOPMENT MODE!!!
2023-06-16 12:26:51.4527 INFO User profile is available. Using 'C:\Users\User\AppData\Local\ASP.NET\DataProtection-Keys' as key repository and Windows DPAPI to encrypt keys at rest.
2023-06-16 12:26:51.9649 INFO Now listening on: https://localhost:7080
2023-06-16 12:26:51.9649 INFO Now listening on: http://localhost:5116
2023-06-16 12:26:51.9649 INFO Application started. Press Ctrl+C to shut down.
2023-06-16 12:26:51.9649 INFO Hosting environment: Development
2023-06-16 12:26:51.9649 INFO Content root path: C:\Users\User\source\repos\ColoradoBeetle\ColoradoBeetle.UI\
2023-06-16 12:26:55.7178 INFO Request starting HTTP/2 GET https://localhost:7080/ - -
2023-06-16 12:26:55.8818 INFO Executing endpoint 'ColoradoBeetle.UI.Controllers.HomeController.Index (ColoradoBeetle.UI)'
2023-06-16 12:26:55.9135 INFO Route matched with {action = "Index", controller = "Home"}. Executing controller action with signature System.Threading.Tasks.Task`1[Microsoft.AspNetCore.Mvc.IActionResult] Index() on controller ColoradoBeetle.UI.Controllers.HomeController (ColoradoBeetle.UI).
2023-06-16 12:26:55.9370 INFO Executing ViewResult, running view Index.
2023-06-16 12:26:56.4530 INFO Executed ViewResult - view Index executed in 518.7465ms.
2023-06-16 12:26:56.4530 INFO Executed action ColoradoBeetle.UI.Controllers.HomeController.Index (ColoradoBeetle.UI) in 548.8841ms
2023-06-16 12:26:56.4530 INFO Executed endpoint 'ColoradoBeetle.UI.Controllers.HomeController.Index (ColoradoBeetle.UI)'
2023-06-16 12:26:56.5760 INFO Request finished HTTP/2 GET https://localhost:7080/ - - - 200 - text/html;+charset=utf-8 871.6510ms
2023-06-16 12:26:56.6839 INFO Request starting HTTP/2 GET https://localhost:7080/_framework/aspnetcore-browser-refresh.js - -
2023-06-16 12:26:56.7008 INFO Request starting HTTP/2 GET https://localhost:7080/lib/font-awesome/css/all.min.css - -
2023-06-16 12:26:56.7047 INFO Request starting HTTP/2 GET https://localhost:7080/css/site.css?v=P-daoCmyyjpxmCTyrP2Oi4W-lpEyWSpWnPRFIsxcfpY - -
2023-06-16 12:26:56.7047 INFO Request finished HTTP/2 GET https://localhost:7080/_framework/aspnetcore-browser-refresh.js - - - 200 12004 application/javascript;+charset=utf-8 21.6508ms
2023-06-16 12:26:56.7047 INFO Request starting HTTP/2 GET https://localhost:7080/_vs/browserLink - -
2023-06-16 12:26:56.7047 INFO Request starting HTTP/2 GET https://localhost:7080/ColoradoBeetle.UI.styles.css?v=S2mmYHR23Y_xziC5xU2sPPGSE_TQ0QimX-PIvU4rTqE - -
2023-06-16 12:26:56.7283 INFO The file /lib/font-awesome/css/all.min.css was not modified
2023-06-16 12:26:56.7283 INFO Request finished HTTP/2 GET https://localhost:7080/lib/font-awesome/css/all.min.css - - - 304 - text/css 29.0261ms
2023-06-16 12:26:56.7283 INFO The file /css/site.css was not modified
2023-06-16 12:26:56.7283 INFO Request finished HTTP/2 GET https://localhost:7080/css/site.css?v=P-daoCmyyjpxmCTyrP2Oi4W-lpEyWSpWnPRFIsxcfpY - - - 304 - text/css 26.3073ms
2023-06-16 12:26:56.7283 INFO The file /ColoradoBeetle.UI.styles.css was not modified
2023-06-16 12:26:56.7283 INFO Request finished HTTP/2 GET https://localhost:7080/ColoradoBeetle.UI.styles.css?v=S2mmYHR23Y_xziC5xU2sPPGSE_TQ0QimX-PIvU4rTqE - - - 304 - text/css 20.6532ms
2023-06-16 12:26:57.1382 INFO Request finished HTTP/2 GET https://localhost:7080/_vs/browserLink - - - 200 - text/javascript;+charset=UTF-8 432.4152ms
2023-06-16 12:27:06.7501 INFO Request starting HTTP/2 GET https://localhost:7080/client/dashboard - -
2023-06-16 12:27:06.7775 INFO Executing endpoint 'ColoradoBeetle.UI.Controllers.ClientController.Dashboard (ColoradoBeetle.UI)'
2023-06-16 12:27:06.7813 INFO Route matched with {action = "Dashboard", controller = "Client"}. Executing controller action with signature Microsoft.AspNetCore.Mvc.IActionResult Dashboard() on controller ColoradoBeetle.UI.Controllers.ClientController (ColoradoBeetle.UI).
2023-06-16 12:27:06.8057 INFO Executing ViewResult, running view Dashboard.
2023-06-16 12:27:07.3133 INFO Executed ViewResult - view Dashboard executed in 509.3081ms.
2023-06-16 12:27:07.3133 INFO Executed action ColoradoBeetle.UI.Controllers.ClientController.Dashboard (ColoradoBeetle.UI) in 532.2337ms
2023-06-16 12:27:07.3133 INFO Executed endpoint 'ColoradoBeetle.UI.Controllers.ClientController.Dashboard (ColoradoBeetle.UI)'
2023-06-16 12:27:07.4831 INFO Request finished HTTP/2 GET https://localhost:7080/client/dashboard - - - 200 - text/html;+charset=utf-8 733.1924ms
2023-06-16 12:27:07.6417 INFO Request starting HTTP/2 GET https://localhost:7080/_vs/browserLink - -
2023-06-16 12:27:07.6417 INFO Request starting HTTP/2 GET https://localhost:7080/_framework/aspnetcore-browser-refresh.js - -
2023-06-16 12:27:07.6417 INFO Request starting HTTP/2 GET https://localhost:7080/GymManager2.UI.styles.css - -
2023-06-16 12:27:07.6417 INFO Request finished HTTP/2 GET https://localhost:7080/_framework/aspnetcore-browser-refresh.js - - - 200 12004 application/javascript;+charset=utf-8 1.5443ms
2023-06-16 12:27:07.6417 INFO Request finished HTTP/2 GET https://localhost:7080/GymManager2.UI.styles.css - - - 404 0 - 4.7008ms
2023-06-16 12:27:07.9672 INFO Request starting HTTP/2 GET https://localhost:7080/lib/font-awesome/webfonts/fa-solid-900.woff2 - -
2023-06-16 12:27:07.9816 INFO The file /lib/font-awesome/webfonts/fa-solid-900.woff2 was not modified
2023-06-16 12:27:07.9816 INFO Request finished HTTP/2 GET https://localhost:7080/lib/font-awesome/webfonts/fa-solid-900.woff2 - - - 304 - font/woff2 14.6824ms
2023-06-16 12:27:08.3295 INFO Request finished HTTP/2 GET https://localhost:7080/_vs/browserLink - - - 200 - text/javascript;+charset=UTF-8 687.8420ms
2023-06-16 12:33:12.6754 WARN Sensitive data logging is enabled. Log entries and exception messages may include sensitive application data; this mode should only be enabled during development.
2023-06-16 12:33:13.2049 INFO Entity Framework Core 6.0.16 initialized 'ApplicationDbContext' using provider 'Microsoft.EntityFrameworkCore.SqlServer:6.0.16' with options: SensitiveDataLoggingEnabled 
2023-06-16 12:33:17.1261 INFO Executed DbCommand (150ms) [Parameters=[], CommandType='Text', CommandTimeout='30']
SELECT [s].[Id], [s].[Description], [s].[Key], [s].[Order], [s].[SettingsId], [s].[Type], [s].[Value]
FROM [SettingsPositions] AS [s]
2023-06-16 12:33:17.3102 INFO DEVELOPMENT MODE!!!
2023-06-16 12:33:17.6374 INFO User profile is available. Using 'C:\Users\User\AppData\Local\ASP.NET\DataProtection-Keys' as key repository and Windows DPAPI to encrypt keys at rest.
2023-06-16 12:33:18.0395 INFO Now listening on: https://localhost:7080
2023-06-16 12:33:18.0395 INFO Now listening on: http://localhost:5116
2023-06-16 12:33:18.0395 INFO Application started. Press Ctrl+C to shut down.
2023-06-16 12:33:18.0395 INFO Hosting environment: Development
2023-06-16 12:33:18.0395 INFO Content root path: C:\Users\User\source\repos\ColoradoBeetle\ColoradoBeetle.UI\
2023-06-16 12:33:20.4334 INFO Request starting HTTP/2 GET https://localhost:7080/ - -
2023-06-16 12:33:20.6089 INFO Executing endpoint 'ColoradoBeetle.UI.Controllers.HomeController.Index (ColoradoBeetle.UI)'
2023-06-16 12:33:20.6398 INFO Route matched with {action = "Index", controller = "Home"}. Executing controller action with signature System.Threading.Tasks.Task`1[Microsoft.AspNetCore.Mvc.IActionResult] Index() on controller ColoradoBeetle.UI.Controllers.HomeController (ColoradoBeetle.UI).
2023-06-16 12:33:20.6633 INFO Executing ViewResult, running view Index.
2023-06-16 12:33:21.2024 INFO Executed ViewResult - view Index executed in 536.8362ms.
2023-06-16 12:33:21.2195 INFO Executed action ColoradoBeetle.UI.Controllers.HomeController.Index (ColoradoBeetle.UI) in 578.6634ms
2023-06-16 12:33:21.2195 INFO Executed endpoint 'ColoradoBeetle.UI.Controllers.HomeController.Index (ColoradoBeetle.UI)'
2023-06-16 12:33:21.4036 INFO Request finished HTTP/2 GET https://localhost:7080/ - - - 200 - text/html;+charset=utf-8 978.0131ms
2023-06-16 12:33:21.4783 INFO Request starting HTTP/2 GET https://localhost:7080/_framework/aspnetcore-browser-refresh.js - -
2023-06-16 12:33:21.4783 INFO Request starting HTTP/2 GET https://localhost:7080/_vs/browserLink - -
2023-06-16 12:33:21.4917 INFO Request finished HTTP/2 GET https://localhost:7080/_framework/aspnetcore-browser-refresh.js - - - 200 12004 application/javascript;+charset=utf-8 13.4572ms
2023-06-16 12:33:21.7280 INFO Request finished HTTP/2 GET https://localhost:7080/_vs/browserLink - - - 200 - text/javascript;+charset=UTF-8 244.9436ms
2023-06-16 12:33:26.9729 INFO Request starting HTTP/2 GET https://localhost:7080/Home/Contact - -
2023-06-16 12:33:26.9874 INFO Executing endpoint 'ColoradoBeetle.UI.Controllers.HomeController.Contact (ColoradoBeetle.UI)'
2023-06-16 12:33:26.9874 INFO Route matched with {action = "Contact", controller = "Home"}. Executing controller action with signature Microsoft.AspNetCore.Mvc.IActionResult Contact() on controller ColoradoBeetle.UI.Controllers.HomeController (ColoradoBeetle.UI).
2023-06-16 12:33:26.9874 INFO Executing ViewResult, running view Contact.
2023-06-16 12:33:27.2801 INFO Executed ViewResult - view Contact executed in 289.8869ms.
2023-06-16 12:33:27.2862 INFO Executed action ColoradoBeetle.UI.Controllers.HomeController.Contact (ColoradoBeetle.UI) in 296.7923ms
2023-06-16 12:33:27.2862 INFO Executed endpoint 'ColoradoBeetle.UI.Controllers.HomeController.Contact (ColoradoBeetle.UI)'
2023-06-16 12:33:27.3006 INFO Request finished HTTP/2 GET https://localhost:7080/Home/Contact - - - 200 - text/html;+charset=utf-8 327.7083ms
2023-06-16 12:33:27.3444 INFO Request starting HTTP/2 GET https://localhost:7080/lib/toastr.js/toastr.min.css - -
2023-06-16 12:33:27.3878 INFO Request starting HTTP/2 GET https://localhost:7080/lib/toastr.js/toastr.min.js - -
2023-06-16 12:33:27.3878 INFO Request starting HTTP/2 GET https://localhost:7080/lib/jquery-validation-unobtrusive/jquery.validate.unobtrusive.min.js - -
2023-06-16 12:33:27.3901 INFO Request starting HTTP/2 GET https://localhost:7080/lib/cldrjs/dist/cldr/event.js - -
2023-06-16 12:33:27.3901 INFO Request starting HTTP/2 GET https://localhost:7080/lib/cldrjs/dist/cldr/supplemental.js - -
2023-06-16 12:33:27.4077 INFO Sending file. Request path: '/lib/cldrjs/dist/cldr/event.js'. Physical path: 'C:\Users\User\source\repos\ColoradoBeetle\ColoradoBeetle.UI\wwwroot\lib\cldrjs\dist\cldr\event.js'
2023-06-16 12:33:27.4077 INFO Sending file. Request path: '/lib/jquery-validation-unobtrusive/jquery.validate.unobtrusive.min.js'. Physical path: 'C:\Users\User\source\repos\ColoradoBeetle\ColoradoBeetle.UI\wwwroot\lib\jquery-validation-unobtrusive\jquery.validate.unobtrusive.min.js'
2023-06-16 12:33:27.4077 INFO Sending file. Request path: '/lib/cldrjs/dist/cldr/supplemental.js'. Physical path: 'C:\Users\User\source\repos\ColoradoBeetle\ColoradoBeetle.UI\wwwroot\lib\cldrjs\dist\cldr\supplemental.js'
2023-06-16 12:33:27.4077 INFO Request finished HTTP/2 GET https://localhost:7080/lib/cldrjs/dist/cldr/event.js - - - 200 18598 application/javascript 17.8726ms
2023-06-16 12:33:27.4077 INFO Request finished HTTP/2 GET https://localhost:7080/lib/cldrjs/dist/cldr/supplemental.js - - - 200 2403 application/javascript 13.5408ms
2023-06-16 12:33:27.4077 INFO Request finished HTTP/2 GET https://localhost:7080/lib/jquery-validation-unobtrusive/jquery.validate.unobtrusive.min.js - - - 200 5868 application/javascript 20.1630ms
2023-06-16 12:33:27.4077 INFO Request starting HTTP/2 GET https://localhost:7080/lib/jquery-validation/dist/jquery.validate.min.js - -
2023-06-16 12:33:27.4077 INFO Request starting HTTP/2 GET https://localhost:7080/lib/cldrjs/dist/cldr.js - -
2023-06-16 12:33:27.4077 INFO Request starting HTTP/2 GET https://localhost:7080/lib/globalize/globalize/number.js - -
2023-06-16 12:33:27.4077 INFO Sending file. Request path: '/lib/toastr.js/toastr.min.css'. Physical path: 'C:\Users\User\source\repos\ColoradoBeetle\ColoradoBeetle.UI\wwwroot\lib\toastr.js\toastr.min.css'
2023-06-16 12:33:27.4077 INFO Request finished HTTP/2 GET https://localhost:7080/lib/toastr.js/toastr.min.css - - - 200 6454 text/css 65.0732ms
2023-06-16 12:33:27.4077 INFO Request starting HTTP/2 GET https://localhost:7080/lib/globalize/globalize.js - -
2023-06-16 12:33:27.4288 INFO Request starting HTTP/2 GET https://localhost:7080/lib/globalize/globalize/date.js - -
2023-06-16 12:33:27.4288 INFO Request starting HTTP/2 GET https://localhost:7080/_framework/aspnetcore-browser-refresh.js - -
2023-06-16 12:33:27.4288 INFO Request starting HTTP/2 GET https://localhost:7080/lib/jquery-validation-globalize-fix/jquery.validate.globalize.js - -
2023-06-16 12:33:27.4442 INFO Request starting HTTP/2 GET https://localhost:7080/_vs/browserLink - -
2023-06-16 12:33:27.4841 INFO Sending file. Request path: '/lib/jquery-validation/dist/jquery.validate.min.js'. Physical path: 'C:\Users\User\source\repos\ColoradoBeetle\ColoradoBeetle.UI\wwwroot\lib\jquery-validation\dist\jquery.validate.min.js'
2023-06-16 12:33:27.4841 INFO Sending file. Request path: '/lib/globalize/globalize.js'. Physical path: 'C:\Users\User\source\repos\ColoradoBeetle\ColoradoBeetle.UI\wwwroot\lib\globalize\globalize.js'
2023-06-16 12:33:27.4841 INFO Sending file. Request path: '/lib/jquery-validation-globalize-fix/jquery.validate.globalize.js'. Physical path: 'C:\Users\User\source\repos\ColoradoBeetle\ColoradoBeetle.UI\wwwroot\lib\jquery-validation-globalize-fix\jquery.validate.globalize.js'
2023-06-16 12:33:27.4841 INFO Request finished HTTP/2 GET https://localhost:7080/lib/jquery-validation/dist/jquery.validate.min.js - - - 200 23261 application/javascript 76.2498ms
2023-06-16 12:33:27.4841 INFO Request finished HTTP/2 GET https://localhost:7080/lib/jquery-validation-globalize-fix/jquery.validate.globalize.js - - - 200 1922 application/javascript 48.5998ms
2023-06-16 12:33:27.4841 INFO Sending file. Request path: '/lib/toastr.js/toastr.min.js'. Physical path: 'C:\Users\User\source\repos\ColoradoBeetle\ColoradoBeetle.UI\wwwroot\lib\toastr.js\toastr.min.js'
2023-06-16 12:33:27.4841 INFO Request finished HTTP/2 GET https://localhost:7080/lib/toastr.js/toastr.min.js - - - 200 5251 application/javascript 97.1188ms
2023-06-16 12:33:27.4841 INFO Request finished HTTP/2 GET https://localhost:7080/lib/globalize/globalize.js - - - 200 10917 application/javascript 75.3920ms
2023-06-16 12:33:27.4841 INFO Sending file. Request path: '/lib/cldrjs/dist/cldr.js'. Physical path: 'C:\Users\User\source\repos\ColoradoBeetle\ColoradoBeetle.UI\wwwroot\lib\cldrjs\dist\cldr.js'
2023-06-16 12:33:27.4841 INFO Request finished HTTP/2 GET https://localhost:7080/_framework/aspnetcore-browser-refresh.js - - - 200 12004 application/javascript;+charset=utf-8 49.8318ms
2023-06-16 12:33:27.4841 INFO Request finished HTTP/2 GET https://localhost:7080/lib/cldrjs/dist/cldr.js - - - 200 17817 application/javascript 77.5445ms
2023-06-16 12:33:27.4841 INFO Sending file. Request path: '/lib/globalize/globalize/number.js'. Physical path: 'C:\Users\User\source\repos\ColoradoBeetle\ColoradoBeetle.UI\wwwroot\lib\globalize\globalize\number.js'
2023-06-16 12:33:27.4841 INFO Request finished HTTP/2 GET https://localhost:7080/lib/globalize/globalize/number.js - - - 200 46097 application/javascript 84.7812ms
2023-06-16 12:33:27.5020 INFO Sending file. Request path: '/lib/globalize/globalize/date.js'. Physical path: 'C:\Users\User\source\repos\ColoradoBeetle\ColoradoBeetle.UI\wwwroot\lib\globalize\globalize\date.js'
2023-06-16 12:33:27.5020 INFO Request finished HTTP/2 GET https://localhost:7080/lib/globalize/globalize/date.js - - - 200 75791 application/javascript 73.4523ms
2023-06-16 12:33:27.6816 INFO Request finished HTTP/2 GET https://localhost:7080/_vs/browserLink - - - 200 - text/javascript;+charset=UTF-8 237.3636ms
2023-06-16 12:33:27.8027 INFO Request starting HTTP/2 GET https://localhost:7080/lib/cldr-core/supplemental/likelySubtags.json - -
2023-06-16 12:33:27.8027 INFO Request starting HTTP/2 GET https://localhost:7080/lib/cldr-core/supplemental/numberingSystems.json - -
2023-06-16 12:33:27.8027 INFO Request starting HTTP/2 GET https://localhost:7080/lib/cldr-core/supplemental/plurals.json - -
2023-06-16 12:33:27.8027 INFO Request starting HTTP/2 GET https://localhost:7080/lib/cldr-core/supplemental/ordinals.json - -
2023-06-16 12:33:27.8027 INFO Request starting HTTP/2 GET https://localhost:7080/lib/cldr-core/supplemental/currencyData.json - -
2023-06-16 12:33:27.8120 INFO Sending file. Request path: '/lib/cldr-core/supplemental/numberingSystems.json'. Physical path: 'C:\Users\User\source\repos\ColoradoBeetle\ColoradoBeetle.UI\wwwroot\lib\cldr-core\supplemental\numberingSystems.json'
2023-06-16 12:33:27.8120 INFO Request finished HTTP/2 GET https://localhost:7080/lib/cldr-core/supplemental/numberingSystems.json - - - 200 9649 application/json 8.3777ms
2023-06-16 12:33:27.8120 INFO Request starting HTTP/2 GET https://localhost:7080/lib/cldr-core/supplemental/timeData.json - -
2023-06-16 12:33:27.8120 INFO Request starting HTTP/2 GET https://localhost:7080/lib/cldr-core/supplemental/weekData.json - -
2023-06-16 12:33:27.8389 INFO Request starting HTTP/2 GET https://localhost:7080/lib/cldr-dates-modern/main/pl/ca-gregorian.json - -
2023-06-16 12:33:27.8440 INFO Request starting HTTP/2 GET https://localhost:7080/lib/cldr-dates-modern/main/pl/timeZoneNames.json - -
2023-06-16 12:33:27.8440 INFO Request starting HTTP/2 GET https://localhost:7080/lib/cldr-numbers-modern/main/pl/numbers.json - -
2023-06-16 12:33:27.8674 INFO Request starting HTTP/2 GET https://localhost:7080/lib/cldr-numbers-modern/main/pl/currencies.json - -
2023-06-16 12:33:27.8773 INFO Sending file. Request path: '/lib/cldr-dates-modern/main/pl/ca-gregorian.json'. Physical path: 'C:\Users\User\source\repos\ColoradoBeetle\ColoradoBeetle.UI\wwwroot\lib\cldr-dates-modern\main\pl\ca-gregorian.json'
2023-06-16 12:33:27.8773 INFO Request finished HTTP/2 GET https://localhost:7080/lib/cldr-dates-modern/main/pl/ca-gregorian.json - - - 200 19025 application/json 38.7782ms
2023-06-16 12:33:27.8773 INFO Sending file. Request path: '/lib/cldr-core/supplemental/weekData.json'. Physical path: 'C:\Users\User\source\repos\ColoradoBeetle\ColoradoBeetle.UI\wwwroot\lib\cldr-core\supplemental\weekData.json'
2023-06-16 12:33:27.8773 INFO Request finished HTTP/2 GET https://localhost:7080/lib/cldr-core/supplemental/weekData.json - - - 200 11204 application/json 51.8156ms
2023-06-16 12:33:27.8773 INFO Sending file. Request path: '/lib/cldr-core/supplemental/ordinals.json'. Physical path: 'C:\Users\User\source\repos\ColoradoBeetle\ColoradoBeetle.UI\wwwroot\lib\cldr-core\supplemental\ordinals.json'
2023-06-16 12:33:27.8773 INFO Request finished HTTP/2 GET https://localhost:7080/lib/cldr-core/supplemental/ordinals.json - - - 200 17546 application/json 74.8954ms
2023-06-16 12:33:27.8773 INFO Sending file. Request path: '/lib/cldr-numbers-modern/main/pl/numbers.json'. Physical path: 'C:\Users\User\source\repos\ColoradoBeetle\ColoradoBeetle.UI\wwwroot\lib\cldr-numbers-modern\main\pl\numbers.json'
2023-06-16 12:33:27.8937 INFO Sending file. Request path: '/lib/cldr-core/supplemental/timeData.json'. Physical path: 'C:\Users\User\source\repos\ColoradoBeetle\ColoradoBeetle.UI\wwwroot\lib\cldr-core\supplemental\timeData.json'
2023-06-16 12:33:27.8937 INFO Request finished HTTP/2 GET https://localhost:7080/lib/cldr-core/supplemental/timeData.json - - - 200 21961 application/json 82.0423ms
2023-06-16 12:33:27.8935 INFO Request finished HTTP/2 GET https://localhost:7080/lib/cldr-numbers-modern/main/pl/numbers.json - - - 200 10568 application/json 35.7825ms
2023-06-16 12:33:27.9867 INFO Sending file. Request path: '/lib/cldr-numbers-modern/main/pl/currencies.json'. Physical path: 'C:\Users\User\source\repos\ColoradoBeetle\ColoradoBeetle.UI\wwwroot\lib\cldr-numbers-modern\main\pl\currencies.json'
2023-06-16 12:33:27.9867 INFO Request finished HTTP/2 GET https://localhost:7080/lib/cldr-numbers-modern/main/pl/currencies.json - - - 200 78149 application/json 120.4503ms
2023-06-16 12:33:28.1038 INFO Sending file. Request path: '/lib/cldr-dates-modern/main/pl/timeZoneNames.json'. Physical path: 'C:\Users\User\source\repos\ColoradoBeetle\ColoradoBeetle.UI\wwwroot\lib\cldr-dates-modern\main\pl\timeZoneNames.json'
2023-06-16 12:33:28.1038 INFO Request finished HTTP/2 GET https://localhost:7080/lib/cldr-dates-modern/main/pl/timeZoneNames.json - - - 200 68793 application/json 259.9959ms
2023-06-16 12:33:28.1150 INFO Sending file. Request path: '/lib/cldr-core/supplemental/currencyData.json'. Physical path: 'C:\Users\User\source\repos\ColoradoBeetle\ColoradoBeetle.UI\wwwroot\lib\cldr-core\supplemental\currencyData.json'
2023-06-16 12:33:28.1150 INFO Sending file. Request path: '/lib/cldr-core/supplemental/plurals.json'. Physical path: 'C:\Users\User\source\repos\ColoradoBeetle\ColoradoBeetle.UI\wwwroot\lib\cldr-core\supplemental\plurals.json'
2023-06-16 12:33:28.1150 INFO Request finished HTTP/2 GET https://localhost:7080/lib/cldr-core/supplemental/currencyData.json - - - 200 70124 application/json 304.9576ms
2023-06-16 12:33:28.1150 INFO Request finished HTTP/2 GET https://localhost:7080/lib/cldr-core/supplemental/plurals.json - - - 200 72587 application/json 310.6724ms
2023-06-16 12:33:28.1150 INFO Sending file. Request path: '/lib/cldr-core/supplemental/likelySubtags.json'. Physical path: 'C:\Users\User\source\repos\ColoradoBeetle\ColoradoBeetle.UI\wwwroot\lib\cldr-core\supplemental\likelySubtags.json'
2023-06-16 12:33:28.1150 INFO Request finished HTTP/2 GET https://localhost:7080/lib/cldr-core/supplemental/likelySubtags.json - - - 200 228285 application/json 314.7267ms
2023-06-16 12:33:47.0146 INFO Request starting HTTP/2 POST https://localhost:7080/Home/Contact application/x-www-form-urlencoded 1758
2023-06-16 12:33:47.0146 INFO Executing endpoint 'ColoradoBeetle.UI.Controllers.HomeController.Contact (ColoradoBeetle.UI)'
2023-06-16 12:33:47.0714 INFO Route matched with {action = "Contact", controller = "Home"}. Executing controller action with signature System.Threading.Tasks.Task`1[Microsoft.AspNetCore.Mvc.IActionResult] Contact(ColoradoBeetle.Application.Contacts.Commands.SendContactEmail.SendContactEmailCommand) on controller ColoradoBeetle.UI.Controllers.HomeController (ColoradoBeetle.UI).
2023-06-16 12:33:47.1905 INFO Start processing HTTP request POST https://www.google.com/recaptcha/api/siteverify
2023-06-16 12:33:47.1905 INFO Sending HTTP request POST https://www.google.com/recaptcha/api/siteverify
2023-06-16 12:33:47.5232 INFO Received HTTP response headers after 326.4084ms - 200
2023-06-16 12:33:47.5232 INFO End processing HTTP request after 340.1959ms - 200
2023-06-16 12:33:47.6031 INFO Handling SendContactEmailCommand
2023-06-16 12:33:47.6031 INFO ColoradoBeetle Request: "SendContactEmailCommand" {"Name":"erwe", "Email":"rwe@rew.com", "Title":"frfew", "Message":"f"}
2023-06-16 12:33:51.6729 INFO ColoradoBeetle Long Running Request: "SendContactEmailCommand" (4007 miliseconds) {"Name":"erwe", "Email":"rwe@rew.com", "Title":"frfew", "Message":"f"}
2023-06-16 12:33:51.6869 INFO Handled Unit
2023-06-16 12:33:51.7051 INFO Executing RedirectResult, redirecting to /Home/Contact.
2023-06-16 12:33:51.7051 INFO Executed action ColoradoBeetle.UI.Controllers.HomeController.Contact (ColoradoBeetle.UI) in 4638.3535ms
2023-06-16 12:33:51.7051 INFO Executed endpoint 'ColoradoBeetle.UI.Controllers.HomeController.Contact (ColoradoBeetle.UI)'
2023-06-16 12:33:51.7051 INFO Request finished HTTP/2 POST https://localhost:7080/Home/Contact application/x-www-form-urlencoded 1758 - 302 0 - 4695.7333ms
2023-06-16 12:33:51.7051 INFO Request starting HTTP/2 GET https://localhost:7080/Home/Contact - -
2023-06-16 12:33:51.7051 INFO Executing endpoint 'ColoradoBeetle.UI.Controllers.HomeController.Contact (ColoradoBeetle.UI)'
2023-06-16 12:33:51.7051 INFO Route matched with {action = "Contact", controller = "Home"}. Executing controller action with signature Microsoft.AspNetCore.Mvc.IActionResult Contact() on controller ColoradoBeetle.UI.Controllers.HomeController (ColoradoBeetle.UI).
2023-06-16 12:33:51.7051 INFO Executing ViewResult, running view Contact.
2023-06-16 12:33:51.7282 INFO Executed ViewResult - view Contact executed in 10.181ms.
2023-06-16 12:33:51.7282 INFO Executed action ColoradoBeetle.UI.Controllers.HomeController.Contact (ColoradoBeetle.UI) in 10.6692ms
2023-06-16 12:33:51.7282 INFO Executed endpoint 'ColoradoBeetle.UI.Controllers.HomeController.Contact (ColoradoBeetle.UI)'
2023-06-16 12:33:51.7388 INFO Request finished HTTP/2 GET https://localhost:7080/Home/Contact - - - 200 - text/html;+charset=utf-8 22.5411ms
2023-06-16 12:33:51.7857 INFO Request starting HTTP/2 GET https://localhost:7080/_framework/aspnetcore-browser-refresh.js - -
2023-06-16 12:33:51.7857 INFO Request starting HTTP/2 GET https://localhost:7080/_vs/browserLink - -
2023-06-16 12:33:51.7857 INFO Request finished HTTP/2 GET https://localhost:7080/_framework/aspnetcore-browser-refresh.js - - - 200 12004 application/javascript;+charset=utf-8 1.2928ms
2023-06-16 12:33:51.9990 INFO Request finished HTTP/2 GET https://localhost:7080/_vs/browserLink - - - 200 - text/javascript;+charset=UTF-8 212.7254ms
